Duplicated file found; will not be sent for synthesis: /mnt/cas_nfs/gi11/workspace/cslow/ForwardFinancialFramework/Platforms/VivadoFPGA/vivadohls_code/ipi_prj/ipi_prj.srcs/sources_1/bd/zynq_system/ip/zynq_system_auto_pc_4_0/blk_mem_gen_v8_1/blk_mem_gen_v8_1_synth_comp.vhd
Duplicated file found; will not be sent for synthesis: /mnt/cas_nfs/gi11/workspace/cslow/ForwardFinancialFramework/Platforms/VivadoFPGA/vivadohls_code/ipi_prj/ipi_prj.srcs/sources_1/bd/zynq_system/ip/zynq_system_auto_pc_4_0/blk_mem_gen_v8_1/blk_mem_gen_v8_1_defaults.vhd
Duplicated file found; will not be sent for synthesis: /mnt/cas_nfs/gi11/workspace/cslow/ForwardFinancialFramework/Platforms/VivadoFPGA/vivadohls_code/ipi_prj/ipi_prj.srcs/sources_1/bd/zynq_system/ip/zynq_system_auto_pc_4_0/blk_mem_gen_v8_1/blk_mem_gen_v8_1_pkg.vhd
Duplicated file found; will not be sent for synthesis: /mnt/cas_nfs/gi11/workspace/cslow/ForwardFinancialFramework/Platforms/VivadoFPGA/vivadohls_code/ipi_prj/ipi_prj.srcs/sources_1/bd/zynq_system/ip/zynq_system_auto_pc_4_0/blk_mem_gen_v8_1/blk_mem_gen_getinit_pkg.vhd
Duplicated file found; will not be sent for synthesis: /mnt/cas_nfs/gi11/workspace/cslow/ForwardFinancialFramework/Platforms/VivadoFPGA/vivadohls_code/ipi_prj/ipi_prj.srcs/sources_1/bd/zynq_system/ip/zynq_system_auto_pc_4_0/blk_mem_gen_v8_1/blk_mem_min_area_pkg.vhd
Duplicated file found; will not be sent for synthesis: /mnt/cas_nfs/gi11/workspace/cslow/ForwardFinancialFramework/Platforms/VivadoFPGA/vivadohls_code/ipi_prj/ipi_prj.srcs/sources_1/bd/zynq_system/ip/zynq_system_auto_pc_4_0/blk_mem_gen_v8_1/blk_mem_gen_bindec.vhd
Duplicated file found; will not be sent for synthesis: /mnt/cas_nfs/gi11/workspace/cslow/ForwardFinancialFramework/Platforms/VivadoFPGA/vivadohls_code/ipi_prj/ipi_prj.srcs/sources_1/bd/zynq_system/ip/zynq_system_auto_pc_4_0/blk_mem_gen_v8_1/blk_mem_gen_mux.vhd
Duplicated file found; will not be sent for synthesis: /mnt/cas_nfs/gi11/workspace/cslow/ForwardFinancialFramework/Platforms/VivadoFPGA/vivadohls_code/ipi_prj/ipi_prj.srcs/sources_1/bd/zynq_system/ip/zynq_system_auto_pc_4_0/blk_mem_gen_v8_1/blk_mem_gen_prim_wrapper.vhd
Duplicated file found; will not be sent for synthesis: /mnt/cas_nfs/gi11/workspace/cslow/ForwardFinancialFramework/Platforms/VivadoFPGA/vivadohls_code/ipi_prj/ipi_prj.srcs/sources_1/bd/zynq_system/ip/zynq_system_auto_pc_4_0/blk_mem_gen_v8_1/blk_mem_gen_prim_wrapper_init.vhd
Duplicated file found; will not be sent for synthesis: /mnt/cas_nfs/gi11/workspace/cslow/ForwardFinancialFramework/Platforms/VivadoFPGA/vivadohls_code/ipi_prj/ipi_prj.srcs/sources_1/bd/zynq_system/ip/zynq_system_auto_pc_4_0/blk_mem_gen_v8_1/blk_mem_gen_prim_width.vhd
Duplicated file found; will not be sent for synthesis: /mnt/cas_nfs/gi11/workspace/cslow/ForwardFinancialFramework/Platforms/VivadoFPGA/vivadohls_code/ipi_prj/ipi_prj.srcs/sources_1/bd/zynq_system/ip/zynq_system_auto_pc_4_0/blk_mem_gen_v8_1/blk_mem_gen_generic_cstr.vhd
Duplicated file found; will not be sent for synthesis: /mnt/cas_nfs/gi11/workspace/cslow/ForwardFinancialFramework/Platforms/VivadoFPGA/vivadohls_code/ipi_prj/ipi_prj.srcs/sources_1/bd/zynq_system/ip/zynq_system_auto_pc_4_0/blk_mem_gen_v8_1/blk_mem_gen_ecc_encoder.vhd
Duplicated file found; will not be sent for synthesis: /mnt/cas_nfs/gi11/workspace/cslow/ForwardFinancialFramework/Platforms/VivadoFPGA/vivadohls_code/ipi_prj/ipi_prj.srcs/sources_1/bd/zynq_system/ip/zynq_system_auto_pc_4_0/blk_mem_gen_v8_1/blk_mem_gen_ecc_decoder.vhd
Duplicated file found; will not be sent for synthesis: /mnt/cas_nfs/gi11/workspace/cslow/ForwardFinancialFramework/Platforms/VivadoFPGA/vivadohls_code/ipi_prj/ipi_prj.srcs/sources_1/bd/zynq_system/ip/zynq_system_auto_pc_4_0/blk_mem_gen_v8_1/blk_mem_input_block.vhd
Duplicated file found; will not be sent for synthesis: /mnt/cas_nfs/gi11/workspace/cslow/ForwardFinancialFramework/Platforms/VivadoFPGA/vivadohls_code/ipi_prj/ipi_prj.srcs/sources_1/bd/zynq_system/ip/zynq_system_auto_pc_4_0/blk_mem_gen_v8_1/blk_mem_output_block.vhd
Duplicated file found; will not be sent for synthesis: /mnt/cas_nfs/gi11/workspace/cslow/ForwardFinancialFramework/Platforms/VivadoFPGA/vivadohls_code/ipi_prj/ipi_prj.srcs/sources_1/bd/zynq_system/ip/zynq_system_auto_pc_4_0/blk_mem_gen_v8_1/blk_mem_axi_read_fsm.vhd
Duplicated file found; will not be sent for synthesis: /mnt/cas_nfs/gi11/workspace/cslow/ForwardFinancialFramework/Platforms/VivadoFPGA/vivadohls_code/ipi_prj/ipi_prj.srcs/sources_1/bd/zynq_system/ip/zynq_system_auto_pc_4_0/blk_mem_gen_v8_1/blk_mem_axi_read_wrapper.vhd
Duplicated file found; will not be sent for synthesis: /mnt/cas_nfs/gi11/workspace/cslow/ForwardFinancialFramework/Platforms/VivadoFPGA/vivadohls_code/ipi_prj/ipi_prj.srcs/sources_1/bd/zynq_system/ip/zynq_system_auto_pc_4_0/blk_mem_gen_v8_1/blk_mem_axi_write_fsm.vhd
Duplicated file found; will not be sent for synthesis: /mnt/cas_nfs/gi11/workspace/cslow/ForwardFinancialFramework/Platforms/VivadoFPGA/vivadohls_code/ipi_prj/ipi_prj.srcs/sources_1/bd/zynq_system/ip/zynq_system_auto_pc_4_0/blk_mem_gen_v8_1/blk_mem_axi_write_wrapper.vhd
Duplicated file found; will not be sent for synthesis: /mnt/cas_nfs/gi11/workspace/cslow/ForwardFinancialFramework/Platforms/VivadoFPGA/vivadohls_code/ipi_prj/ipi_prj.srcs/sources_1/bd/zynq_system/ip/zynq_system_auto_pc_4_0/blk_mem_gen_v8_1/blk_mem_axi_regs_fwd.vhd
Duplicated file found; will not be sent for synthesis: /mnt/cas_nfs/gi11/workspace/cslow/ForwardFinancialFramework/Platforms/VivadoFPGA/vivadohls_code/ipi_prj/ipi_prj.srcs/sources_1/bd/zynq_system/ip/zynq_system_auto_pc_4_0/blk_mem_gen_v8_1/blk_mem_gen_top.vhd
Duplicated file found; will not be sent for synthesis: /mnt/cas_nfs/gi11/workspace/cslow/ForwardFinancialFramework/Platforms/VivadoFPGA/vivadohls_code/ipi_prj/ipi_prj.srcs/sources_1/bd/zynq_system/ip/zynq_system_auto_pc_4_0/blk_mem_gen_v8_1/blk_mem_gen_v8_1_synth.vhd
Duplicated file found; will not be sent for synthesis: /mnt/cas_nfs/gi11/workspace/cslow/ForwardFinancialFramework/Platforms/VivadoFPGA/vivadohls_code/ipi_prj/ipi_prj.srcs/sources_1/bd/zynq_system/ip/zynq_system_auto_pc_4_0/blk_mem_gen_v8_1/blk_mem_gen_v8_1.vhd
Duplicated file found; will not be sent for synthesis: /mnt/cas_nfs/gi11/workspace/cslow/ForwardFinancialFramework/Platforms/VivadoFPGA/vivadohls_code/ipi_prj/ipi_prj.srcs/sources_1/bd/zynq_system/ip/zynq_system_auto_pc_4_0/fifo_generator_v11_0/fifo_generator_v11_0_pkg.vhd
Duplicated file found; will not be sent for synthesis: /mnt/cas_nfs/gi11/workspace/cslow/ForwardFinancialFramework/Platforms/VivadoFPGA/vivadohls_code/ipi_prj/ipi_prj.srcs/sources_1/bd/zynq_system/ip/zynq_system_auto_pc_4_0/fifo_generator_v11_0/fifo_generator_v11_0_defaults.vhd
Duplicated file found; will not be sent for synthesis: /mnt/cas_nfs/gi11/workspace/cslow/ForwardFinancialFramework/Platforms/VivadoFPGA/vivadohls_code/ipi_prj/ipi_prj.srcs/sources_1/bd/zynq_system/ip/zynq_system_auto_pc_4_0/fifo_generator_v11_0/ramfifo/bram_sync_reg.vhd
Duplicated file found; will not be sent for synthesis: /mnt/cas_nfs/gi11/workspace/cslow/ForwardFinancialFramework/Platforms/VivadoFPGA/vivadohls_code/ipi_prj/ipi_prj.srcs/sources_1/bd/zynq_system/ip/zynq_system_auto_pc_4_0/fifo_generator_v11_0/ramfifo/bram_fifo_rstlogic.vhd
Duplicated file found; will not be sent for synthesis: /mnt/cas_nfs/gi11/workspace/cslow/ForwardFinancialFramework/Platforms/VivadoFPGA/vivadohls_code/ipi_prj/ipi_prj.srcs/sources_1/bd/zynq_system/ip/zynq_system_auto_pc_4_0/fifo_generator_v11_0/common/input_blk.vhd
Duplicated file found; will not be sent for synthesis: /mnt/cas_nfs/gi11/workspace/cslow/ForwardFinancialFramework/Platforms/VivadoFPGA/vivadohls_code/ipi_prj/ipi_prj.srcs/sources_1/bd/zynq_system/ip/zynq_system_auto_pc_4_0/fifo_generator_v11_0/common/output_blk.vhd
Duplicated file found; will not be sent for synthesis: /mnt/cas_nfs/gi11/workspace/cslow/ForwardFinancialFramework/Platforms/VivadoFPGA/vivadohls_code/ipi_prj/ipi_prj.srcs/sources_1/bd/zynq_system/ip/zynq_system_auto_pc_4_0/fifo_generator_v11_0/common/synchronizer_ff.vhd
Duplicated file found; will not be sent for synthesis: /mnt/cas_nfs/gi11/workspace/cslow/ForwardFinancialFramework/Platforms/VivadoFPGA/vivadohls_code/ipi_prj/ipi_prj.srcs/sources_1/bd/zynq_system/ip/zynq_system_auto_pc_4_0/fifo_generator_v11_0/common/shft_wrapper.vhd
Duplicated file found; will not be sent for synthesis: /mnt/cas_nfs/gi11/workspace/cslow/ForwardFinancialFramework/Platforms/VivadoFPGA/vivadohls_code/ipi_prj/ipi_prj.srcs/sources_1/bd/zynq_system/ip/zynq_system_auto_pc_4_0/fifo_generator_v11_0/common/shft_ram.vhd
Duplicated file found; will not be sent for synthesis: /mnt/cas_nfs/gi11/workspace/cslow/ForwardFinancialFramework/Platforms/VivadoFPGA/vivadohls_code/ipi_prj/ipi_prj.srcs/sources_1/bd/zynq_system/ip/zynq_system_auto_pc_4_0/fifo_generator_v11_0/ramfifo/dmem.vhd
Duplicated file found; will not be sent for synthesis: /mnt/cas_nfs/gi11/workspace/cslow/ForwardFinancialFramework/Platforms/VivadoFPGA/vivadohls_code/ipi_prj/ipi_prj.srcs/sources_1/bd/zynq_system/ip/zynq_system_auto_pc_4_0/fifo_generator_v11_0/ramfifo/memory.vhd
Duplicated file found; will not be sent for synthesis: /mnt/cas_nfs/gi11/workspace/cslow/ForwardFinancialFramework/Platforms/VivadoFPGA/vivadohls_code/ipi_prj/ipi_prj.srcs/sources_1/bd/zynq_system/ip/zynq_system_auto_pc_4_0/fifo_generator_v11_0/ramfifo/compare.vhd
Duplicated file found; will not be sent for synthesis: /mnt/cas_nfs/gi11/workspace/cslow/ForwardFinancialFramework/Platforms/VivadoFPGA/vivadohls_code/ipi_prj/ipi_prj.srcs/sources_1/bd/zynq_system/ip/zynq_system_auto_pc_4_0/fifo_generator_v11_0/ramfifo/wr_bin_cntr.vhd
Duplicated file found; will not be sent for synthesis: /mnt/cas_nfs/gi11/workspace/cslow/ForwardFinancialFramework/Platforms/VivadoFPGA/vivadohls_code/ipi_prj/ipi_prj.srcs/sources_1/bd/zynq_system/ip/zynq_system_auto_pc_4_0/fifo_generator_v11_0/ramfifo/rd_bin_cntr.vhd
Duplicated file found; will not be sent for synthesis: /mnt/cas_nfs/gi11/workspace/cslow/ForwardFinancialFramework/Platforms/VivadoFPGA/vivadohls_code/ipi_prj/ipi_prj.srcs/sources_1/bd/zynq_system/ip/zynq_system_auto_pc_4_0/fifo_generator_v11_0/ramfifo/updn_cntr.vhd
Duplicated file found; will not be sent for synthesis: /mnt/cas_nfs/gi11/workspace/cslow/ForwardFinancialFramework/Platforms/VivadoFPGA/vivadohls_code/ipi_prj/ipi_prj.srcs/sources_1/bd/zynq_system/ip/zynq_system_auto_pc_4_0/fifo_generator_v11_0/ramfifo/rd_status_flags_as.vhd
Duplicated file found; will not be sent for synthesis: /mnt/cas_nfs/gi11/workspace/cslow/ForwardFinancialFramework/Platforms/VivadoFPGA/vivadohls_code/ipi_prj/ipi_prj.srcs/sources_1/bd/zynq_system/ip/zynq_system_auto_pc_4_0/fifo_generator_v11_0/ramfifo/rd_status_flags_ss.vhd
Duplicated file found; will not be sent for synthesis: /mnt/cas_nfs/gi11/workspace/cslow/ForwardFinancialFramework/Platforms/VivadoFPGA/vivadohls_code/ipi_prj/ipi_prj.srcs/sources_1/bd/zynq_system/ip/zynq_system_auto_pc_4_0/fifo_generator_v11_0/common/rd_pe_as.vhd
Duplicated file found; will not be sent for synthesis: /mnt/cas_nfs/gi11/workspace/cslow/ForwardFinancialFramework/Platforms/VivadoFPGA/vivadohls_code/ipi_prj/ipi_prj.srcs/sources_1/bd/zynq_system/ip/zynq_system_auto_pc_4_0/fifo_generator_v11_0/common/rd_pe_ss.vhd
Duplicated file found; will not be sent for synthesis: /mnt/cas_nfs/gi11/workspace/cslow/ForwardFinancialFramework/Platforms/VivadoFPGA/vivadohls_code/ipi_prj/ipi_prj.srcs/sources_1/bd/zynq_system/ip/zynq_system_auto_pc_4_0/fifo_generator_v11_0/ramfifo/rd_handshaking_flags.vhd
Duplicated file found; will not be sent for synthesis: /mnt/cas_nfs/gi11/workspace/cslow/ForwardFinancialFramework/Platforms/VivadoFPGA/vivadohls_code/ipi_prj/ipi_prj.srcs/sources_1/bd/zynq_system/ip/zynq_system_auto_pc_4_0/fifo_generator_v11_0/ramfifo/rd_dc_as.vhd
Duplicated file found; will not be sent for synthesis: /mnt/cas_nfs/gi11/workspace/cslow/ForwardFinancialFramework/Platforms/VivadoFPGA/vivadohls_code/ipi_prj/ipi_prj.srcs/sources_1/bd/zynq_system/ip/zynq_system_auto_pc_4_0/fifo_generator_v11_0/ramfifo/rd_dc_fwft_ext_as.vhd
Duplicated file found; will not be sent for synthesis: /mnt/cas_nfs/gi11/workspace/cslow/ForwardFinancialFramework/Platforms/VivadoFPGA/vivadohls_code/ipi_prj/ipi_prj.srcs/sources_1/bd/zynq_system/ip/zynq_system_auto_pc_4_0/fifo_generator_v11_0/ramfifo/dc_ss.vhd
Duplicated file found; will not be sent for synthesis: /mnt/cas_nfs/gi11/workspace/cslow/ForwardFinancialFramework/Platforms/VivadoFPGA/vivadohls_code/ipi_prj/ipi_prj.srcs/sources_1/bd/zynq_system/ip/zynq_system_auto_pc_4_0/fifo_generator_v11_0/ramfifo/dc_ss_fwft.vhd
Duplicated file found; will not be sent for synthesis: /mnt/cas_nfs/gi11/workspace/cslow/ForwardFinancialFramework/Platforms/VivadoFPGA/vivadohls_code/ipi_prj/ipi_prj.srcs/sources_1/bd/zynq_system/ip/zynq_system_auto_pc_4_0/fifo_generator_v11_0/ramfifo/rd_fwft.vhd
Duplicated file found; will not be sent for synthesis: /mnt/cas_nfs/gi11/workspace/cslow/ForwardFinancialFramework/Platforms/VivadoFPGA/vivadohls_code/ipi_prj/ipi_prj.srcs/sources_1/bd/zynq_system/ip/zynq_system_auto_pc_4_0/fifo_generator_v11_0/ramfifo/rd_logic.vhd
Duplicated file found; will not be sent for synthesis: /mnt/cas_nfs/gi11/workspace/cslow/ForwardFinancialFramework/Platforms/VivadoFPGA/vivadohls_code/ipi_prj/ipi_prj.srcs/sources_1/bd/zynq_system/ip/zynq_system_auto_pc_4_0/fifo_generator_v11_0/ramfifo/rd_logic_pkt_fifo.vhd
Duplicated file found; will not be sent for synthesis: /mnt/cas_nfs/gi11/workspace/cslow/ForwardFinancialFramework/Platforms/VivadoFPGA/vivadohls_code/ipi_prj/ipi_prj.srcs/sources_1/bd/zynq_system/ip/zynq_system_auto_pc_4_0/fifo_generator_v11_0/ramfifo/reset_blk_ramfifo.vhd
Duplicated file found; will not be sent for synthesis: /mnt/cas_nfs/gi11/workspace/cslow/ForwardFinancialFramework/Platforms/VivadoFPGA/vivadohls_code/ipi_prj/ipi_prj.srcs/sources_1/bd/zynq_system/ip/zynq_system_auto_pc_4_0/fifo_generator_v11_0/ramfifo/clk_x_pntrs.vhd
Duplicated file found; will not be sent for synthesis: /mnt/cas_nfs/gi11/workspace/cslow/ForwardFinancialFramework/Platforms/VivadoFPGA/vivadohls_code/ipi_prj/ipi_prj.srcs/sources_1/bd/zynq_system/ip/zynq_system_auto_pc_4_0/fifo_generator_v11_0/ramfifo/wr_status_flags_as.vhd
Duplicated file found; will not be sent for synthesis: /mnt/cas_nfs/gi11/workspace/cslow/ForwardFinancialFramework/Platforms/VivadoFPGA/vivadohls_code/ipi_prj/ipi_prj.srcs/sources_1/bd/zynq_system/ip/zynq_system_auto_pc_4_0/fifo_generator_v11_0/ramfifo/wr_status_flags_ss.vhd
Duplicated file found; will not be sent for synthesis: /mnt/cas_nfs/gi11/workspace/cslow/ForwardFinancialFramework/Platforms/VivadoFPGA/vivadohls_code/ipi_prj/ipi_prj.srcs/sources_1/bd/zynq_system/ip/zynq_system_auto_pc_4_0/fifo_generator_v11_0/common/wr_pf_as.vhd
Duplicated file found; will not be sent for synthesis: /mnt/cas_nfs/gi11/workspace/cslow/ForwardFinancialFramework/Platforms/VivadoFPGA/vivadohls_code/ipi_prj/ipi_prj.srcs/sources_1/bd/zynq_system/ip/zynq_system_auto_pc_4_0/fifo_generator_v11_0/common/wr_pf_ss.vhd
Duplicated file found; will not be sent for synthesis: /mnt/cas_nfs/gi11/workspace/cslow/ForwardFinancialFramework/Platforms/VivadoFPGA/vivadohls_code/ipi_prj/ipi_prj.srcs/sources_1/bd/zynq_system/ip/zynq_system_auto_pc_4_0/fifo_generator_v11_0/ramfifo/wr_handshaking_flags.vhd
Duplicated file found; will not be sent for synthesis: /mnt/cas_nfs/gi11/workspace/cslow/ForwardFinancialFramework/Platforms/VivadoFPGA/vivadohls_code/ipi_prj/ipi_prj.srcs/sources_1/bd/zynq_system/ip/zynq_system_auto_pc_4_0/fifo_generator_v11_0/ramfifo/wr_dc_as.vhd
Duplicated file found; will not be sent for synthesis: /mnt/cas_nfs/gi11/workspace/cslow/ForwardFinancialFramework/Platforms/VivadoFPGA/vivadohls_code/ipi_prj/ipi_prj.srcs/sources_1/bd/zynq_system/ip/zynq_system_auto_pc_4_0/fifo_generator_v11_0/ramfifo/wr_dc_fwft_ext_as.vhd
Duplicated file found; will not be sent for synthesis: /mnt/cas_nfs/gi11/workspace/cslow/ForwardFinancialFramework/Platforms/VivadoFPGA/vivadohls_code/ipi_prj/ipi_prj.srcs/sources_1/bd/zynq_system/ip/zynq_system_auto_pc_4_0/fifo_generator_v11_0/ramfifo/wr_logic.vhd
Duplicated file found; will not be sent for synthesis: /mnt/cas_nfs/gi11/workspace/cslow/ForwardFinancialFramework/Platforms/VivadoFPGA/vivadohls_code/ipi_prj/ipi_prj.srcs/sources_1/bd/zynq_system/ip/zynq_system_auto_pc_4_0/fifo_generator_v11_0/ramfifo/wr_logic_pkt_fifo.vhd
Duplicated file found; will not be sent for synthesis: /mnt/cas_nfs/gi11/workspace/cslow/ForwardFinancialFramework/Platforms/VivadoFPGA/vivadohls_code/ipi_prj/ipi_prj.srcs/sources_1/bd/zynq_system/ip/zynq_system_auto_pc_4_0/fifo_generator_v11_0/ramfifo/wr_status_flags_sshft.vhd
Duplicated file found; will not be sent for synthesis: /mnt/cas_nfs/gi11/workspace/cslow/ForwardFinancialFramework/Platforms/VivadoFPGA/vivadohls_code/ipi_prj/ipi_prj.srcs/sources_1/bd/zynq_system/ip/zynq_system_auto_pc_4_0/fifo_generator_v11_0/ramfifo/rd_status_flags_sshft.vhd
Duplicated file found; will not be sent for synthesis: /mnt/cas_nfs/gi11/workspace/cslow/ForwardFinancialFramework/Platforms/VivadoFPGA/vivadohls_code/ipi_prj/ipi_prj.srcs/sources_1/bd/zynq_system/ip/zynq_system_auto_pc_4_0/fifo_generator_v11_0/ramfifo/wr_pf_sshft.vhd
Duplicated file found; will not be sent for synthesis: /mnt/cas_nfs/gi11/workspace/cslow/ForwardFinancialFramework/Platforms/VivadoFPGA/vivadohls_code/ipi_prj/ipi_prj.srcs/sources_1/bd/zynq_system/ip/zynq_system_auto_pc_4_0/fifo_generator_v11_0/ramfifo/rd_pe_sshft.vhd
Duplicated file found; will not be sent for synthesis: /mnt/cas_nfs/gi11/workspace/cslow/ForwardFinancialFramework/Platforms/VivadoFPGA/vivadohls_code/ipi_prj/ipi_prj.srcs/sources_1/bd/zynq_system/ip/zynq_system_auto_pc_4_0/fifo_generator_v11_0/ramfifo/logic_sshft.vhd
Duplicated file found; will not be sent for synthesis: /mnt/cas_nfs/gi11/workspace/cslow/ForwardFinancialFramework/Platforms/VivadoFPGA/vivadohls_code/ipi_prj/ipi_prj.srcs/sources_1/bd/zynq_system/ip/zynq_system_auto_pc_4_0/fifo_generator_v11_0/ramfifo/async_fifo.vhd
Duplicated file found; will not be sent for synthesis: /mnt/cas_nfs/gi11/workspace/cslow/ForwardFinancialFramework/Platforms/VivadoFPGA/vivadohls_code/ipi_prj/ipi_prj.srcs/sources_1/bd/zynq_system/ip/zynq_system_auto_pc_4_0/fifo_generator_v11_0/ramfifo/fifo_generator_ramfifo.vhd
Duplicated file found; will not be sent for synthesis: /mnt/cas_nfs/gi11/workspace/cslow/ForwardFinancialFramework/Platforms/VivadoFPGA/vivadohls_code/ipi_prj/ipi_prj.srcs/sources_1/bd/zynq_system/ip/zynq_system_auto_pc_4_0/fifo_generator_v11_0/builtin/fifo_generator_v11_0_comps_builtin.vhd
Duplicated file found; will not be sent for synthesis: /mnt/cas_nfs/gi11/workspace/cslow/ForwardFinancialFramework/Platforms/VivadoFPGA/vivadohls_code/ipi_prj/ipi_prj.srcs/sources_1/bd/zynq_system/ip/zynq_system_auto_pc_4_0/fifo_generator_v11_0/builtin/delay.vhd
Duplicated file found; will not be sent for synthesis: /mnt/cas_nfs/gi11/workspace/cslow/ForwardFinancialFramework/Platforms/VivadoFPGA/vivadohls_code/ipi_prj/ipi_prj.srcs/sources_1/bd/zynq_system/ip/zynq_system_auto_pc_4_0/fifo_generator_v11_0/builtin/clk_x_pntrs_builtin.vhd
Duplicated file found; will not be sent for synthesis: /mnt/cas_nfs/gi11/workspace/cslow/ForwardFinancialFramework/Platforms/VivadoFPGA/vivadohls_code/ipi_prj/ipi_prj.srcs/sources_1/bd/zynq_system/ip/zynq_system_auto_pc_4_0/fifo_generator_v11_0/builtin/bin_cntr.vhd
Duplicated file found; will not be sent for synthesis: /mnt/cas_nfs/gi11/workspace/cslow/ForwardFinancialFramework/Platforms/VivadoFPGA/vivadohls_code/ipi_prj/ipi_prj.srcs/sources_1/bd/zynq_system/ip/zynq_system_auto_pc_4_0/fifo_generator_v11_0/builtin/logic_builtin.vhd
Duplicated file found; will not be sent for synthesis: /mnt/cas_nfs/gi11/workspace/cslow/ForwardFinancialFramework/Platforms/VivadoFPGA/vivadohls_code/ipi_prj/ipi_prj.srcs/sources_1/bd/zynq_system/ip/zynq_system_auto_pc_4_0/fifo_generator_v11_0/builtin/reset_builtin.vhd
Duplicated file found; will not be sent for synthesis: /mnt/cas_nfs/gi11/workspace/cslow/ForwardFinancialFramework/Platforms/VivadoFPGA/vivadohls_code/ipi_prj/ipi_prj.srcs/sources_1/bd/zynq_system/ip/zynq_system_auto_pc_4_0/fifo_generator_v11_0/builtin/builtin_prim.vhd
Duplicated file found; will not be sent for synthesis: /mnt/cas_nfs/gi11/workspace/cslow/ForwardFinancialFramework/Platforms/VivadoFPGA/vivadohls_code/ipi_prj/ipi_prj.srcs/sources_1/bd/zynq_system/ip/zynq_system_auto_pc_4_0/fifo_generator_v11_0/builtin/builtin_extdepth.vhd
Duplicated file found; will not be sent for synthesis: /mnt/cas_nfs/gi11/workspace/cslow/ForwardFinancialFramework/Platforms/VivadoFPGA/vivadohls_code/ipi_prj/ipi_prj.srcs/sources_1/bd/zynq_system/ip/zynq_system_auto_pc_4_0/fifo_generator_v11_0/builtin/builtin_top.vhd
Duplicated file found; will not be sent for synthesis: /mnt/cas_nfs/gi11/workspace/cslow/ForwardFinancialFramework/Platforms/VivadoFPGA/vivadohls_code/ipi_prj/ipi_prj.srcs/sources_1/bd/zynq_system/ip/zynq_system_auto_pc_4_0/fifo_generator_v11_0/builtin/builtin_prim_v6.vhd
Duplicated file found; will not be sent for synthesis: /mnt/cas_nfs/gi11/workspace/cslow/ForwardFinancialFramework/Platforms/VivadoFPGA/vivadohls_code/ipi_prj/ipi_prj.srcs/sources_1/bd/zynq_system/ip/zynq_system_auto_pc_4_0/fifo_generator_v11_0/builtin/builtin_extdepth_v6.vhd
Duplicated file found; will not be sent for synthesis: /mnt/cas_nfs/gi11/workspace/cslow/ForwardFinancialFramework/Platforms/VivadoFPGA/vivadohls_code/ipi_prj/ipi_prj.srcs/sources_1/bd/zynq_system/ip/zynq_system_auto_pc_4_0/fifo_generator_v11_0/builtin/builtin_extdepth_low_latency.vhd
Duplicated file found; will not be sent for synthesis: /mnt/cas_nfs/gi11/workspace/cslow/ForwardFinancialFramework/Platforms/VivadoFPGA/vivadohls_code/ipi_prj/ipi_prj.srcs/sources_1/bd/zynq_system/ip/zynq_system_auto_pc_4_0/fifo_generator_v11_0/builtin/builtin_top_v6.vhd
Duplicated file found; will not be sent for synthesis: /mnt/cas_nfs/gi11/workspace/cslow/ForwardFinancialFramework/Platforms/VivadoFPGA/vivadohls_code/ipi_prj/ipi_prj.srcs/sources_1/bd/zynq_system/ip/zynq_system_auto_pc_4_0/fifo_generator_v11_0/builtin/fifo_generator_v11_0_builtin.vhd
Duplicated file found; will not be sent for synthesis: /mnt/cas_nfs/gi11/workspace/cslow/ForwardFinancialFramework/Platforms/VivadoFPGA/vivadohls_code/ipi_prj/ipi_prj.srcs/sources_1/bd/zynq_system/ip/zynq_system_auto_pc_4_0/fifo_generator_v11_0/fifo_generator_top.vhd
Duplicated file found; will not be sent for synthesis: /mnt/cas_nfs/gi11/workspace/cslow/ForwardFinancialFramework/Platforms/VivadoFPGA/vivadohls_code/ipi_prj/ipi_prj.srcs/sources_1/bd/zynq_system/ip/zynq_system_auto_pc_4_0/fifo_generator_v11_0/ramfifo/axi_reg_slice.vhd
Duplicated file found; will not be sent for synthesis: /mnt/cas_nfs/gi11/workspace/cslow/ForwardFinancialFramework/Platforms/VivadoFPGA/vivadohls_code/ipi_prj/ipi_prj.srcs/sources_1/bd/zynq_system/ip/zynq_system_auto_pc_4_0/fifo_generator_v11_0/fifo_generator_v11_0_synth.vhd
Duplicated file found; will not be sent for synthesis: /mnt/cas_nfs/gi11/workspace/cslow/ForwardFinancialFramework/Platforms/VivadoFPGA/vivadohls_code/ipi_prj/ipi_prj.srcs/sources_1/bd/zynq_system/ip/zynq_system_auto_pc_4_0/fifo_generator_v11_0/fifo_generator_v11_0.vhd
Duplicated file found; will not be sent for synthesis: /mnt/cas_nfs/gi11/workspace/cslow/ForwardFinancialFramework/Platforms/VivadoFPGA/vivadohls_code/ipi_prj/ipi_prj.srcs/sources_1/bd/zynq_system/ip/zynq_system_auto_pc_72/generic_baseblocks_v2_1/hdl/verilog/generic_baseblocks_v2_1_carry_and.v
Duplicated file found; will not be sent for synthesis: /mnt/cas_nfs/gi11/workspace/cslow/ForwardFinancialFramework/Platforms/VivadoFPGA/vivadohls_code/ipi_prj/ipi_prj.srcs/sources_1/bd/zynq_system/ip/zynq_system_auto_pc_72/generic_baseblocks_v2_1/hdl/verilog/generic_baseblocks_v2_1_carry_latch_and.v
Duplicated file found; will not be sent for synthesis: /mnt/cas_nfs/gi11/workspace/cslow/ForwardFinancialFramework/Platforms/VivadoFPGA/vivadohls_code/ipi_prj/ipi_prj.srcs/sources_1/bd/zynq_system/ip/zynq_system_auto_pc_72/generic_baseblocks_v2_1/hdl/verilog/generic_baseblocks_v2_1_carry_latch_or.v
Duplicated file found; will not be sent for synthesis: /mnt/cas_nfs/gi11/workspace/cslow/ForwardFinancialFramework/Platforms/VivadoFPGA/vivadohls_code/ipi_prj/ipi_prj.srcs/sources_1/bd/zynq_system/ip/zynq_system_auto_pc_72/generic_baseblocks_v2_1/hdl/verilog/generic_baseblocks_v2_1_carry_or.v
Duplicated file found; will not be sent for synthesis: /mnt/cas_nfs/gi11/workspace/cslow/ForwardFinancialFramework/Platforms/VivadoFPGA/vivadohls_code/ipi_prj/ipi_prj.srcs/sources_1/bd/zynq_system/ip/zynq_system_auto_pc_72/generic_baseblocks_v2_1/hdl/verilog/generic_baseblocks_v2_1_carry.v
Duplicated file found; will not be sent for synthesis: /mnt/cas_nfs/gi11/workspace/cslow/ForwardFinancialFramework/Platforms/VivadoFPGA/vivadohls_code/ipi_prj/ipi_prj.srcs/sources_1/bd/zynq_system/ip/zynq_system_auto_pc_72/generic_baseblocks_v2_1/hdl/verilog/generic_baseblocks_v2_1_command_fifo.v
Duplicated file found; will not be sent for synthesis: /mnt/cas_nfs/gi11/workspace/cslow/ForwardFinancialFramework/Platforms/VivadoFPGA/vivadohls_code/ipi_prj/ipi_prj.srcs/sources_1/bd/zynq_system/ip/zynq_system_auto_pc_72/generic_baseblocks_v2_1/hdl/verilog/generic_baseblocks_v2_1_comparator_mask_static.v
Duplicated file found; will not be sent for synthesis: /mnt/cas_nfs/gi11/workspace/cslow/ForwardFinancialFramework/Platforms/VivadoFPGA/vivadohls_code/ipi_prj/ipi_prj.srcs/sources_1/bd/zynq_system/ip/zynq_system_auto_pc_72/generic_baseblocks_v2_1/hdl/verilog/generic_baseblocks_v2_1_comparator_mask.v
Duplicated file found; will not be sent for synthesis: /mnt/cas_nfs/gi11/workspace/cslow/ForwardFinancialFramework/Platforms/VivadoFPGA/vivadohls_code/ipi_prj/ipi_prj.srcs/sources_1/bd/zynq_system/ip/zynq_system_auto_pc_72/generic_baseblocks_v2_1/hdl/verilog/generic_baseblocks_v2_1_comparator_sel_mask_static.v
Duplicated file found; will not be sent for synthesis: /mnt/cas_nfs/gi11/workspace/cslow/ForwardFinancialFramework/Platforms/VivadoFPGA/vivadohls_code/ipi_prj/ipi_prj.srcs/sources_1/bd/zynq_system/ip/zynq_system_auto_pc_72/generic_baseblocks_v2_1/hdl/verilog/generic_baseblocks_v2_1_comparator_sel_mask.v
Duplicated file found; will not be sent for synthesis: /mnt/cas_nfs/gi11/workspace/cslow/ForwardFinancialFramework/Platforms/VivadoFPGA/vivadohls_code/ipi_prj/ipi_prj.srcs/sources_1/bd/zynq_system/ip/zynq_system_auto_pc_72/generic_baseblocks_v2_1/hdl/verilog/generic_baseblocks_v2_1_comparator_sel_static.v
Duplicated file found; will not be sent for synthesis: /mnt/cas_nfs/gi11/workspace/cslow/ForwardFinancialFramework/Platforms/VivadoFPGA/vivadohls_code/ipi_prj/ipi_prj.srcs/sources_1/bd/zynq_system/ip/zynq_system_auto_pc_72/generic_baseblocks_v2_1/hdl/verilog/generic_baseblocks_v2_1_comparator_sel.v
Duplicated file found; will not be sent for synthesis: /mnt/cas_nfs/gi11/workspace/cslow/ForwardFinancialFramework/Platforms/VivadoFPGA/vivadohls_code/ipi_prj/ipi_prj.srcs/sources_1/bd/zynq_system/ip/zynq_system_auto_pc_72/generic_baseblocks_v2_1/hdl/verilog/generic_baseblocks_v2_1_comparator_static.v
Duplicated file found; will not be sent for synthesis: /mnt/cas_nfs/gi11/workspace/cslow/ForwardFinancialFramework/Platforms/VivadoFPGA/vivadohls_code/ipi_prj/ipi_prj.srcs/sources_1/bd/zynq_system/ip/zynq_system_auto_pc_72/generic_baseblocks_v2_1/hdl/verilog/generic_baseblocks_v2_1_comparator.v
Duplicated file found; will not be sent for synthesis: /mnt/cas_nfs/gi11/workspace/cslow/ForwardFinancialFramework/Platforms/VivadoFPGA/vivadohls_code/ipi_prj/ipi_prj.srcs/sources_1/bd/zynq_system/ip/zynq_system_auto_pc_72/generic_baseblocks_v2_1/hdl/verilog/generic_baseblocks_v2_1_mux_enc.v
Duplicated file found; will not be sent for synthesis: /mnt/cas_nfs/gi11/workspace/cslow/ForwardFinancialFramework/Platforms/VivadoFPGA/vivadohls_code/ipi_prj/ipi_prj.srcs/sources_1/bd/zynq_system/ip/zynq_system_auto_pc_72/generic_baseblocks_v2_1/hdl/verilog/generic_baseblocks_v2_1_mux.v
Duplicated file found; will not be sent for synthesis: /mnt/cas_nfs/gi11/workspace/cslow/ForwardFinancialFramework/Platforms/VivadoFPGA/vivadohls_code/ipi_prj/ipi_prj.srcs/sources_1/bd/zynq_system/ip/zynq_system_auto_pc_72/generic_baseblocks_v2_1/hdl/verilog/generic_baseblocks_v2_1_nto1_mux.v
Duplicated file found; will not be sent for synthesis: /mnt/cas_nfs/gi11/workspace/cslow/ForwardFinancialFramework/Platforms/VivadoFPGA/vivadohls_code/ipi_prj/ipi_prj.srcs/sources_1/bd/zynq_system/ip/zynq_system_auto_pc_72/axi_data_fifo_v2_1/hdl/verilog/axi_data_fifo_v2_1_axic_fifo.v
Duplicated file found; will not be sent for synthesis: /mnt/cas_nfs/gi11/workspace/cslow/ForwardFinancialFramework/Platforms/VivadoFPGA/vivadohls_code/ipi_prj/ipi_prj.srcs/sources_1/bd/zynq_system/ip/zynq_system_auto_pc_72/axi_data_fifo_v2_1/hdl/verilog/axi_data_fifo_v2_1_fifo_gen.v
Duplicated file found; will not be sent for synthesis: /mnt/cas_nfs/gi11/workspace/cslow/ForwardFinancialFramework/Platforms/VivadoFPGA/vivadohls_code/ipi_prj/ipi_prj.srcs/sources_1/bd/zynq_system/ip/zynq_system_auto_pc_72/axi_data_fifo_v2_1/hdl/verilog/axi_data_fifo_v2_1_axic_srl_fifo.v
Duplicated file found; will not be sent for synthesis: /mnt/cas_nfs/gi11/workspace/cslow/ForwardFinancialFramework/Platforms/VivadoFPGA/vivadohls_code/ipi_prj/ipi_prj.srcs/sources_1/bd/zynq_system/ip/zynq_system_auto_pc_72/axi_data_fifo_v2_1/hdl/verilog/axi_data_fifo_v2_1_axic_reg_srl_fifo.v
Duplicated file found; will not be sent for synthesis: /mnt/cas_nfs/gi11/workspace/cslow/ForwardFinancialFramework/Platforms/VivadoFPGA/vivadohls_code/ipi_prj/ipi_prj.srcs/sources_1/bd/zynq_system/ip/zynq_system_auto_pc_72/axi_data_fifo_v2_1/hdl/verilog/axi_data_fifo_v2_1_ndeep_srl.v
Duplicated file found; will not be sent for synthesis: /mnt/cas_nfs/gi11/workspace/cslow/ForwardFinancialFramework/Platforms/VivadoFPGA/vivadohls_code/ipi_prj/ipi_prj.srcs/sources_1/bd/zynq_system/ip/zynq_system_auto_pc_72/axi_data_fifo_v2_1/hdl/verilog/axi_data_fifo_v2_1_axi_data_fifo.v
Duplicated file found; will not be sent for synthesis: /mnt/cas_nfs/gi11/workspace/cslow/ForwardFinancialFramework/Platforms/VivadoFPGA/vivadohls_code/ipi_prj/ipi_prj.srcs/sources_1/bd/zynq_system/ip/zynq_system_auto_pc_72/axi_infrastructure_v1_1/hdl/verilog/axi_infrastructure_v1_1_header.vh
Duplicated file found; will not be sent for synthesis: /mnt/cas_nfs/gi11/workspace/cslow/ForwardFinancialFramework/Platforms/VivadoFPGA/vivadohls_code/ipi_prj/ipi_prj.srcs/sources_1/bd/zynq_system/ip/zynq_system_auto_pc_72/axi_infrastructure_v1_1/hdl/verilog/axi_infrastructure_v1_1_axi2vector.v
Duplicated file found; will not be sent for synthesis: /mnt/cas_nfs/gi11/workspace/cslow/ForwardFinancialFramework/Platforms/VivadoFPGA/vivadohls_code/ipi_prj/ipi_prj.srcs/sources_1/bd/zynq_system/ip/zynq_system_auto_pc_72/axi_infrastructure_v1_1/hdl/verilog/axi_infrastructure_v1_1_axic_srl_fifo.v
Duplicated file found; will not be sent for synthesis: /mnt/cas_nfs/gi11/workspace/cslow/ForwardFinancialFramework/Platforms/VivadoFPGA/vivadohls_code/ipi_prj/ipi_prj.srcs/sources_1/bd/zynq_system/ip/zynq_system_auto_pc_72/axi_infrastructure_v1_1/hdl/verilog/axi_infrastructure_v1_1_vector2axi.v
Duplicated file found; will not be sent for synthesis: /mnt/cas_nfs/gi11/workspace/cslow/ForwardFinancialFramework/Platforms/VivadoFPGA/vivadohls_code/ipi_prj/ipi_prj.srcs/sources_1/bd/zynq_system/ip/zynq_system_auto_pc_72/axi_register_slice_v2_1/hdl/verilog/axi_register_slice_v2_1_axic_register_slice.v
Duplicated file found; will not be sent for synthesis: /mnt/cas_nfs/gi11/workspace/cslow/ForwardFinancialFramework/Platforms/VivadoFPGA/vivadohls_code/ipi_prj/ipi_prj.srcs/sources_1/bd/zynq_system/ip/zynq_system_auto_pc_72/axi_register_slice_v2_1/hdl/verilog/axi_register_slice_v2_1_axi_register_slice.v
Duplicated file found; will not be sent for synthesis: /mnt/cas_nfs/gi11/workspace/cslow/ForwardFinancialFramework/Platforms/VivadoFPGA/vivadohls_code/ipi_prj/ipi_prj.srcs/sources_1/bd/zynq_system/ip/zynq_system_auto_pc_72/axi_protocol_converter_v2_1/hdl/verilog/axi_protocol_converter_v2_1_a_axi3_conv.v
Duplicated file found; will not be sent for synthesis: /mnt/cas_nfs/gi11/workspace/cslow/ForwardFinancialFramework/Platforms/VivadoFPGA/vivadohls_code/ipi_prj/ipi_prj.srcs/sources_1/bd/zynq_system/ip/zynq_system_auto_pc_72/axi_protocol_converter_v2_1/hdl/verilog/axi_protocol_converter_v2_1_axi3_conv.v
Duplicated file found; will not be sent for synthesis: /mnt/cas_nfs/gi11/workspace/cslow/ForwardFinancialFramework/Platforms/VivadoFPGA/vivadohls_code/ipi_prj/ipi_prj.srcs/sources_1/bd/zynq_system/ip/zynq_system_auto_pc_72/axi_protocol_converter_v2_1/hdl/verilog/axi_protocol_converter_v2_1_axilite_conv.v
Duplicated file found; will not be sent for synthesis: /mnt/cas_nfs/gi11/workspace/cslow/ForwardFinancialFramework/Platforms/VivadoFPGA/vivadohls_code/ipi_prj/ipi_prj.srcs/sources_1/bd/zynq_system/ip/zynq_system_auto_pc_72/axi_protocol_converter_v2_1/hdl/verilog/axi_protocol_converter_v2_1_r_axi3_conv.v
Duplicated file found; will not be sent for synthesis: /mnt/cas_nfs/gi11/workspace/cslow/ForwardFinancialFramework/Platforms/VivadoFPGA/vivadohls_code/ipi_prj/ipi_prj.srcs/sources_1/bd/zynq_system/ip/zynq_system_auto_pc_72/axi_protocol_converter_v2_1/hdl/verilog/axi_protocol_converter_v2_1_w_axi3_conv.v
Duplicated file found; will not be sent for synthesis: /mnt/cas_nfs/gi11/workspace/cslow/ForwardFinancialFramework/Platforms/VivadoFPGA/vivadohls_code/ipi_prj/ipi_prj.srcs/sources_1/bd/zynq_system/ip/zynq_system_auto_pc_72/axi_protocol_converter_v2_1/hdl/verilog/axi_protocol_converter_v2_1_b_downsizer.v
Duplicated file found; will not be sent for synthesis: /mnt/cas_nfs/gi11/workspace/cslow/ForwardFinancialFramework/Platforms/VivadoFPGA/vivadohls_code/ipi_prj/ipi_prj.srcs/sources_1/bd/zynq_system/ip/zynq_system_auto_pc_72/axi_protocol_converter_v2_1/hdl/verilog/axi_protocol_converter_v2_1_decerr_slave.v
Duplicated file found; will not be sent for synthesis: /mnt/cas_nfs/gi11/workspace/cslow/ForwardFinancialFramework/Platforms/VivadoFPGA/vivadohls_code/ipi_prj/ipi_prj.srcs/sources_1/bd/zynq_system/ip/zynq_system_auto_pc_72/axi_protocol_converter_v2_1/hdl/verilog/axi_protocol_converter_v2_1_b2s_simple_fifo.v
Duplicated file found; will not be sent for synthesis: /mnt/cas_nfs/gi11/workspace/cslow/ForwardFinancialFramework/Platforms/VivadoFPGA/vivadohls_code/ipi_prj/ipi_prj.srcs/sources_1/bd/zynq_system/ip/zynq_system_auto_pc_72/axi_protocol_converter_v2_1/hdl/verilog/axi_protocol_converter_v2_1_b2s_wrap_cmd.v
Duplicated file found; will not be sent for synthesis: /mnt/cas_nfs/gi11/workspace/cslow/ForwardFinancialFramework/Platforms/VivadoFPGA/vivadohls_code/ipi_prj/ipi_prj.srcs/sources_1/bd/zynq_system/ip/zynq_system_auto_pc_72/axi_protocol_converter_v2_1/hdl/verilog/axi_protocol_converter_v2_1_b2s_incr_cmd.v
Duplicated file found; will not be sent for synthesis: /mnt/cas_nfs/gi11/workspace/cslow/ForwardFinancialFramework/Platforms/VivadoFPGA/vivadohls_code/ipi_prj/ipi_prj.srcs/sources_1/bd/zynq_system/ip/zynq_system_auto_pc_72/axi_protocol_converter_v2_1/hdl/verilog/axi_protocol_converter_v2_1_b2s_wr_cmd_fsm.v
Duplicated file found; will not be sent for synthesis: /mnt/cas_nfs/gi11/workspace/cslow/ForwardFinancialFramework/Platforms/VivadoFPGA/vivadohls_code/ipi_prj/ipi_prj.srcs/sources_1/bd/zynq_system/ip/zynq_system_auto_pc_72/axi_protocol_converter_v2_1/hdl/verilog/axi_protocol_converter_v2_1_b2s_rd_cmd_fsm.v
Duplicated file found; will not be sent for synthesis: /mnt/cas_nfs/gi11/workspace/cslow/ForwardFinancialFramework/Platforms/VivadoFPGA/vivadohls_code/ipi_prj/ipi_prj.srcs/sources_1/bd/zynq_system/ip/zynq_system_auto_pc_72/axi_protocol_converter_v2_1/hdl/verilog/axi_protocol_converter_v2_1_b2s_cmd_translator.v
Duplicated file found; will not be sent for synthesis: /mnt/cas_nfs/gi11/workspace/cslow/ForwardFinancialFramework/Platforms/VivadoFPGA/vivadohls_code/ipi_prj/ipi_prj.srcs/sources_1/bd/zynq_system/ip/zynq_system_auto_pc_72/axi_protocol_converter_v2_1/hdl/verilog/axi_protocol_converter_v2_1_b2s_b_channel.v
Duplicated file found; will not be sent for synthesis: /mnt/cas_nfs/gi11/workspace/cslow/ForwardFinancialFramework/Platforms/VivadoFPGA/vivadohls_code/ipi_prj/ipi_prj.srcs/sources_1/bd/zynq_system/ip/zynq_system_auto_pc_72/axi_protocol_converter_v2_1/hdl/verilog/axi_protocol_converter_v2_1_b2s_r_channel.v
Duplicated file found; will not be sent for synthesis: /mnt/cas_nfs/gi11/workspace/cslow/ForwardFinancialFramework/Platforms/VivadoFPGA/vivadohls_code/ipi_prj/ipi_prj.srcs/sources_1/bd/zynq_system/ip/zynq_system_auto_pc_72/axi_protocol_converter_v2_1/hdl/verilog/axi_protocol_converter_v2_1_b2s_aw_channel.v
Duplicated file found; will not be sent for synthesis: /mnt/cas_nfs/gi11/workspace/cslow/ForwardFinancialFramework/Platforms/VivadoFPGA/vivadohls_code/ipi_prj/ipi_prj.srcs/sources_1/bd/zynq_system/ip/zynq_system_auto_pc_72/axi_protocol_converter_v2_1/hdl/verilog/axi_protocol_converter_v2_1_b2s_ar_channel.v
Duplicated file found; will not be sent for synthesis: /mnt/cas_nfs/gi11/workspace/cslow/ForwardFinancialFramework/Platforms/VivadoFPGA/vivadohls_code/ipi_prj/ipi_prj.srcs/sources_1/bd/zynq_system/ip/zynq_system_auto_pc_72/axi_protocol_converter_v2_1/hdl/verilog/axi_protocol_converter_v2_1_b2s.v
Duplicated file found; will not be sent for synthesis: /mnt/cas_nfs/gi11/workspace/cslow/ForwardFinancialFramework/Platforms/VivadoFPGA/vivadohls_code/ipi_prj/ipi_prj.srcs/sources_1/bd/zynq_system/ip/zynq_system_auto_pc_72/axi_protocol_converter_v2_1/hdl/verilog/axi_protocol_converter_v2_1_axi_protocol_converter.v
Duplicated file found; will not be sent for synthesis: /mnt/cas_nfs/gi11/workspace/cslow/ForwardFinancialFramework/Platforms/VivadoFPGA/vivadohls_code/ipi_prj/ipi_prj.srcs/sources_1/bd/zynq_system/ip/zynq_system_auto_pc_72/blk_mem_gen_v8_1/blk_mem_gen_v8_1_synth_comp.vhd
Duplicated file found; will not be sent for synthesis: /mnt/cas_nfs/gi11/workspace/cslow/ForwardFinancialFramework/Platforms/VivadoFPGA/vivadohls_code/ipi_prj/ipi_prj.srcs/sources_1/bd/zynq_system/ip/zynq_system_auto_pc_72/blk_mem_gen_v8_1/blk_mem_gen_v8_1_defaults.vhd
Duplicated file found; will not be sent for synthesis: /mnt/cas_nfs/gi11/workspace/cslow/ForwardFinancialFramework/Platforms/VivadoFPGA/vivadohls_code/ipi_prj/ipi_prj.srcs/sources_1/bd/zynq_system/ip/zynq_system_auto_pc_72/blk_mem_gen_v8_1/blk_mem_gen_v8_1_pkg.vhd
Duplicated file found; will not be sent for synthesis: /mnt/cas_nfs/gi11/workspace/cslow/ForwardFinancialFramework/Platforms/VivadoFPGA/vivadohls_code/ipi_prj/ipi_prj.srcs/sources_1/bd/zynq_system/ip/zynq_system_auto_pc_72/blk_mem_gen_v8_1/blk_mem_gen_getinit_pkg.vhd
Duplicated file found; will not be sent for synthesis: /mnt/cas_nfs/gi11/workspace/cslow/ForwardFinancialFramework/Platforms/VivadoFPGA/vivadohls_code/ipi_prj/ipi_prj.srcs/sources_1/bd/zynq_system/ip/zynq_system_auto_pc_72/blk_mem_gen_v8_1/blk_mem_min_area_pkg.vhd
Duplicated file found; will not be sent for synthesis: /mnt/cas_nfs/gi11/workspace/cslow/ForwardFinancialFramework/Platforms/VivadoFPGA/vivadohls_code/ipi_prj/ipi_prj.srcs/sources_1/bd/zynq_system/ip/zynq_system_auto_pc_72/blk_mem_gen_v8_1/blk_mem_gen_bindec.vhd
Duplicated file found; will not be sent for synthesis: /mnt/cas_nfs/gi11/workspace/cslow/ForwardFinancialFramework/Platforms/VivadoFPGA/vivadohls_code/ipi_prj/ipi_prj.srcs/sources_1/bd/zynq_system/ip/zynq_system_auto_pc_72/blk_mem_gen_v8_1/blk_mem_gen_mux.vhd
Duplicated file found; will not be sent for synthesis: /mnt/cas_nfs/gi11/workspace/cslow/ForwardFinancialFramework/Platforms/VivadoFPGA/vivadohls_code/ipi_prj/ipi_prj.srcs/sources_1/bd/zynq_system/ip/zynq_system_auto_pc_72/blk_mem_gen_v8_1/blk_mem_gen_prim_wrapper.vhd
Duplicated file found; will not be sent for synthesis: /mnt/cas_nfs/gi11/workspace/cslow/ForwardFinancialFramework/Platforms/VivadoFPGA/vivadohls_code/ipi_prj/ipi_prj.srcs/sources_1/bd/zynq_system/ip/zynq_system_auto_pc_72/blk_mem_gen_v8_1/blk_mem_gen_prim_wrapper_init.vhd
Duplicated file found; will not be sent for synthesis: /mnt/cas_nfs/gi11/workspace/cslow/ForwardFinancialFramework/Platforms/VivadoFPGA/vivadohls_code/ipi_prj/ipi_prj.srcs/sources_1/bd/zynq_system/ip/zynq_system_auto_pc_72/blk_mem_gen_v8_1/blk_mem_gen_prim_width.vhd
Duplicated file found; will not be sent for synthesis: /mnt/cas_nfs/gi11/workspace/cslow/ForwardFinancialFramework/Platforms/VivadoFPGA/vivadohls_code/ipi_prj/ipi_prj.srcs/sources_1/bd/zynq_system/ip/zynq_system_auto_pc_72/blk_mem_gen_v8_1/blk_mem_gen_generic_cstr.vhd
Duplicated file found; will not be sent for synthesis: /mnt/cas_nfs/gi11/workspace/cslow/ForwardFinancialFramework/Platforms/VivadoFPGA/vivadohls_code/ipi_prj/ipi_prj.srcs/sources_1/bd/zynq_system/ip/zynq_system_auto_pc_72/blk_mem_gen_v8_1/blk_mem_gen_ecc_encoder.vhd
Duplicated file found; will not be sent for synthesis: /mnt/cas_nfs/gi11/workspace/cslow/ForwardFinancialFramework/Platforms/VivadoFPGA/vivadohls_code/ipi_prj/ipi_prj.srcs/sources_1/bd/zynq_system/ip/zynq_system_auto_pc_72/blk_mem_gen_v8_1/blk_mem_gen_ecc_decoder.vhd
Duplicated file found; will not be sent for synthesis: /mnt/cas_nfs/gi11/workspace/cslow/ForwardFinancialFramework/Platforms/VivadoFPGA/vivadohls_code/ipi_prj/ipi_prj.srcs/sources_1/bd/zynq_system/ip/zynq_system_auto_pc_72/blk_mem_gen_v8_1/blk_mem_input_block.vhd
Duplicated file found; will not be sent for synthesis: /mnt/cas_nfs/gi11/workspace/cslow/ForwardFinancialFramework/Platforms/VivadoFPGA/vivadohls_code/ipi_prj/ipi_prj.srcs/sources_1/bd/zynq_system/ip/zynq_system_auto_pc_72/blk_mem_gen_v8_1/blk_mem_output_block.vhd
Duplicated file found; will not be sent for synthesis: /mnt/cas_nfs/gi11/workspace/cslow/ForwardFinancialFramework/Platforms/VivadoFPGA/vivadohls_code/ipi_prj/ipi_prj.srcs/sources_1/bd/zynq_system/ip/zynq_system_auto_pc_72/blk_mem_gen_v8_1/blk_mem_axi_read_fsm.vhd
Duplicated file found; will not be sent for synthesis: /mnt/cas_nfs/gi11/workspace/cslow/ForwardFinancialFramework/Platforms/VivadoFPGA/vivadohls_code/ipi_prj/ipi_prj.srcs/sources_1/bd/zynq_system/ip/zynq_system_auto_pc_72/blk_mem_gen_v8_1/blk_mem_axi_read_wrapper.vhd
Duplicated file found; will not be sent for synthesis: /mnt/cas_nfs/gi11/workspace/cslow/ForwardFinancialFramework/Platforms/VivadoFPGA/vivadohls_code/ipi_prj/ipi_prj.srcs/sources_1/bd/zynq_system/ip/zynq_system_auto_pc_72/blk_mem_gen_v8_1/blk_mem_axi_write_fsm.vhd
Duplicated file found; will not be sent for synthesis: /mnt/cas_nfs/gi11/workspace/cslow/ForwardFinancialFramework/Platforms/VivadoFPGA/vivadohls_code/ipi_prj/ipi_prj.srcs/sources_1/bd/zynq_system/ip/zynq_system_auto_pc_72/blk_mem_gen_v8_1/blk_mem_axi_write_wrapper.vhd
Duplicated file found; will not be sent for synthesis: /mnt/cas_nfs/gi11/workspace/cslow/ForwardFinancialFramework/Platforms/VivadoFPGA/vivadohls_code/ipi_prj/ipi_prj.srcs/sources_1/bd/zynq_system/ip/zynq_system_auto_pc_72/blk_mem_gen_v8_1/blk_mem_axi_regs_fwd.vhd
Duplicated file found; will not be sent for synthesis: /mnt/cas_nfs/gi11/workspace/cslow/ForwardFinancialFramework/Platforms/VivadoFPGA/vivadohls_code/ipi_prj/ipi_prj.srcs/sources_1/bd/zynq_system/ip/zynq_system_auto_pc_72/blk_mem_gen_v8_1/blk_mem_gen_top.vhd
Duplicated file found; will not be sent for synthesis: /mnt/cas_nfs/gi11/workspace/cslow/ForwardFinancialFramework/Platforms/VivadoFPGA/vivadohls_code/ipi_prj/ipi_prj.srcs/sources_1/bd/zynq_system/ip/zynq_system_auto_pc_72/blk_mem_gen_v8_1/blk_mem_gen_v8_1_synth.vhd
Duplicated file found; will not be sent for synthesis: /mnt/cas_nfs/gi11/workspace/cslow/ForwardFinancialFramework/Platforms/VivadoFPGA/vivadohls_code/ipi_prj/ipi_prj.srcs/sources_1/bd/zynq_system/ip/zynq_system_auto_pc_72/blk_mem_gen_v8_1/blk_mem_gen_v8_1.vhd
Duplicated file found; will not be sent for synthesis: /mnt/cas_nfs/gi11/workspace/cslow/ForwardFinancialFramework/Platforms/VivadoFPGA/vivadohls_code/ipi_prj/ipi_prj.srcs/sources_1/bd/zynq_system/ip/zynq_system_auto_pc_72/fifo_generator_v11_0/fifo_generator_v11_0_pkg.vhd
Duplicated file found; will not be sent for synthesis: /mnt/cas_nfs/gi11/workspace/cslow/ForwardFinancialFramework/Platforms/VivadoFPGA/vivadohls_code/ipi_prj/ipi_prj.srcs/sources_1/bd/zynq_system/ip/zynq_system_auto_pc_72/fifo_generator_v11_0/fifo_generator_v11_0_defaults.vhd
Duplicated file found; will not be sent for synthesis: /mnt/cas_nfs/gi11/workspace/cslow/ForwardFinancialFramework/Platforms/VivadoFPGA/vivadohls_code/ipi_prj/ipi_prj.srcs/sources_1/bd/zynq_system/ip/zynq_system_auto_pc_72/fifo_generator_v11_0/ramfifo/bram_sync_reg.vhd
Duplicated file found; will not be sent for synthesis: /mnt/cas_nfs/gi11/workspace/cslow/ForwardFinancialFramework/Platforms/VivadoFPGA/vivadohls_code/ipi_prj/ipi_prj.srcs/sources_1/bd/zynq_system/ip/zynq_system_auto_pc_72/fifo_generator_v11_0/ramfifo/bram_fifo_rstlogic.vhd
Duplicated file found; will not be sent for synthesis: /mnt/cas_nfs/gi11/workspace/cslow/ForwardFinancialFramework/Platforms/VivadoFPGA/vivadohls_code/ipi_prj/ipi_prj.srcs/sources_1/bd/zynq_system/ip/zynq_system_auto_pc_72/fifo_generator_v11_0/common/input_blk.vhd
Duplicated file found; will not be sent for synthesis: /mnt/cas_nfs/gi11/workspace/cslow/ForwardFinancialFramework/Platforms/VivadoFPGA/vivadohls_code/ipi_prj/ipi_prj.srcs/sources_1/bd/zynq_system/ip/zynq_system_auto_pc_72/fifo_generator_v11_0/common/output_blk.vhd
Duplicated file found; will not be sent for synthesis: /mnt/cas_nfs/gi11/workspace/cslow/ForwardFinancialFramework/Platforms/VivadoFPGA/vivadohls_code/ipi_prj/ipi_prj.srcs/sources_1/bd/zynq_system/ip/zynq_system_auto_pc_72/fifo_generator_v11_0/common/synchronizer_ff.vhd
Duplicated file found; will not be sent for synthesis: /mnt/cas_nfs/gi11/workspace/cslow/ForwardFinancialFramework/Platforms/VivadoFPGA/vivadohls_code/ipi_prj/ipi_prj.srcs/sources_1/bd/zynq_system/ip/zynq_system_auto_pc_72/fifo_generator_v11_0/common/shft_wrapper.vhd
Duplicated file found; will not be sent for synthesis: /mnt/cas_nfs/gi11/workspace/cslow/ForwardFinancialFramework/Platforms/VivadoFPGA/vivadohls_code/ipi_prj/ipi_prj.srcs/sources_1/bd/zynq_system/ip/zynq_system_auto_pc_72/fifo_generator_v11_0/common/shft_ram.vhd
Duplicated file found; will not be sent for synthesis: /mnt/cas_nfs/gi11/workspace/cslow/ForwardFinancialFramework/Platforms/VivadoFPGA/vivadohls_code/ipi_prj/ipi_prj.srcs/sources_1/bd/zynq_system/ip/zynq_system_auto_pc_72/fifo_generator_v11_0/ramfifo/dmem.vhd
Duplicated file found; will not be sent for synthesis: /mnt/cas_nfs/gi11/workspace/cslow/ForwardFinancialFramework/Platforms/VivadoFPGA/vivadohls_code/ipi_prj/ipi_prj.srcs/sources_1/bd/zynq_system/ip/zynq_system_auto_pc_72/fifo_generator_v11_0/ramfifo/memory.vhd
Duplicated file found; will not be sent for synthesis: /mnt/cas_nfs/gi11/workspace/cslow/ForwardFinancialFramework/Platforms/VivadoFPGA/vivadohls_code/ipi_prj/ipi_prj.srcs/sources_1/bd/zynq_system/ip/zynq_system_auto_pc_72/fifo_generator_v11_0/ramfifo/compare.vhd
Duplicated file found; will not be sent for synthesis: /mnt/cas_nfs/gi11/workspace/cslow/ForwardFinancialFramework/Platforms/VivadoFPGA/vivadohls_code/ipi_prj/ipi_prj.srcs/sources_1/bd/zynq_system/ip/zynq_system_auto_pc_72/fifo_generator_v11_0/ramfifo/wr_bin_cntr.vhd
Duplicated file found; will not be sent for synthesis: /mnt/cas_nfs/gi11/workspace/cslow/ForwardFinancialFramework/Platforms/VivadoFPGA/vivadohls_code/ipi_prj/ipi_prj.srcs/sources_1/bd/zynq_system/ip/zynq_system_auto_pc_72/fifo_generator_v11_0/ramfifo/rd_bin_cntr.vhd
Duplicated file found; will not be sent for synthesis: /mnt/cas_nfs/gi11/workspace/cslow/ForwardFinancialFramework/Platforms/VivadoFPGA/vivadohls_code/ipi_prj/ipi_prj.srcs/sources_1/bd/zynq_system/ip/zynq_system_auto_pc_72/fifo_generator_v11_0/ramfifo/updn_cntr.vhd
Duplicated file found; will not be sent for synthesis: /mnt/cas_nfs/gi11/workspace/cslow/ForwardFinancialFramework/Platforms/VivadoFPGA/vivadohls_code/ipi_prj/ipi_prj.srcs/sources_1/bd/zynq_system/ip/zynq_system_auto_pc_72/fifo_generator_v11_0/ramfifo/rd_status_flags_as.vhd
Duplicated file found; will not be sent for synthesis: /mnt/cas_nfs/gi11/workspace/cslow/ForwardFinancialFramework/Platforms/VivadoFPGA/vivadohls_code/ipi_prj/ipi_prj.srcs/sources_1/bd/zynq_system/ip/zynq_system_auto_pc_72/fifo_generator_v11_0/ramfifo/rd_status_flags_ss.vhd
Duplicated file found; will not be sent for synthesis: /mnt/cas_nfs/gi11/workspace/cslow/ForwardFinancialFramework/Platforms/VivadoFPGA/vivadohls_code/ipi_prj/ipi_prj.srcs/sources_1/bd/zynq_system/ip/zynq_system_auto_pc_72/fifo_generator_v11_0/common/rd_pe_as.vhd
Duplicated file found; will not be sent for synthesis: /mnt/cas_nfs/gi11/workspace/cslow/ForwardFinancialFramework/Platforms/VivadoFPGA/vivadohls_code/ipi_prj/ipi_prj.srcs/sources_1/bd/zynq_system/ip/zynq_system_auto_pc_72/fifo_generator_v11_0/common/rd_pe_ss.vhd
Duplicated file found; will not be sent for synthesis: /mnt/cas_nfs/gi11/workspace/cslow/ForwardFinancialFramework/Platforms/VivadoFPGA/vivadohls_code/ipi_prj/ipi_prj.srcs/sources_1/bd/zynq_system/ip/zynq_system_auto_pc_72/fifo_generator_v11_0/ramfifo/rd_handshaking_flags.vhd
Duplicated file found; will not be sent for synthesis: /mnt/cas_nfs/gi11/workspace/cslow/ForwardFinancialFramework/Platforms/VivadoFPGA/vivadohls_code/ipi_prj/ipi_prj.srcs/sources_1/bd/zynq_system/ip/zynq_system_auto_pc_72/fifo_generator_v11_0/ramfifo/rd_dc_as.vhd
Duplicated file found; will not be sent for synthesis: /mnt/cas_nfs/gi11/workspace/cslow/ForwardFinancialFramework/Platforms/VivadoFPGA/vivadohls_code/ipi_prj/ipi_prj.srcs/sources_1/bd/zynq_system/ip/zynq_system_auto_pc_72/fifo_generator_v11_0/ramfifo/rd_dc_fwft_ext_as.vhd
Duplicated file found; will not be sent for synthesis: /mnt/cas_nfs/gi11/workspace/cslow/ForwardFinancialFramework/Platforms/VivadoFPGA/vivadohls_code/ipi_prj/ipi_prj.srcs/sources_1/bd/zynq_system/ip/zynq_system_auto_pc_72/fifo_generator_v11_0/ramfifo/dc_ss.vhd
Duplicated file found; will not be sent for synthesis: /mnt/cas_nfs/gi11/workspace/cslow/ForwardFinancialFramework/Platforms/VivadoFPGA/vivadohls_code/ipi_prj/ipi_prj.srcs/sources_1/bd/zynq_system/ip/zynq_system_auto_pc_72/fifo_generator_v11_0/ramfifo/dc_ss_fwft.vhd
Duplicated file found; will not be sent for synthesis: /mnt/cas_nfs/gi11/workspace/cslow/ForwardFinancialFramework/Platforms/VivadoFPGA/vivadohls_code/ipi_prj/ipi_prj.srcs/sources_1/bd/zynq_system/ip/zynq_system_auto_pc_72/fifo_generator_v11_0/ramfifo/rd_fwft.vhd
Duplicated file found; will not be sent for synthesis: /mnt/cas_nfs/gi11/workspace/cslow/ForwardFinancialFramework/Platforms/VivadoFPGA/vivadohls_code/ipi_prj/ipi_prj.srcs/sources_1/bd/zynq_system/ip/zynq_system_auto_pc_72/fifo_generator_v11_0/ramfifo/rd_logic.vhd
Duplicated file found; will not be sent for synthesis: /mnt/cas_nfs/gi11/workspace/cslow/ForwardFinancialFramework/Platforms/VivadoFPGA/vivadohls_code/ipi_prj/ipi_prj.srcs/sources_1/bd/zynq_system/ip/zynq_system_auto_pc_72/fifo_generator_v11_0/ramfifo/rd_logic_pkt_fifo.vhd
Duplicated file found; will not be sent for synthesis: /mnt/cas_nfs/gi11/workspace/cslow/ForwardFinancialFramework/Platforms/VivadoFPGA/vivadohls_code/ipi_prj/ipi_prj.srcs/sources_1/bd/zynq_system/ip/zynq_system_auto_pc_72/fifo_generator_v11_0/ramfifo/reset_blk_ramfifo.vhd
Duplicated file found; will not be sent for synthesis: /mnt/cas_nfs/gi11/workspace/cslow/ForwardFinancialFramework/Platforms/VivadoFPGA/vivadohls_code/ipi_prj/ipi_prj.srcs/sources_1/bd/zynq_system/ip/zynq_system_auto_pc_72/fifo_generator_v11_0/ramfifo/clk_x_pntrs.vhd
Duplicated file found; will not be sent for synthesis: /mnt/cas_nfs/gi11/workspace/cslow/ForwardFinancialFramework/Platforms/VivadoFPGA/vivadohls_code/ipi_prj/ipi_prj.srcs/sources_1/bd/zynq_system/ip/zynq_system_auto_pc_72/fifo_generator_v11_0/ramfifo/wr_status_flags_as.vhd
Duplicated file found; will not be sent for synthesis: /mnt/cas_nfs/gi11/workspace/cslow/ForwardFinancialFramework/Platforms/VivadoFPGA/vivadohls_code/ipi_prj/ipi_prj.srcs/sources_1/bd/zynq_system/ip/zynq_system_auto_pc_72/fifo_generator_v11_0/ramfifo/wr_status_flags_ss.vhd
Duplicated file found; will not be sent for synthesis: /mnt/cas_nfs/gi11/workspace/cslow/ForwardFinancialFramework/Platforms/VivadoFPGA/vivadohls_code/ipi_prj/ipi_prj.srcs/sources_1/bd/zynq_system/ip/zynq_system_auto_pc_72/fifo_generator_v11_0/common/wr_pf_as.vhd
Duplicated file found; will not be sent for synthesis: /mnt/cas_nfs/gi11/workspace/cslow/ForwardFinancialFramework/Platforms/VivadoFPGA/vivadohls_code/ipi_prj/ipi_prj.srcs/sources_1/bd/zynq_system/ip/zynq_system_auto_pc_72/fifo_generator_v11_0/common/wr_pf_ss.vhd
Duplicated file found; will not be sent for synthesis: /mnt/cas_nfs/gi11/workspace/cslow/ForwardFinancialFramework/Platforms/VivadoFPGA/vivadohls_code/ipi_prj/ipi_prj.srcs/sources_1/bd/zynq_system/ip/zynq_system_auto_pc_72/fifo_generator_v11_0/ramfifo/wr_handshaking_flags.vhd
Duplicated file found; will not be sent for synthesis: /mnt/cas_nfs/gi11/workspace/cslow/ForwardFinancialFramework/Platforms/VivadoFPGA/vivadohls_code/ipi_prj/ipi_prj.srcs/sources_1/bd/zynq_system/ip/zynq_system_auto_pc_72/fifo_generator_v11_0/ramfifo/wr_dc_as.vhd
Duplicated file found; will not be sent for synthesis: /mnt/cas_nfs/gi11/workspace/cslow/ForwardFinancialFramework/Platforms/VivadoFPGA/vivadohls_code/ipi_prj/ipi_prj.srcs/sources_1/bd/zynq_system/ip/zynq_system_auto_pc_72/fifo_generator_v11_0/ramfifo/wr_dc_fwft_ext_as.vhd
Duplicated file found; will not be sent for synthesis: /mnt/cas_nfs/gi11/workspace/cslow/ForwardFinancialFramework/Platforms/VivadoFPGA/vivadohls_code/ipi_prj/ipi_prj.srcs/sources_1/bd/zynq_system/ip/zynq_system_auto_pc_72/fifo_generator_v11_0/ramfifo/wr_logic.vhd
Duplicated file found; will not be sent for synthesis: /mnt/cas_nfs/gi11/workspace/cslow/ForwardFinancialFramework/Platforms/VivadoFPGA/vivadohls_code/ipi_prj/ipi_prj.srcs/sources_1/bd/zynq_system/ip/zynq_system_auto_pc_72/fifo_generator_v11_0/ramfifo/wr_logic_pkt_fifo.vhd
Duplicated file found; will not be sent for synthesis: /mnt/cas_nfs/gi11/workspace/cslow/ForwardFinancialFramework/Platforms/VivadoFPGA/vivadohls_code/ipi_prj/ipi_prj.srcs/sources_1/bd/zynq_system/ip/zynq_system_auto_pc_72/fifo_generator_v11_0/ramfifo/wr_status_flags_sshft.vhd
Duplicated file found; will not be sent for synthesis: /mnt/cas_nfs/gi11/workspace/cslow/ForwardFinancialFramework/Platforms/VivadoFPGA/vivadohls_code/ipi_prj/ipi_prj.srcs/sources_1/bd/zynq_system/ip/zynq_system_auto_pc_72/fifo_generator_v11_0/ramfifo/rd_status_flags_sshft.vhd
Duplicated file found; will not be sent for synthesis: /mnt/cas_nfs/gi11/workspace/cslow/ForwardFinancialFramework/Platforms/VivadoFPGA/vivadohls_code/ipi_prj/ipi_prj.srcs/sources_1/bd/zynq_system/ip/zynq_system_auto_pc_72/fifo_generator_v11_0/ramfifo/wr_pf_sshft.vhd
Duplicated file found; will not be sent for synthesis: /mnt/cas_nfs/gi11/workspace/cslow/ForwardFinancialFramework/Platforms/VivadoFPGA/vivadohls_code/ipi_prj/ipi_prj.srcs/sources_1/bd/zynq_system/ip/zynq_system_auto_pc_72/fifo_generator_v11_0/ramfifo/rd_pe_sshft.vhd
Duplicated file found; will not be sent for synthesis: /mnt/cas_nfs/gi11/workspace/cslow/ForwardFinancialFramework/Platforms/VivadoFPGA/vivadohls_code/ipi_prj/ipi_prj.srcs/sources_1/bd/zynq_system/ip/zynq_system_auto_pc_72/fifo_generator_v11_0/ramfifo/logic_sshft.vhd
Duplicated file found; will not be sent for synthesis: /mnt/cas_nfs/gi11/workspace/cslow/ForwardFinancialFramework/Platforms/VivadoFPGA/vivadohls_code/ipi_prj/ipi_prj.srcs/sources_1/bd/zynq_system/ip/zynq_system_auto_pc_72/fifo_generator_v11_0/ramfifo/async_fifo.vhd
Duplicated file found; will not be sent for synthesis: /mnt/cas_nfs/gi11/workspace/cslow/ForwardFinancialFramework/Platforms/VivadoFPGA/vivadohls_code/ipi_prj/ipi_prj.srcs/sources_1/bd/zynq_system/ip/zynq_system_auto_pc_72/fifo_generator_v11_0/ramfifo/fifo_generator_ramfifo.vhd
Duplicated file found; will not be sent for synthesis: /mnt/cas_nfs/gi11/workspace/cslow/ForwardFinancialFramework/Platforms/VivadoFPGA/vivadohls_code/ipi_prj/ipi_prj.srcs/sources_1/bd/zynq_system/ip/zynq_system_auto_pc_72/fifo_generator_v11_0/builtin/fifo_generator_v11_0_comps_builtin.vhd
Duplicated file found; will not be sent for synthesis: /mnt/cas_nfs/gi11/workspace/cslow/ForwardFinancialFramework/Platforms/VivadoFPGA/vivadohls_code/ipi_prj/ipi_prj.srcs/sources_1/bd/zynq_system/ip/zynq_system_auto_pc_72/fifo_generator_v11_0/builtin/delay.vhd
Duplicated file found; will not be sent for synthesis: /mnt/cas_nfs/gi11/workspace/cslow/ForwardFinancialFramework/Platforms/VivadoFPGA/vivadohls_code/ipi_prj/ipi_prj.srcs/sources_1/bd/zynq_system/ip/zynq_system_auto_pc_72/fifo_generator_v11_0/builtin/clk_x_pntrs_builtin.vhd
Duplicated file found; will not be sent for synthesis: /mnt/cas_nfs/gi11/workspace/cslow/ForwardFinancialFramework/Platforms/VivadoFPGA/vivadohls_code/ipi_prj/ipi_prj.srcs/sources_1/bd/zynq_system/ip/zynq_system_auto_pc_72/fifo_generator_v11_0/builtin/bin_cntr.vhd
Duplicated file found; will not be sent for synthesis: /mnt/cas_nfs/gi11/workspace/cslow/ForwardFinancialFramework/Platforms/VivadoFPGA/vivadohls_code/ipi_prj/ipi_prj.srcs/sources_1/bd/zynq_system/ip/zynq_system_auto_pc_72/fifo_generator_v11_0/builtin/logic_builtin.vhd
Duplicated file found; will not be sent for synthesis: /mnt/cas_nfs/gi11/workspace/cslow/ForwardFinancialFramework/Platforms/VivadoFPGA/vivadohls_code/ipi_prj/ipi_prj.srcs/sources_1/bd/zynq_system/ip/zynq_system_auto_pc_72/fifo_generator_v11_0/builtin/reset_builtin.vhd
Duplicated file found; will not be sent for synthesis: /mnt/cas_nfs/gi11/workspace/cslow/ForwardFinancialFramework/Platforms/VivadoFPGA/vivadohls_code/ipi_prj/ipi_prj.srcs/sources_1/bd/zynq_system/ip/zynq_system_auto_pc_72/fifo_generator_v11_0/builtin/builtin_prim.vhd
Duplicated file found; will not be sent for synthesis: /mnt/cas_nfs/gi11/workspace/cslow/ForwardFinancialFramework/Platforms/VivadoFPGA/vivadohls_code/ipi_prj/ipi_prj.srcs/sources_1/bd/zynq_system/ip/zynq_system_auto_pc_72/fifo_generator_v11_0/builtin/builtin_extdepth.vhd
Duplicated file found; will not be sent for synthesis: /mnt/cas_nfs/gi11/workspace/cslow/ForwardFinancialFramework/Platforms/VivadoFPGA/vivadohls_code/ipi_prj/ipi_prj.srcs/sources_1/bd/zynq_system/ip/zynq_system_auto_pc_72/fifo_generator_v11_0/builtin/builtin_top.vhd
Duplicated file found; will not be sent for synthesis: /mnt/cas_nfs/gi11/workspace/cslow/ForwardFinancialFramework/Platforms/VivadoFPGA/vivadohls_code/ipi_prj/ipi_prj.srcs/sources_1/bd/zynq_system/ip/zynq_system_auto_pc_72/fifo_generator_v11_0/builtin/builtin_prim_v6.vhd
Duplicated file found; will not be sent for synthesis: /mnt/cas_nfs/gi11/workspace/cslow/ForwardFinancialFramework/Platforms/VivadoFPGA/vivadohls_code/ipi_prj/ipi_prj.srcs/sources_1/bd/zynq_system/ip/zynq_system_auto_pc_72/fifo_generator_v11_0/builtin/builtin_extdepth_v6.vhd
Duplicated file found; will not be sent for synthesis: /mnt/cas_nfs/gi11/workspace/cslow/ForwardFinancialFramework/Platforms/VivadoFPGA/vivadohls_code/ipi_prj/ipi_prj.srcs/sources_1/bd/zynq_system/ip/zynq_system_auto_pc_72/fifo_generator_v11_0/builtin/builtin_extdepth_low_latency.vhd
Duplicated file found; will not be sent for synthesis: /mnt/cas_nfs/gi11/workspace/cslow/ForwardFinancialFramework/Platforms/VivadoFPGA/vivadohls_code/ipi_prj/ipi_prj.srcs/sources_1/bd/zynq_system/ip/zynq_system_auto_pc_72/fifo_generator_v11_0/builtin/builtin_top_v6.vhd
Duplicated file found; will not be sent for synthesis: /mnt/cas_nfs/gi11/workspace/cslow/ForwardFinancialFramework/Platforms/VivadoFPGA/vivadohls_code/ipi_prj/ipi_prj.srcs/sources_1/bd/zynq_system/ip/zynq_system_auto_pc_72/fifo_generator_v11_0/builtin/fifo_generator_v11_0_builtin.vhd
Duplicated file found; will not be sent for synthesis: /mnt/cas_nfs/gi11/workspace/cslow/ForwardFinancialFramework/Platforms/VivadoFPGA/vivadohls_code/ipi_prj/ipi_prj.srcs/sources_1/bd/zynq_system/ip/zynq_system_auto_pc_72/fifo_generator_v11_0/fifo_generator_top.vhd
Duplicated file found; will not be sent for synthesis: /mnt/cas_nfs/gi11/workspace/cslow/ForwardFinancialFramework/Platforms/VivadoFPGA/vivadohls_code/ipi_prj/ipi_prj.srcs/sources_1/bd/zynq_system/ip/zynq_system_auto_pc_72/fifo_generator_v11_0/ramfifo/axi_reg_slice.vhd
Duplicated file found; will not be sent for synthesis: /mnt/cas_nfs/gi11/workspace/cslow/ForwardFinancialFramework/Platforms/VivadoFPGA/vivadohls_code/ipi_prj/ipi_prj.srcs/sources_1/bd/zynq_system/ip/zynq_system_auto_pc_72/fifo_generator_v11_0/fifo_generator_v11_0_synth.vhd
Duplicated file found; will not be sent for synthesis: /mnt/cas_nfs/gi11/workspace/cslow/ForwardFinancialFramework/Platforms/VivadoFPGA/vivadohls_code/ipi_prj/ipi_prj.srcs/sources_1/bd/zynq_system/ip/zynq_system_auto_pc_72/fifo_generator_v11_0/fifo_generator_v11_0.vhd
Duplicated file found; will not be sent for synthesis: /mnt/cas_nfs/gi11/workspace/cslow/ForwardFinancialFramework/Platforms/VivadoFPGA/vivadohls_code/ipi_prj/ipi_prj.srcs/sources_1/bd/zynq_system/ip/zynq_system_auto_pc_73/generic_baseblocks_v2_1/hdl/verilog/generic_baseblocks_v2_1_carry_and.v
Duplicated file found; will not be sent for synthesis: /mnt/cas_nfs/gi11/workspace/cslow/ForwardFinancialFramework/Platforms/VivadoFPGA/vivadohls_code/ipi_prj/ipi_prj.srcs/sources_1/bd/zynq_system/ip/zynq_system_auto_pc_73/generic_baseblocks_v2_1/hdl/verilog/generic_baseblocks_v2_1_carry_latch_and.v
Duplicated file found; will not be sent for synthesis: /mnt/cas_nfs/gi11/workspace/cslow/ForwardFinancialFramework/Platforms/VivadoFPGA/vivadohls_code/ipi_prj/ipi_prj.srcs/sources_1/bd/zynq_system/ip/zynq_system_auto_pc_73/generic_baseblocks_v2_1/hdl/verilog/generic_baseblocks_v2_1_carry_latch_or.v
Duplicated file found; will not be sent for synthesis: /mnt/cas_nfs/gi11/workspace/cslow/ForwardFinancialFramework/Platforms/VivadoFPGA/vivadohls_code/ipi_prj/ipi_prj.srcs/sources_1/bd/zynq_system/ip/zynq_system_auto_pc_73/generic_baseblocks_v2_1/hdl/verilog/generic_baseblocks_v2_1_carry_or.v
Duplicated file found; will not be sent for synthesis: /mnt/cas_nfs/gi11/workspace/cslow/ForwardFinancialFramework/Platforms/VivadoFPGA/vivadohls_code/ipi_prj/ipi_prj.srcs/sources_1/bd/zynq_system/ip/zynq_system_auto_pc_73/generic_baseblocks_v2_1/hdl/verilog/generic_baseblocks_v2_1_carry.v
Duplicated file found; will not be sent for synthesis: /mnt/cas_nfs/gi11/workspace/cslow/ForwardFinancialFramework/Platforms/VivadoFPGA/vivadohls_code/ipi_prj/ipi_prj.srcs/sources_1/bd/zynq_system/ip/zynq_system_auto_pc_73/generic_baseblocks_v2_1/hdl/verilog/generic_baseblocks_v2_1_command_fifo.v
Duplicated file found; will not be sent for synthesis: /mnt/cas_nfs/gi11/workspace/cslow/ForwardFinancialFramework/Platforms/VivadoFPGA/vivadohls_code/ipi_prj/ipi_prj.srcs/sources_1/bd/zynq_system/ip/zynq_system_auto_pc_73/generic_baseblocks_v2_1/hdl/verilog/generic_baseblocks_v2_1_comparator_mask_static.v
Duplicated file found; will not be sent for synthesis: /mnt/cas_nfs/gi11/workspace/cslow/ForwardFinancialFramework/Platforms/VivadoFPGA/vivadohls_code/ipi_prj/ipi_prj.srcs/sources_1/bd/zynq_system/ip/zynq_system_auto_pc_73/generic_baseblocks_v2_1/hdl/verilog/generic_baseblocks_v2_1_comparator_mask.v
Duplicated file found; will not be sent for synthesis: /mnt/cas_nfs/gi11/workspace/cslow/ForwardFinancialFramework/Platforms/VivadoFPGA/vivadohls_code/ipi_prj/ipi_prj.srcs/sources_1/bd/zynq_system/ip/zynq_system_auto_pc_73/generic_baseblocks_v2_1/hdl/verilog/generic_baseblocks_v2_1_comparator_sel_mask_static.v
Duplicated file found; will not be sent for synthesis: /mnt/cas_nfs/gi11/workspace/cslow/ForwardFinancialFramework/Platforms/VivadoFPGA/vivadohls_code/ipi_prj/ipi_prj.srcs/sources_1/bd/zynq_system/ip/zynq_system_auto_pc_73/generic_baseblocks_v2_1/hdl/verilog/generic_baseblocks_v2_1_comparator_sel_mask.v
Duplicated file found; will not be sent for synthesis: /mnt/cas_nfs/gi11/workspace/cslow/ForwardFinancialFramework/Platforms/VivadoFPGA/vivadohls_code/ipi_prj/ipi_prj.srcs/sources_1/bd/zynq_system/ip/zynq_system_auto_pc_73/generic_baseblocks_v2_1/hdl/verilog/generic_baseblocks_v2_1_comparator_sel_static.v
Duplicated file found; will not be sent for synthesis: /mnt/cas_nfs/gi11/workspace/cslow/ForwardFinancialFramework/Platforms/VivadoFPGA/vivadohls_code/ipi_prj/ipi_prj.srcs/sources_1/bd/zynq_system/ip/zynq_system_auto_pc_73/generic_baseblocks_v2_1/hdl/verilog/generic_baseblocks_v2_1_comparator_sel.v
Duplicated file found; will not be sent for synthesis: /mnt/cas_nfs/gi11/workspace/cslow/ForwardFinancialFramework/Platforms/VivadoFPGA/vivadohls_code/ipi_prj/ipi_prj.srcs/sources_1/bd/zynq_system/ip/zynq_system_auto_pc_73/generic_baseblocks_v2_1/hdl/verilog/generic_baseblocks_v2_1_comparator_static.v
Duplicated file found; will not be sent for synthesis: /mnt/cas_nfs/gi11/workspace/cslow/ForwardFinancialFramework/Platforms/VivadoFPGA/vivadohls_code/ipi_prj/ipi_prj.srcs/sources_1/bd/zynq_system/ip/zynq_system_auto_pc_73/generic_baseblocks_v2_1/hdl/verilog/generic_baseblocks_v2_1_comparator.v
Duplicated file found; will not be sent for synthesis: /mnt/cas_nfs/gi11/workspace/cslow/ForwardFinancialFramework/Platforms/VivadoFPGA/vivadohls_code/ipi_prj/ipi_prj.srcs/sources_1/bd/zynq_system/ip/zynq_system_auto_pc_73/generic_baseblocks_v2_1/hdl/verilog/generic_baseblocks_v2_1_mux_enc.v
Duplicated file found; will not be sent for synthesis: /mnt/cas_nfs/gi11/workspace/cslow/ForwardFinancialFramework/Platforms/VivadoFPGA/vivadohls_code/ipi_prj/ipi_prj.srcs/sources_1/bd/zynq_system/ip/zynq_system_auto_pc_73/generic_baseblocks_v2_1/hdl/verilog/generic_baseblocks_v2_1_mux.v
Duplicated file found; will not be sent for synthesis: /mnt/cas_nfs/gi11/workspace/cslow/ForwardFinancialFramework/Platforms/VivadoFPGA/vivadohls_code/ipi_prj/ipi_prj.srcs/sources_1/bd/zynq_system/ip/zynq_system_auto_pc_73/generic_baseblocks_v2_1/hdl/verilog/generic_baseblocks_v2_1_nto1_mux.v
Duplicated file found; will not be sent for synthesis: /mnt/cas_nfs/gi11/workspace/cslow/ForwardFinancialFramework/Platforms/VivadoFPGA/vivadohls_code/ipi_prj/ipi_prj.srcs/sources_1/bd/zynq_system/ip/zynq_system_auto_pc_73/axi_data_fifo_v2_1/hdl/verilog/axi_data_fifo_v2_1_axic_fifo.v
Duplicated file found; will not be sent for synthesis: /mnt/cas_nfs/gi11/workspace/cslow/ForwardFinancialFramework/Platforms/VivadoFPGA/vivadohls_code/ipi_prj/ipi_prj.srcs/sources_1/bd/zynq_system/ip/zynq_system_auto_pc_73/axi_data_fifo_v2_1/hdl/verilog/axi_data_fifo_v2_1_fifo_gen.v
Duplicated file found; will not be sent for synthesis: /mnt/cas_nfs/gi11/workspace/cslow/ForwardFinancialFramework/Platforms/VivadoFPGA/vivadohls_code/ipi_prj/ipi_prj.srcs/sources_1/bd/zynq_system/ip/zynq_system_auto_pc_73/axi_data_fifo_v2_1/hdl/verilog/axi_data_fifo_v2_1_axic_srl_fifo.v
Duplicated file found; will not be sent for synthesis: /mnt/cas_nfs/gi11/workspace/cslow/ForwardFinancialFramework/Platforms/VivadoFPGA/vivadohls_code/ipi_prj/ipi_prj.srcs/sources_1/bd/zynq_system/ip/zynq_system_auto_pc_73/axi_data_fifo_v2_1/hdl/verilog/axi_data_fifo_v2_1_axic_reg_srl_fifo.v
Duplicated file found; will not be sent for synthesis: /mnt/cas_nfs/gi11/workspace/cslow/ForwardFinancialFramework/Platforms/VivadoFPGA/vivadohls_code/ipi_prj/ipi_prj.srcs/sources_1/bd/zynq_system/ip/zynq_system_auto_pc_73/axi_data_fifo_v2_1/hdl/verilog/axi_data_fifo_v2_1_ndeep_srl.v
Duplicated file found; will not be sent for synthesis: /mnt/cas_nfs/gi11/workspace/cslow/ForwardFinancialFramework/Platforms/VivadoFPGA/vivadohls_code/ipi_prj/ipi_prj.srcs/sources_1/bd/zynq_system/ip/zynq_system_auto_pc_73/axi_data_fifo_v2_1/hdl/verilog/axi_data_fifo_v2_1_axi_data_fifo.v
Duplicated file found; will not be sent for synthesis: /mnt/cas_nfs/gi11/workspace/cslow/ForwardFinancialFramework/Platforms/VivadoFPGA/vivadohls_code/ipi_prj/ipi_prj.srcs/sources_1/bd/zynq_system/ip/zynq_system_auto_pc_73/axi_infrastructure_v1_1/hdl/verilog/axi_infrastructure_v1_1_header.vh
Duplicated file found; will not be sent for synthesis: /mnt/cas_nfs/gi11/workspace/cslow/ForwardFinancialFramework/Platforms/VivadoFPGA/vivadohls_code/ipi_prj/ipi_prj.srcs/sources_1/bd/zynq_system/ip/zynq_system_auto_pc_73/axi_infrastructure_v1_1/hdl/verilog/axi_infrastructure_v1_1_axi2vector.v
Duplicated file found; will not be sent for synthesis: /mnt/cas_nfs/gi11/workspace/cslow/ForwardFinancialFramework/Platforms/VivadoFPGA/vivadohls_code/ipi_prj/ipi_prj.srcs/sources_1/bd/zynq_system/ip/zynq_system_auto_pc_73/axi_infrastructure_v1_1/hdl/verilog/axi_infrastructure_v1_1_axic_srl_fifo.v
Duplicated file found; will not be sent for synthesis: /mnt/cas_nfs/gi11/workspace/cslow/ForwardFinancialFramework/Platforms/VivadoFPGA/vivadohls_code/ipi_prj/ipi_prj.srcs/sources_1/bd/zynq_system/ip/zynq_system_auto_pc_73/axi_infrastructure_v1_1/hdl/verilog/axi_infrastructure_v1_1_vector2axi.v
Duplicated file found; will not be sent for synthesis: /mnt/cas_nfs/gi11/workspace/cslow/ForwardFinancialFramework/Platforms/VivadoFPGA/vivadohls_code/ipi_prj/ipi_prj.srcs/sources_1/bd/zynq_system/ip/zynq_system_auto_pc_73/axi_register_slice_v2_1/hdl/verilog/axi_register_slice_v2_1_axic_register_slice.v
Duplicated file found; will not be sent for synthesis: /mnt/cas_nfs/gi11/workspace/cslow/ForwardFinancialFramework/Platforms/VivadoFPGA/vivadohls_code/ipi_prj/ipi_prj.srcs/sources_1/bd/zynq_system/ip/zynq_system_auto_pc_73/axi_register_slice_v2_1/hdl/verilog/axi_register_slice_v2_1_axi_register_slice.v
Duplicated file found; will not be sent for synthesis: /mnt/cas_nfs/gi11/workspace/cslow/ForwardFinancialFramework/Platforms/VivadoFPGA/vivadohls_code/ipi_prj/ipi_prj.srcs/sources_1/bd/zynq_system/ip/zynq_system_auto_pc_73/axi_protocol_converter_v2_1/hdl/verilog/axi_protocol_converter_v2_1_a_axi3_conv.v
Duplicated file found; will not be sent for synthesis: /mnt/cas_nfs/gi11/workspace/cslow/ForwardFinancialFramework/Platforms/VivadoFPGA/vivadohls_code/ipi_prj/ipi_prj.srcs/sources_1/bd/zynq_system/ip/zynq_system_auto_pc_73/axi_protocol_converter_v2_1/hdl/verilog/axi_protocol_converter_v2_1_axi3_conv.v
Duplicated file found; will not be sent for synthesis: /mnt/cas_nfs/gi11/workspace/cslow/ForwardFinancialFramework/Platforms/VivadoFPGA/vivadohls_code/ipi_prj/ipi_prj.srcs/sources_1/bd/zynq_system/ip/zynq_system_auto_pc_73/axi_protocol_converter_v2_1/hdl/verilog/axi_protocol_converter_v2_1_axilite_conv.v
Duplicated file found; will not be sent for synthesis: /mnt/cas_nfs/gi11/workspace/cslow/ForwardFinancialFramework/Platforms/VivadoFPGA/vivadohls_code/ipi_prj/ipi_prj.srcs/sources_1/bd/zynq_system/ip/zynq_system_auto_pc_73/axi_protocol_converter_v2_1/hdl/verilog/axi_protocol_converter_v2_1_r_axi3_conv.v
Duplicated file found; will not be sent for synthesis: /mnt/cas_nfs/gi11/workspace/cslow/ForwardFinancialFramework/Platforms/VivadoFPGA/vivadohls_code/ipi_prj/ipi_prj.srcs/sources_1/bd/zynq_system/ip/zynq_system_auto_pc_73/axi_protocol_converter_v2_1/hdl/verilog/axi_protocol_converter_v2_1_w_axi3_conv.v
Duplicated file found; will not be sent for synthesis: /mnt/cas_nfs/gi11/workspace/cslow/ForwardFinancialFramework/Platforms/VivadoFPGA/vivadohls_code/ipi_prj/ipi_prj.srcs/sources_1/bd/zynq_system/ip/zynq_system_auto_pc_73/axi_protocol_converter_v2_1/hdl/verilog/axi_protocol_converter_v2_1_b_downsizer.v
Duplicated file found; will not be sent for synthesis: /mnt/cas_nfs/gi11/workspace/cslow/ForwardFinancialFramework/Platforms/VivadoFPGA/vivadohls_code/ipi_prj/ipi_prj.srcs/sources_1/bd/zynq_system/ip/zynq_system_auto_pc_73/axi_protocol_converter_v2_1/hdl/verilog/axi_protocol_converter_v2_1_decerr_slave.v
Duplicated file found; will not be sent for synthesis: /mnt/cas_nfs/gi11/workspace/cslow/ForwardFinancialFramework/Platforms/VivadoFPGA/vivadohls_code/ipi_prj/ipi_prj.srcs/sources_1/bd/zynq_system/ip/zynq_system_auto_pc_73/axi_protocol_converter_v2_1/hdl/verilog/axi_protocol_converter_v2_1_b2s_simple_fifo.v
Duplicated file found; will not be sent for synthesis: /mnt/cas_nfs/gi11/workspace/cslow/ForwardFinancialFramework/Platforms/VivadoFPGA/vivadohls_code/ipi_prj/ipi_prj.srcs/sources_1/bd/zynq_system/ip/zynq_system_auto_pc_73/axi_protocol_converter_v2_1/hdl/verilog/axi_protocol_converter_v2_1_b2s_wrap_cmd.v
Duplicated file found; will not be sent for synthesis: /mnt/cas_nfs/gi11/workspace/cslow/ForwardFinancialFramework/Platforms/VivadoFPGA/vivadohls_code/ipi_prj/ipi_prj.srcs/sources_1/bd/zynq_system/ip/zynq_system_auto_pc_73/axi_protocol_converter_v2_1/hdl/verilog/axi_protocol_converter_v2_1_b2s_incr_cmd.v
Duplicated file found; will not be sent for synthesis: /mnt/cas_nfs/gi11/workspace/cslow/ForwardFinancialFramework/Platforms/VivadoFPGA/vivadohls_code/ipi_prj/ipi_prj.srcs/sources_1/bd/zynq_system/ip/zynq_system_auto_pc_73/axi_protocol_converter_v2_1/hdl/verilog/axi_protocol_converter_v2_1_b2s_wr_cmd_fsm.v
Duplicated file found; will not be sent for synthesis: /mnt/cas_nfs/gi11/workspace/cslow/ForwardFinancialFramework/Platforms/VivadoFPGA/vivadohls_code/ipi_prj/ipi_prj.srcs/sources_1/bd/zynq_system/ip/zynq_system_auto_pc_73/axi_protocol_converter_v2_1/hdl/verilog/axi_protocol_converter_v2_1_b2s_rd_cmd_fsm.v
Duplicated file found; will not be sent for synthesis: /mnt/cas_nfs/gi11/workspace/cslow/ForwardFinancialFramework/Platforms/VivadoFPGA/vivadohls_code/ipi_prj/ipi_prj.srcs/sources_1/bd/zynq_system/ip/zynq_system_auto_pc_73/axi_protocol_converter_v2_1/hdl/verilog/axi_protocol_converter_v2_1_b2s_cmd_translator.v
Duplicated file found; will not be sent for synthesis: /mnt/cas_nfs/gi11/workspace/cslow/ForwardFinancialFramework/Platforms/VivadoFPGA/vivadohls_code/ipi_prj/ipi_prj.srcs/sources_1/bd/zynq_system/ip/zynq_system_auto_pc_73/axi_protocol_converter_v2_1/hdl/verilog/axi_protocol_converter_v2_1_b2s_b_channel.v
Duplicated file found; will not be sent for synthesis: /mnt/cas_nfs/gi11/workspace/cslow/ForwardFinancialFramework/Platforms/VivadoFPGA/vivadohls_code/ipi_prj/ipi_prj.srcs/sources_1/bd/zynq_system/ip/zynq_system_auto_pc_73/axi_protocol_converter_v2_1/hdl/verilog/axi_protocol_converter_v2_1_b2s_r_channel.v
Duplicated file found; will not be sent for synthesis: /mnt/cas_nfs/gi11/workspace/cslow/ForwardFinancialFramework/Platforms/VivadoFPGA/vivadohls_code/ipi_prj/ipi_prj.srcs/sources_1/bd/zynq_system/ip/zynq_system_auto_pc_73/axi_protocol_converter_v2_1/hdl/verilog/axi_protocol_converter_v2_1_b2s_aw_channel.v
Duplicated file found; will not be sent for synthesis: /mnt/cas_nfs/gi11/workspace/cslow/ForwardFinancialFramework/Platforms/VivadoFPGA/vivadohls_code/ipi_prj/ipi_prj.srcs/sources_1/bd/zynq_system/ip/zynq_system_auto_pc_73/axi_protocol_converter_v2_1/hdl/verilog/axi_protocol_converter_v2_1_b2s_ar_channel.v
Duplicated file found; will not be sent for synthesis: /mnt/cas_nfs/gi11/workspace/cslow/ForwardFinancialFramework/Platforms/VivadoFPGA/vivadohls_code/ipi_prj/ipi_prj.srcs/sources_1/bd/zynq_system/ip/zynq_system_auto_pc_73/axi_protocol_converter_v2_1/hdl/verilog/axi_protocol_converter_v2_1_b2s.v
Duplicated file found; will not be sent for synthesis: /mnt/cas_nfs/gi11/workspace/cslow/ForwardFinancialFramework/Platforms/VivadoFPGA/vivadohls_code/ipi_prj/ipi_prj.srcs/sources_1/bd/zynq_system/ip/zynq_system_auto_pc_73/axi_protocol_converter_v2_1/hdl/verilog/axi_protocol_converter_v2_1_axi_protocol_converter.v
Duplicated file found; will not be sent for synthesis: /mnt/cas_nfs/gi11/workspace/cslow/ForwardFinancialFramework/Platforms/VivadoFPGA/vivadohls_code/ipi_prj/ipi_prj.srcs/sources_1/bd/zynq_system/ip/zynq_system_auto_pc_73/blk_mem_gen_v8_1/blk_mem_gen_v8_1_synth_comp.vhd
Duplicated file found; will not be sent for synthesis: /mnt/cas_nfs/gi11/workspace/cslow/ForwardFinancialFramework/Platforms/VivadoFPGA/vivadohls_code/ipi_prj/ipi_prj.srcs/sources_1/bd/zynq_system/ip/zynq_system_auto_pc_73/blk_mem_gen_v8_1/blk_mem_gen_v8_1_defaults.vhd
Duplicated file found; will not be sent for synthesis: /mnt/cas_nfs/gi11/workspace/cslow/ForwardFinancialFramework/Platforms/VivadoFPGA/vivadohls_code/ipi_prj/ipi_prj.srcs/sources_1/bd/zynq_system/ip/zynq_system_auto_pc_73/blk_mem_gen_v8_1/blk_mem_gen_v8_1_pkg.vhd
Duplicated file found; will not be sent for synthesis: /mnt/cas_nfs/gi11/workspace/cslow/ForwardFinancialFramework/Platforms/VivadoFPGA/vivadohls_code/ipi_prj/ipi_prj.srcs/sources_1/bd/zynq_system/ip/zynq_system_auto_pc_73/blk_mem_gen_v8_1/blk_mem_gen_getinit_pkg.vhd
Duplicated file found; will not be sent for synthesis: /mnt/cas_nfs/gi11/workspace/cslow/ForwardFinancialFramework/Platforms/VivadoFPGA/vivadohls_code/ipi_prj/ipi_prj.srcs/sources_1/bd/zynq_system/ip/zynq_system_auto_pc_73/blk_mem_gen_v8_1/blk_mem_min_area_pkg.vhd
Duplicated file found; will not be sent for synthesis: /mnt/cas_nfs/gi11/workspace/cslow/ForwardFinancialFramework/Platforms/VivadoFPGA/vivadohls_code/ipi_prj/ipi_prj.srcs/sources_1/bd/zynq_system/ip/zynq_system_auto_pc_73/blk_mem_gen_v8_1/blk_mem_gen_bindec.vhd
Duplicated file found; will not be sent for synthesis: /mnt/cas_nfs/gi11/workspace/cslow/ForwardFinancialFramework/Platforms/VivadoFPGA/vivadohls_code/ipi_prj/ipi_prj.srcs/sources_1/bd/zynq_system/ip/zynq_system_auto_pc_73/blk_mem_gen_v8_1/blk_mem_gen_mux.vhd
Duplicated file found; will not be sent for synthesis: /mnt/cas_nfs/gi11/workspace/cslow/ForwardFinancialFramework/Platforms/VivadoFPGA/vivadohls_code/ipi_prj/ipi_prj.srcs/sources_1/bd/zynq_system/ip/zynq_system_auto_pc_73/blk_mem_gen_v8_1/blk_mem_gen_prim_wrapper.vhd
Duplicated file found; will not be sent for synthesis: /mnt/cas_nfs/gi11/workspace/cslow/ForwardFinancialFramework/Platforms/VivadoFPGA/vivadohls_code/ipi_prj/ipi_prj.srcs/sources_1/bd/zynq_system/ip/zynq_system_auto_pc_73/blk_mem_gen_v8_1/blk_mem_gen_prim_wrapper_init.vhd
Duplicated file found; will not be sent for synthesis: /mnt/cas_nfs/gi11/workspace/cslow/ForwardFinancialFramework/Platforms/VivadoFPGA/vivadohls_code/ipi_prj/ipi_prj.srcs/sources_1/bd/zynq_system/ip/zynq_system_auto_pc_73/blk_mem_gen_v8_1/blk_mem_gen_prim_width.vhd
Duplicated file found; will not be sent for synthesis: /mnt/cas_nfs/gi11/workspace/cslow/ForwardFinancialFramework/Platforms/VivadoFPGA/vivadohls_code/ipi_prj/ipi_prj.srcs/sources_1/bd/zynq_system/ip/zynq_system_auto_pc_73/blk_mem_gen_v8_1/blk_mem_gen_generic_cstr.vhd
Duplicated file found; will not be sent for synthesis: /mnt/cas_nfs/gi11/workspace/cslow/ForwardFinancialFramework/Platforms/VivadoFPGA/vivadohls_code/ipi_prj/ipi_prj.srcs/sources_1/bd/zynq_system/ip/zynq_system_auto_pc_73/blk_mem_gen_v8_1/blk_mem_gen_ecc_encoder.vhd
Duplicated file found; will not be sent for synthesis: /mnt/cas_nfs/gi11/workspace/cslow/ForwardFinancialFramework/Platforms/VivadoFPGA/vivadohls_code/ipi_prj/ipi_prj.srcs/sources_1/bd/zynq_system/ip/zynq_system_auto_pc_73/blk_mem_gen_v8_1/blk_mem_gen_ecc_decoder.vhd
Duplicated file found; will not be sent for synthesis: /mnt/cas_nfs/gi11/workspace/cslow/ForwardFinancialFramework/Platforms/VivadoFPGA/vivadohls_code/ipi_prj/ipi_prj.srcs/sources_1/bd/zynq_system/ip/zynq_system_auto_pc_73/blk_mem_gen_v8_1/blk_mem_input_block.vhd
Duplicated file found; will not be sent for synthesis: /mnt/cas_nfs/gi11/workspace/cslow/ForwardFinancialFramework/Platforms/VivadoFPGA/vivadohls_code/ipi_prj/ipi_prj.srcs/sources_1/bd/zynq_system/ip/zynq_system_auto_pc_73/blk_mem_gen_v8_1/blk_mem_output_block.vhd
Duplicated file found; will not be sent for synthesis: /mnt/cas_nfs/gi11/workspace/cslow/ForwardFinancialFramework/Platforms/VivadoFPGA/vivadohls_code/ipi_prj/ipi_prj.srcs/sources_1/bd/zynq_system/ip/zynq_system_auto_pc_73/blk_mem_gen_v8_1/blk_mem_axi_read_fsm.vhd
Duplicated file found; will not be sent for synthesis: /mnt/cas_nfs/gi11/workspace/cslow/ForwardFinancialFramework/Platforms/VivadoFPGA/vivadohls_code/ipi_prj/ipi_prj.srcs/sources_1/bd/zynq_system/ip/zynq_system_auto_pc_73/blk_mem_gen_v8_1/blk_mem_axi_read_wrapper.vhd
Duplicated file found; will not be sent for synthesis: /mnt/cas_nfs/gi11/workspace/cslow/ForwardFinancialFramework/Platforms/VivadoFPGA/vivadohls_code/ipi_prj/ipi_prj.srcs/sources_1/bd/zynq_system/ip/zynq_system_auto_pc_73/blk_mem_gen_v8_1/blk_mem_axi_write_fsm.vhd
Duplicated file found; will not be sent for synthesis: /mnt/cas_nfs/gi11/workspace/cslow/ForwardFinancialFramework/Platforms/VivadoFPGA/vivadohls_code/ipi_prj/ipi_prj.srcs/sources_1/bd/zynq_system/ip/zynq_system_auto_pc_73/blk_mem_gen_v8_1/blk_mem_axi_write_wrapper.vhd
Duplicated file found; will not be sent for synthesis: /mnt/cas_nfs/gi11/workspace/cslow/ForwardFinancialFramework/Platforms/VivadoFPGA/vivadohls_code/ipi_prj/ipi_prj.srcs/sources_1/bd/zynq_system/ip/zynq_system_auto_pc_73/blk_mem_gen_v8_1/blk_mem_axi_regs_fwd.vhd
Duplicated file found; will not be sent for synthesis: /mnt/cas_nfs/gi11/workspace/cslow/ForwardFinancialFramework/Platforms/VivadoFPGA/vivadohls_code/ipi_prj/ipi_prj.srcs/sources_1/bd/zynq_system/ip/zynq_system_auto_pc_73/blk_mem_gen_v8_1/blk_mem_gen_top.vhd
Duplicated file found; will not be sent for synthesis: /mnt/cas_nfs/gi11/workspace/cslow/ForwardFinancialFramework/Platforms/VivadoFPGA/vivadohls_code/ipi_prj/ipi_prj.srcs/sources_1/bd/zynq_system/ip/zynq_system_auto_pc_73/blk_mem_gen_v8_1/blk_mem_gen_v8_1_synth.vhd
Duplicated file found; will not be sent for synthesis: /mnt/cas_nfs/gi11/workspace/cslow/ForwardFinancialFramework/Platforms/VivadoFPGA/vivadohls_code/ipi_prj/ipi_prj.srcs/sources_1/bd/zynq_system/ip/zynq_system_auto_pc_73/blk_mem_gen_v8_1/blk_mem_gen_v8_1.vhd
Duplicated file found; will not be sent for synthesis: /mnt/cas_nfs/gi11/workspace/cslow/ForwardFinancialFramework/Platforms/VivadoFPGA/vivadohls_code/ipi_prj/ipi_prj.srcs/sources_1/bd/zynq_system/ip/zynq_system_auto_pc_73/fifo_generator_v11_0/fifo_generator_v11_0_pkg.vhd
Duplicated file found; will not be sent for synthesis: /mnt/cas_nfs/gi11/workspace/cslow/ForwardFinancialFramework/Platforms/VivadoFPGA/vivadohls_code/ipi_prj/ipi_prj.srcs/sources_1/bd/zynq_system/ip/zynq_system_auto_pc_73/fifo_generator_v11_0/fifo_generator_v11_0_defaults.vhd
Duplicated file found; will not be sent for synthesis: /mnt/cas_nfs/gi11/workspace/cslow/ForwardFinancialFramework/Platforms/VivadoFPGA/vivadohls_code/ipi_prj/ipi_prj.srcs/sources_1/bd/zynq_system/ip/zynq_system_auto_pc_73/fifo_generator_v11_0/ramfifo/bram_sync_reg.vhd
Duplicated file found; will not be sent for synthesis: /mnt/cas_nfs/gi11/workspace/cslow/ForwardFinancialFramework/Platforms/VivadoFPGA/vivadohls_code/ipi_prj/ipi_prj.srcs/sources_1/bd/zynq_system/ip/zynq_system_auto_pc_73/fifo_generator_v11_0/ramfifo/bram_fifo_rstlogic.vhd
Duplicated file found; will not be sent for synthesis: /mnt/cas_nfs/gi11/workspace/cslow/ForwardFinancialFramework/Platforms/VivadoFPGA/vivadohls_code/ipi_prj/ipi_prj.srcs/sources_1/bd/zynq_system/ip/zynq_system_auto_pc_73/fifo_generator_v11_0/common/input_blk.vhd
Duplicated file found; will not be sent for synthesis: /mnt/cas_nfs/gi11/workspace/cslow/ForwardFinancialFramework/Platforms/VivadoFPGA/vivadohls_code/ipi_prj/ipi_prj.srcs/sources_1/bd/zynq_system/ip/zynq_system_auto_pc_73/fifo_generator_v11_0/common/output_blk.vhd
Duplicated file found; will not be sent for synthesis: /mnt/cas_nfs/gi11/workspace/cslow/ForwardFinancialFramework/Platforms/VivadoFPGA/vivadohls_code/ipi_prj/ipi_prj.srcs/sources_1/bd/zynq_system/ip/zynq_system_auto_pc_73/fifo_generator_v11_0/common/synchronizer_ff.vhd
Duplicated file found; will not be sent for synthesis: /mnt/cas_nfs/gi11/workspace/cslow/ForwardFinancialFramework/Platforms/VivadoFPGA/vivadohls_code/ipi_prj/ipi_prj.srcs/sources_1/bd/zynq_system/ip/zynq_system_auto_pc_73/fifo_generator_v11_0/common/shft_wrapper.vhd
Duplicated file found; will not be sent for synthesis: /mnt/cas_nfs/gi11/workspace/cslow/ForwardFinancialFramework/Platforms/VivadoFPGA/vivadohls_code/ipi_prj/ipi_prj.srcs/sources_1/bd/zynq_system/ip/zynq_system_auto_pc_73/fifo_generator_v11_0/common/shft_ram.vhd
Duplicated file found; will not be sent for synthesis: /mnt/cas_nfs/gi11/workspace/cslow/ForwardFinancialFramework/Platforms/VivadoFPGA/vivadohls_code/ipi_prj/ipi_prj.srcs/sources_1/bd/zynq_system/ip/zynq_system_auto_pc_73/fifo_generator_v11_0/ramfifo/dmem.vhd
Duplicated file found; will not be sent for synthesis: /mnt/cas_nfs/gi11/workspace/cslow/ForwardFinancialFramework/Platforms/VivadoFPGA/vivadohls_code/ipi_prj/ipi_prj.srcs/sources_1/bd/zynq_system/ip/zynq_system_auto_pc_73/fifo_generator_v11_0/ramfifo/memory.vhd
Duplicated file found; will not be sent for synthesis: /mnt/cas_nfs/gi11/workspace/cslow/ForwardFinancialFramework/Platforms/VivadoFPGA/vivadohls_code/ipi_prj/ipi_prj.srcs/sources_1/bd/zynq_system/ip/zynq_system_auto_pc_73/fifo_generator_v11_0/ramfifo/compare.vhd
Duplicated file found; will not be sent for synthesis: /mnt/cas_nfs/gi11/workspace/cslow/ForwardFinancialFramework/Platforms/VivadoFPGA/vivadohls_code/ipi_prj/ipi_prj.srcs/sources_1/bd/zynq_system/ip/zynq_system_auto_pc_73/fifo_generator_v11_0/ramfifo/wr_bin_cntr.vhd
Duplicated file found; will not be sent for synthesis: /mnt/cas_nfs/gi11/workspace/cslow/ForwardFinancialFramework/Platforms/VivadoFPGA/vivadohls_code/ipi_prj/ipi_prj.srcs/sources_1/bd/zynq_system/ip/zynq_system_auto_pc_73/fifo_generator_v11_0/ramfifo/rd_bin_cntr.vhd
Duplicated file found; will not be sent for synthesis: /mnt/cas_nfs/gi11/workspace/cslow/ForwardFinancialFramework/Platforms/VivadoFPGA/vivadohls_code/ipi_prj/ipi_prj.srcs/sources_1/bd/zynq_system/ip/zynq_system_auto_pc_73/fifo_generator_v11_0/ramfifo/updn_cntr.vhd
Duplicated file found; will not be sent for synthesis: /mnt/cas_nfs/gi11/workspace/cslow/ForwardFinancialFramework/Platforms/VivadoFPGA/vivadohls_code/ipi_prj/ipi_prj.srcs/sources_1/bd/zynq_system/ip/zynq_system_auto_pc_73/fifo_generator_v11_0/ramfifo/rd_status_flags_as.vhd
Duplicated file found; will not be sent for synthesis: /mnt/cas_nfs/gi11/workspace/cslow/ForwardFinancialFramework/Platforms/VivadoFPGA/vivadohls_code/ipi_prj/ipi_prj.srcs/sources_1/bd/zynq_system/ip/zynq_system_auto_pc_73/fifo_generator_v11_0/ramfifo/rd_status_flags_ss.vhd
Duplicated file found; will not be sent for synthesis: /mnt/cas_nfs/gi11/workspace/cslow/ForwardFinancialFramework/Platforms/VivadoFPGA/vivadohls_code/ipi_prj/ipi_prj.srcs/sources_1/bd/zynq_system/ip/zynq_system_auto_pc_73/fifo_generator_v11_0/common/rd_pe_as.vhd
Duplicated file found; will not be sent for synthesis: /mnt/cas_nfs/gi11/workspace/cslow/ForwardFinancialFramework/Platforms/VivadoFPGA/vivadohls_code/ipi_prj/ipi_prj.srcs/sources_1/bd/zynq_system/ip/zynq_system_auto_pc_73/fifo_generator_v11_0/common/rd_pe_ss.vhd
Duplicated file found; will not be sent for synthesis: /mnt/cas_nfs/gi11/workspace/cslow/ForwardFinancialFramework/Platforms/VivadoFPGA/vivadohls_code/ipi_prj/ipi_prj.srcs/sources_1/bd/zynq_system/ip/zynq_system_auto_pc_73/fifo_generator_v11_0/ramfifo/rd_handshaking_flags.vhd
Duplicated file found; will not be sent for synthesis: /mnt/cas_nfs/gi11/workspace/cslow/ForwardFinancialFramework/Platforms/VivadoFPGA/vivadohls_code/ipi_prj/ipi_prj.srcs/sources_1/bd/zynq_system/ip/zynq_system_auto_pc_73/fifo_generator_v11_0/ramfifo/rd_dc_as.vhd
Duplicated file found; will not be sent for synthesis: /mnt/cas_nfs/gi11/workspace/cslow/ForwardFinancialFramework/Platforms/VivadoFPGA/vivadohls_code/ipi_prj/ipi_prj.srcs/sources_1/bd/zynq_system/ip/zynq_system_auto_pc_73/fifo_generator_v11_0/ramfifo/rd_dc_fwft_ext_as.vhd
Duplicated file found; will not be sent for synthesis: /mnt/cas_nfs/gi11/workspace/cslow/ForwardFinancialFramework/Platforms/VivadoFPGA/vivadohls_code/ipi_prj/ipi_prj.srcs/sources_1/bd/zynq_system/ip/zynq_system_auto_pc_73/fifo_generator_v11_0/ramfifo/dc_ss.vhd
Duplicated file found; will not be sent for synthesis: /mnt/cas_nfs/gi11/workspace/cslow/ForwardFinancialFramework/Platforms/VivadoFPGA/vivadohls_code/ipi_prj/ipi_prj.srcs/sources_1/bd/zynq_system/ip/zynq_system_auto_pc_73/fifo_generator_v11_0/ramfifo/dc_ss_fwft.vhd
Duplicated file found; will not be sent for synthesis: /mnt/cas_nfs/gi11/workspace/cslow/ForwardFinancialFramework/Platforms/VivadoFPGA/vivadohls_code/ipi_prj/ipi_prj.srcs/sources_1/bd/zynq_system/ip/zynq_system_auto_pc_73/fifo_generator_v11_0/ramfifo/rd_fwft.vhd
Duplicated file found; will not be sent for synthesis: /mnt/cas_nfs/gi11/workspace/cslow/ForwardFinancialFramework/Platforms/VivadoFPGA/vivadohls_code/ipi_prj/ipi_prj.srcs/sources_1/bd/zynq_system/ip/zynq_system_auto_pc_73/fifo_generator_v11_0/ramfifo/rd_logic.vhd
Duplicated file found; will not be sent for synthesis: /mnt/cas_nfs/gi11/workspace/cslow/ForwardFinancialFramework/Platforms/VivadoFPGA/vivadohls_code/ipi_prj/ipi_prj.srcs/sources_1/bd/zynq_system/ip/zynq_system_auto_pc_73/fifo_generator_v11_0/ramfifo/rd_logic_pkt_fifo.vhd
Duplicated file found; will not be sent for synthesis: /mnt/cas_nfs/gi11/workspace/cslow/ForwardFinancialFramework/Platforms/VivadoFPGA/vivadohls_code/ipi_prj/ipi_prj.srcs/sources_1/bd/zynq_system/ip/zynq_system_auto_pc_73/fifo_generator_v11_0/ramfifo/reset_blk_ramfifo.vhd
Duplicated file found; will not be sent for synthesis: /mnt/cas_nfs/gi11/workspace/cslow/ForwardFinancialFramework/Platforms/VivadoFPGA/vivadohls_code/ipi_prj/ipi_prj.srcs/sources_1/bd/zynq_system/ip/zynq_system_auto_pc_73/fifo_generator_v11_0/ramfifo/clk_x_pntrs.vhd
Duplicated file found; will not be sent for synthesis: /mnt/cas_nfs/gi11/workspace/cslow/ForwardFinancialFramework/Platforms/VivadoFPGA/vivadohls_code/ipi_prj/ipi_prj.srcs/sources_1/bd/zynq_system/ip/zynq_system_auto_pc_73/fifo_generator_v11_0/ramfifo/wr_status_flags_as.vhd
Duplicated file found; will not be sent for synthesis: /mnt/cas_nfs/gi11/workspace/cslow/ForwardFinancialFramework/Platforms/VivadoFPGA/vivadohls_code/ipi_prj/ipi_prj.srcs/sources_1/bd/zynq_system/ip/zynq_system_auto_pc_73/fifo_generator_v11_0/ramfifo/wr_status_flags_ss.vhd
Duplicated file found; will not be sent for synthesis: /mnt/cas_nfs/gi11/workspace/cslow/ForwardFinancialFramework/Platforms/VivadoFPGA/vivadohls_code/ipi_prj/ipi_prj.srcs/sources_1/bd/zynq_system/ip/zynq_system_auto_pc_73/fifo_generator_v11_0/common/wr_pf_as.vhd
Duplicated file found; will not be sent for synthesis: /mnt/cas_nfs/gi11/workspace/cslow/ForwardFinancialFramework/Platforms/VivadoFPGA/vivadohls_code/ipi_prj/ipi_prj.srcs/sources_1/bd/zynq_system/ip/zynq_system_auto_pc_73/fifo_generator_v11_0/common/wr_pf_ss.vhd
Duplicated file found; will not be sent for synthesis: /mnt/cas_nfs/gi11/workspace/cslow/ForwardFinancialFramework/Platforms/VivadoFPGA/vivadohls_code/ipi_prj/ipi_prj.srcs/sources_1/bd/zynq_system/ip/zynq_system_auto_pc_73/fifo_generator_v11_0/ramfifo/wr_handshaking_flags.vhd
Duplicated file found; will not be sent for synthesis: /mnt/cas_nfs/gi11/workspace/cslow/ForwardFinancialFramework/Platforms/VivadoFPGA/vivadohls_code/ipi_prj/ipi_prj.srcs/sources_1/bd/zynq_system/ip/zynq_system_auto_pc_73/fifo_generator_v11_0/ramfifo/wr_dc_as.vhd
Duplicated file found; will not be sent for synthesis: /mnt/cas_nfs/gi11/workspace/cslow/ForwardFinancialFramework/Platforms/VivadoFPGA/vivadohls_code/ipi_prj/ipi_prj.srcs/sources_1/bd/zynq_system/ip/zynq_system_auto_pc_73/fifo_generator_v11_0/ramfifo/wr_dc_fwft_ext_as.vhd
Duplicated file found; will not be sent for synthesis: /mnt/cas_nfs/gi11/workspace/cslow/ForwardFinancialFramework/Platforms/VivadoFPGA/vivadohls_code/ipi_prj/ipi_prj.srcs/sources_1/bd/zynq_system/ip/zynq_system_auto_pc_73/fifo_generator_v11_0/ramfifo/wr_logic.vhd
Duplicated file found; will not be sent for synthesis: /mnt/cas_nfs/gi11/workspace/cslow/ForwardFinancialFramework/Platforms/VivadoFPGA/vivadohls_code/ipi_prj/ipi_prj.srcs/sources_1/bd/zynq_system/ip/zynq_system_auto_pc_73/fifo_generator_v11_0/ramfifo/wr_logic_pkt_fifo.vhd
Duplicated file found; will not be sent for synthesis: /mnt/cas_nfs/gi11/workspace/cslow/ForwardFinancialFramework/Platforms/VivadoFPGA/vivadohls_code/ipi_prj/ipi_prj.srcs/sources_1/bd/zynq_system/ip/zynq_system_auto_pc_73/fifo_generator_v11_0/ramfifo/wr_status_flags_sshft.vhd
Duplicated file found; will not be sent for synthesis: /mnt/cas_nfs/gi11/workspace/cslow/ForwardFinancialFramework/Platforms/VivadoFPGA/vivadohls_code/ipi_prj/ipi_prj.srcs/sources_1/bd/zynq_system/ip/zynq_system_auto_pc_73/fifo_generator_v11_0/ramfifo/rd_status_flags_sshft.vhd
Duplicated file found; will not be sent for synthesis: /mnt/cas_nfs/gi11/workspace/cslow/ForwardFinancialFramework/Platforms/VivadoFPGA/vivadohls_code/ipi_prj/ipi_prj.srcs/sources_1/bd/zynq_system/ip/zynq_system_auto_pc_73/fifo_generator_v11_0/ramfifo/wr_pf_sshft.vhd
Duplicated file found; will not be sent for synthesis: /mnt/cas_nfs/gi11/workspace/cslow/ForwardFinancialFramework/Platforms/VivadoFPGA/vivadohls_code/ipi_prj/ipi_prj.srcs/sources_1/bd/zynq_system/ip/zynq_system_auto_pc_73/fifo_generator_v11_0/ramfifo/rd_pe_sshft.vhd
Duplicated file found; will not be sent for synthesis: /mnt/cas_nfs/gi11/workspace/cslow/ForwardFinancialFramework/Platforms/VivadoFPGA/vivadohls_code/ipi_prj/ipi_prj.srcs/sources_1/bd/zynq_system/ip/zynq_system_auto_pc_73/fifo_generator_v11_0/ramfifo/logic_sshft.vhd
Duplicated file found; will not be sent for synthesis: /mnt/cas_nfs/gi11/workspace/cslow/ForwardFinancialFramework/Platforms/VivadoFPGA/vivadohls_code/ipi_prj/ipi_prj.srcs/sources_1/bd/zynq_system/ip/zynq_system_auto_pc_73/fifo_generator_v11_0/ramfifo/async_fifo.vhd
Duplicated file found; will not be sent for synthesis: /mnt/cas_nfs/gi11/workspace/cslow/ForwardFinancialFramework/Platforms/VivadoFPGA/vivadohls_code/ipi_prj/ipi_prj.srcs/sources_1/bd/zynq_system/ip/zynq_system_auto_pc_73/fifo_generator_v11_0/ramfifo/fifo_generator_ramfifo.vhd
Duplicated file found; will not be sent for synthesis: /mnt/cas_nfs/gi11/workspace/cslow/ForwardFinancialFramework/Platforms/VivadoFPGA/vivadohls_code/ipi_prj/ipi_prj.srcs/sources_1/bd/zynq_system/ip/zynq_system_auto_pc_73/fifo_generator_v11_0/builtin/fifo_generator_v11_0_comps_builtin.vhd
Duplicated file found; will not be sent for synthesis: /mnt/cas_nfs/gi11/workspace/cslow/ForwardFinancialFramework/Platforms/VivadoFPGA/vivadohls_code/ipi_prj/ipi_prj.srcs/sources_1/bd/zynq_system/ip/zynq_system_auto_pc_73/fifo_generator_v11_0/builtin/delay.vhd
Duplicated file found; will not be sent for synthesis: /mnt/cas_nfs/gi11/workspace/cslow/ForwardFinancialFramework/Platforms/VivadoFPGA/vivadohls_code/ipi_prj/ipi_prj.srcs/sources_1/bd/zynq_system/ip/zynq_system_auto_pc_73/fifo_generator_v11_0/builtin/clk_x_pntrs_builtin.vhd
Duplicated file found; will not be sent for synthesis: /mnt/cas_nfs/gi11/workspace/cslow/ForwardFinancialFramework/Platforms/VivadoFPGA/vivadohls_code/ipi_prj/ipi_prj.srcs/sources_1/bd/zynq_system/ip/zynq_system_auto_pc_73/fifo_generator_v11_0/builtin/bin_cntr.vhd
Duplicated file found; will not be sent for synthesis: /mnt/cas_nfs/gi11/workspace/cslow/ForwardFinancialFramework/Platforms/VivadoFPGA/vivadohls_code/ipi_prj/ipi_prj.srcs/sources_1/bd/zynq_system/ip/zynq_system_auto_pc_73/fifo_generator_v11_0/builtin/logic_builtin.vhd
Duplicated file found; will not be sent for synthesis: /mnt/cas_nfs/gi11/workspace/cslow/ForwardFinancialFramework/Platforms/VivadoFPGA/vivadohls_code/ipi_prj/ipi_prj.srcs/sources_1/bd/zynq_system/ip/zynq_system_auto_pc_73/fifo_generator_v11_0/builtin/reset_builtin.vhd
Duplicated file found; will not be sent for synthesis: /mnt/cas_nfs/gi11/workspace/cslow/ForwardFinancialFramework/Platforms/VivadoFPGA/vivadohls_code/ipi_prj/ipi_prj.srcs/sources_1/bd/zynq_system/ip/zynq_system_auto_pc_73/fifo_generator_v11_0/builtin/builtin_prim.vhd
Duplicated file found; will not be sent for synthesis: /mnt/cas_nfs/gi11/workspace/cslow/ForwardFinancialFramework/Platforms/VivadoFPGA/vivadohls_code/ipi_prj/ipi_prj.srcs/sources_1/bd/zynq_system/ip/zynq_system_auto_pc_73/fifo_generator_v11_0/builtin/builtin_extdepth.vhd
Duplicated file found; will not be sent for synthesis: /mnt/cas_nfs/gi11/workspace/cslow/ForwardFinancialFramework/Platforms/VivadoFPGA/vivadohls_code/ipi_prj/ipi_prj.srcs/sources_1/bd/zynq_system/ip/zynq_system_auto_pc_73/fifo_generator_v11_0/builtin/builtin_top.vhd
Duplicated file found; will not be sent for synthesis: /mnt/cas_nfs/gi11/workspace/cslow/ForwardFinancialFramework/Platforms/VivadoFPGA/vivadohls_code/ipi_prj/ipi_prj.srcs/sources_1/bd/zynq_system/ip/zynq_system_auto_pc_73/fifo_generator_v11_0/builtin/builtin_prim_v6.vhd
Duplicated file found; will not be sent for synthesis: /mnt/cas_nfs/gi11/workspace/cslow/ForwardFinancialFramework/Platforms/VivadoFPGA/vivadohls_code/ipi_prj/ipi_prj.srcs/sources_1/bd/zynq_system/ip/zynq_system_auto_pc_73/fifo_generator_v11_0/builtin/builtin_extdepth_v6.vhd
Duplicated file found; will not be sent for synthesis: /mnt/cas_nfs/gi11/workspace/cslow/ForwardFinancialFramework/Platforms/VivadoFPGA/vivadohls_code/ipi_prj/ipi_prj.srcs/sources_1/bd/zynq_system/ip/zynq_system_auto_pc_73/fifo_generator_v11_0/builtin/builtin_extdepth_low_latency.vhd
Duplicated file found; will not be sent for synthesis: /mnt/cas_nfs/gi11/workspace/cslow/ForwardFinancialFramework/Platforms/VivadoFPGA/vivadohls_code/ipi_prj/ipi_prj.srcs/sources_1/bd/zynq_system/ip/zynq_system_auto_pc_73/fifo_generator_v11_0/builtin/builtin_top_v6.vhd
Duplicated file found; will not be sent for synthesis: /mnt/cas_nfs/gi11/workspace/cslow/ForwardFinancialFramework/Platforms/VivadoFPGA/vivadohls_code/ipi_prj/ipi_prj.srcs/sources_1/bd/zynq_system/ip/zynq_system_auto_pc_73/fifo_generator_v11_0/builtin/fifo_generator_v11_0_builtin.vhd
Duplicated file found; will not be sent for synthesis: /mnt/cas_nfs/gi11/workspace/cslow/ForwardFinancialFramework/Platforms/VivadoFPGA/vivadohls_code/ipi_prj/ipi_prj.srcs/sources_1/bd/zynq_system/ip/zynq_system_auto_pc_73/fifo_generator_v11_0/fifo_generator_top.vhd
Duplicated file found; will not be sent for synthesis: /mnt/cas_nfs/gi11/workspace/cslow/ForwardFinancialFramework/Platforms/VivadoFPGA/vivadohls_code/ipi_prj/ipi_prj.srcs/sources_1/bd/zynq_system/ip/zynq_system_auto_pc_73/fifo_generator_v11_0/ramfifo/axi_reg_slice.vhd
Duplicated file found; will not be sent for synthesis: /mnt/cas_nfs/gi11/workspace/cslow/ForwardFinancialFramework/Platforms/VivadoFPGA/vivadohls_code/ipi_prj/ipi_prj.srcs/sources_1/bd/zynq_system/ip/zynq_system_auto_pc_73/fifo_generator_v11_0/fifo_generator_v11_0_synth.vhd
Duplicated file found; will not be sent for synthesis: /mnt/cas_nfs/gi11/workspace/cslow/ForwardFinancialFramework/Platforms/VivadoFPGA/vivadohls_code/ipi_prj/ipi_prj.srcs/sources_1/bd/zynq_system/ip/zynq_system_auto_pc_73/fifo_generator_v11_0/fifo_generator_v11_0.vhd
CRC performance measure: elapsed=00:00:18s;;memory_peak=782.785MB;;memory_gain=0.000MB
