#-----------------------------------------------------------
# Vivado v2013.4 (64-bit)
# SW Build 353583 on Mon Dec  9 17:26:26 MST 2013
# IP Build 208076 on Mon Dec  2 12:38:17 MST 2013
# Start of session at: Tue Apr  8 19:07:02 2014
# Process ID: 28702
# Log file: /home/ee/s/sf306/ForwardFinancialFramework/Platforms/VivadoFPGA/vivadohls_code/ipi_prj/vivado.log
# Journal file: /home/ee/s/sf306/ForwardFinancialFramework/Platforms/VivadoFPGA/vivadohls_code/ipi_prj/vivado.jou
#-----------------------------------------------------------
Attempting to get a license: Implementation
Feature available: Implementation
Loading parts and site information from /mnt/cas_nfs/applications/Xilinx/Vivado/2013.4/data/parts/arch.xml
Parsing RTL primitives file [/mnt/cas_nfs/applications/Xilinx/Vivado/2013.4/data/parts/xilinx/rtl/prims/rtl_prims.xml]
Finished parsing RTL primitives file [/mnt/cas_nfs/applications/Xilinx/Vivado/2013.4/data/parts/xilinx/rtl/prims/rtl_prims.xml]
start_gui
create_project ipi_prj . -part xc7z020clg484-1
set_property board xilinx.com:zynq:zc702:1.0 [current_project]
INFO: [IP_Flow 19-234] Refreshing IP repositories
INFO: [IP_Flow 19-1704] No user IP repositories specified
INFO: [IP_Flow 19-2313] Loaded Vivado IP repository '/mnt/cas_nfs/applications/Xilinx/Vivado/2013.4/data/ip'.
create_bd_design "zynq_system"
Wrote  : </home/ee/s/sf306/ForwardFinancialFramework/Platforms/VivadoFPGA/vivadohls_code/ipi_prj/ipi_prj.srcs/sources_1/bd/zynq_system/zynq_system.bd> 
startgroup
create_bd_cell -type ip -vlnv xilinx.com:ip:processing_system7:5.3 processing_system7_0
create_bd_cell: Time (s): cpu = 00:00:07 ; elapsed = 00:00:07 . Memory (MB): peak = 4869.492 ; gain = 23.430
endgroup
apply_bd_automation -rule xilinx.com:bd_rule:processing_system7 -config {make_external "FIXED_IO, DDR" apply_board_preset "1" }  [get_bd_cells processing_system7_0]
apply_bd_automation: Time (s): cpu = 00:00:10 ; elapsed = 00:00:10 . Memory (MB): peak = 4884.883 ; gain = 9.000
set_property ip_repo_paths  /home/ee/s/sf306/ForwardFinancialFramework/Platforms/VivadoFPGA/vivadohls_code/hls_prj [current_fileset]
update_ip_catalog
INFO: [IP_Flow 19-234] Refreshing IP repositories
INFO: [IP_Flow 19-1700] Loaded user IP repository '/home/ee/s/sf306/ForwardFinancialFramework/Platforms/VivadoFPGA/vivadohls_code/hls_prj'.
startgroup
create_bd_cell -type ip -vlnv imperial:F3:vivado_activity_thread:1.0 vivado_activity_thread_0
endgroup
apply_bd_automation -rule xilinx.com:bd_rule:axi4 -config {Master "/processing_system7_0/M_AXI_GP0" }  [get_bd_intf_pins vivado_activity_thread_0/S_AXI_CORE_IO]
</vivado_activity_thread_0/S_AXI_CORE_IO/Reg> is being mapped into </processing_system7_0/Data> at <0x43C00000[ 64K ]>
regenerate_bd_layout
save_bd_design
Wrote  : </home/ee/s/sf306/ForwardFinancialFramework/Platforms/VivadoFPGA/vivadohls_code/ipi_prj/ipi_prj.srcs/sources_1/bd/zynq_system/zynq_system.bd> 
exit
INFO: [Common 17-206] Exiting Vivado at Tue Apr  8 19:13:04 2014...
