Copyright 1986-1999, 2001-2013 Xilinx, Inc. All Rights Reserved.
-----------------------------------------------------------------------------------------------------------------------------------------------------------------------------
| Tool Version : Vivado v.2013.4 (lin64) Build 353583 Mon Dec  9 17:26:26 MST 2013
| Date         : Fri Mar 28 11:28:45 2014
| Host         : ee-boxer0 running 64-bit Ubuntu 10.04.4 LTS
| Command      : report_utilization -file vivado_activity_thread_ap_fexp_7_full_dsp_utilization_synth.rpt -pb vivado_activity_thread_ap_fexp_7_full_dsp_utilization_synth.pb
| Design       : vivado_activity_thread_ap_fexp_7_full_dsp
| Device       : xc7z020
| Design State : Synthesized
-----------------------------------------------------------------------------------------------------------------------------------------------------------------------------

Utilization Design Information

Table of Contents
-----------------
1. Slice Logic
2. Memory
3. DSP
4. IO and GTX Specific
5. Clocking
6. Specific Feature
7. Primitives
8. Black Boxes
9. Instantiated Netlists

1. Slice Logic
--------------

+----------------------------+------+-------+-----------+-------+
|          Site Type         | Used | Loced | Available | Util% |
+----------------------------+------+-------+-----------+-------+
| Slice LUTs*                |  809 |     0 |     53200 |  1.52 |
|   LUT as Logic             |  795 |     0 |     53200 |  1.49 |
|   LUT as Memory            |   14 |     0 |     17400 |  0.08 |
|     LUT as Distributed RAM |    0 |     0 |           |       |
|     LUT as Shift Register  |   14 |     0 |           |       |
| Slice Registers            |  306 |     0 |    106400 |  0.28 |
|   Register as Flip Flop    |  306 |     0 |    106400 |  0.28 |
|   Register as Latch        |    0 |     0 |    106400 |  0.00 |
| F7 Muxes                   |  193 |     0 |     26600 |  0.72 |
| F8 Muxes                   |    2 |     0 |     13300 |  0.01 |
+----------------------------+------+-------+-----------+-------+
* Warning! The Final LUT count, after physical optimizations and full implementation, is typically lower. Run opt_design after synthesis for a more realistic count.


2. Memory
---------

+----------------+------+-------+-----------+-------+
|    Site Type   | Used | Loced | Available | Util% |
+----------------+------+-------+-----------+-------+
| Block RAM Tile |    0 |     0 |       140 |  0.00 |
|   RAMB36/FIFO* |    0 |     0 |       140 |  0.00 |
|   RAMB18       |    0 |     0 |       280 |  0.00 |
+----------------+------+-------+-----------+-------+
* Note: Each Block RAM Tile only has one FIFO logic available and therefore can accommodate only one FIFO36E1 or one FIFO18E1. However, if a FIFO18E1 occupies a Block RAM Tile, that tile can still accommodate a RAMB18E1


3. DSP
------

+----------------+------+-------+-----------+-------+
|    Site Type   | Used | Loced | Available | Util% |
+----------------+------+-------+-----------+-------+
| DSPs           |    7 |     0 |       220 |  3.18 |
|   DSP48E1 only |    7 |       |           |       |
+----------------+------+-------+-----------+-------+


4. IO and GTX Specific
----------------------

+-----------------------------+------+-------+-----------+-------+
|          Site Type          | Used | Loced | Available | Util% |
+-----------------------------+------+-------+-----------+-------+
| Bonded IOB                  |    0 |     0 |       200 |  0.00 |
| Bonded IPADs                |    0 |     0 |         2 |  0.00 |
| Bonded IOPADs               |    0 |     0 |       130 |  0.00 |
| IBUFGDS                     |    0 |     0 |       192 |  0.00 |
| IDELAYCTRL                  |    0 |     0 |         4 |  0.00 |
| IN_FIFO                     |    0 |     0 |        16 |  0.00 |
| OUT_FIFO                    |    0 |     0 |        16 |  0.00 |
| PHASER_REF                  |    0 |     0 |         4 |  0.00 |
| PHY_CONTROL                 |    0 |     0 |         4 |  0.00 |
| PHASER_OUT/PHASER_OUT_PHY   |    0 |     0 |        16 |  0.00 |
| PHASER_IN/PHASER_IN_PHY     |    0 |     0 |        16 |  0.00 |
| IDELAYE2/IDELAYE2_FINEDELAY |    0 |     0 |       200 |  0.00 |
| ODELAYE2/ODELAYE2_FINEDELAY |    0 |     0 |         0 |  0.00 |
| IBUFDS_GTE2                 |    0 |     0 |         0 |  0.00 |
| ILOGIC                      |    0 |     0 |       200 |  0.00 |
| OLOGIC                      |    0 |     0 |       200 |  0.00 |
+-----------------------------+------+-------+-----------+-------+


5. Clocking
-----------

+------------+------+-------+-----------+-------+
|  Site Type | Used | Loced | Available | Util% |
+------------+------+-------+-----------+-------+
| BUFGCTRL   |    0 |     0 |        32 |  0.00 |
| BUFIO      |    0 |     0 |        16 |  0.00 |
| MMCME2_ADV |    0 |     0 |         4 |  0.00 |
| PLLE2_ADV  |    0 |     0 |         4 |  0.00 |
| BUFMRCE    |    0 |     0 |         8 |  0.00 |
| BUFHCE     |    0 |     0 |        72 |  0.00 |
| BUFR       |    0 |     0 |        16 |  0.00 |
+------------+------+-------+-----------+-------+


6. Specific Feature
-------------------

+-------------+------+-------+-----------+-------+
|  Site Type  | Used | Loced | Available | Util% |
+-------------+------+-------+-----------+-------+
| BSCANE2     |    0 |     0 |         4 |  0.00 |
| CAPTUREE2   |    0 |     0 |         1 |  0.00 |
| DNA_PORT    |    0 |     0 |         1 |  0.00 |
| EFUSE_USR   |    0 |     0 |         1 |  0.00 |
| FRAME_ECCE2 |    0 |     0 |         1 |  0.00 |
| ICAPE2      |    0 |     0 |         2 |  0.00 |
| STARTUPE2   |    0 |     0 |         1 |  0.00 |
| XADC        |    0 |     0 |         1 |  0.00 |
+-------------+------+-------+-----------+-------+


7. Primitives
-------------

+----------+------+
| Ref Name | Used |
+----------+------+
| LUT6     |  542 |
| FDRE     |  306 |
| MUXF7    |  193 |
| LUT4     |   91 |
| LUT5     |   89 |
| LUT1     |   37 |
| LUT2     |   32 |
| LUT3     |   29 |
| CARRY4   |   20 |
| SRL16E   |   14 |
| DSP48E1  |    7 |
| MUXF8    |    2 |
+----------+------+


8. Black Boxes
--------------

+----------+------+
| Ref Name | Used |
+----------+------+


9. Instantiated Netlists
------------------------

+----------+------+
| Ref Name | Used |
+----------+------+


