@I [HLS-0] Workspace /home/sf306/phd_codebase/FPL2014/F3_VivadoHLS/hls_prj/F3_VivadoHLS_core opened at Wed Mar 12 08:21:01 GMT 2014
@I [HLS-100] Command "config_clock -quiet -name default -period 10 -default=false "
@I [SYN-201] Setting up clock 'default' with a period of 10ns.
@I [HLS-100] Command 'config_clock' returned 0; elapsed 0Total elapsed time: 0.194 sec.
@I [HLS-100] Command "open_platform DefaultPlatform "
@I [HLS-100] Command 'open_platform' returned 0; elapsed 0Total elapsed time: 0.195 sec.
@I [HLS-100] Command "import_lib /opt/Xilinx/2013.3/Vivado_HLS/2013.3/common/technology/xilinx/zynq/zynq "
@I [HLS-100] Command "source /opt/Xilinx/2013.3/Vivado_HLS/2013.3/common/technology/xilinx/common/xilinx.lib "
@I [HLS-100] Command "source /opt/Xilinx/2013.3/Vivado_HLS/2013.3/common/technology/xilinx/interface/xilinx_interface.lib "
@I [HLS-100] Command "source /opt/Xilinx/2013.3/Vivado_HLS/2013.3/common/technology/xilinx/interface/plb46.lib "
@I [HLS-100] Command 'ap_source' returned 0; elapsed 0Total elapsed time: 0.196 sec.
@I [HLS-100] Command "source /opt/Xilinx/2013.3/Vivado_HLS/2013.3/common/technology/xilinx/interface/fsl.lib "
@I [HLS-100] Command 'ap_source' returned 0; elapsed 0Total elapsed time: 0.196 sec.
@I [HLS-100] Command "source /opt/Xilinx/2013.3/Vivado_HLS/2013.3/common/technology/xilinx/interface/axi4.lib "
@I [HLS-100] Command 'ap_source' returned 0; elapsed 0Total elapsed time: 0.196 sec.
@I [HLS-100] Command 'ap_source' returned 0; elapsed 0Total elapsed time: 0.196 sec.
@I [HLS-100] Command "source /opt/Xilinx/2013.3/Vivado_HLS/2013.3/common/technology/xilinx/common/dsp48.lib "
@I [HLS-100] Command 'ap_source' returned 0; elapsed 0Total elapsed time: 0.196 sec.
@I [HLS-100] Command "source /opt/Xilinx/2013.3/Vivado_HLS/2013.3/common/technology/xilinx/ip/xfft.lib "
@I [HLS-100] Command 'ap_source' returned 0; elapsed 0Total elapsed time: 0.196 sec.
@I [HLS-100] Command "source /opt/Xilinx/2013.3/Vivado_HLS/2013.3/common/technology/xilinx/ip/xfir.lib "
@I [HLS-100] Command 'ap_source' returned 0; elapsed 0Total elapsed time: 0.196 sec.
@I [HLS-100] Command 'ap_source' returned 0; elapsed 0Total elapsed time: 0.197 sec.
@I [HLS-100] Command "source /opt/Xilinx/2013.3/Vivado_HLS/2013.3/common/technology/xilinx/common/xilinx_old.lib "
@I [HLS-100] Command 'ap_source' returned 0; elapsed 0Total elapsed time: 0.199 sec.
@I [HLS-100] Command "source /opt/Xilinx/2013.3/Vivado_HLS/2013.3/common/technology/xilinx/common/xilinx_vivado.lib "
@I [HLS-100] Command 'ap_source' returned 0; elapsed 0.01Total elapsed time: 0.199 sec.
@I [HLS-100] Command "source /opt/Xilinx/2013.3/Vivado_HLS/2013.3/common/technology/xilinx/common/xilinx.hlp "
@I [HLS-100] Command "source /opt/Xilinx/2013.3/Vivado_HLS/2013.3/common/technology/xilinx/common/target_info.tcl "
@I [HLS-100] Command 'ap_source' returned 0; elapsed 0Total elapsed time: 0.200 sec.
@I [HLS-100] Command "source /opt/Xilinx/2013.3/Vivado_HLS/2013.3/common/technology/xilinx/common/dsp48.hlp "
@I [HLS-100] Command 'ap_source' returned 0; elapsed 0Total elapsed time: 0.201 sec.
@I [HLS-100] Command 'ap_source' returned 0; elapsed 0Total elapsed time: 0.201 sec.
@I [HLS-100] Command "source /opt/Xilinx/2013.3/Vivado_HLS/2013.3/common/technology/xilinx/zynq/dsp48e1.hlp "
@I [HLS-100] Command 'ap_source' returned 0; elapsed 0Total elapsed time: 0.201 sec.
@I [HLS-100] Command "get_default_platform "
@I [HLS-100] Command 'get_default_platform' returned 0; elapsed 0Total elapsed time: 0.201 sec.
@I [HLS-100] Command "config_chip_info -quiet -resource  {SLICE 13300}  {LUT 53200}     {FF 106400} {DSP48E 220}   {BRAM 280}  "
@I [HLS-100] Command 'config_chip_info' returned 0; elapsed 0Total elapsed time: 0.201 sec.
@I [HLS-100] Command "config_chip_info -quiet -speed medium "
@I [HLS-100] Command 'config_chip_info' returned 0; elapsed 0Total elapsed time: 0.201 sec.
@I [HLS-100] Command 'import_lib' returned 0; elapsed 0.01Total elapsed time: 0.202 sec.
@I [HLS-100] Command "source /opt/Xilinx/2013.3/Vivado_HLS/2013.3/common/technology/xilinx/zynq/zynq.gen "
@I [HLS-100] Command "source /opt/Xilinx/2013.3/Vivado_HLS/2013.3/common/technology/xilinx/common/virtex.gen "
@I [HLS-100] Command "source /opt/Xilinx/2013.3/Vivado_HLS/2013.3/common/technology/xilinx/common/xilinx.gen "
@I [HLS-100] Command "source /opt/Xilinx/2013.3/Vivado_HLS/2013.3/common/technology/xilinx/interface/plb46.gen "
@I [HLS-100] Command 'ap_source' returned 0; elapsed 0Total elapsed time: 0.203 sec.
@I [HLS-100] Command "source /opt/Xilinx/2013.3/Vivado_HLS/2013.3/common/technology/xilinx/interface/fsl.gen "
@I [HLS-100] Command 'ap_source' returned 0; elapsed 0Total elapsed time: 0.203 sec.
@I [HLS-100] Command "source /opt/Xilinx/2013.3/Vivado_HLS/2013.3/common/technology/xilinx/interface/axi4.gen "
@I [HLS-100] Command 'ap_source' returned 0; elapsed 0Total elapsed time: 0.204 sec.
@I [HLS-100] Command "source /opt/Xilinx/2013.3/Vivado_HLS/2013.3/common/technology/xilinx/scripts/xilinxcoregen.gen "
@I [HLS-100] Command 'ap_source' returned 0; elapsed 0Total elapsed time: 0.208 sec.
@I [HLS-100] Command "source /opt/Xilinx/2013.3/Vivado_HLS/2013.3/common/technology/xilinx/interface/XilEDKCoreGen.gen "
@I [HLS-100] Command 'ap_source' returned 0; elapsed 0.01Total elapsed time: 0.213 sec.
@I [HLS-100] Command "source /opt/Xilinx/2013.3/Vivado_HLS/2013.3/common/technology/xilinx/ip/util.gen "
@I [HLS-100] Command 'ap_source' returned 0; elapsed 0Total elapsed time: 0.214 sec.
@I [HLS-100] Command "source /opt/Xilinx/2013.3/Vivado_HLS/2013.3/common/technology/xilinx/ip/xfir.gen "
@I [HLS-100] Command "source /opt/Xilinx/2013.3/Vivado_HLS/2013.3/tps/tcl/tcllib1.11.1/struct/list.tcl "
@I [HLS-100] Command "source /opt/Xilinx/2013.3/Vivado_HLS/2013.3/tps/tcl/tcllib1.11.1/cmdline/cmdline.tcl "
@I [HLS-100] Command 'ap_source' returned 0; elapsed 0Total elapsed time: 0.223 sec.
@I [HLS-100] Command 'ap_source' returned 0; elapsed 0.01Total elapsed time: 0.223 sec.
@I [HLS-100] Command "source /opt/Xilinx/2013.3/Vivado_HLS/2013.3/tps/tcl/tcllib1.11.1/math/bignum.tcl "
@I [HLS-100] Command 'ap_source' returned 0; elapsed 0Total elapsed time: 0.226 sec.
@I [HLS-100] Command 'ap_source' returned 0; elapsed 0.02Total elapsed time: 0.230 sec.
@I [HLS-100] Command "source /opt/Xilinx/2013.3/Vivado_HLS/2013.3/common/technology/xilinx/ip/xfft.gen "
@I [HLS-100] Command 'ap_source' returned 0; elapsed 0.07Total elapsed time: 0.300 sec.
@I [HLS-100] Command 'ap_source' returned 0; elapsed 0.1Total elapsed time: 0.300 sec.
@I [HLS-100] Command "source /opt/Xilinx/2013.3/Vivado_HLS/2013.3/common/technology/xilinx/common/dsp48.gen "
@I [HLS-100] Command 'ap_source' returned 0; elapsed 0Total elapsed time: 0.301 sec.
@I [HLS-100] Command 'ap_source' returned 0; elapsed 0.1Total elapsed time: 0.301 sec.
@I [HLS-100] Command 'ap_source' returned 0; elapsed 0.1Total elapsed time: 0.301 sec.
@I [HLS-100] Command "open_platform DefaultPlatform "
@I [HLS-100] Command 'open_platform' returned 0; elapsed 0Total elapsed time: 0.301 sec.
@I [HLS-100] Command "import_lib /opt/Xilinx/2013.3/Vivado_HLS/2013.3/common/technology/xilinx/zynq/zynq_fpv6 "
@I [HLS-100] Command "source /opt/Xilinx/2013.3/Vivado_HLS/2013.3/common/technology/xilinx/common/xilinx_fpv7.lib "
@I [HLS-100] Command "source /opt/Xilinx/2013.3/Vivado_HLS/2013.3/common/technology/xilinx/common/xilinx_fpv6.lib "
@I [HLS-100] Command 'ap_source' returned 0; elapsed 0Total elapsed time: 0.302 sec.
@I [HLS-100] Command 'ap_source' returned 0; elapsed 0Total elapsed time: 0.303 sec.
@I [HLS-100] Command 'import_lib' returned 0; elapsed 0.01Total elapsed time: 0.308 sec.
@I [HLS-100] Command "source /opt/Xilinx/2013.3/Vivado_HLS/2013.3/common/technology/xilinx/zynq/zynq_fpv6.gen "
@I [HLS-100] Command "source /opt/Xilinx/2013.3/Vivado_HLS/2013.3/common/technology/xilinx/common/xilinx_fpv6.gen "
@I [HLS-100] Command 'ap_source' returned 0; elapsed 0Total elapsed time: 0.309 sec.
@I [HLS-100] Command 'ap_source' returned 0; elapsed 0Total elapsed time: 0.309 sec.
@I [HLS-100] Command "set_part xc7z020clg484-1 "
@I [HLS-100] Command "add_library xilinx/zynq/zynq:xc7z020:clg484:-1 "
@I [HLS-100] Command "get_default_platform "
@I [HLS-100] Command 'get_default_platform' returned 0; elapsed 0Total elapsed time: 0.311 sec.
@I [HLS-100] Command "license_exists VIVADO_HLS "
@I [HLS-100] Command 'license_exists' returned 0; elapsed 0Total elapsed time: 0.311 sec.
@I [HLS-100] Command "get_default_platform "
@I [HLS-100] Command 'get_default_platform' returned 0; elapsed 0Total elapsed time: 0.312 sec.
@I [HLS-100] Command "config_chip_info -quiet -resource  {SLICE 13300}  {LUT 53200}     {FF 106400} {DSP48E 220}   {BRAM 280}  "
@I [HLS-100] Command 'config_chip_info' returned 0; elapsed 0Total elapsed time: 0.312 sec.
@I [HLS-100] Command "config_chip_info -quiet -speed slow "
@I [HLS-100] Command 'config_chip_info' returned 0; elapsed 0Total elapsed time: 0.312 sec.
@I [HLS-100] Command 'add_library' returned 0; elapsed 0Total elapsed time: 0.312 sec.
@I [HLS-100] Command "add_library xilinx/zynq/zynq_fpv6 "
@I [HLS-100] Command "get_default_platform "
@I [HLS-100] Command 'get_default_platform' returned 0; elapsed 0Total elapsed time: 0.313 sec.
@I [HLS-100] Command "license_exists VIVADO_HLS "
@I [HLS-100] Command 'license_exists' returned 0; elapsed 0Total elapsed time: 0.313 sec.
@I [HLS-100] Command 'add_library' returned 0; elapsed 0Total elapsed time: 0.313 sec.
@I [HLS-10] Setting target device to 'xc7z020clg484-1'
@I [HLS-100] Command 'set_part' returned 0; elapsed 0Total elapsed time: 0.313 sec.
@I [HLS-100] Command "get_default_platform "
@I [HLS-100] Command 'get_default_platform' returned 0; elapsed 0Total elapsed time: 0.313 sec.
@I [HLS-100] Command "config_chip_info -quiet -resource  {SLICE 13300}  {LUT 53200}     {FF 106400} {DSP48E 220}   {BRAM 280}  "
@I [HLS-100] Command 'config_chip_info' returned 0; elapsed 0Total elapsed time: 0.313 sec.
@I [HLS-100] Command "config_chip_info -quiet -speed slow "
@I [HLS-100] Command 'config_chip_info' returned 0; elapsed 0Total elapsed time: 0.313 sec.
@I [HLS-100] Command 'open_solution' returned 0; elapsed 0.12Total elapsed time: 0.314 sec.
@I [HLS-100] Command "set_part xc7z020clg484-1 "
@I [HLS-100] Command "add_library xilinx/zynq/zynq:xc7z020:clg484:-1 "
@I [HLS-100] Command "get_default_platform "
@I [HLS-100] Command 'get_default_platform' returned 0; elapsed 0Total elapsed time: 0.314 sec.
@I [HLS-100] Command "license_exists VIVADO_HLS "
@I [HLS-100] Command 'license_exists' returned 0; elapsed 0Total elapsed time: 0.314 sec.
@I [HLS-100] Command "get_default_platform "
@I [HLS-100] Command 'get_default_platform' returned 0; elapsed 0Total elapsed time: 0.315 sec.
@I [HLS-100] Command "config_chip_info -quiet -resource  {SLICE 13300}  {LUT 53200}     {FF 106400} {DSP48E 220}   {BRAM 280}  "
@I [HLS-100] Command 'config_chip_info' returned 0; elapsed 0Total elapsed time: 0.315 sec.
@I [HLS-100] Command "config_chip_info -quiet -speed slow "
@I [HLS-100] Command 'config_chip_info' returned 0; elapsed 0Total elapsed time: 0.315 sec.
@I [HLS-100] Command 'add_library' returned 0; elapsed 0Total elapsed time: 0.315 sec.
@I [HLS-100] Command "add_library xilinx/zynq/zynq_fpv6 "
@I [HLS-100] Command "get_default_platform "
@I [HLS-100] Command 'get_default_platform' returned 0; elapsed 0Total elapsed time: 0.315 sec.
@I [HLS-100] Command "license_exists VIVADO_HLS "
@I [HLS-100] Command 'license_exists' returned 0; elapsed 0Total elapsed time: 0.315 sec.
@I [HLS-100] Command 'add_library' returned 0; elapsed 0Total elapsed time: 0.316 sec.
@I [HLS-100] Command 'set_part' returned 0; elapsed 0Total elapsed time: 0.316 sec.
@I [HLS-100] Command "create_clock -period 10 -name default "
@I [HLS-100] Command 'create_clock' returned 0; elapsed 0Total elapsed time: 0.316 sec.
@I [HLS-100] Command "source ./hls_prj/F3_VivadoHLS_core/directives.tcl "
@I [HLS-100] Command 'ap_source' returned 0; elapsed 0Total elapsed time: 0.317 sec.
@I [HLS-100] Command "csim_design "
@I [HLS-100] Command "source /home/sf306/phd_codebase/FPL2014/F3_VivadoHLS/hls_prj/F3_VivadoHLS_core/.autopilot/db/global.setting.tcl "
@I [HLS-100] Command 'ap_source' returned 0; elapsed 0Total elapsed time: 0.318 sec.
@W [HLS-40] Cannot find test bench file '../../src/tb.c'
@W [HLS-40] Cannot find test bench file '../../tb.c'
@I [HLS-100] Command "source csim/.lst_opt.tcl "
@I [HLS-100] Command 'ap_source' returned 0; elapsed 0Total elapsed time: 0.321 sec.
@I [HLS-100] Command "source run_sim.tcl "
@I [HLS-100] Command 'ap_source' returned 0; elapsed 0.01Total elapsed time: 0.391 sec.
@I [SIM-1] CSim done with 0 errors.
@I [HLS-100] Command 'csim_design' returned 0; elapsed 0.02Total elapsed time: 0.391 sec.
@I [HLS-100] Command "csynth_design "
@I [HLS-100] Command "elaborate -effort=medium -skip_syncheck=0 -lm=0 -skip_transform=0 -ng=0 -g=0 -opt_fp=0 "
@I [HLS-10] Importing test bench file 'srcs/tb.c' ... 
@0 [HLS-0] Importing test bench file 'srcs/tb.c' ... 
@I [HLS-10] Analyzing design file 'srcs/option.c' ... 
@0 [HLS-0] Analyzing design file 'srcs/option.c' ... 
@I [HLS-0] Compiling one TU...
@I [HLS-0] 
Checking before pre-process: exec clang -gcc-toolchain "/opt/Xilinx/2013.3/Vivado_HLS/2013.3/lnx64/tools/gcc" -hls    -D "__asm__(...)=" -fno-math-errno -c -emit-llvm -O0  -mllvm -disable-llvm-optzns -std=gnu89   -DAESL_SYN -D__SYNTHESIS__ -D__HLS_SYN__ -I "/opt/Xilinx/2013.3/Vivado_HLS/2013.3/common/technology/autopilot" -I "/opt/Xilinx/2013.3/Vivado_HLS/2013.3/common/technology/autopilot/ap_sysc" -include etc/autopilot_ssdm_op.h  "srcs/option.c"  -o "/home/sf306/phd_codebase/FPL2014/F3_VivadoHLS/hls_prj/F3_VivadoHLS_core/.autopilot/db/option.pp.00.o"

@I [HLS-0] Syntax Checker time: 0 seconds per iteration
@I [HLS-0] 
Source preprocessing: exec clang -gcc-toolchain "/opt/Xilinx/2013.3/Vivado_HLS/2013.3/lnx64/tools/gcc" -hls -fno-exceptions  -D__llvm__  -CC -E "srcs/option.c"     -D "__asm__(...)=" -fno-math-errno -c -emit-llvm -O0  -mllvm -disable-llvm-optzns -std=gnu89   -DAESL_SYN -D__SYNTHESIS__ -D__HLS_SYN__ -I "/opt/Xilinx/2013.3/Vivado_HLS/2013.3/common/technology/autopilot" -I "/opt/Xilinx/2013.3/Vivado_HLS/2013.3/common/technology/autopilot/ap_sysc" -include etc/autopilot_ssdm_op.h -D "__asm__(...)="  -o "/home/sf306/phd_codebase/FPL2014/F3_VivadoHLS/hls_prj/F3_VivadoHLS_core/.autopilot/db/option.pp.0.c"

@I [HLS-0] GCC PP time: 0 seconds per iteration
@I [HLS-100] Command "list_core -type functional_unit "
@I [HLS-100] Command 'list_core' returned 0; elapsed 0Total elapsed time: 0.464 sec.
@I [HLS-0] Marker-Pragma convertor: /home/sf306/phd_codebase/FPL2014/F3_VivadoHLS/hls_prj/F3_VivadoHLS_core/.autopilot/db/option.pp.0.c /home/sf306/phd_codebase/FPL2014/F3_VivadoHLS/hls_prj/F3_VivadoHLS_core/.autopilot/db/option.pp.0.c.ap-line.c /home/sf306/phd_codebase/FPL2014/F3_VivadoHLS/hls_prj/F3_VivadoHLS_core/.autopilot/db/option.pp.0.c.ap-line.c.CXX 1
@I [HLS-0] 
Source processor: exec /opt/Xilinx/2013.3/Vivado_HLS/2013.3/tps/lnx64/jre/bin/java -Xmx512m -classpath   "/opt/Xilinx/2013.3/Vivado_HLS/2013.3/lib/classes/autopilot.sourceprocessor.jar:/opt/Xilinx/2013.3/Vivado_HLS/2013.3/lib/classes/org.eclipse.cdt.core_5.3.0.xilinx_patch.jar:/opt/Xilinx/2013.3/Vivado_HLS/2013.3/lib/classes/org.eclipse.core.runtime_3.7.0.v20110110.jar:/opt/Xilinx/2013.3/Vivado_HLS/2013.3/lib/classes/org.eclipse.equinox.common_3.6.0.v20110523.jar:/opt/Xilinx/2013.3/Vivado_HLS/2013.3/lib/classes/com.ibm.icu_4.4.2.v20110208.jar:/opt/Xilinx/2013.3/Vivado_HLS/2013.3/lib/classes/jargs.jar:/opt/Xilinx/2013.3/Vivado_HLS/2013.3/lnx64/tools/eclipse/plugins/org.eclipse.emf.common_2.7.0.v20120127-1122.jar:/opt/Xilinx/2013.3/Vivado_HLS/2013.3/lnx64/tools/eclipse/plugins/org.eclipse.emf.ecore_2.7.0.v20120127-1122.jar:/opt/Xilinx/2013.3/Vivado_HLS/2013.3/lnx64/tools/eclipse/plugins/org.eclipse.emf.ecore.xmi_2.7.0.v20120127-1122.jar:/opt/Xilinx/2013.3/Vivado_HLS/2013.3/lnx64/tools/eclipse/plugins/com.autoesl.autopilot.ui.directiveFileModel_1.0.0.jar:/opt/Xilinx/2013.3/Vivado_HLS/2013.3/lnx64/tools/eclipse/plugins/com.autoesl.autopilot.ui.common_1.0.0.jar"  autopilot.sourceprocessor.CParser  "/home/sf306/phd_codebase/FPL2014/F3_VivadoHLS/hls_prj/F3_VivadoHLS_core/.autopilot/db/option.pp.0.c.ap-line.c"  -m "vivado_activity_thread" -o "/home/sf306/phd_codebase/FPL2014/F3_VivadoHLS/hls_prj/F3_VivadoHLS_core/.autopilot/db/option.pp.0.c.ap-cdt.c" -c --ad --pc --pp --directive /home/sf306/phd_codebase/FPL2014/F3_VivadoHLS/hls_prj/F3_VivadoHLS_core/F3_VivadoHLS_core.directive --source /home/sf306/phd_codebase/FPL2014/F3_VivadoHLS/srcs/option.c --error /home/sf306/phd_codebase/FPL2014/F3_VivadoHLS/hls_prj/F3_VivadoHLS_core/.autopilot/db --funcunit "AddSub AddSubnS Mul MulnS Mul2S Mul3S Mul4S Mul5S Mul6S DivnS AddSub_DSP FDiv FSqrt DDiv DSqrt DRecip DRSqrt FAddSub_nodsp FAddSub_fulldsp FMul_nodsp FMul_meddsp FMul_fulldsp FMul_maxdsp FRSqrt_nodsp FRSqrt_fulldsp FRecip_nodsp FRecip_fulldsp FLog_nodsp FLog_meddsp FLog_fulldsp FExp_nodsp FExp_meddsp FExp_fulldsp DAddSub_nodsp DAddSub_fulldsp DMul_nodsp DMul_meddsp DMul_fulldsp DMul_maxdsp DLog_nodsp DLog_meddsp DLog_fulldsp DExp_nodsp DExp_meddsp DExp_fulldsp" --ce --tcl /home/sf306/phd_codebase/FPL2014/F3_VivadoHLS/hls_prj/F3_VivadoHLS_core/.autopilot/db --lp --ca --gf --nk --df --pd --p2d /home/sf306/phd_codebase/FPL2014/F3_VivadoHLS/hls_prj/F3_VivadoHLS_core/.autopilot/db --sd --scff /home/sf306/phd_codebase/FPL2014/F3_VivadoHLS/hls_prj/F3_VivadoHLS_core/.autopilot/db/.systemc_flag

@I [HLS-0] Marker-Pragma convertor: /home/sf306/phd_codebase/FPL2014/F3_VivadoHLS/hls_prj/F3_VivadoHLS_core/.autopilot/db/option.pp.0.c.ap-cdt.c /home/sf306/phd_codebase/FPL2014/F3_VivadoHLS/hls_prj/F3_VivadoHLS_core/.autopilot/db/option.pragma.0.c /home/sf306/phd_codebase/FPL2014/F3_VivadoHLS/hls_prj/F3_VivadoHLS_core/.autopilot/db/option.pragma.0.c.ap-line.CXX 0
@I [HLS-100] Command "source /home/sf306/phd_codebase/FPL2014/F3_VivadoHLS/hls_prj/F3_VivadoHLS_core/.autopilot/db/pragma.status.tcl "
@I [HLS-100] Command 'ap_source' returned 0; elapsed 0Total elapsed time: 1.79 sec.
@I [HLS-0] CDT processor time: 0 seconds per iteration
@I [HLS-0] Pragma handling time: 0 seconds per iteration
@I [HLS-0] 
Source preprocessing: exec clang -gcc-toolchain "/opt/Xilinx/2013.3/Vivado_HLS/2013.3/lnx64/tools/gcc" -hls -fno-exceptions  -D__llvm__  -CC -E "/home/sf306/phd_codebase/FPL2014/F3_VivadoHLS/hls_prj/F3_VivadoHLS_core/.autopilot/db/option.pragma.1.c"     -D "__asm__(...)=" -fno-math-errno -c -emit-llvm -O0  -mllvm -disable-llvm-optzns -std=gnu89   -DAESL_SYN -D__SYNTHESIS__ -D__HLS_SYN__ -I "/opt/Xilinx/2013.3/Vivado_HLS/2013.3/common/technology/autopilot" -I "/opt/Xilinx/2013.3/Vivado_HLS/2013.3/common/technology/autopilot/ap_sysc" -include etc/autopilot_ssdm_op.h -D "__asm__(...)="  -o "/home/sf306/phd_codebase/FPL2014/F3_VivadoHLS/hls_prj/F3_VivadoHLS_core/.autopilot/db/option.pragma.2.c"

@I [HLS-0] exec clang -gcc-toolchain /opt/Xilinx/2013.3/Vivado_HLS/2013.3/lnx64/tools/gcc -hls -fno-exceptions  -D__llvm__  -w  "/home/sf306/phd_codebase/FPL2014/F3_VivadoHLS/hls_prj/F3_VivadoHLS_core/.autopilot/db/option.pragma.2.c"    -D "__asm__(...)=" -fno-math-errno -c -emit-llvm -O0  -mllvm -disable-llvm-optzns -std=gnu89  -DAESL_SYN -D__SYNTHESIS__ -D__HLS_SYN__ -I "/opt/Xilinx/2013.3/Vivado_HLS/2013.3/common/technology/autopilot" -I "/opt/Xilinx/2013.3/Vivado_HLS/2013.3/common/technology/autopilot/ap_sysc" -include etc/autopilot_ssdm_op.h -g -o "/home/sf306/phd_codebase/FPL2014/F3_VivadoHLS/hls_prj/F3_VivadoHLS_core/.autopilot/db/option.g.bc"
@I [HLS-10] 'option.h' is skipped compilation; only files with extensions '.c|.C|.cc|.cpp|.c++|.cp|.cxx' are compiled.
@I [HLS-10] Analyzing design file 'srcs/underlying.c' ... 
@0 [HLS-0] Analyzing design file 'srcs/underlying.c' ... 
@I [HLS-0] Compiling one TU...
@I [HLS-0] 
Checking before pre-process: exec clang -gcc-toolchain "/opt/Xilinx/2013.3/Vivado_HLS/2013.3/lnx64/tools/gcc" -hls    -D "__asm__(...)=" -fno-math-errno -c -emit-llvm -O0  -mllvm -disable-llvm-optzns -std=gnu89   -DAESL_SYN -D__SYNTHESIS__ -D__HLS_SYN__ -I "/opt/Xilinx/2013.3/Vivado_HLS/2013.3/common/technology/autopilot" -I "/opt/Xilinx/2013.3/Vivado_HLS/2013.3/common/technology/autopilot/ap_sysc" -include etc/autopilot_ssdm_op.h  "srcs/underlying.c"  -o "/home/sf306/phd_codebase/FPL2014/F3_VivadoHLS/hls_prj/F3_VivadoHLS_core/.autopilot/db/underlying.pp.00.o"

@I [HLS-0] Syntax Checker time: 0 seconds per iteration
@I [HLS-0] 
Source preprocessing: exec clang -gcc-toolchain "/opt/Xilinx/2013.3/Vivado_HLS/2013.3/lnx64/tools/gcc" -hls -fno-exceptions  -D__llvm__  -CC -E "srcs/underlying.c"     -D "__asm__(...)=" -fno-math-errno -c -emit-llvm -O0  -mllvm -disable-llvm-optzns -std=gnu89   -DAESL_SYN -D__SYNTHESIS__ -D__HLS_SYN__ -I "/opt/Xilinx/2013.3/Vivado_HLS/2013.3/common/technology/autopilot" -I "/opt/Xilinx/2013.3/Vivado_HLS/2013.3/common/technology/autopilot/ap_sysc" -include etc/autopilot_ssdm_op.h -D "__asm__(...)="  -o "/home/sf306/phd_codebase/FPL2014/F3_VivadoHLS/hls_prj/F3_VivadoHLS_core/.autopilot/db/underlying.pp.0.c"

@I [HLS-0] GCC PP time: 0 seconds per iteration
@I [HLS-100] Command "list_core -type functional_unit "
@I [HLS-100] Command 'list_core' returned 0; elapsed 0Total elapsed time: 1.203 sec.
@I [HLS-0] Marker-Pragma convertor: /home/sf306/phd_codebase/FPL2014/F3_VivadoHLS/hls_prj/F3_VivadoHLS_core/.autopilot/db/underlying.pp.0.c /home/sf306/phd_codebase/FPL2014/F3_VivadoHLS/hls_prj/F3_VivadoHLS_core/.autopilot/db/underlying.pp.0.c.ap-line.c /home/sf306/phd_codebase/FPL2014/F3_VivadoHLS/hls_prj/F3_VivadoHLS_core/.autopilot/db/underlying.pp.0.c.ap-line.c.CXX 1
@I [HLS-0] 
Source processor: exec /opt/Xilinx/2013.3/Vivado_HLS/2013.3/tps/lnx64/jre/bin/java -Xmx512m -classpath   "/opt/Xilinx/2013.3/Vivado_HLS/2013.3/lib/classes/autopilot.sourceprocessor.jar:/opt/Xilinx/2013.3/Vivado_HLS/2013.3/lib/classes/org.eclipse.cdt.core_5.3.0.xilinx_patch.jar:/opt/Xilinx/2013.3/Vivado_HLS/2013.3/lib/classes/org.eclipse.core.runtime_3.7.0.v20110110.jar:/opt/Xilinx/2013.3/Vivado_HLS/2013.3/lib/classes/org.eclipse.equinox.common_3.6.0.v20110523.jar:/opt/Xilinx/2013.3/Vivado_HLS/2013.3/lib/classes/com.ibm.icu_4.4.2.v20110208.jar:/opt/Xilinx/2013.3/Vivado_HLS/2013.3/lib/classes/jargs.jar:/opt/Xilinx/2013.3/Vivado_HLS/2013.3/lnx64/tools/eclipse/plugins/org.eclipse.emf.common_2.7.0.v20120127-1122.jar:/opt/Xilinx/2013.3/Vivado_HLS/2013.3/lnx64/tools/eclipse/plugins/org.eclipse.emf.ecore_2.7.0.v20120127-1122.jar:/opt/Xilinx/2013.3/Vivado_HLS/2013.3/lnx64/tools/eclipse/plugins/org.eclipse.emf.ecore.xmi_2.7.0.v20120127-1122.jar:/opt/Xilinx/2013.3/Vivado_HLS/2013.3/lnx64/tools/eclipse/plugins/com.autoesl.autopilot.ui.directiveFileModel_1.0.0.jar:/opt/Xilinx/2013.3/Vivado_HLS/2013.3/lnx64/tools/eclipse/plugins/com.autoesl.autopilot.ui.common_1.0.0.jar"  autopilot.sourceprocessor.CParser  "/home/sf306/phd_codebase/FPL2014/F3_VivadoHLS/hls_prj/F3_VivadoHLS_core/.autopilot/db/underlying.pp.0.c.ap-line.c"  -m "vivado_activity_thread" -o "/home/sf306/phd_codebase/FPL2014/F3_VivadoHLS/hls_prj/F3_VivadoHLS_core/.autopilot/db/underlying.pp.0.c.ap-cdt.c" -c --ad --pc --pp --directive /home/sf306/phd_codebase/FPL2014/F3_VivadoHLS/hls_prj/F3_VivadoHLS_core/F3_VivadoHLS_core.directive --source /home/sf306/phd_codebase/FPL2014/F3_VivadoHLS/srcs/underlying.c --error /home/sf306/phd_codebase/FPL2014/F3_VivadoHLS/hls_prj/F3_VivadoHLS_core/.autopilot/db --funcunit "AddSub AddSubnS Mul MulnS Mul2S Mul3S Mul4S Mul5S Mul6S DivnS AddSub_DSP FDiv FSqrt DDiv DSqrt DRecip DRSqrt FAddSub_nodsp FAddSub_fulldsp FMul_nodsp FMul_meddsp FMul_fulldsp FMul_maxdsp FRSqrt_nodsp FRSqrt_fulldsp FRecip_nodsp FRecip_fulldsp FLog_nodsp FLog_meddsp FLog_fulldsp FExp_nodsp FExp_meddsp FExp_fulldsp DAddSub_nodsp DAddSub_fulldsp DMul_nodsp DMul_meddsp DMul_fulldsp DMul_maxdsp DLog_nodsp DLog_meddsp DLog_fulldsp DExp_nodsp DExp_meddsp DExp_fulldsp" --ce --tcl /home/sf306/phd_codebase/FPL2014/F3_VivadoHLS/hls_prj/F3_VivadoHLS_core/.autopilot/db --lp --ca --gf --nk --df --pd --p2d /home/sf306/phd_codebase/FPL2014/F3_VivadoHLS/hls_prj/F3_VivadoHLS_core/.autopilot/db --sd --scff /home/sf306/phd_codebase/FPL2014/F3_VivadoHLS/hls_prj/F3_VivadoHLS_core/.autopilot/db/.systemc_flag

@I [HLS-0] Marker-Pragma convertor: /home/sf306/phd_codebase/FPL2014/F3_VivadoHLS/hls_prj/F3_VivadoHLS_core/.autopilot/db/underlying.pp.0.c.ap-cdt.c /home/sf306/phd_codebase/FPL2014/F3_VivadoHLS/hls_prj/F3_VivadoHLS_core/.autopilot/db/underlying.pragma.0.c /home/sf306/phd_codebase/FPL2014/F3_VivadoHLS/hls_prj/F3_VivadoHLS_core/.autopilot/db/underlying.pragma.0.c.ap-line.CXX 0
@I [HLS-100] Command "source /home/sf306/phd_codebase/FPL2014/F3_VivadoHLS/hls_prj/F3_VivadoHLS_core/.autopilot/db/pragma.status.tcl "
@I [HLS-100] Command 'ap_source' returned 0; elapsed 0Total elapsed time: 1.802 sec.
@I [HLS-0] CDT processor time: 0 seconds per iteration
@I [HLS-0] Pragma handling time: 0 seconds per iteration
@I [HLS-0] 
Source preprocessing: exec clang -gcc-toolchain "/opt/Xilinx/2013.3/Vivado_HLS/2013.3/lnx64/tools/gcc" -hls -fno-exceptions  -D__llvm__  -CC -E "/home/sf306/phd_codebase/FPL2014/F3_VivadoHLS/hls_prj/F3_VivadoHLS_core/.autopilot/db/underlying.pragma.1.c"     -D "__asm__(...)=" -fno-math-errno -c -emit-llvm -O0  -mllvm -disable-llvm-optzns -std=gnu89   -DAESL_SYN -D__SYNTHESIS__ -D__HLS_SYN__ -I "/opt/Xilinx/2013.3/Vivado_HLS/2013.3/common/technology/autopilot" -I "/opt/Xilinx/2013.3/Vivado_HLS/2013.3/common/technology/autopilot/ap_sysc" -include etc/autopilot_ssdm_op.h -D "__asm__(...)="  -o "/home/sf306/phd_codebase/FPL2014/F3_VivadoHLS/hls_prj/F3_VivadoHLS_core/.autopilot/db/underlying.pragma.2.c"

@I [HLS-0] exec clang -gcc-toolchain /opt/Xilinx/2013.3/Vivado_HLS/2013.3/lnx64/tools/gcc -hls -fno-exceptions  -D__llvm__  -w  "/home/sf306/phd_codebase/FPL2014/F3_VivadoHLS/hls_prj/F3_VivadoHLS_core/.autopilot/db/underlying.pragma.2.c"    -D "__asm__(...)=" -fno-math-errno -c -emit-llvm -O0  -mllvm -disable-llvm-optzns -std=gnu89  -DAESL_SYN -D__SYNTHESIS__ -D__HLS_SYN__ -I "/opt/Xilinx/2013.3/Vivado_HLS/2013.3/common/technology/autopilot" -I "/opt/Xilinx/2013.3/Vivado_HLS/2013.3/common/technology/autopilot/ap_sysc" -include etc/autopilot_ssdm_op.h -g -o "/home/sf306/phd_codebase/FPL2014/F3_VivadoHLS/hls_prj/F3_VivadoHLS_core/.autopilot/db/underlying.g.bc"
@I [HLS-10] 'underlying.h' is skipped compilation; only files with extensions '.c|.C|.cc|.cpp|.c++|.cp|.cxx' are compiled.
@I [HLS-10] Analyzing design file 'srcs/vivado_core.c' ... 
@0 [HLS-0] Analyzing design file 'srcs/vivado_core.c' ... 
@I [HLS-0] Compiling one TU...
@I [HLS-0] 
Checking before pre-process: exec clang -gcc-toolchain "/opt/Xilinx/2013.3/Vivado_HLS/2013.3/lnx64/tools/gcc" -hls    -D "__asm__(...)=" -fno-math-errno -c -emit-llvm -O0  -mllvm -disable-llvm-optzns -std=gnu89   -DAESL_SYN -D__SYNTHESIS__ -D__HLS_SYN__ -I "/opt/Xilinx/2013.3/Vivado_HLS/2013.3/common/technology/autopilot" -I "/opt/Xilinx/2013.3/Vivado_HLS/2013.3/common/technology/autopilot/ap_sysc" -include etc/autopilot_ssdm_op.h  "srcs/vivado_core.c"  -o "/home/sf306/phd_codebase/FPL2014/F3_VivadoHLS/hls_prj/F3_VivadoHLS_core/.autopilot/db/vivado_core.pp.00.o"

@I [HLS-0] Syntax Checker time: 0 seconds per iteration
@I [HLS-0] 
Source preprocessing: exec clang -gcc-toolchain "/opt/Xilinx/2013.3/Vivado_HLS/2013.3/lnx64/tools/gcc" -hls -fno-exceptions  -D__llvm__  -CC -E "srcs/vivado_core.c"     -D "__asm__(...)=" -fno-math-errno -c -emit-llvm -O0  -mllvm -disable-llvm-optzns -std=gnu89   -DAESL_SYN -D__SYNTHESIS__ -D__HLS_SYN__ -I "/opt/Xilinx/2013.3/Vivado_HLS/2013.3/common/technology/autopilot" -I "/opt/Xilinx/2013.3/Vivado_HLS/2013.3/common/technology/autopilot/ap_sysc" -include etc/autopilot_ssdm_op.h -D "__asm__(...)="  -o "/home/sf306/phd_codebase/FPL2014/F3_VivadoHLS/hls_prj/F3_VivadoHLS_core/.autopilot/db/vivado_core.pp.0.c"

@I [HLS-0] GCC PP time: 0 seconds per iteration
@I [HLS-100] Command "list_core -type functional_unit "
@I [HLS-100] Command 'list_core' returned 0; elapsed 0Total elapsed time: 1.949 sec.
@I [HLS-0] Marker-Pragma convertor: /home/sf306/phd_codebase/FPL2014/F3_VivadoHLS/hls_prj/F3_VivadoHLS_core/.autopilot/db/vivado_core.pp.0.c /home/sf306/phd_codebase/FPL2014/F3_VivadoHLS/hls_prj/F3_VivadoHLS_core/.autopilot/db/vivado_core.pp.0.c.ap-line.c /home/sf306/phd_codebase/FPL2014/F3_VivadoHLS/hls_prj/F3_VivadoHLS_core/.autopilot/db/vivado_core.pp.0.c.ap-line.c.CXX 1
@I [HLS-0] 
Source processor: exec /opt/Xilinx/2013.3/Vivado_HLS/2013.3/tps/lnx64/jre/bin/java -Xmx512m -classpath   "/opt/Xilinx/2013.3/Vivado_HLS/2013.3/lib/classes/autopilot.sourceprocessor.jar:/opt/Xilinx/2013.3/Vivado_HLS/2013.3/lib/classes/org.eclipse.cdt.core_5.3.0.xilinx_patch.jar:/opt/Xilinx/2013.3/Vivado_HLS/2013.3/lib/classes/org.eclipse.core.runtime_3.7.0.v20110110.jar:/opt/Xilinx/2013.3/Vivado_HLS/2013.3/lib/classes/org.eclipse.equinox.common_3.6.0.v20110523.jar:/opt/Xilinx/2013.3/Vivado_HLS/2013.3/lib/classes/com.ibm.icu_4.4.2.v20110208.jar:/opt/Xilinx/2013.3/Vivado_HLS/2013.3/lib/classes/jargs.jar:/opt/Xilinx/2013.3/Vivado_HLS/2013.3/lnx64/tools/eclipse/plugins/org.eclipse.emf.common_2.7.0.v20120127-1122.jar:/opt/Xilinx/2013.3/Vivado_HLS/2013.3/lnx64/tools/eclipse/plugins/org.eclipse.emf.ecore_2.7.0.v20120127-1122.jar:/opt/Xilinx/2013.3/Vivado_HLS/2013.3/lnx64/tools/eclipse/plugins/org.eclipse.emf.ecore.xmi_2.7.0.v20120127-1122.jar:/opt/Xilinx/2013.3/Vivado_HLS/2013.3/lnx64/tools/eclipse/plugins/com.autoesl.autopilot.ui.directiveFileModel_1.0.0.jar:/opt/Xilinx/2013.3/Vivado_HLS/2013.3/lnx64/tools/eclipse/plugins/com.autoesl.autopilot.ui.common_1.0.0.jar"  autopilot.sourceprocessor.CParser  "/home/sf306/phd_codebase/FPL2014/F3_VivadoHLS/hls_prj/F3_VivadoHLS_core/.autopilot/db/vivado_core.pp.0.c.ap-line.c"  -m "vivado_activity_thread" -o "/home/sf306/phd_codebase/FPL2014/F3_VivadoHLS/hls_prj/F3_VivadoHLS_core/.autopilot/db/vivado_core.pp.0.c.ap-cdt.c" -c --ad --pc --pp --directive /home/sf306/phd_codebase/FPL2014/F3_VivadoHLS/hls_prj/F3_VivadoHLS_core/F3_VivadoHLS_core.directive --source /home/sf306/phd_codebase/FPL2014/F3_VivadoHLS/srcs/vivado_core.c --error /home/sf306/phd_codebase/FPL2014/F3_VivadoHLS/hls_prj/F3_VivadoHLS_core/.autopilot/db --funcunit "AddSub AddSubnS Mul MulnS Mul2S Mul3S Mul4S Mul5S Mul6S DivnS AddSub_DSP FDiv FSqrt DDiv DSqrt DRecip DRSqrt FAddSub_nodsp FAddSub_fulldsp FMul_nodsp FMul_meddsp FMul_fulldsp FMul_maxdsp FRSqrt_nodsp FRSqrt_fulldsp FRecip_nodsp FRecip_fulldsp FLog_nodsp FLog_meddsp FLog_fulldsp FExp_nodsp FExp_meddsp FExp_fulldsp DAddSub_nodsp DAddSub_fulldsp DMul_nodsp DMul_meddsp DMul_fulldsp DMul_maxdsp DLog_nodsp DLog_meddsp DLog_fulldsp DExp_nodsp DExp_meddsp DExp_fulldsp" --ce --tcl /home/sf306/phd_codebase/FPL2014/F3_VivadoHLS/hls_prj/F3_VivadoHLS_core/.autopilot/db --lp --ca --gf --nk --df --pd --p2d /home/sf306/phd_codebase/FPL2014/F3_VivadoHLS/hls_prj/F3_VivadoHLS_core/.autopilot/db --sd --scff /home/sf306/phd_codebase/FPL2014/F3_VivadoHLS/hls_prj/F3_VivadoHLS_core/.autopilot/db/.systemc_flag

@I [HLS-0] Marker-Pragma convertor: /home/sf306/phd_codebase/FPL2014/F3_VivadoHLS/hls_prj/F3_VivadoHLS_core/.autopilot/db/vivado_core.pp.0.c.ap-cdt.c /home/sf306/phd_codebase/FPL2014/F3_VivadoHLS/hls_prj/F3_VivadoHLS_core/.autopilot/db/vivado_core.pragma.0.c /home/sf306/phd_codebase/FPL2014/F3_VivadoHLS/hls_prj/F3_VivadoHLS_core/.autopilot/db/vivado_core.pragma.0.c.ap-line.CXX 0
@I [HLS-100] Command "source /home/sf306/phd_codebase/FPL2014/F3_VivadoHLS/hls_prj/F3_VivadoHLS_core/.autopilot/db/pragma.status.tcl "
@I [HLS-100] Command 'ap_source' returned 0; elapsed 0Total elapsed time: 2.954 sec.
@I [HLS-0] CDT processor time: 1 seconds per iteration
@I [HLS-0] Pragma handling time: 0 seconds per iteration
@I [HLS-0] 
Source preprocessing: exec clang -gcc-toolchain "/opt/Xilinx/2013.3/Vivado_HLS/2013.3/lnx64/tools/gcc" -hls -fno-exceptions  -D__llvm__  -CC -E "/home/sf306/phd_codebase/FPL2014/F3_VivadoHLS/hls_prj/F3_VivadoHLS_core/.autopilot/db/vivado_core.pragma.1.c"     -D "__asm__(...)=" -fno-math-errno -c -emit-llvm -O0  -mllvm -disable-llvm-optzns -std=gnu89   -DAESL_SYN -D__SYNTHESIS__ -D__HLS_SYN__ -I "/opt/Xilinx/2013.3/Vivado_HLS/2013.3/common/technology/autopilot" -I "/opt/Xilinx/2013.3/Vivado_HLS/2013.3/common/technology/autopilot/ap_sysc" -include etc/autopilot_ssdm_op.h -D "__asm__(...)="  -o "/home/sf306/phd_codebase/FPL2014/F3_VivadoHLS/hls_prj/F3_VivadoHLS_core/.autopilot/db/vivado_core.pragma.2.c"

@I [HLS-0] exec clang -gcc-toolchain /opt/Xilinx/2013.3/Vivado_HLS/2013.3/lnx64/tools/gcc -hls -fno-exceptions  -D__llvm__  -w  "/home/sf306/phd_codebase/FPL2014/F3_VivadoHLS/hls_prj/F3_VivadoHLS_core/.autopilot/db/vivado_core.pragma.2.c"    -D "__asm__(...)=" -fno-math-errno -c -emit-llvm -O0  -mllvm -disable-llvm-optzns -std=gnu89  -DAESL_SYN -D__SYNTHESIS__ -D__HLS_SYN__ -I "/opt/Xilinx/2013.3/Vivado_HLS/2013.3/common/technology/autopilot" -I "/opt/Xilinx/2013.3/Vivado_HLS/2013.3/common/technology/autopilot/ap_sysc" -include etc/autopilot_ssdm_op.h -g -o "/home/sf306/phd_codebase/FPL2014/F3_VivadoHLS/hls_prj/F3_VivadoHLS_core/.autopilot/db/vivado_core.g.bc"
@I [HLS-10] 'vivado_core.h' is skipped compilation; only files with extensions '.c|.C|.cc|.cpp|.c++|.cp|.cxx' are compiled.
@I [HLS-10] Importing test bench file 'src/tb.c' ... 
@0 [HLS-0] Importing test bench file 'src/tb.c' ... 
@W [HLS-40] Cannot find test bench file 'src/tb.c'
@W [HLS-40] Cannot find source file src/option.c; skipping it.
@W [HLS-40] Cannot find source file src/option.h; skipping it.
@W [HLS-40] Cannot find source file src/underlying.c; skipping it.
@W [HLS-40] Cannot find source file src/underlying.h; skipping it.
@W [HLS-40] Cannot find source file src/vivado_core.c; skipping it.
@W [HLS-40] Cannot find source file src/vivado_core.h; skipping it.
@W [HLS-40] Cannot find source file option.c; skipping it.
@W [HLS-40] Cannot find source file option.h; skipping it.
@W [HLS-40] Cannot find source file underlying.c; skipping it.
@W [HLS-40] Cannot find source file underlying.h; skipping it.
@W [HLS-40] Cannot find source file vivado_core.c; skipping it.
@W [HLS-40] Cannot find source file vivado_core.h; skipping it.
@I [HLS-10] Importing test bench file 'tb.c' ... 
@0 [HLS-0] Importing test bench file 'tb.c' ... 
@W [HLS-40] Cannot find test bench file 'tb.c'
@W [HLS-40] Cannot find source file /src/vivado_core.h; skipping it.
@I [HLS-10] Validating synthesis directives ...
@0 [HLS-0] Validating synthesis directives ...
@I [HLS-100] Command "source /home/sf306/phd_codebase/FPL2014/F3_VivadoHLS/hls_prj/F3_VivadoHLS_core/.autopilot/db/pragma.status.tcl "
@I [HLS-100] Command 'ap_source' returned 0; elapsed 0Total elapsed time: 3.75 sec.
@I [HLS-0] Linking all ...
@I [HLS-0] exec llvm-ld  "/home/sf306/phd_codebase/FPL2014/F3_VivadoHLS/hls_prj/F3_VivadoHLS_core/.autopilot/db/option.bc" "/home/sf306/phd_codebase/FPL2014/F3_VivadoHLS/hls_prj/F3_VivadoHLS_core/.autopilot/db/underlying.bc" "/home/sf306/phd_codebase/FPL2014/F3_VivadoHLS/hls_prj/F3_VivadoHLS_core/.autopilot/db/vivado_core.bc"  -disable-opt  -L/opt/Xilinx/2013.3/Vivado_HLS/2013.3/lnx64/lib -lm_basic -o "/home/sf306/phd_codebase/FPL2014/F3_VivadoHLS/hls_prj/F3_VivadoHLS_core/.autopilot/db/a.o.pre"
@I [HLS-0] Link time: 0 seconds per iteration
@I [HLS-0] Linking all ...
@I [HLS-0] exec llvm-ld  "/home/sf306/phd_codebase/FPL2014/F3_VivadoHLS/hls_prj/F3_VivadoHLS_core/.autopilot/db/option.g.bc" "/home/sf306/phd_codebase/FPL2014/F3_VivadoHLS/hls_prj/F3_VivadoHLS_core/.autopilot/db/underlying.g.bc" "/home/sf306/phd_codebase/FPL2014/F3_VivadoHLS/hls_prj/F3_VivadoHLS_core/.autopilot/db/vivado_core.g.bc"  -disable-opt  -L/opt/Xilinx/2013.3/Vivado_HLS/2013.3/lnx64/lib -lm_basic -o "/home/sf306/phd_codebase/FPL2014/F3_VivadoHLS/hls_prj/F3_VivadoHLS_core/.autopilot/db/a.g.pre"
@I [HLS-0] Link time: 0 seconds per iteration
@I [HLS-100] Command "opt_and_import_c a -opt_level=2 -skip_syncheck=0 -ng=0 "
@I [HLS-100] Command "cleanup_all_models "
@I [HLS-100] Command 'cleanup_all_models' returned 0; elapsed 0Total elapsed time: 3.133 sec.
@I [HLS-10] Checking synthesizability ...
@0 [HLS-0] Checking synthesizability ...
@I [HLS-0] std xform: transform -hls -share-std-xform -always-inline -promote-dbg-pointer  -interface-preproc  -scalarrepl -mem2reg -keep-read-access -instcombine -dce  -promote-dbg-pointer  -bitop-raise  -basicaa  -simplifycfg -mem2reg -globalopt  -global-constprop -deadargelim -instcombine -simplifycfg  -prune-eh -simplifycfg  -scalarrepl -instcombine -reassociate -licm  -simplifycfg -loop-simplify -indvars -instcombine  -simplifycfg -mem2reg -loop-simplify -indvars -instcombine  -gvn -gvn -instcombine -dse -adce  -break-crit-edges  -simplifycfg -loop-delete  -global-array-opt  -find-syn-modules -top vivado_activity_thread  -deadargelim  -mem2reg -instcombine -dce  -presyn-prepare -auto-rom-infer  -syn-check -check-rec-only  -find-region -simplifycfg -func-extr -function-inline  -mem2reg -instcombine -dce   -gvn -adce -adse  -constprop -instcombine -bit-constprop  -instcombine -dce -simplifycfg -bitop-raise  -simplifycfg -dce -loop-delete  -globalopt -global-privatize -mem2reg -dce  -global-constprop -pointer-simplify -constprop -dce  -promote-dbg-pointer  -norm-name   /home/sf306/phd_codebase/FPL2014/F3_VivadoHLS/hls_prj/F3_VivadoHLS_core/.autopilot/db/a.g.bc -o /home/sf306/phd_codebase/FPL2014/F3_VivadoHLS/hls_prj/F3_VivadoHLS_core/.autopilot/db/a.g.1.bc -f  -phase std-opt
@I [HLS-0] Std xform time: 0 seconds per iteration
@I [HLS-0] syn check 1/2: transform -hls -syn-check -check-rec-only -disaggr -scalarrepl -norm-name -dce  -mem2reg -instcombine  -directive-preproc -mem2reg -dse -dce -auto-rom-infer -dce  -array-normalize -instcombine -dce  -array-seg-normalize -instcombine -dce  -array-flatten -instcombine -dce  -array-burst -dce  -deadargelim -promote-global-argument  -doublePtrSimplify -doublePtrElim -dce  -doublePtrSimplify -promote-dbg-pointer  -dce -scalarrepl -dse -adse -instcombine  -ptrLegalization  -simplifycfg -dce -instcombine  -pointer-simplify -ptrArgReplace -dce -instcombine   -disaggr -scalarrepl -norm-name -dce  -mem2reg -instcombine -ptrLegalization   -simplifycfg  -instcombine -dce -inst-simplify  -directive-preproc -mem2reg -dse -dce  -globaldce    /home/sf306/phd_codebase/FPL2014/F3_VivadoHLS/hls_prj/F3_VivadoHLS_core/.autopilot/db/a.g.1.bc -o /home/sf306/phd_codebase/FPL2014/F3_VivadoHLS/hls_prj/F3_VivadoHLS_core/.autopilot/db/a.g.2.prechk.bc -f
@I [HLS-0] Syn check 1/2 time: 0 seconds per iteration
@I [HLS-0] syn check 2/2: transform -syn-check   -interface-gen -constprop -dse -dce  /home/sf306/phd_codebase/FPL2014/F3_VivadoHLS/hls_prj/F3_VivadoHLS_core/.autopilot/db/a.g.2.prechk.bc -o /home/sf306/phd_codebase/FPL2014/F3_VivadoHLS/hls_prj/F3_VivadoHLS_core/.autopilot/db/a.g.2.bc -f  -phase syn-check
@I [HLS-0] Syn check 2/2 time: 0 seconds per iteration
@I [HLS-10] Starting code transformations ...
@0 [HLS-0] Starting code transformations ...
@I [HLS-0] Compiler optimizing ...
@I [HLS-0] Share syncheck's 1.bc for syn flow: copy /home/sf306/phd_codebase/FPL2014/F3_VivadoHLS/hls_prj/F3_VivadoHLS_core/.autopilot/db/a.g.1.bc to /home/sf306/phd_codebase/FPL2014/F3_VivadoHLS/hls_prj/F3_VivadoHLS_core/.autopilot/db/a.o.1.bc
@I [HLS-0] presyn 1: transform -hls  -directive-preproc -mem2reg -dse -dce  -disaggr -scalarrepl -norm-name -deadargelim  -mem2reg -instcombine -dce -auto-rom-infer -dce  -directive-preproc -mem2reg -dse -dce  -func-buffer -dce -array-normalize  -func-legal -instcombine -gvn -constprop -dce   -ptrArgReplace -mem2reg -instcombine -dce  -array-seg-normalize -global-constprop -deadargelim  -instcombine -dce  -pointer-simplify -dce  -data-pack -instcombine -dce   -loop-simplify -indvars -instcombine  -gvn -loop-simplify -mem2reg -dce -simplifycfg  -find-region -instcombine  -array-burst -dce  -inst-simplify  -interface-preproc  -indvars -auto-loop-unroll -loop-simplify -xunroll  -constprop -instcombine -simplifycfg -indvars  -simplifycfg -dce -globaldce  -gvn -disable-agg-range -inst-simplify  -constprop -simplifycfg -dce  -pointer-simplify -dce  -array-transform-check  -globalopt -constprop -dce  -array-promote -constprop -instcombine -dce -auto-par -array-partition -instcombine -dce  -global-constprop -deadargelim -ptrArgReplace -mem2reg  -func-legal -instcombine -dce  -array-reshape -instcombine -simplifycfg -dce   -mem-intrinsic-preproc -dce  -global-privatize  -mem2reg -globaldce  -promote-global-argument  -ptrArgReplace -mem2reg -instcombine -dce  -globalopt -mergereturn -simplify-global-access -mem2reg -dce  -pointer-simplify -dce  -functionattrs  -basicaa -aggr-aa -aggrmodref-aa -aggr-aa -gvn -gvn  -basicaa -aggr-aa -aggrmodref-aa -aggr-aa -dse -adse -adce  -inst-simplify -dce -norm-name  -function-inline  -func-inst -constprop -instcombine -simplifycfg -dce  -func-legal -dce   -directive-preproc -mem2reg -dse -dce  -loop-bound  -arraycheck -bitwidthmin -on-by-dataflow  -instcombine -simplifycfg -dce -loop-simplify -simplifycfg -loop-stream -instcombine -simplifycfg -dce -globaldce  -funstream-prep -function-stream -dce -globaldce  -array-streaming -instcombine -simplifycfg -dce      -group-axi-access  -simplifycfg -dce -loop-delete  -norm-name  /home/sf306/phd_codebase/FPL2014/F3_VivadoHLS/hls_prj/F3_VivadoHLS_core/.autopilot/db/a.o.1.bc -o /home/sf306/phd_codebase/FPL2014/F3_VivadoHLS/hls_prj/F3_VivadoHLS_core/.autopilot/db/a.o.1.tmp.bc -f
@I [XFORM-602] Inlining function 'underlying_underlying_path' into 'vivado_activity_thread' (srcs/vivado_core.c:55) automatically.
@I [XFORM-602] Inlining function 'option_derivative_payoff' into 'vivado_activity_thread' (srcs/vivado_core.c:61) automatically.
@I [HLS-0] Presyn 1 time: 0 seconds per iteration
@I [HLS-0] presyn 2: transform -hls -keep-callgraph -scalarrepl -mem2reg  -indvars -loop-bound  -instcombine -dce  -merge-array-access -mem2reg -dce  -clean-region -mergereturn -if-conv  -instcombine -dce -constprop  -basicaa -aggr-aa -aggrmodref-aa -aggr-aa -gvn -gvn  -basicaa -aggr-aa -aggrmodref-aa -aggr-aa -dse -adse -adce  -scalarrepl -mem2reg  -global-constprop -deadargelim -deadargelim  -instcombine -dce -simplifycfg    -ptrArgReplace -mem2reg -function-inline  -mem2reg -instcombine -dce -expr-balance  -instcombine -dce  -bitwidthmin  -directive-preproc  -inst-rectify -instcombine -dce  -functionattrs  -constprop -instcombine -bit-constprop  -globalopt -globaldce  -inst-simplify -instcombine -elimdeaddata -dce  -loop-delete -simplifycfg   -norm-name /home/sf306/phd_codebase/FPL2014/F3_VivadoHLS/hls_prj/F3_VivadoHLS_core/.autopilot/db/a.o.1.tmp.bc -o /home/sf306/phd_codebase/FPL2014/F3_VivadoHLS/hls_prj/F3_VivadoHLS_core/.autopilot/db/a.o.2.bc -f  -phase presyn
@I [XFORM-401] Performing if-conversion on hyperblock from (srcs/option.c:25:37) to (srcs/vivado_core.c:43:17) in function 'vivado_activity_thread'... converting 4 basic blocks.
@I [HLS-0] Presyn 2 time: 0 seconds per iteration
@I [HLS-0] build ssdm: transform -hls -function-uniquify -auto-function-inline  -loop-simplify -indvars -licm -loop-dep  -loop-bound -licm -loop-simplify -flattenloopnest  -array-flatten -gvn -instcombine -dce  -promote-global-argument  -array-map -dce -func-legal  -gvn -adce -instcombine -cfgopt -simplifycfg -loop-simplify   -basicaa -aggrmodref-aa -globalsmodref-aa -aggr-aa -gvn -gvn  -basicaa -aggrmodref-aa -globalsmodref-aa -aggr-aa -dse -adse -adce  -inst-simplify -dce  -array-streaming -instcombine  -dce   -deadargelim -doublePtrSimplify -doublePtrElim  -dce -doublePtrSimplify -promote-dbg-pointer -dce  -scalarrepl -mem2reg -disaggr -norm-name -mem2reg  -instcombine  -dse -adse -adce -ptrLegalization -dce -instcombine  -loop-rot -constprop -cfgopt -simplifycfg -indvars -pointer-simplify -dce -loop-bound  -loop-simplify -loop-preproc  -constprop -gvn -mem2reg -instcombine -dce  -loop-merge -dce  -bitwidthmin  -directive-preproc -inst-simplify -dce  -interface-gen -gvn -mem2reg -instcombine -dce -adse  -loop-bound  -instcombine -cfgopt -simplifycfg -loop-simplify  -clean-region -io-protocol  -find-region -mem2reg  -loop-simplify -phi-opt -bitop-raise  -inst-simplify -inst-rectify -instcombine -adce  -cfgopt -simplifycfg -strip-dead-prototypes  -interface-lower -bitop-lower -intrinsic-lower  -basicaa -aggrmodref-aa -globalsmodref-aa -aggr-aa  -inst-simplify -simplifycfg   -mergereturn -inst-simplify -inst-rectify -dce -bitop-lower  -loop-rewind -cfgopt  -norm-name -legalize -read-loop-dep -dce -bitwidth   -cdfg-build  /home/sf306/phd_codebase/FPL2014/F3_VivadoHLS/hls_prj/F3_VivadoHLS_core/.autopilot/db/a.o.2.bc -o /home/sf306/phd_codebase/FPL2014/F3_VivadoHLS/hls_prj/F3_VivadoHLS_core/.autopilot/db/a.o.3.bc -f  -phase build-ssdm
@I [HLS-0] Build ssdm time: 0 seconds per iteration
@I [HLS-0] Finish building internal data model.
@I [HLS-100] Command 'opt_and_import_c' returned 0; elapsed 0.49Total elapsed time: 3.661 sec.
@I [HLS-111] Elapsed time: 1.04 seconds; current memory usage: 49 MB.
@I [HLS-100] Command 'elaborate' returned 0; elapsed 0.74Total elapsed time: 3.661 sec.
@I [HLS-100] Command "autosyn "
@I [HLS-10] Starting hardware synthesis ...
@0 [HLS-0] Starting hardware synthesis ...
@I [HLS-0] Synthesizing C/C++ design ...
@I [HLS-10] Synthesizing 'vivado_activity_thread' ...
@0 [HLS-0] Synthesizing 'vivado_activity_thread' ...
@I [HLS-100] Command "ap_set_top_model vivado_activity_thread "
@I [HLS-100] Command 'ap_set_top_model' returned 0; elapsed 0Total elapsed time: 3.662 sec.
@I [HLS-100] Command "get_model_list vivado_activity_thread -filter all-wo-channel -topdown "
@I [HLS-100] Command 'get_model_list' returned 0; elapsed 0Total elapsed time: 3.663 sec.
@I [HLS-100] Command "preproc_iomode -model vivado_activity_thread "
@I [HLS-100] Command 'preproc_iomode' returned 0; elapsed 0Total elapsed time: 3.663 sec.
@I [HLS-100] Command "get_model_list vivado_activity_thread -filter all-wo-channel "
@I [HLS-100] Command 'get_model_list' returned 0; elapsed 0Total elapsed time: 3.664 sec.
@I [HLS-0] Model list for configure: vivado_activity_thread
@I [HLS-0] Configuring Module : vivado_activity_thread ...
@I [HLS-100] Command "set_default_model vivado_activity_thread "
@I [HLS-100] Command 'set_default_model' returned 0; elapsed 0Total elapsed time: 3.664 sec.
@I [HLS-100] Command "apply_spec_resource_limit vivado_activity_thread "
@I [HLS-100] Command 'apply_spec_resource_limit' returned 0; elapsed 0Total elapsed time: 3.664 sec.
@I [HLS-0] Model list for preprocess: vivado_activity_thread
@I [HLS-0] Preprocessing Module: vivado_activity_thread ...
@I [HLS-100] Command "set_default_model vivado_activity_thread "
@I [HLS-100] Command 'set_default_model' returned 0; elapsed 0Total elapsed time: 3.664 sec.
@I [HLS-100] Command "cdfg_preprocess -model vivado_activity_thread "
@I [HLS-100] Command 'cdfg_preprocess' returned 0; elapsed 0Total elapsed time: 3.666 sec.
@I [HLS-100] Command "rtl_gen_preprocess vivado_activity_thread "
@I [HLS-100] Command 'rtl_gen_preprocess' returned 0; elapsed 0Total elapsed time: 3.667 sec.
@I [HLS-0] Model list for synthesis: vivado_activity_thread
@I [HLS-10] ----------------------------------------------------------------
@0 [HLS-0] ----------------------------------------------------------------
@I [HLS-10] -- Scheduling module 'vivado_activity_thread' 
@0 [HLS-0] -- Scheduling module 'vivado_activity_thread' 
@I [HLS-10] ----------------------------------------------------------------
@0 [HLS-0] ----------------------------------------------------------------
@I [HLS-100] Command "set_default_model vivado_activity_thread "
@I [HLS-100] Command 'set_default_model' returned 0; elapsed 0Total elapsed time: 3.667 sec.
@I [HLS-100] Command "schedule -model vivado_activity_thread "
@I [SCHED-11] Starting scheduling ...
@I [SCHED-11] Finished scheduling.
@I [HLS-100] Command 'schedule' returned 0; elapsed 0.04Total elapsed time: 3.711 sec.
@I [HLS-111] Elapsed time: 0.05 seconds; current memory usage: 49.5 MB.
@I [HLS-100] Command "report -o /home/sf306/phd_codebase/FPL2014/F3_VivadoHLS/hls_prj/F3_VivadoHLS_core/.autopilot/db/vivado_activity_thread.verbose.sched.rpt -verbose -f "
@I [HLS-100] Command 'report' returned 0; elapsed 0.01Total elapsed time: 3.716 sec.
@I [HLS-100] Command "db_write -o /home/sf306/phd_codebase/FPL2014/F3_VivadoHLS/hls_prj/F3_VivadoHLS_core/.autopilot/db/vivado_activity_thread.sched.adb -f "
@I [HLS-100] Command 'db_write' returned 0; elapsed 0Total elapsed time: 3.723 sec.
@I [HLS-0] Finish scheduling vivado_activity_thread.
@I [HLS-10] ----------------------------------------------------------------
@0 [HLS-0] ----------------------------------------------------------------
@I [HLS-10] -- Exploring micro-architecture for module 'vivado_activity_thread' 
@0 [HLS-0] -- Exploring micro-architecture for module 'vivado_activity_thread' 
@I [HLS-10] ----------------------------------------------------------------
@0 [HLS-0] ----------------------------------------------------------------
@I [HLS-100] Command "set_default_model vivado_activity_thread "
@I [HLS-100] Command 'set_default_model' returned 0; elapsed 0Total elapsed time: 3.723 sec.
@I [HLS-100] Command "bind -model vivado_activity_thread "
@I [BIND-110] clear=
@I [BIND-110] debug=
@I [BIND-110] drf=
@I [BIND-110] effort=
@I [BIND-110] fast_refine=
@I [BIND-110] fu_weight=[ 0.0 -- 1.0 ]
@I [BIND-110] global_opt=
@I [BIND-110] gsearch=
@I [BIND-110] help=
@I [BIND-110] help-hidden=
@I [BIND-110] min_mem_port=
@I [BIND-110] min_op=
@I [BIND-110] minreg=
@I [BIND-110] ml=
@I [BIND-110] model=vivado_activity_thread
@I [BIND-110] no_false_path=
@I [BIND-110] no_min_op=
@I [BIND-110] normalize=
@I [BIND-110] quiet=
@I [BIND-110] refine=
@I [BIND-110] reg_weight=[ 0.0 -- 1.0 ]
@I [BIND-110] search=
@I [BIND-110] tight_delay=
@I [BIND-110] verbose=
@I [BIND-110] wFF=
@I [BIND-110] wFU=
@I [BIND-110] wMUX=
@I [BIND-110] wNET=
@I [BIND-100] Starting micro-architecture generation ...
@I [BIND-101] Performing variable lifetime analysis.
@I [BIND-101] Exploring resource sharing.
@I [BIND-101] Binding ...
@I [BIND-100] Finished micro-architecture generation.
@I [HLS-100] Command 'bind' returned 0; elapsed 0.01Total elapsed time: 3.728 sec.
@I [HLS-111] Elapsed time: 0.02 seconds; current memory usage: 49.8 MB.
@I [HLS-100] Command "report -o /home/sf306/phd_codebase/FPL2014/F3_VivadoHLS/hls_prj/F3_VivadoHLS_core/.autopilot/db/vivado_activity_thread.verbose.bind.rpt -verbose -f "
@I [HLS-100] Command 'report' returned 0; elapsed 0Total elapsed time: 3.739 sec.
@I [HLS-100] Command "db_write -o /home/sf306/phd_codebase/FPL2014/F3_VivadoHLS/hls_prj/F3_VivadoHLS_core/.autopilot/db/vivado_activity_thread.bind.adb -f "
@I [HLS-100] Command 'db_write' returned 0; elapsed 0.02Total elapsed time: 3.746 sec.
@I [HLS-0] Finish binding vivado_activity_thread.
@I [HLS-100] Command "get_model_list vivado_activity_thread -filter all-wo-channel "
@I [HLS-100] Command 'get_model_list' returned 0; elapsed 0Total elapsed time: 3.747 sec.
@I [HLS-0] Preprocessing for RTLGen ...
@I [HLS-100] Command "rtl_gen_preprocess vivado_activity_thread "
@I [HLS-100] Command 'rtl_gen_preprocess' returned 0; elapsed 0Total elapsed time: 3.747 sec.
@I [HLS-0] Model list for RTL generation: vivado_activity_thread
@I [HLS-10] ----------------------------------------------------------------
@0 [HLS-0] ----------------------------------------------------------------
@I [HLS-10] -- Generating RTL for module 'vivado_activity_thread' 
@0 [HLS-0] -- Generating RTL for module 'vivado_activity_thread' 
@I [HLS-10] ----------------------------------------------------------------
@0 [HLS-0] ----------------------------------------------------------------
@I [HLS-100] Command "create_rtl_model vivado_activity_thread -vendor xilinx -mg_file /home/sf306/phd_codebase/FPL2014/F3_VivadoHLS/hls_prj/F3_VivadoHLS_core/.autopilot/db/vivado_activity_thread.compgen.tcl "
@I [RTGEN-500] Setting interface mode on port 'vivado_activity_thread/thread_arg_thread_paths' to 'ap_none'.
@I [RTGEN-500] Setting interface mode on port 'vivado_activity_thread/thread_arg_path_points' to 'ap_vld'.
@I [RTGEN-500] Setting interface mode on port 'vivado_activity_thread/thread_arg_thread_result' to 'ap_vld'.
@I [RTGEN-500] Setting interface mode on port 'vivado_activity_thread/thread_arg_thread_result_sqrd' to 'ap_vld'.
@I [RTGEN-500] Setting interface mode on port 'vivado_activity_thread/thread_arg_u_a_0_rfir' to 'ap_none'.
@I [RTGEN-500] Setting interface mode on port 'vivado_activity_thread/thread_arg_u_a_0_current_price' to 'ap_none'.
@I [RTGEN-500] Setting interface mode on port 'vivado_activity_thread/thread_arg_o_a_0_strike_price' to 'ap_none'.
@I [RTGEN-500] Setting interface mode on port 'vivado_activity_thread/thread_arg_o_a_0_time_period' to 'ap_none'.
@I [RTGEN-500] Setting interface mode on port 'vivado_activity_thread/thread_arg_o_a_0_call' to 'ap_none'.
@I [RTGEN-500] Setting interface mode on function 'vivado_activity_thread' to 'ap_ctrl_hs'.
@W [RTGEN-101] Port 'vivado_activity_thread/thread_arg_thread_paths' has no fanin or fanout and is left dangling.
               Please use C simulation to confirm this function argument can be read from or written to.
@I [RTGEN-100] Generating core module 'vivado_activity_thread_faddfsub_32ns_32ns_32_5_full_dsp': 1 instance(s).
@I [RTGEN-100] Generating core module 'vivado_activity_thread_fcmp_32ns_32ns_1_3': 1 instance(s).
@I [RTGEN-100] Generating core module 'vivado_activity_thread_fexp_32ns_32ns_32_9_full_dsp': 1 instance(s).
@I [RTGEN-100] Generating core module 'vivado_activity_thread_fmul_32ns_32ns_32_4_max_dsp': 1 instance(s).
@I [RTGEN-100] Finished creating RTL model for 'vivado_activity_thread'.
@I [HLS-100] Command 'create_rtl_model' returned 0; elapsed 0.01Total elapsed time: 3.758 sec.
@I [HLS-111] Elapsed time: 0.03 seconds; current memory usage: 50.1 MB.
@I [HLS-100] Command "source /home/sf306/phd_codebase/FPL2014/F3_VivadoHLS/hls_prj/F3_VivadoHLS_core/.autopilot/db/vivado_activity_thread.rtl_wrap.cfg.tcl "
@I [HLS-100] Command 'ap_source' returned 0; elapsed 0Total elapsed time: 3.760 sec.
@I [HLS-100] Command "gen_rtl vivado_activity_thread -istop -style xilinx -tracefl mytrace -tracefmt vcd -traceopt all -f -lang sc -o /home/sf306/phd_codebase/FPL2014/F3_VivadoHLS/hls_prj/F3_VivadoHLS_core/syn/systemc/vivado_activity_thread -synmodules vivado_activity_thread "
@I [HLS-100] Command 'gen_rtl' returned 0; elapsed 0Total elapsed time: 3.762 sec.
@I [HLS-100] Command "gen_rtl vivado_activity_thread -istop -style xilinx -f -lang vhdl -o /home/sf306/phd_codebase/FPL2014/F3_VivadoHLS/hls_prj/F3_VivadoHLS_core/syn/vhdl/vivado_activity_thread "
@I [HLS-100] Command 'gen_rtl' returned 0; elapsed 0Total elapsed time: 3.765 sec.
@I [HLS-100] Command "gen_rtl vivado_activity_thread -istop -style xilinx -f -lang vlog -o /home/sf306/phd_codebase/FPL2014/F3_VivadoHLS/hls_prj/F3_VivadoHLS_core/syn/verilog/vivado_activity_thread "
@I [HLS-100] Command 'gen_rtl' returned 0; elapsed 0Total elapsed time: 3.767 sec.
@I [HLS-100] Command "export_constraint_db -o /home/sf306/phd_codebase/FPL2014/F3_VivadoHLS/hls_prj/F3_VivadoHLS_core/.autopilot/db/vivado_activity_thread.constraint.tcl -f -tool general "
@I [HLS-100] Command 'export_constraint_db' returned 0; elapsed 0Total elapsed time: 3.768 sec.
@I [HLS-100] Command "report -model vivado_activity_thread -o /home/sf306/phd_codebase/FPL2014/F3_VivadoHLS/hls_prj/F3_VivadoHLS_core/.autopilot/db/vivado_activity_thread.design.xml -verbose -f -dv "
@I [HLS-100] Command 'report' returned 0; elapsed 0.01Total elapsed time: 3.771 sec.
@I [HLS-100] Command "gen_tb_info vivado_activity_thread -o /home/sf306/phd_codebase/FPL2014/F3_VivadoHLS/hls_prj/F3_VivadoHLS_core/.autopilot/db/vivado_activity_thread -p /home/sf306/phd_codebase/FPL2014/F3_VivadoHLS/hls_prj/F3_VivadoHLS_core/.autopilot/db "
@I [HLS-100] Command 'gen_tb_info' returned 0; elapsed 0Total elapsed time: 3.772 sec.
@I [HLS-100] Command "report -model vivado_activity_thread -o /home/sf306/phd_codebase/FPL2014/F3_VivadoHLS/hls_prj/F3_VivadoHLS_core/syn/report/vivado_activity_thread_csynth.rpt -f "
@I [HLS-100] Command 'report' returned 0; elapsed 0Total elapsed time: 3.776 sec.
@I [HLS-100] Command "report -model vivado_activity_thread -o /home/sf306/phd_codebase/FPL2014/F3_VivadoHLS/hls_prj/F3_VivadoHLS_core/syn/report/vivado_activity_thread_csynth.xml -f -x "
@I [HLS-100] Command 'report' returned 0; elapsed 0Total elapsed time: 3.777 sec.
@I [HLS-100] Command "report -model vivado_activity_thread -o /home/sf306/phd_codebase/FPL2014/F3_VivadoHLS/hls_prj/F3_VivadoHLS_core/.autopilot/db/vivado_activity_thread.verbose.rpt -verbose -f "
@I [HLS-100] Command 'report' returned 0; elapsed 0.02Total elapsed time: 3.791 sec.
@I [HLS-100] Command "db_write -model vivado_activity_thread -o /home/sf306/phd_codebase/FPL2014/F3_VivadoHLS/hls_prj/F3_VivadoHLS_core/.autopilot/db/vivado_activity_thread.adb -f "
@I [HLS-100] Command 'db_write' returned 0; elapsed 0.01Total elapsed time: 3.800 sec.
@I [HLS-100] Command "sc_get_clocks vivado_activity_thread "
@I [HLS-100] Command 'sc_get_clocks' returned 0; elapsed 0Total elapsed time: 3.809 sec.
@I [HLS-100] Command "sc_get_portdomain vivado_activity_thread "
@I [HLS-100] Command 'sc_get_portdomain' returned 0; elapsed 0Total elapsed time: 3.809 sec.
@I [HLS-0] Model list for RTL component generation: vivado_activity_thread
@I [HLS-0] Handling components in module [vivado_activity_thread] ... 
@I [HLS-100] Command "source /home/sf306/phd_codebase/FPL2014/F3_VivadoHLS/hls_prj/F3_VivadoHLS_core/.autopilot/db/vivado_activity_thread.compgen.tcl "
@I [HLS-0] Found component vivado_activity_thread_faddfsub_32ns_32ns_32_5_full_dsp.
@I [HLS-0] Append model vivado_activity_thread_faddfsub_32ns_32ns_32_5_full_dsp
@I [HLS-0] Found component vivado_activity_thread_fmul_32ns_32ns_32_4_max_dsp.
@I [HLS-0] Append model vivado_activity_thread_fmul_32ns_32ns_32_4_max_dsp
@I [HLS-0] Found component vivado_activity_thread_fcmp_32ns_32ns_1_3.
@I [HLS-0] Append model vivado_activity_thread_fcmp_32ns_32ns_1_3
@I [HLS-0] Found component vivado_activity_thread_fexp_32ns_32ns_32_9_full_dsp.
@I [HLS-0] Append model vivado_activity_thread_fexp_32ns_32ns_32_9_full_dsp
@I [HLS-100] Command 'ap_source' returned 0; elapsed 0Total elapsed time: 3.810 sec.
@I [HLS-0] Append model vivado_activity_thread
@I [HLS-0] Generating RTL model list ...
@I [HLS-0] All models in this session: vivado_activity_thread_faddfsub_32ns_32ns_32_5_full_dsp vivado_activity_thread_fmul_32ns_32ns_32_4_max_dsp vivado_activity_thread_fcmp_32ns_32ns_1_3 vivado_activity_thread_fexp_32ns_32ns_32_9_full_dsp vivado_activity_thread
@I [HLS-0] To file: write model vivado_activity_thread_faddfsub_32ns_32ns_32_5_full_dsp
@I [HLS-0] To file: write model vivado_activity_thread_fmul_32ns_32ns_32_4_max_dsp
@I [HLS-0] To file: write model vivado_activity_thread_fcmp_32ns_32ns_1_3
@I [HLS-0] To file: write model vivado_activity_thread_fexp_32ns_32ns_32_9_full_dsp
@I [HLS-0] To file: write model vivado_activity_thread
@I [HLS-0] Finished generating RTL model list.


@I [HLS-0] RTL Generation done.
@I [HLS-0] CAS Generation done.
@I [HLS-0] CBC Generation done.
@I [HLS-100] Command "export_ssdm /home/sf306/phd_codebase/FPL2014/F3_VivadoHLS/hls_prj/F3_VivadoHLS_core/.autopilot/db/a.export.ll "
@I [HLS-100] Command 'export_ssdm' returned 0; elapsed 0Total elapsed time: 3.811 sec.
@I [HLS-100] Command "source /home/sf306/phd_codebase/FPL2014/F3_VivadoHLS/hls_prj/F3_VivadoHLS_core/.autopilot/db/global.setting.tcl "
@I [HLS-100] Command 'ap_source' returned 0; elapsed 0Total elapsed time: 3.812 sec.
@I [HLS-100] Command "source /opt/Xilinx/2013.3/Vivado_HLS/2013.3/common/technology/generic/autopilot/common.gen "
@I [HLS-100] Command "source /opt/Xilinx/2013.3/Vivado_HLS/2013.3/common/technology/generic/autopilot/APCoreGen.gen "
@I [HLS-100] Command 'ap_source' returned 0; elapsed 0Total elapsed time: 3.813 sec.
@I [HLS-100] Command 'ap_source' returned 0; elapsed 0Total elapsed time: 3.814 sec.
@I [HLS-100] Command "source /opt/Xilinx/2013.3/Vivado_HLS/2013.3/common/technology/generic/autopilot/op.gen "
@I [HLS-100] Command 'ap_source' returned 0; elapsed 0Total elapsed time: 3.814 sec.
@I [HLS-100] Command "source /opt/Xilinx/2013.3/Vivado_HLS/2013.3/common/technology/generic/autopilot/op_simcore.gen "
@I [HLS-100] Command 'ap_source' returned 0; elapsed 0Total elapsed time: 3.814 sec.
@I [HLS-100] Command "source /opt/Xilinx/2013.3/Vivado_HLS/2013.3/common/technology/generic/autopilot/interface.gen "
@I [HLS-100] Command 'ap_source' returned 0; elapsed 0Total elapsed time: 3.814 sec.
@I [HLS-100] Command "source /home/sf306/phd_codebase/FPL2014/F3_VivadoHLS/hls_prj/F3_VivadoHLS_core/.autopilot/db/global.setting.tcl "
@I [HLS-100] Command 'ap_source' returned 0; elapsed 0Total elapsed time: 3.814 sec.
@I [HLS-100] Command "source /opt/Xilinx/2013.3/Vivado_HLS/2013.3/common/technology/xilinx/zynq/zynq.gen "
@I [HLS-100] Command "source /opt/Xilinx/2013.3/Vivado_HLS/2013.3/common/technology/xilinx/common/virtex.gen "
@I [HLS-100] Command "source /opt/Xilinx/2013.3/Vivado_HLS/2013.3/common/technology/xilinx/common/xilinx.gen "
@I [HLS-100] Command "source /opt/Xilinx/2013.3/Vivado_HLS/2013.3/common/technology/xilinx/interface/plb46.gen "
@I [HLS-100] Command 'ap_source' returned 0; elapsed 0Total elapsed time: 3.815 sec.
@I [HLS-100] Command "source /opt/Xilinx/2013.3/Vivado_HLS/2013.3/common/technology/xilinx/interface/fsl.gen "
@I [HLS-100] Command 'ap_source' returned 0; elapsed 0Total elapsed time: 3.816 sec.
@I [HLS-100] Command "source /opt/Xilinx/2013.3/Vivado_HLS/2013.3/common/technology/xilinx/interface/axi4.gen "
@I [HLS-100] Command 'ap_source' returned 0; elapsed 0Total elapsed time: 3.817 sec.
@I [HLS-100] Command "source /opt/Xilinx/2013.3/Vivado_HLS/2013.3/common/technology/xilinx/scripts/xilinxcoregen.gen "
@I [HLS-100] Command 'ap_source' returned 0; elapsed 0Total elapsed time: 3.821 sec.
@I [HLS-100] Command "source /opt/Xilinx/2013.3/Vivado_HLS/2013.3/common/technology/xilinx/interface/XilEDKCoreGen.gen "
@I [HLS-100] Command 'ap_source' returned 0; elapsed 0.01Total elapsed time: 3.826 sec.
@I [HLS-100] Command "source /opt/Xilinx/2013.3/Vivado_HLS/2013.3/common/technology/xilinx/ip/util.gen "
@I [HLS-100] Command 'ap_source' returned 0; elapsed 0Total elapsed time: 3.826 sec.
@I [HLS-100] Command "source /opt/Xilinx/2013.3/Vivado_HLS/2013.3/common/technology/xilinx/ip/xfir.gen "
@I [HLS-100] Command 'ap_source' returned 0; elapsed 0.01Total elapsed time: 3.841 sec.
@I [HLS-100] Command "source /opt/Xilinx/2013.3/Vivado_HLS/2013.3/common/technology/xilinx/ip/xfft.gen "
@I [HLS-100] Command 'ap_source' returned 0; elapsed 0.08Total elapsed time: 3.916 sec.
@I [HLS-100] Command 'ap_source' returned 0; elapsed 0.1Total elapsed time: 3.916 sec.
@I [HLS-100] Command "source /opt/Xilinx/2013.3/Vivado_HLS/2013.3/common/technology/xilinx/common/dsp48.gen "
@I [HLS-100] Command 'ap_source' returned 0; elapsed 0Total elapsed time: 3.917 sec.
@I [HLS-100] Command 'ap_source' returned 0; elapsed 0.1Total elapsed time: 3.917 sec.
@I [HLS-100] Command 'ap_source' returned 0; elapsed 0.1Total elapsed time: 3.917 sec.
@I [HLS-100] Command "source /opt/Xilinx/2013.3/Vivado_HLS/2013.3/common/technology/xilinx/zynq/zynq_fpv6.gen "
@I [HLS-100] Command "source /opt/Xilinx/2013.3/Vivado_HLS/2013.3/common/technology/xilinx/common/xilinx_fpv6.gen "
@I [HLS-100] Command 'ap_source' returned 0; elapsed 0Total elapsed time: 3.918 sec.
@I [HLS-100] Command 'ap_source' returned 0; elapsed 0Total elapsed time: 3.918 sec.
@I [HLS-100] Command "source /home/sf306/phd_codebase/FPL2014/F3_VivadoHLS/hls_prj/F3_VivadoHLS_core/.autopilot/db/global.setting.tcl "
@I [HLS-100] Command 'ap_source' returned 0; elapsed 0Total elapsed time: 3.919 sec.
@I [HLS-100] Command "source /home/sf306/phd_codebase/FPL2014/F3_VivadoHLS/hls_prj/F3_VivadoHLS_core/.autopilot/db/global.setting.tcl "
@I [HLS-100] Command 'ap_source' returned 0; elapsed 0Total elapsed time: 3.919 sec.
@I [HLS-100] Command "source /home/sf306/phd_codebase/FPL2014/F3_VivadoHLS/hls_prj/F3_VivadoHLS_core/.autopilot/db/vivado_activity_thread.compgen.tcl "
@I [HLS-100] Command 'ap_source' returned 0; elapsed 0.04Total elapsed time: 3.961 sec.
@I [HLS-10] Finished generating all RTL models.
@0 [HLS-0] Finished generating all RTL models.
@I [WSYSC-301] Generating RTL SystemC for 'vivado_activity_thread'.
@I [WVHDL-304] Generating RTL VHDL for 'vivado_activity_thread'.
@I [WVLOG-307] Generating RTL Verilog for 'vivado_activity_thread'.
@I [HLS-100] Command 'autosyn' returned 0; elapsed 0.34Total elapsed time: 4.3 sec.
@I [HLS-100] Command 'csynth_design' returned 0; elapsed 1.08Total elapsed time: 4.3 sec.
@I [HLS-100] Command "export_design -evaluate vhdl -format ip_catalog -vendor imperial -library F3 -version 1.0 "
@I [HLS-100] Command "source /home/sf306/phd_codebase/FPL2014/F3_VivadoHLS/hls_prj/F3_VivadoHLS_core/.autopilot/db/global.setting.tcl "
@I [HLS-100] Command 'ap_source' returned 0; elapsed 0Total elapsed time: 4.6 sec.
@I [HLS-100] Command "source /opt/Xilinx/2013.3/Vivado_HLS/2013.3/common/technology/generic/autopilot/common.gen "
@I [HLS-100] Command "source /opt/Xilinx/2013.3/Vivado_HLS/2013.3/common/technology/generic/autopilot/APCoreGen.gen "
@I [HLS-100] Command 'ap_source' returned 0; elapsed 0Total elapsed time: 4.8 sec.
@I [HLS-100] Command 'ap_source' returned 0; elapsed 0Total elapsed time: 4.8 sec.
@I [HLS-100] Command "source /opt/Xilinx/2013.3/Vivado_HLS/2013.3/common/technology/generic/autopilot/op.gen "
@I [HLS-100] Command 'ap_source' returned 0; elapsed 0Total elapsed time: 4.8 sec.
@I [HLS-100] Command "source /opt/Xilinx/2013.3/Vivado_HLS/2013.3/common/technology/generic/autopilot/op_simcore.gen "
@I [HLS-100] Command 'ap_source' returned 0; elapsed 0Total elapsed time: 4.9 sec.
@I [HLS-100] Command "source /opt/Xilinx/2013.3/Vivado_HLS/2013.3/common/technology/generic/autopilot/interface.gen "
@I [HLS-100] Command 'ap_source' returned 0; elapsed 0Total elapsed time: 4.9 sec.
@I [HLS-100] Command "source /home/sf306/phd_codebase/FPL2014/F3_VivadoHLS/hls_prj/F3_VivadoHLS_core/.autopilot/db/global.setting.tcl "
@I [HLS-100] Command 'ap_source' returned 0; elapsed 0Total elapsed time: 4.9 sec.
@I [HLS-100] Command "source /opt/Xilinx/2013.3/Vivado_HLS/2013.3/common/technology/xilinx/zynq/zynq.gen "
@I [HLS-100] Command "source /opt/Xilinx/2013.3/Vivado_HLS/2013.3/common/technology/xilinx/common/virtex.gen "
@I [HLS-100] Command "source /opt/Xilinx/2013.3/Vivado_HLS/2013.3/common/technology/xilinx/common/xilinx.gen "
@I [HLS-100] Command "source /opt/Xilinx/2013.3/Vivado_HLS/2013.3/common/technology/xilinx/interface/plb46.gen "
@I [HLS-100] Command 'ap_source' returned 0; elapsed 0Total elapsed time: 4.10 sec.
@I [HLS-100] Command "source /opt/Xilinx/2013.3/Vivado_HLS/2013.3/common/technology/xilinx/interface/fsl.gen "
@I [HLS-100] Command 'ap_source' returned 0; elapsed 0Total elapsed time: 4.10 sec.
@I [HLS-100] Command "source /opt/Xilinx/2013.3/Vivado_HLS/2013.3/common/technology/xilinx/interface/axi4.gen "
@I [HLS-100] Command 'ap_source' returned 0; elapsed 0Total elapsed time: 4.12 sec.
@I [HLS-100] Command "source /opt/Xilinx/2013.3/Vivado_HLS/2013.3/common/technology/xilinx/scripts/xilinxcoregen.gen "
@I [HLS-100] Command 'ap_source' returned 0; elapsed 0.01Total elapsed time: 4.16 sec.
@I [HLS-100] Command "source /opt/Xilinx/2013.3/Vivado_HLS/2013.3/common/technology/xilinx/interface/XilEDKCoreGen.gen "
@I [HLS-100] Command 'ap_source' returned 0; elapsed 0Total elapsed time: 4.21 sec.
@I [HLS-100] Command "source /opt/Xilinx/2013.3/Vivado_HLS/2013.3/common/technology/xilinx/ip/util.gen "
@I [HLS-100] Command 'ap_source' returned 0; elapsed 0Total elapsed time: 4.21 sec.
@I [HLS-100] Command "source /opt/Xilinx/2013.3/Vivado_HLS/2013.3/common/technology/xilinx/ip/xfir.gen "
@I [HLS-100] Command 'ap_source' returned 0; elapsed 0.02Total elapsed time: 4.37 sec.
@I [HLS-100] Command "source /opt/Xilinx/2013.3/Vivado_HLS/2013.3/common/technology/xilinx/ip/xfft.gen "
@I [HLS-100] Command 'ap_source' returned 0; elapsed 0.07Total elapsed time: 4.113 sec.
@I [HLS-100] Command 'ap_source' returned 0; elapsed 0.1Total elapsed time: 4.113 sec.
@I [HLS-100] Command "source /opt/Xilinx/2013.3/Vivado_HLS/2013.3/common/technology/xilinx/common/dsp48.gen "
@I [HLS-100] Command 'ap_source' returned 0; elapsed 0Total elapsed time: 4.113 sec.
@I [HLS-100] Command 'ap_source' returned 0; elapsed 0.1Total elapsed time: 4.114 sec.
@I [HLS-100] Command 'ap_source' returned 0; elapsed 0.1Total elapsed time: 4.114 sec.
@I [HLS-100] Command "source /opt/Xilinx/2013.3/Vivado_HLS/2013.3/common/technology/xilinx/zynq/zynq_fpv6.gen "
@I [HLS-100] Command "source /opt/Xilinx/2013.3/Vivado_HLS/2013.3/common/technology/xilinx/common/xilinx_fpv6.gen "
@I [HLS-100] Command 'ap_source' returned 0; elapsed 0.01Total elapsed time: 4.115 sec.
@I [HLS-100] Command 'ap_source' returned 0; elapsed 0.01Total elapsed time: 4.115 sec.
@I [HLS-100] Command "source /home/sf306/phd_codebase/FPL2014/F3_VivadoHLS/hls_prj/F3_VivadoHLS_core/.autopilot/db/global.setting.tcl "
@I [HLS-100] Command 'ap_source' returned 0; elapsed 0Total elapsed time: 4.115 sec.
@I [IMPL-8] Exporting RTL as an IP in IP-XACT.
@I [HLS-100] Command "source /home/sf306/phd_codebase/FPL2014/F3_VivadoHLS/hls_prj/F3_VivadoHLS_core/.autopilot/db/global.setting.tcl "
@I [HLS-100] Command 'ap_source' returned 0; elapsed 0Total elapsed time: 4.116 sec.
@I [HLS-100] Command "source /home/sf306/phd_codebase/FPL2014/F3_VivadoHLS/hls_prj/F3_VivadoHLS_core/.autopilot/db/global.setting.tcl "
@I [HLS-100] Command 'ap_source' returned 0; elapsed 0Total elapsed time: 4.118 sec.
@I [HLS-100] Command "source /opt/Xilinx/2013.3/Vivado_HLS/2013.3/common/technology/generic/autopilot/common.gen "
@I [HLS-100] Command "source /opt/Xilinx/2013.3/Vivado_HLS/2013.3/common/technology/generic/autopilot/APCoreGen.gen "
@I [HLS-100] Command 'ap_source' returned 0; elapsed 0Total elapsed time: 4.118 sec.
@I [HLS-100] Command 'ap_source' returned 0; elapsed 0Total elapsed time: 4.118 sec.
@I [HLS-100] Command "source /opt/Xilinx/2013.3/Vivado_HLS/2013.3/common/technology/generic/autopilot/op.gen "
@I [HLS-100] Command 'ap_source' returned 0; elapsed 0Total elapsed time: 4.118 sec.
@I [HLS-100] Command "source /opt/Xilinx/2013.3/Vivado_HLS/2013.3/common/technology/generic/autopilot/op_simcore.gen "
@I [HLS-100] Command 'ap_source' returned 0; elapsed 0Total elapsed time: 4.119 sec.
@I [HLS-100] Command "source /opt/Xilinx/2013.3/Vivado_HLS/2013.3/common/technology/generic/autopilot/interface.gen "
@I [HLS-100] Command 'ap_source' returned 0; elapsed 0Total elapsed time: 4.119 sec.
@I [HLS-100] Command "source /home/sf306/phd_codebase/FPL2014/F3_VivadoHLS/hls_prj/F3_VivadoHLS_core/.autopilot/db/global.setting.tcl "
@I [HLS-100] Command 'ap_source' returned 0; elapsed 0Total elapsed time: 4.119 sec.
@I [HLS-100] Command "source /opt/Xilinx/2013.3/Vivado_HLS/2013.3/common/technology/xilinx/zynq/zynq.gen "
@I [HLS-100] Command "source /opt/Xilinx/2013.3/Vivado_HLS/2013.3/common/technology/xilinx/common/virtex.gen "
@I [HLS-100] Command "source /opt/Xilinx/2013.3/Vivado_HLS/2013.3/common/technology/xilinx/common/xilinx.gen "
@I [HLS-100] Command "source /opt/Xilinx/2013.3/Vivado_HLS/2013.3/common/technology/xilinx/interface/plb46.gen "
@I [HLS-100] Command 'ap_source' returned 0; elapsed 0Total elapsed time: 4.120 sec.
@I [HLS-100] Command "source /opt/Xilinx/2013.3/Vivado_HLS/2013.3/common/technology/xilinx/interface/fsl.gen "
@I [HLS-100] Command 'ap_source' returned 0; elapsed 0Total elapsed time: 4.120 sec.
@I [HLS-100] Command "source /opt/Xilinx/2013.3/Vivado_HLS/2013.3/common/technology/xilinx/interface/axi4.gen "
@I [HLS-100] Command 'ap_source' returned 0; elapsed 0Total elapsed time: 4.122 sec.
@I [HLS-100] Command "source /opt/Xilinx/2013.3/Vivado_HLS/2013.3/common/technology/xilinx/scripts/xilinxcoregen.gen "
@I [HLS-100] Command 'ap_source' returned 0; elapsed 0Total elapsed time: 4.125 sec.
@I [HLS-100] Command "source /opt/Xilinx/2013.3/Vivado_HLS/2013.3/common/technology/xilinx/interface/XilEDKCoreGen.gen "
@I [HLS-100] Command 'ap_source' returned 0; elapsed 0.01Total elapsed time: 4.130 sec.
@I [HLS-100] Command "source /opt/Xilinx/2013.3/Vivado_HLS/2013.3/common/technology/xilinx/ip/util.gen "
@I [HLS-100] Command 'ap_source' returned 0; elapsed 0Total elapsed time: 4.130 sec.
@I [HLS-100] Command "source /opt/Xilinx/2013.3/Vivado_HLS/2013.3/common/technology/xilinx/ip/xfir.gen "
@I [HLS-100] Command 'ap_source' returned 0; elapsed 0.02Total elapsed time: 4.146 sec.
@I [HLS-100] Command "source /opt/Xilinx/2013.3/Vivado_HLS/2013.3/common/technology/xilinx/ip/xfft.gen "
@I [HLS-100] Command 'ap_source' returned 0; elapsed 0.07Total elapsed time: 4.222 sec.
@I [HLS-100] Command 'ap_source' returned 0; elapsed 0.1Total elapsed time: 4.222 sec.
@I [HLS-100] Command "source /opt/Xilinx/2013.3/Vivado_HLS/2013.3/common/technology/xilinx/common/dsp48.gen "
@I [HLS-100] Command 'ap_source' returned 0; elapsed 0Total elapsed time: 4.223 sec.
@I [HLS-100] Command 'ap_source' returned 0; elapsed 0.1Total elapsed time: 4.223 sec.
@I [HLS-100] Command 'ap_source' returned 0; elapsed 0.1Total elapsed time: 4.223 sec.
@I [HLS-100] Command "source /opt/Xilinx/2013.3/Vivado_HLS/2013.3/common/technology/xilinx/zynq/zynq_fpv6.gen "
@I [HLS-100] Command "source /opt/Xilinx/2013.3/Vivado_HLS/2013.3/common/technology/xilinx/common/xilinx_fpv6.gen "
@I [HLS-100] Command 'ap_source' returned 0; elapsed 0Total elapsed time: 4.224 sec.
@I [HLS-100] Command 'ap_source' returned 0; elapsed 0Total elapsed time: 4.224 sec.
@I [HLS-100] Command "source /home/sf306/phd_codebase/FPL2014/F3_VivadoHLS/hls_prj/F3_VivadoHLS_core/.autopilot/db/vivado_activity_thread.compgen.tcl "
@I [HLS-100] Command 'ap_source' returned 0; elapsed 0.01Total elapsed time: 4.232 sec.
@I [HLS-100] Command "source /home/sf306/phd_codebase/FPL2014/F3_VivadoHLS/hls_prj/F3_VivadoHLS_core/.autopilot/db/vivado_activity_thread.compgen.tcl "
@I [HLS-100] Command "source /home/sf306/phd_codebase/FPL2014/F3_VivadoHLS/hls_prj/F3_VivadoHLS_core/.autopilot/db/vivado_activity_thread.rtl_wrap.cfg.tcl "
@I [HLS-100] Command 'ap_source' returned 0; elapsed 0Total elapsed time: 4.237 sec.
@I [HLS-100] Command "source /home/sf306/phd_codebase/FPL2014/F3_VivadoHLS/hls_prj/F3_VivadoHLS_core/.autopilot/db/vivado_activity_thread.rtl_wrap.cfg.tcl "
@I [HLS-100] Command 'ap_source' returned 0; elapsed 0Total elapsed time: 4.239 sec.
@I [HLS-100] Command "source /home/sf306/phd_codebase/FPL2014/F3_VivadoHLS/hls_prj/F3_VivadoHLS_core/.autopilot/db/vivado_activity_thread.tbgen.tcl "
@I [HLS-100] Command 'ap_source' returned 0; elapsed 0Total elapsed time: 4.240 sec.
@I [HLS-100] Command "source /home/sf306/phd_codebase/FPL2014/F3_VivadoHLS/hls_prj/F3_VivadoHLS_core/.autopilot/db/vivado_activity_thread.tbgen.tcl "
@I [HLS-100] Command 'ap_source' returned 0; elapsed 0Total elapsed time: 4.240 sec.
@I [HLS-100] Command "source /home/sf306/phd_codebase/FPL2014/F3_VivadoHLS/hls_prj/F3_VivadoHLS_core/.autopilot/db/vivado_activity_thread.tbgen.tcl "
@I [HLS-100] Command 'ap_source' returned 0; elapsed 0Total elapsed time: 4.244 sec.
@I [HLS-100] Command 'ap_source' returned 0; elapsed 0.02Total elapsed time: 4.254 sec.
@I [HLS-100] Command "source /home/sf306/phd_codebase/FPL2014/F3_VivadoHLS/hls_prj/F3_VivadoHLS_core/.autopilot/db/vivado_activity_thread.compgen.tcl "
@I [HLS-100] Command 'ap_source' returned 0; elapsed 0Total elapsed time: 4.262 sec.
@I [HLS-100] Command "source /home/sf306/phd_codebase/FPL2014/F3_VivadoHLS/hls_prj/F3_VivadoHLS_core/impl/.pcores/verilog/CORE_IO.slave.tcl "
@I [HLS-100] Command 'ap_source' returned 0; elapsed 0Total elapsed time: 4.270 sec.
@I [HLS-100] Command "source /home/sf306/phd_codebase/FPL2014/F3_VivadoHLS/hls_prj/F3_VivadoHLS_core/impl/.pcores/verilog/CORE_IO.slave.tcl "
@I [HLS-100] Command 'ap_source' returned 0; elapsed 0Total elapsed time: 4.273 sec.
@I [HLS-100] Command "source /home/sf306/phd_codebase/FPL2014/F3_VivadoHLS/hls_prj/F3_VivadoHLS_core/.autopilot/db/global.setting.tcl "
@I [HLS-100] Command 'ap_source' returned 0; elapsed 0Total elapsed time: 4.286 sec.
@I [HLS-100] Command "source /home/sf306/phd_codebase/FPL2014/F3_VivadoHLS/hls_prj/F3_VivadoHLS_core/.autopilot/db/vivado_activity_thread.constraint.tcl "
@I [HLS-100] Command 'ap_source' returned 0; elapsed 0Total elapsed time: 4.287 sec.
@I [HLS-100] Command "source /home/sf306/phd_codebase/FPL2014/F3_VivadoHLS/hls_prj/F3_VivadoHLS_core/.autopilot/db/vivado_activity_thread.rtl_wrap.cfg.tcl "
@I [HLS-100] Command 'ap_source' returned 0; elapsed 0.01Total elapsed time: 4.369 sec.
@I [HLS-100] Command "source /home/sf306/phd_codebase/FPL2014/F3_VivadoHLS/hls_prj/F3_VivadoHLS_core/.autopilot/db/vivado_activity_thread.rtl_wrap.cfg.tcl "
@I [HLS-100] Command 'ap_source' returned 0; elapsed 0Total elapsed time: 4.371 sec.
@I [HLS-100] Command "source /home/sf306/phd_codebase/FPL2014/F3_VivadoHLS/hls_prj/F3_VivadoHLS_core/.autopilot/db/vivado_activity_thread.tbgen.tcl "
@I [HLS-100] Command 'ap_source' returned 0; elapsed 0Total elapsed time: 4.371 sec.
@I [HLS-100] Command "source /home/sf306/phd_codebase/FPL2014/F3_VivadoHLS/hls_prj/F3_VivadoHLS_core/.autopilot/db/vivado_activity_thread.tbgen.tcl "
@I [HLS-100] Command 'ap_source' returned 0; elapsed 0Total elapsed time: 4.371 sec.
@I [HLS-100] Command "source /home/sf306/phd_codebase/FPL2014/F3_VivadoHLS/hls_prj/F3_VivadoHLS_core/.autopilot/db/global.setting.tcl "
@I [HLS-100] Command 'ap_source' returned 0; elapsed 0Total elapsed time: 4.390 sec.
@I [HLS-100] Command "source /home/sf306/phd_codebase/FPL2014/F3_VivadoHLS/hls_prj/F3_VivadoHLS_core/.autopilot/db/global.setting.tcl "
@I [HLS-100] Command 'ap_source' returned 0; elapsed 0Total elapsed time: 4.396 sec.
@I [HLS-100] Command "source /home/sf306/phd_codebase/FPL2014/F3_VivadoHLS/hls_prj/F3_VivadoHLS_core/.autopilot/db/vivado_activity_thread.constraint.tcl "
@I [HLS-100] Command 'ap_source' returned 0; elapsed 0Total elapsed time: 4.396 sec.
@I [HLS-100] Command "source /home/sf306/phd_codebase/FPL2014/F3_VivadoHLS/hls_prj/F3_VivadoHLS_core/.autopilot/db/vivado_activity_thread.constraint.tcl "
@I [HLS-100] Command 'ap_source' returned 0; elapsed 0Total elapsed time: 4.397 sec.
@I [HLS-100] Command "source /opt/Xilinx/2013.3/Vivado_HLS/2013.3/common/technology/generic/autopilot/common.gen "
@I [HLS-100] Command "source /opt/Xilinx/2013.3/Vivado_HLS/2013.3/common/technology/generic/autopilot/APCoreGen.gen "
@I [HLS-100] Command 'ap_source' returned 0; elapsed 0Total elapsed time: 4.400 sec.
@I [HLS-100] Command 'ap_source' returned 0; elapsed 0Total elapsed time: 4.400 sec.
@I [HLS-100] Command "source /opt/Xilinx/2013.3/Vivado_HLS/2013.3/common/technology/generic/autopilot/op.gen "
@I [HLS-100] Command 'ap_source' returned 0; elapsed 0Total elapsed time: 4.400 sec.
@I [HLS-100] Command "source /opt/Xilinx/2013.3/Vivado_HLS/2013.3/common/technology/generic/autopilot/op_simcore.gen "
@I [HLS-100] Command 'ap_source' returned 0; elapsed 0Total elapsed time: 4.401 sec.
@I [HLS-100] Command "source /opt/Xilinx/2013.3/Vivado_HLS/2013.3/common/technology/generic/autopilot/interface.gen "
@I [HLS-100] Command 'ap_source' returned 0; elapsed 0Total elapsed time: 4.401 sec.
@I [HLS-100] Command "source /home/sf306/phd_codebase/FPL2014/F3_VivadoHLS/hls_prj/F3_VivadoHLS_core/.autopilot/db/global.setting.tcl "
@I [HLS-100] Command 'ap_source' returned 0; elapsed 0Total elapsed time: 4.401 sec.
@I [HLS-100] Command "source /opt/Xilinx/2013.3/Vivado_HLS/2013.3/common/technology/xilinx/zynq/zynq.gen "
@I [HLS-100] Command "source /opt/Xilinx/2013.3/Vivado_HLS/2013.3/common/technology/xilinx/common/virtex.gen "
@I [HLS-100] Command "source /opt/Xilinx/2013.3/Vivado_HLS/2013.3/common/technology/xilinx/common/xilinx.gen "
@I [HLS-100] Command "source /opt/Xilinx/2013.3/Vivado_HLS/2013.3/common/technology/xilinx/interface/plb46.gen "
@I [HLS-100] Command 'ap_source' returned 0; elapsed 0Total elapsed time: 4.402 sec.
@I [HLS-100] Command "source /opt/Xilinx/2013.3/Vivado_HLS/2013.3/common/technology/xilinx/interface/fsl.gen "
@I [HLS-100] Command 'ap_source' returned 0; elapsed 0Total elapsed time: 4.402 sec.
@I [HLS-100] Command "source /opt/Xilinx/2013.3/Vivado_HLS/2013.3/common/technology/xilinx/interface/axi4.gen "
@I [HLS-100] Command 'ap_source' returned 0; elapsed 0Total elapsed time: 4.404 sec.
@I [HLS-100] Command "source /opt/Xilinx/2013.3/Vivado_HLS/2013.3/common/technology/xilinx/scripts/xilinxcoregen.gen "
@I [HLS-100] Command 'ap_source' returned 0; elapsed 0Total elapsed time: 4.408 sec.
@I [HLS-100] Command "source /opt/Xilinx/2013.3/Vivado_HLS/2013.3/common/technology/xilinx/interface/XilEDKCoreGen.gen "
@I [HLS-100] Command 'ap_source' returned 0; elapsed 0.01Total elapsed time: 4.413 sec.
@I [HLS-100] Command "source /opt/Xilinx/2013.3/Vivado_HLS/2013.3/common/technology/xilinx/ip/util.gen "
@I [HLS-100] Command 'ap_source' returned 0; elapsed 0Total elapsed time: 4.413 sec.
@I [HLS-100] Command "source /opt/Xilinx/2013.3/Vivado_HLS/2013.3/common/technology/xilinx/ip/xfir.gen "
@I [HLS-100] Command 'ap_source' returned 0; elapsed 0.01Total elapsed time: 4.428 sec.
@I [HLS-100] Command "source /opt/Xilinx/2013.3/Vivado_HLS/2013.3/common/technology/xilinx/ip/xfft.gen "
@I [HLS-100] Command 'ap_source' returned 0; elapsed 0.08Total elapsed time: 4.504 sec.
@I [HLS-100] Command 'ap_source' returned 0; elapsed 0.1Total elapsed time: 4.504 sec.
@I [HLS-100] Command "source /opt/Xilinx/2013.3/Vivado_HLS/2013.3/common/technology/xilinx/common/dsp48.gen "
@I [HLS-100] Command 'ap_source' returned 0; elapsed 0Total elapsed time: 4.504 sec.
@I [HLS-100] Command 'ap_source' returned 0; elapsed 0.1Total elapsed time: 4.505 sec.
@I [HLS-100] Command 'ap_source' returned 0; elapsed 0.1Total elapsed time: 4.505 sec.
@I [HLS-100] Command "source /opt/Xilinx/2013.3/Vivado_HLS/2013.3/common/technology/xilinx/zynq/zynq_fpv6.gen "
@I [HLS-100] Command "source /opt/Xilinx/2013.3/Vivado_HLS/2013.3/common/technology/xilinx/common/xilinx_fpv6.gen "
@I [HLS-100] Command 'ap_source' returned 0; elapsed 0Total elapsed time: 4.506 sec.
@I [HLS-100] Command 'ap_source' returned 0; elapsed 0Total elapsed time: 4.506 sec.
@I [HLS-100] Command "source /home/sf306/phd_codebase/FPL2014/F3_VivadoHLS/hls_prj/F3_VivadoHLS_core/.autopilot/db/global.setting.tcl "
@I [HLS-100] Command 'ap_source' returned 0; elapsed 0.01Total elapsed time: 12.356 sec.
@I [HLS-100] Command "source /opt/Xilinx/2013.3/Vivado_HLS/2013.3/common/technology/generic/autopilot/common.gen "
@I [HLS-100] Command "source /opt/Xilinx/2013.3/Vivado_HLS/2013.3/common/technology/generic/autopilot/APCoreGen.gen "
@I [HLS-100] Command 'ap_source' returned 0; elapsed 0Total elapsed time: 12.360 sec.
@I [HLS-100] Command 'ap_source' returned 0; elapsed 0Total elapsed time: 12.360 sec.
@I [HLS-100] Command "source /opt/Xilinx/2013.3/Vivado_HLS/2013.3/common/technology/generic/autopilot/op.gen "
@I [HLS-100] Command 'ap_source' returned 0; elapsed 0Total elapsed time: 12.361 sec.
@I [HLS-100] Command "source /opt/Xilinx/2013.3/Vivado_HLS/2013.3/common/technology/generic/autopilot/op_simcore.gen "
@I [HLS-100] Command 'ap_source' returned 0; elapsed 0Total elapsed time: 12.362 sec.
@I [HLS-100] Command "source /opt/Xilinx/2013.3/Vivado_HLS/2013.3/common/technology/generic/autopilot/interface.gen "
@I [HLS-100] Command 'ap_source' returned 0; elapsed 0Total elapsed time: 12.362 sec.
@I [HLS-100] Command "source /home/sf306/phd_codebase/FPL2014/F3_VivadoHLS/hls_prj/F3_VivadoHLS_core/.autopilot/db/global.setting.tcl "
@I [HLS-100] Command 'ap_source' returned 0; elapsed 0Total elapsed time: 12.362 sec.
@I [HLS-100] Command "source /opt/Xilinx/2013.3/Vivado_HLS/2013.3/common/technology/xilinx/zynq/zynq.gen "
@I [HLS-100] Command "source /opt/Xilinx/2013.3/Vivado_HLS/2013.3/common/technology/xilinx/common/virtex.gen "
@I [HLS-100] Command "source /opt/Xilinx/2013.3/Vivado_HLS/2013.3/common/technology/xilinx/common/xilinx.gen "
@I [HLS-100] Command "source /opt/Xilinx/2013.3/Vivado_HLS/2013.3/common/technology/xilinx/interface/plb46.gen "
@I [HLS-100] Command 'ap_source' returned 0; elapsed 0Total elapsed time: 12.363 sec.
@I [HLS-100] Command "source /opt/Xilinx/2013.3/Vivado_HLS/2013.3/common/technology/xilinx/interface/fsl.gen "
@I [HLS-100] Command 'ap_source' returned 0; elapsed 0Total elapsed time: 12.363 sec.
@I [HLS-100] Command "source /opt/Xilinx/2013.3/Vivado_HLS/2013.3/common/technology/xilinx/interface/axi4.gen "
@I [HLS-100] Command 'ap_source' returned 0; elapsed 0Total elapsed time: 12.365 sec.
@I [HLS-100] Command "source /opt/Xilinx/2013.3/Vivado_HLS/2013.3/common/technology/xilinx/scripts/xilinxcoregen.gen "
@I [HLS-100] Command 'ap_source' returned 0; elapsed 0.01Total elapsed time: 12.373 sec.
@I [HLS-100] Command "source /opt/Xilinx/2013.3/Vivado_HLS/2013.3/common/technology/xilinx/interface/XilEDKCoreGen.gen "
@I [HLS-100] Command 'ap_source' returned 0; elapsed 0.01Total elapsed time: 12.378 sec.
@I [HLS-100] Command "source /opt/Xilinx/2013.3/Vivado_HLS/2013.3/common/technology/xilinx/ip/util.gen "
@I [HLS-100] Command 'ap_source' returned 0; elapsed 0Total elapsed time: 12.378 sec.
@I [HLS-100] Command "source /opt/Xilinx/2013.3/Vivado_HLS/2013.3/common/technology/xilinx/ip/xfir.gen "
@I [HLS-100] Command 'ap_source' returned 0; elapsed 0.01Total elapsed time: 12.394 sec.
@I [HLS-100] Command "source /opt/Xilinx/2013.3/Vivado_HLS/2013.3/common/technology/xilinx/ip/xfft.gen "
@I [HLS-100] Command 'ap_source' returned 0; elapsed 0.08Total elapsed time: 12.470 sec.
@I [HLS-100] Command 'ap_source' returned 0; elapsed 0.11Total elapsed time: 12.470 sec.
@I [HLS-100] Command "source /opt/Xilinx/2013.3/Vivado_HLS/2013.3/common/technology/xilinx/common/dsp48.gen "
@I [HLS-100] Command 'ap_source' returned 0; elapsed 0Total elapsed time: 12.470 sec.
@I [HLS-100] Command 'ap_source' returned 0; elapsed 0.11Total elapsed time: 12.471 sec.
@I [HLS-100] Command 'ap_source' returned 0; elapsed 0.11Total elapsed time: 12.471 sec.
@I [HLS-100] Command "source /opt/Xilinx/2013.3/Vivado_HLS/2013.3/common/technology/xilinx/zynq/zynq_fpv6.gen "
@I [HLS-100] Command "source /opt/Xilinx/2013.3/Vivado_HLS/2013.3/common/technology/xilinx/common/xilinx_fpv6.gen "
@I [HLS-100] Command 'ap_source' returned 0; elapsed 0Total elapsed time: 12.471 sec.
@I [HLS-100] Command 'ap_source' returned 0; elapsed 0Total elapsed time: 12.471 sec.
@I [HLS-100] Command "source /home/sf306/phd_codebase/FPL2014/F3_VivadoHLS/hls_prj/F3_VivadoHLS_core/.autopilot/db/global.setting.tcl "
@I [HLS-100] Command 'ap_source' returned 0; elapsed 0Total elapsed time: 12.472 sec.
@I [IMPL-8] Starting RTL evaluation using Vivado ...
@I [HLS-100] Command "source /home/sf306/phd_codebase/FPL2014/F3_VivadoHLS/hls_prj/F3_VivadoHLS_core/.autopilot/db/global.setting.tcl "
@I [HLS-100] Command 'ap_source' returned 0; elapsed 0Total elapsed time: 12.472 sec.
@I [HLS-100] Command "source /home/sf306/phd_codebase/FPL2014/F3_VivadoHLS/hls_prj/F3_VivadoHLS_core/.autopilot/db/global.setting.tcl "
@I [HLS-100] Command 'ap_source' returned 0; elapsed 0Total elapsed time: 12.474 sec.
@I [HLS-100] Command "source /opt/Xilinx/2013.3/Vivado_HLS/2013.3/common/technology/generic/autopilot/common.gen "
@I [HLS-100] Command "source /opt/Xilinx/2013.3/Vivado_HLS/2013.3/common/technology/generic/autopilot/APCoreGen.gen "
@I [HLS-100] Command 'ap_source' returned 0; elapsed 0Total elapsed time: 12.475 sec.
@I [HLS-100] Command 'ap_source' returned 0; elapsed 0Total elapsed time: 12.475 sec.
@I [HLS-100] Command "source /opt/Xilinx/2013.3/Vivado_HLS/2013.3/common/technology/generic/autopilot/op.gen "
@I [HLS-100] Command 'ap_source' returned 0; elapsed 0Total elapsed time: 12.475 sec.
@I [HLS-100] Command "source /opt/Xilinx/2013.3/Vivado_HLS/2013.3/common/technology/generic/autopilot/op_simcore.gen "
@I [HLS-100] Command 'ap_source' returned 0; elapsed 0Total elapsed time: 12.476 sec.
@I [HLS-100] Command "source /opt/Xilinx/2013.3/Vivado_HLS/2013.3/common/technology/generic/autopilot/interface.gen "
@I [HLS-100] Command 'ap_source' returned 0; elapsed 0Total elapsed time: 12.476 sec.
@I [HLS-100] Command "source /home/sf306/phd_codebase/FPL2014/F3_VivadoHLS/hls_prj/F3_VivadoHLS_core/.autopilot/db/global.setting.tcl "
@I [HLS-100] Command 'ap_source' returned 0; elapsed 0Total elapsed time: 12.476 sec.
@I [HLS-100] Command "source /opt/Xilinx/2013.3/Vivado_HLS/2013.3/common/technology/xilinx/zynq/zynq.gen "
@I [HLS-100] Command "source /opt/Xilinx/2013.3/Vivado_HLS/2013.3/common/technology/xilinx/common/virtex.gen "
@I [HLS-100] Command "source /opt/Xilinx/2013.3/Vivado_HLS/2013.3/common/technology/xilinx/common/xilinx.gen "
@I [HLS-100] Command "source /opt/Xilinx/2013.3/Vivado_HLS/2013.3/common/technology/xilinx/interface/plb46.gen "
@I [HLS-100] Command 'ap_source' returned 0; elapsed 0Total elapsed time: 12.477 sec.
@I [HLS-100] Command "source /opt/Xilinx/2013.3/Vivado_HLS/2013.3/common/technology/xilinx/interface/fsl.gen "
@I [HLS-100] Command 'ap_source' returned 0; elapsed 0Total elapsed time: 12.477 sec.
@I [HLS-100] Command "source /opt/Xilinx/2013.3/Vivado_HLS/2013.3/common/technology/xilinx/interface/axi4.gen "
@I [HLS-100] Command 'ap_source' returned 0; elapsed 0Total elapsed time: 12.478 sec.
@I [HLS-100] Command "source /opt/Xilinx/2013.3/Vivado_HLS/2013.3/common/technology/xilinx/scripts/xilinxcoregen.gen "
@I [HLS-100] Command 'ap_source' returned 0; elapsed 0.01Total elapsed time: 12.482 sec.
@I [HLS-100] Command "source /opt/Xilinx/2013.3/Vivado_HLS/2013.3/common/technology/xilinx/interface/XilEDKCoreGen.gen "
@I [HLS-100] Command 'ap_source' returned 0; elapsed 0Total elapsed time: 12.487 sec.
@I [HLS-100] Command "source /opt/Xilinx/2013.3/Vivado_HLS/2013.3/common/technology/xilinx/ip/util.gen "
@I [HLS-100] Command 'ap_source' returned 0; elapsed 0Total elapsed time: 12.487 sec.
@I [HLS-100] Command "source /opt/Xilinx/2013.3/Vivado_HLS/2013.3/common/technology/xilinx/ip/xfir.gen "
@I [HLS-100] Command 'ap_source' returned 0; elapsed 0.02Total elapsed time: 12.503 sec.
@I [HLS-100] Command "source /opt/Xilinx/2013.3/Vivado_HLS/2013.3/common/technology/xilinx/ip/xfft.gen "
@I [HLS-100] Command 'ap_source' returned 0; elapsed 0.07Total elapsed time: 12.579 sec.
@I [HLS-100] Command 'ap_source' returned 0; elapsed 0.1Total elapsed time: 12.580 sec.
@I [HLS-100] Command "source /opt/Xilinx/2013.3/Vivado_HLS/2013.3/common/technology/xilinx/common/dsp48.gen "
@I [HLS-100] Command 'ap_source' returned 0; elapsed 0.01Total elapsed time: 12.580 sec.
@I [HLS-100] Command 'ap_source' returned 0; elapsed 0.12Total elapsed time: 12.580 sec.
@I [HLS-100] Command 'ap_source' returned 0; elapsed 0.12Total elapsed time: 12.580 sec.
@I [HLS-100] Command "source /opt/Xilinx/2013.3/Vivado_HLS/2013.3/common/technology/xilinx/zynq/zynq_fpv6.gen "
@I [HLS-100] Command "source /opt/Xilinx/2013.3/Vivado_HLS/2013.3/common/technology/xilinx/common/xilinx_fpv6.gen "
@I [HLS-100] Command 'ap_source' returned 0; elapsed 0Total elapsed time: 12.581 sec.
@I [HLS-100] Command 'ap_source' returned 0; elapsed 0Total elapsed time: 12.581 sec.
@I [HLS-100] Command "source /home/sf306/phd_codebase/FPL2014/F3_VivadoHLS/hls_prj/F3_VivadoHLS_core/.autopilot/db/vivado_activity_thread.compgen.tcl "
@I [HLS-100] Command 'ap_source' returned 0; elapsed 0Total elapsed time: 12.589 sec.
@I [HLS-100] Command "source /home/sf306/phd_codebase/FPL2014/F3_VivadoHLS/hls_prj/F3_VivadoHLS_core/.autopilot/db/global.setting.tcl "
@I [HLS-100] Command 'ap_source' returned 0; elapsed 0Total elapsed time: 12.598 sec.
@I [HLS-100] Command "source /home/sf306/phd_codebase/FPL2014/F3_VivadoHLS/hls_prj/F3_VivadoHLS_core/.autopilot/db/vivado_activity_thread.constraint.tcl "
@I [HLS-100] Command 'ap_source' returned 0; elapsed 0Total elapsed time: 12.599 sec.
@I [HLS-100] Command "source /opt/Xilinx/2013.3/Vivado_HLS/2013.3/common/technology/generic/autopilot/common.gen "
@I [HLS-100] Command "source /opt/Xilinx/2013.3/Vivado_HLS/2013.3/common/technology/generic/autopilot/APCoreGen.gen "
@I [HLS-100] Command 'ap_source' returned 0; elapsed 0Total elapsed time: 12.600 sec.
@I [HLS-100] Command 'ap_source' returned 0; elapsed 0Total elapsed time: 12.600 sec.
@I [HLS-100] Command "source /opt/Xilinx/2013.3/Vivado_HLS/2013.3/common/technology/generic/autopilot/op.gen "
@I [HLS-100] Command 'ap_source' returned 0; elapsed 0.01Total elapsed time: 12.600 sec.
@I [HLS-100] Command "source /opt/Xilinx/2013.3/Vivado_HLS/2013.3/common/technology/generic/autopilot/op_simcore.gen "
@I [HLS-100] Command 'ap_source' returned 0; elapsed 0Total elapsed time: 12.601 sec.
@I [HLS-100] Command "source /opt/Xilinx/2013.3/Vivado_HLS/2013.3/common/technology/generic/autopilot/interface.gen "
@I [HLS-100] Command 'ap_source' returned 0; elapsed 0Total elapsed time: 12.601 sec.
@I [HLS-100] Command "source /home/sf306/phd_codebase/FPL2014/F3_VivadoHLS/hls_prj/F3_VivadoHLS_core/.autopilot/db/global.setting.tcl "
@I [HLS-100] Command 'ap_source' returned 0; elapsed 0Total elapsed time: 12.601 sec.
@I [HLS-100] Command "source /opt/Xilinx/2013.3/Vivado_HLS/2013.3/common/technology/xilinx/zynq/zynq.gen "
@I [HLS-100] Command "source /opt/Xilinx/2013.3/Vivado_HLS/2013.3/common/technology/xilinx/common/virtex.gen "
@I [HLS-100] Command "source /opt/Xilinx/2013.3/Vivado_HLS/2013.3/common/technology/xilinx/common/xilinx.gen "
@I [HLS-100] Command "source /opt/Xilinx/2013.3/Vivado_HLS/2013.3/common/technology/xilinx/interface/plb46.gen "
@I [HLS-100] Command 'ap_source' returned 0; elapsed 0Total elapsed time: 12.602 sec.
@I [HLS-100] Command "source /opt/Xilinx/2013.3/Vivado_HLS/2013.3/common/technology/xilinx/interface/fsl.gen "
@I [HLS-100] Command 'ap_source' returned 0; elapsed 0Total elapsed time: 12.602 sec.
@I [HLS-100] Command "source /opt/Xilinx/2013.3/Vivado_HLS/2013.3/common/technology/xilinx/interface/axi4.gen "
@I [HLS-100] Command 'ap_source' returned 0; elapsed 0Total elapsed time: 12.604 sec.
@I [HLS-100] Command "source /opt/Xilinx/2013.3/Vivado_HLS/2013.3/common/technology/xilinx/scripts/xilinxcoregen.gen "
@I [HLS-100] Command 'ap_source' returned 0; elapsed 0.01Total elapsed time: 12.607 sec.
@I [HLS-100] Command "source /opt/Xilinx/2013.3/Vivado_HLS/2013.3/common/technology/xilinx/interface/XilEDKCoreGen.gen "
@I [HLS-100] Command 'ap_source' returned 0; elapsed 0Total elapsed time: 12.612 sec.
@I [HLS-100] Command "source /opt/Xilinx/2013.3/Vivado_HLS/2013.3/common/technology/xilinx/ip/util.gen "
@I [HLS-100] Command 'ap_source' returned 0; elapsed 0Total elapsed time: 12.612 sec.
@I [HLS-100] Command "source /opt/Xilinx/2013.3/Vivado_HLS/2013.3/common/technology/xilinx/ip/xfir.gen "
@I [HLS-100] Command 'ap_source' returned 0; elapsed 0.02Total elapsed time: 12.627 sec.
@I [HLS-100] Command "source /opt/Xilinx/2013.3/Vivado_HLS/2013.3/common/technology/xilinx/ip/xfft.gen "
@I [HLS-100] Command 'ap_source' returned 0; elapsed 0.07Total elapsed time: 12.702 sec.
@I [HLS-100] Command 'ap_source' returned 0; elapsed 0.1Total elapsed time: 12.702 sec.
@I [HLS-100] Command "source /opt/Xilinx/2013.3/Vivado_HLS/2013.3/common/technology/xilinx/common/dsp48.gen "
@I [HLS-100] Command 'ap_source' returned 0; elapsed 0Total elapsed time: 12.703 sec.
@I [HLS-100] Command 'ap_source' returned 0; elapsed 0.1Total elapsed time: 12.703 sec.
@I [HLS-100] Command 'ap_source' returned 0; elapsed 0.1Total elapsed time: 12.703 sec.
@I [HLS-100] Command "source /opt/Xilinx/2013.3/Vivado_HLS/2013.3/common/technology/xilinx/zynq/zynq_fpv6.gen "
@I [HLS-100] Command "source /opt/Xilinx/2013.3/Vivado_HLS/2013.3/common/technology/xilinx/common/xilinx_fpv6.gen "
@I [HLS-100] Command 'ap_source' returned 0; elapsed 0Total elapsed time: 12.704 sec.
@I [HLS-100] Command 'ap_source' returned 0; elapsed 0Total elapsed time: 12.704 sec.
@I [HLS-100] Command 'export_design' returned 0; elapsed 0.87Total elapsed time: 307.533 sec.
@I [HLS-100] Command "cleanup_all "
@I [HLS-100] Command 'cleanup_all' returned 0; elapsed 0Total elapsed time: 307.535 sec.
