

================================================================
== Vivado HLS Report for 'vivado_activity_thread'
================================================================
* Date:           Wed Mar 12 09:45:15 2014

* Version:        2013.4 (build date: Mon Dec 09 17:07:59 PM 2013)
* Project:        hls_prj
* Solution:       F3_VivadoHLS_core
* Product family: zynq zynq_fpv6 
* Target device:  xc7z020clg484-1


================================================================
== Performance Estimates
================================================================
+ Timing (ns): 
    * Summary: 
    +---------+-------+----------+------------+
    |  Clock  | Target| Estimated| Uncertainty|
    +---------+-------+----------+------------+
    |default  |  10.00|      8.63|        1.25|
    +---------+-------+----------+------------+

+ Latency (clock cycles): 
    * Summary: 
    +-----+-----+-----+-----+---------+
    |  Latency  |  Interval | Pipeline|
    | min | max | min | max |   Type  |
    +-----+-----+-----+-----+---------+
    |  189|  189|  190|  190|   none  |
    +-----+-----+-----+-----+---------+

    + Detail: 
        * Instance: 
        N/A

        * Loop: 
        +-------------+-----+-----+----------+-----------+-----------+------+----------+
        |             |  Latency  | Iteration|  Initiation Interval  | Trip |          |
        |  Loop Name  | min | max |  Latency |  achieved |   target  | Count| Pipelined|
        +-------------+-----+-----+----------+-----------+-----------+------+----------+
        |- Loop 1     |  185|  185|       185|          -|          -|     1|    no    |
        | + Loop 1.1  |  173|  173|        17|          -|          -|    10|    no    |
        +-------------+-----+-----+----------+-----------+-----------+------+----------+



================================================================
== Utilization Estimates
================================================================
* Summary: 
+-----------------+---------+-------+--------+-------+
|       Name      | BRAM_18K| DSP48E|   FF   |  LUT  |
+-----------------+---------+-------+--------+-------+
|Expression       |        -|      -|       -|      -|
|FIFO             |        -|      -|       -|      -|
|Instance         |        -|      -|       -|      -|
|Memory           |        -|      -|       -|      -|
|Multiplexer      |        -|      -|       -|      -|
|Register         |        -|      -|       -|      -|
|ShiftMemory      |        -|      -|       -|      -|
+-----------------+---------+-------+--------+-------+
|Total            |        0|      0|       0|      0|
+-----------------+---------+-------+--------+-------+
|Available        |      280|    220|  106400|  53200|
+-----------------+---------+-------+--------+-------+
|Utilization (%)  |        0|      0|       0|      0|
+-----------------+---------+-------+--------+-------+

+ Detail: 
    * Instance: 
    N/A

    * Memory: 
    N/A

    * FIFO: 
    N/A

    * Shift register: 
    N/A

    * Expression: 
    N/A

    * Multiplexer: 
    N/A

    * Register: 
    N/A



================================================================
== Interface
================================================================
* Summary: 
N/A

============================================================
+ Verbose Summary: Synthesis Manager
============================================================
InlineROM: 1
ExposeGlobal: 0
============================================================
+ Verbose Summary: CDFG Model
============================================================
IsTopModel: 1
ResetActiveHigh: 1
IsCombinational: 0
IsDatapathOnly: 0
HasWiredReturn: 1
HasMFsm: 0
HasVarLatency: 1
IsPipeline: 0
IsRtlPipelined: 0
IsInstanceOverlapped: 0
IsDontTouch: 0
HasImplIP: 0
IsGatedGlobalClock: 0


============================================================
+ Verbose Summary: Schedule
============================================================
* Number of FSM states: 32
* Pipeline: 0
* Dataflow Pipeline: 0

* FSM state transitions: 
1 --> 
	2  / true
2 --> 
	3  / true
3 --> 
	4  / true
4 --> 
	5  / true
5 --> 
	6  / (!k)
6 --> 
	7  / true
7 --> 
	8  / true
8 --> 
	9  / true
9 --> 
	10  / (!exitcond)
	23  / (exitcond)
10 --> 
	11  / true
11 --> 
	12  / true
12 --> 
	13  / true
13 --> 
	14  / true
14 --> 
	15  / true
15 --> 
	16  / true
16 --> 
	17  / true
17 --> 
	18  / true
18 --> 
	19  / true
19 --> 
	20  / true
20 --> 
	21  / true
21 --> 
	22  / true
22 --> 
	6  / true
23 --> 
	24  / true
24 --> 
	25  / true
25 --> 
	26  / true
26 --> 
	27  / true
27 --> 
	28  / true
28 --> 
	29  / true
29 --> 
	30  / true
30 --> 
	31  / true
31 --> 
	32  / true
32 --> 
	5  / true
* FSM state operations: 

 <State 1>: 5.70ns
ST_1: u_a_0_rfir [1/1] 0.00ns
:12  %u_a_0_rfir = call float @_ssdm_op_Read.ap_auto.floatP(float* %thread_arg_u_a_0_rfir)

ST_1: o_a_0_time_period [1/1] 0.00ns
:15  %o_a_0_time_period = call float @_ssdm_op_Read.ap_auto.floatP(float* %thread_arg_o_a_0_time_period)

ST_1: tmp_i [4/4] 5.70ns
:18  %tmp_i = fmul float %u_a_0_rfir, %o_a_0_time_period


 <State 2>: 5.70ns
ST_2: o_a_0_call [1/1] 0.00ns
:16  %o_a_0_call = call float @_ssdm_op_Read.ap_auto.floatP(float* %thread_arg_o_a_0_call)

ST_2: tmp_i [3/4] 5.70ns
:18  %tmp_i = fmul float %u_a_0_rfir, %o_a_0_time_period

ST_2: tmp [3/3] 4.53ns
:19  %tmp = fcmp oeq float %o_a_0_call, 0.000000e+00


 <State 3>: 5.70ns
ST_3: tmp_i [2/4] 5.70ns
:18  %tmp_i = fmul float %u_a_0_rfir, %o_a_0_time_period

ST_3: tmp [2/3] 4.53ns
:19  %tmp = fcmp oeq float %o_a_0_call, 0.000000e+00


 <State 4>: 5.90ns
ST_4: stg_41 [1/1] 0.00ns
:0  call void (...)* @_ssdm_op_SpecBitsMap(i32* %thread_arg_thread_paths), !map !0

ST_4: stg_42 [1/1] 0.00ns
:1  call void (...)* @_ssdm_op_SpecBitsMap(i32* %thread_arg_path_points), !map !6

ST_4: stg_43 [1/1] 0.00ns
:2  call void (...)* @_ssdm_op_SpecBitsMap(float* %thread_arg_thread_result), !map !10

ST_4: stg_44 [1/1] 0.00ns
:3  call void (...)* @_ssdm_op_SpecBitsMap(float* %thread_arg_thread_result_sqrd), !map !14

ST_4: stg_45 [1/1] 0.00ns
:4  call void (...)* @_ssdm_op_SpecBitsMap(float* %thread_arg_u_a_0_rfir), !map !18

ST_4: stg_46 [1/1] 0.00ns
:5  call void (...)* @_ssdm_op_SpecBitsMap(float* %thread_arg_u_a_0_current_price), !map !22

ST_4: stg_47 [1/1] 0.00ns
:6  call void (...)* @_ssdm_op_SpecBitsMap(float* %thread_arg_o_a_0_strike_price), !map !26

ST_4: stg_48 [1/1] 0.00ns
:7  call void (...)* @_ssdm_op_SpecBitsMap(float* %thread_arg_o_a_0_time_period), !map !30

ST_4: stg_49 [1/1] 0.00ns
:8  call void (...)* @_ssdm_op_SpecBitsMap(float* %thread_arg_o_a_0_call), !map !34

ST_4: stg_50 [1/1] 0.00ns
:9  call void (...)* @_ssdm_op_SpecTopModule([23 x i8]* @str) nounwind

ST_4: stg_51 [1/1] 0.00ns
:10  call void (...)* @_ssdm_op_SpecIFCore(i32* %thread_arg_thread_paths, i32* %thread_arg_path_points, float* %thread_arg_thread_result, float* %thread_arg_thread_result_sqrd, float* %thread_arg_u_a_0_rfir, float* %thread_arg_u_a_0_current_price, float* %thread_arg_o_a_0_strike_price, float* %thread_arg_o_a_0_time_period, float* %thread_arg_o_a_0_call, [1 x i8]* @p_str103, [10 x i8]* @p_str104, [1 x i8]* @p_str103, [1 x i8]* @p_str103, [1 x i8]* @p_str103, [20 x i8]* @p_str105)

ST_4: stg_52 [1/1] 0.00ns
:11  call void (...)* @_ssdm_op_SpecIFCore(i32 0, [1 x i8]* @p_str103, [10 x i8]* @p_str104, [1 x i8]* @p_str103, [1 x i8]* @p_str103, [1 x i8]* @p_str103, [20 x i8]* @p_str105)

ST_4: u_a_0_current_price [1/1] 0.00ns
:13  %u_a_0_current_price = call float @_ssdm_op_Read.ap_auto.floatP(float* %thread_arg_u_a_0_current_price)

ST_4: o_a_0_strike_price [1/1] 0.00ns
:14  %o_a_0_strike_price = call float @_ssdm_op_Read.ap_auto.floatP(float* %thread_arg_o_a_0_strike_price)

ST_4: stg_55 [1/1] 0.00ns
:17  call void @_ssdm_op_Write.ap_auto.i32P(i32* %thread_arg_path_points, i32 1)

ST_4: tmp_i [1/4] 5.70ns
:18  %tmp_i = fmul float %u_a_0_rfir, %o_a_0_time_period

ST_4: tmp [1/3] 4.53ns
:19  %tmp = fcmp oeq float %o_a_0_call, 0.000000e+00

ST_4: tmp_1 [1/1] 1.37ns
:20  %tmp_1 = xor i1 %tmp, true

ST_4: stg_59 [1/1] 1.57ns
:21  br label %1


 <State 5>: 1.57ns
ST_5: spot_price_0 [1/1] 0.00ns
:0  %spot_price_0 = phi float [ undef, %0 ], [ %spot_price_0_1, %_ifconv ]

ST_5: temp_total_0 [1/1] 0.00ns
:1  %temp_total_0 = phi float [ 0.000000e+00, %0 ], [ %temp_total_0_1, %_ifconv ]

ST_5: k [1/1] 0.00ns
:2  %k = phi i1 [ false, %0 ], [ true, %_ifconv ]

ST_5: empty [1/1] 0.00ns
:3  %empty = call i32 (...)* @_ssdm_op_SpecLoopTripCount(i64 1, i64 1, i64 1)

ST_5: stg_64 [1/1] 1.57ns
:4  br i1 %k, label %3, label %.preheader

ST_5: stg_65 [1/1] 0.00ns
:0  call void @_ssdm_op_Write.ap_auto.floatP(float* %thread_arg_thread_result, float %temp_total_0)

ST_5: stg_66 [1/1] 0.00ns
:1  call void @_ssdm_op_Write.ap_auto.floatP(float* %thread_arg_thread_result_sqrd, float %spot_price_0)

ST_5: stg_67 [1/1] 0.00ns
:2  ret void


 <State 6>: 5.70ns
ST_6: tmp_pn [1/1] 0.00ns
.preheader:1  %tmp_pn = phi float [ %tmp_8, %2 ], [ 1.000000e+00, %1 ]

ST_6: spot_price_0_1 [4/4] 5.70ns
.preheader:3  %spot_price_0_1 = fmul float %u_a_0_current_price, %tmp_pn


 <State 7>: 5.70ns
ST_7: spot_price_0_1 [3/4] 5.70ns
.preheader:3  %spot_price_0_1 = fmul float %u_a_0_current_price, %tmp_pn


 <State 8>: 5.70ns
ST_8: spot_price_0_1 [2/4] 5.70ns
.preheader:3  %spot_price_0_1 = fmul float %u_a_0_current_price, %tmp_pn


 <State 9>: 7.26ns
ST_9: u_v_gamma_read_assign [1/1] 0.00ns
.preheader:0  %u_v_gamma_read_assign = phi float [ %u_v_0_gamma, %2 ], [ 0.000000e+00, %1 ]

ST_9: j [1/1] 0.00ns
.preheader:2  %j = phi i4 [ %j_1, %2 ], [ 0, %1 ]

ST_9: spot_price_0_1 [1/4] 5.70ns
.preheader:3  %spot_price_0_1 = fmul float %u_a_0_current_price, %tmp_pn

ST_9: exitcond [1/1] 1.88ns
.preheader:4  %exitcond = icmp eq i4 %j, -6

ST_9: empty_2 [1/1] 0.00ns
.preheader:5  %empty_2 = call i32 (...)* @_ssdm_op_SpecLoopTripCount(i64 10, i64 10, i64 10)

ST_9: j_1 [1/1] 0.80ns
.preheader:6  %j_1 = add i4 %j, 1

ST_9: stg_78 [1/1] 0.00ns
.preheader:7  br i1 %exitcond, label %_ifconv, label %2

ST_9: u_v_0_gamma [5/5] 7.26ns
:0  %u_v_0_gamma = fadd float %tmp_i, %u_v_gamma_read_assign


 <State 10>: 7.26ns
ST_10: u_v_0_gamma [4/5] 7.26ns
:0  %u_v_0_gamma = fadd float %tmp_i, %u_v_gamma_read_assign


 <State 11>: 7.26ns
ST_11: u_v_0_gamma [3/5] 7.26ns
:0  %u_v_0_gamma = fadd float %tmp_i, %u_v_gamma_read_assign


 <State 12>: 7.26ns
ST_12: u_v_0_gamma [2/5] 7.26ns
:0  %u_v_0_gamma = fadd float %tmp_i, %u_v_gamma_read_assign


 <State 13>: 7.26ns
ST_13: u_v_0_gamma [1/5] 7.26ns
:0  %u_v_0_gamma = fadd float %tmp_i, %u_v_gamma_read_assign


 <State 14>: 7.68ns
ST_14: tmp_8 [9/9] 7.68ns
:1  %tmp_8 = call float @llvm.exp.f32(float %u_v_0_gamma)


 <State 15>: 7.68ns
ST_15: tmp_8 [8/9] 7.68ns
:1  %tmp_8 = call float @llvm.exp.f32(float %u_v_0_gamma)


 <State 16>: 7.68ns
ST_16: tmp_8 [7/9] 7.68ns
:1  %tmp_8 = call float @llvm.exp.f32(float %u_v_0_gamma)


 <State 17>: 7.68ns
ST_17: tmp_8 [6/9] 7.68ns
:1  %tmp_8 = call float @llvm.exp.f32(float %u_v_0_gamma)


 <State 18>: 7.68ns
ST_18: tmp_8 [5/9] 7.68ns
:1  %tmp_8 = call float @llvm.exp.f32(float %u_v_0_gamma)


 <State 19>: 7.68ns
ST_19: tmp_8 [4/9] 7.68ns
:1  %tmp_8 = call float @llvm.exp.f32(float %u_v_0_gamma)


 <State 20>: 7.68ns
ST_20: tmp_8 [3/9] 7.68ns
:1  %tmp_8 = call float @llvm.exp.f32(float %u_v_0_gamma)


 <State 21>: 7.68ns
ST_21: tmp_8 [2/9] 7.68ns
:1  %tmp_8 = call float @llvm.exp.f32(float %u_v_0_gamma)


 <State 22>: 7.68ns
ST_22: tmp_8 [1/9] 7.68ns
:1  %tmp_8 = call float @llvm.exp.f32(float %u_v_0_gamma)

ST_22: stg_93 [1/1] 0.00ns
:2  br label %.preheader


 <State 23>: 7.26ns
ST_23: tmp_1_i [5/5] 7.26ns
_ifconv:0  %tmp_1_i = fsub float %spot_price_0_1, %o_a_0_strike_price

ST_23: tmp_2_i [5/5] 7.26ns
_ifconv:1  %tmp_2_i = fsub float %o_a_0_strike_price, %spot_price_0_1


 <State 24>: 7.26ns
ST_24: tmp_1_i [4/5] 7.26ns
_ifconv:0  %tmp_1_i = fsub float %spot_price_0_1, %o_a_0_strike_price

ST_24: tmp_2_i [4/5] 7.26ns
_ifconv:1  %tmp_2_i = fsub float %o_a_0_strike_price, %spot_price_0_1


 <State 25>: 7.26ns
ST_25: tmp_1_i [3/5] 7.26ns
_ifconv:0  %tmp_1_i = fsub float %spot_price_0_1, %o_a_0_strike_price

ST_25: tmp_2_i [3/5] 7.26ns
_ifconv:1  %tmp_2_i = fsub float %o_a_0_strike_price, %spot_price_0_1


 <State 26>: 7.26ns
ST_26: tmp_1_i [2/5] 7.26ns
_ifconv:0  %tmp_1_i = fsub float %spot_price_0_1, %o_a_0_strike_price

ST_26: tmp_2_i [2/5] 7.26ns
_ifconv:1  %tmp_2_i = fsub float %o_a_0_strike_price, %spot_price_0_1


 <State 27>: 8.63ns
ST_27: tmp_1_i [1/5] 7.26ns
_ifconv:0  %tmp_1_i = fsub float %spot_price_0_1, %o_a_0_strike_price

ST_27: tmp_2_i [1/5] 7.26ns
_ifconv:1  %tmp_2_i = fsub float %o_a_0_strike_price, %spot_price_0_1

ST_27: o_v_0_value [1/1] 1.37ns
_ifconv:2  %o_v_0_value = select i1 %tmp_1, float %tmp_1_i, float %tmp_2_i


 <State 28>: 7.26ns
ST_28: temp_total_0_1 [5/5] 7.26ns
_ifconv:3  %temp_total_0_1 = fadd float %temp_total_0, %o_v_0_value


 <State 29>: 7.26ns
ST_29: temp_total_0_1 [4/5] 7.26ns
_ifconv:3  %temp_total_0_1 = fadd float %temp_total_0, %o_v_0_value


 <State 30>: 7.26ns
ST_30: temp_total_0_1 [3/5] 7.26ns
_ifconv:3  %temp_total_0_1 = fadd float %temp_total_0, %o_v_0_value


 <State 31>: 7.26ns
ST_31: temp_total_0_1 [2/5] 7.26ns
_ifconv:3  %temp_total_0_1 = fadd float %temp_total_0, %o_v_0_value


 <State 32>: 7.26ns
ST_32: temp_total_0_1 [1/5] 7.26ns
_ifconv:3  %temp_total_0_1 = fadd float %temp_total_0, %o_v_0_value

ST_32: stg_110 [1/1] 0.00ns
_ifconv:4  br label %1



============================================================
+ Verbose Summary: Binding
============================================================
STG Binding: 
---------------- STG Properties BEGIN ----------------
- Is combinational: 0
- Is one-state seq: 0
- Is datapath-only: 0
- Is clock enabled: 0
- Is pipelined: 0
- Is top level: 1
Port [ Return ] is wired: 1; IO mode=ap_ctrl_hs:ce=0
Port [ thread_arg_thread_paths]:  wired=1; compound=0; hidden=0; nouse=1; global=0; static=0; extern=0; dir=0; type=0; mode=0x402a150; pingpong=0; private_global=0; IO mode=ap_none:ce=0
Port [ thread_arg_path_points]:  wired=1; compound=0; hidden=0; nouse=0; global=0; static=0; extern=0; dir=1; type=0; mode=0x41126a0; pingpong=0; private_global=0; IO mode=ap_vld:ce=0
Port [ thread_arg_thread_result]:  wired=1; compound=0; hidden=0; nouse=0; global=0; static=0; extern=0; dir=1; type=0; mode=0x408a170; pingpong=0; private_global=0; IO mode=ap_vld:ce=0
Port [ thread_arg_thread_result_sqrd]:  wired=1; compound=0; hidden=0; nouse=0; global=0; static=0; extern=0; dir=1; type=0; mode=0x414aa00; pingpong=0; private_global=0; IO mode=ap_vld:ce=0
Port [ thread_arg_u_a_0_rfir]:  wired=1; compound=0; hidden=0; nouse=0; global=0; static=0; extern=0; dir=0; type=0; mode=0x4000f80; pingpong=0; private_global=0; IO mode=ap_none:ce=0
Port [ thread_arg_u_a_0_current_price]:  wired=1; compound=0; hidden=0; nouse=0; global=0; static=0; extern=0; dir=0; type=0; mode=0x4198510; pingpong=0; private_global=0; IO mode=ap_none:ce=0
Port [ thread_arg_o_a_0_strike_price]:  wired=1; compound=0; hidden=0; nouse=0; global=0; static=0; extern=0; dir=0; type=0; mode=0x4003990; pingpong=0; private_global=0; IO mode=ap_none:ce=0
Port [ thread_arg_o_a_0_time_period]:  wired=1; compound=0; hidden=0; nouse=0; global=0; static=0; extern=0; dir=0; type=0; mode=0x40324f0; pingpong=0; private_global=0; IO mode=ap_none:ce=0
Port [ thread_arg_o_a_0_call]:  wired=1; compound=0; hidden=0; nouse=0; global=0; static=0; extern=0; dir=0; type=0; mode=0x4042d40; pingpong=0; private_global=0; IO mode=ap_none:ce=0
---------------- STG Properties END ------------------

---------------- Datapath Model BEGIN ----------------

<LifeTime>
<method=bitvector/>
u_a_0_rfir            (read             ) [ 001110000000000000000000000000000]
o_a_0_time_period     (read             ) [ 001110000000000000000000000000000]
o_a_0_call            (read             ) [ 000110000000000000000000000000000]
stg_41                (specbitsmap      ) [ 000000000000000000000000000000000]
stg_42                (specbitsmap      ) [ 000000000000000000000000000000000]
stg_43                (specbitsmap      ) [ 000000000000000000000000000000000]
stg_44                (specbitsmap      ) [ 000000000000000000000000000000000]
stg_45                (specbitsmap      ) [ 000000000000000000000000000000000]
stg_46                (specbitsmap      ) [ 000000000000000000000000000000000]
stg_47                (specbitsmap      ) [ 000000000000000000000000000000000]
stg_48                (specbitsmap      ) [ 000000000000000000000000000000000]
stg_49                (specbitsmap      ) [ 000000000000000000000000000000000]
stg_50                (spectopmodule    ) [ 000000000000000000000000000000000]
stg_51                (specifcore       ) [ 000000000000000000000000000000000]
stg_52                (specifcore       ) [ 000000000000000000000000000000000]
u_a_0_current_price   (read             ) [ 000001111111111111111111111111111]
o_a_0_strike_price    (read             ) [ 000001111111111111111111111111111]
stg_55                (write            ) [ 000000000000000000000000000000000]
tmp_i                 (fmul             ) [ 000001111111111111111111111111111]
tmp                   (fcmp             ) [ 000000000000000000000000000000000]
tmp_1                 (xor              ) [ 000001111111111111111111111111111]
stg_59                (br               ) [ 000011111111111111111111111111111]
spot_price_0          (phi              ) [ 000001000000000000000000000000000]
temp_total_0          (phi              ) [ 000001111111111111111111111111111]
k                     (phi              ) [ 000001111111111111111111111111111]
empty                 (speclooptripcount) [ 000000000000000000000000000000000]
stg_64                (br               ) [ 000001111111111111111111111111111]
stg_65                (write            ) [ 000000000000000000000000000000000]
stg_66                (write            ) [ 000000000000000000000000000000000]
stg_67                (ret              ) [ 000000000000000000000000000000000]
tmp_pn                (phi              ) [ 000000111100000000000000000000000]
u_v_gamma_read_assign (phi              ) [ 000000111111110000000000000000000]
j                     (phi              ) [ 000000000100000000000000000000000]
spot_price_0_1        (fmul             ) [ 000011000000000000000001111111111]
exitcond              (icmp             ) [ 000001111111111111111111111111111]
empty_2               (speclooptripcount) [ 000000000000000000000000000000000]
j_1                   (add              ) [ 000001111111111111111111111111111]
stg_78                (br               ) [ 000000000000000000000000000000000]
u_v_0_gamma           (fadd             ) [ 000001111100001111111111111111111]
tmp_8                 (fexp             ) [ 000001111111111111111111111111111]
stg_93                (br               ) [ 000001111111111111111111111111111]
tmp_1_i               (fsub             ) [ 000000000000000000000000000000000]
tmp_2_i               (fsub             ) [ 000000000000000000000000000000000]
o_v_0_value           (select           ) [ 000000000000000000000000000011111]
temp_total_0_1        (fadd             ) [ 000011111111111111111111111111111]
stg_110               (br               ) [ 000011111111111111111111111111111]
</LifeTime>

<model>

<comp_list>
<comp id="0" class="1000" name="thread_arg_thread_paths">
<pin_list>
<pin id="1" dir="1" index="0" bw="1" slack="2147483647"/>
</pin_list>
<bind>
<StgValue><ssdm name="thread_arg_thread_paths"/></StgValue>
</bind>
</comp>

<comp id="2" class="1000" name="thread_arg_path_points">
<pin_list>
<pin id="3" dir="1" index="0" bw="1" slack="0"/>
</pin_list>
<bind>
<StgValue><ssdm name="thread_arg_path_points"/></StgValue>
</bind>
</comp>

<comp id="4" class="1000" name="thread_arg_thread_result">
<pin_list>
<pin id="5" dir="1" index="0" bw="1" slack="0"/>
</pin_list>
<bind>
<StgValue><ssdm name="thread_arg_thread_result"/></StgValue>
</bind>
</comp>

<comp id="6" class="1000" name="thread_arg_thread_result_sqrd">
<pin_list>
<pin id="7" dir="1" index="0" bw="1" slack="0"/>
</pin_list>
<bind>
<StgValue><ssdm name="thread_arg_thread_result_sqrd"/></StgValue>
</bind>
</comp>

<comp id="8" class="1000" name="thread_arg_u_a_0_rfir">
<pin_list>
<pin id="9" dir="1" index="0" bw="1" slack="0"/>
</pin_list>
<bind>
<StgValue><ssdm name="thread_arg_u_a_0_rfir"/></StgValue>
</bind>
</comp>

<comp id="10" class="1000" name="thread_arg_u_a_0_current_price">
<pin_list>
<pin id="11" dir="1" index="0" bw="1" slack="0"/>
</pin_list>
<bind>
<StgValue><ssdm name="thread_arg_u_a_0_current_price"/></StgValue>
</bind>
</comp>

<comp id="12" class="1000" name="thread_arg_o_a_0_strike_price">
<pin_list>
<pin id="13" dir="1" index="0" bw="1" slack="0"/>
</pin_list>
<bind>
<StgValue><ssdm name="thread_arg_o_a_0_strike_price"/></StgValue>
</bind>
</comp>

<comp id="14" class="1000" name="thread_arg_o_a_0_time_period">
<pin_list>
<pin id="15" dir="1" index="0" bw="1" slack="0"/>
</pin_list>
<bind>
<StgValue><ssdm name="thread_arg_o_a_0_time_period"/></StgValue>
</bind>
</comp>

<comp id="16" class="1000" name="thread_arg_o_a_0_call">
<pin_list>
<pin id="17" dir="1" index="0" bw="1" slack="0"/>
</pin_list>
<bind>
<StgValue><ssdm name="thread_arg_o_a_0_call"/></StgValue>
</bind>
</comp>

<comp id="18" class="1001" name="const_18">
<pin_list>
<pin id="19" dir="1" index="0" bw="1" slack="0"/>
</pin_list>
<bind>
<StgValue><ssdm name="_ssdm_op_Read.ap_auto.floatP"/></StgValue>
</bind>
</comp>

<comp id="20" class="1001" name="const_20">
<pin_list>
<pin id="21" dir="1" index="0" bw="1" slack="0"/>
</pin_list>
<bind>
<StgValue><ssdm name=""/></StgValue>
</bind>
</comp>

<comp id="22" class="1001" name="const_22">
<pin_list>
<pin id="23" dir="1" index="0" bw="1" slack="2147483647"/>
</pin_list>
<bind>
<StgValue><ssdm name="_ssdm_op_SpecBitsMap"/></StgValue>
</bind>
</comp>

<comp id="24" class="1001" name="const_24">
<pin_list>
<pin id="25" dir="1" index="0" bw="1" slack="2147483647"/>
</pin_list>
<bind>
<StgValue><ssdm name="_ssdm_op_SpecTopModule"/></StgValue>
</bind>
</comp>

<comp id="26" class="1001" name="const_26">
<pin_list>
<pin id="27" dir="1" index="0" bw="1" slack="2147483647"/>
</pin_list>
<bind>
<StgValue><ssdm name="str"/></StgValue>
</bind>
</comp>

<comp id="28" class="1001" name="const_28">
<pin_list>
<pin id="29" dir="1" index="0" bw="1" slack="2147483647"/>
</pin_list>
<bind>
<StgValue><ssdm name="_ssdm_op_SpecIFCore"/></StgValue>
</bind>
</comp>

<comp id="30" class="1001" name="const_30">
<pin_list>
<pin id="31" dir="1" index="0" bw="1" slack="2147483647"/>
</pin_list>
<bind>
<StgValue><ssdm name="p_str103"/></StgValue>
</bind>
</comp>

<comp id="32" class="1001" name="const_32">
<pin_list>
<pin id="33" dir="1" index="0" bw="1" slack="2147483647"/>
</pin_list>
<bind>
<StgValue><ssdm name="p_str104"/></StgValue>
</bind>
</comp>

<comp id="34" class="1001" name="const_34">
<pin_list>
<pin id="35" dir="1" index="0" bw="1" slack="2147483647"/>
</pin_list>
<bind>
<StgValue><ssdm name="p_str105"/></StgValue>
</bind>
</comp>

<comp id="36" class="1001" name="const_36">
<pin_list>
<pin id="37" dir="1" index="0" bw="1" slack="2147483647"/>
</pin_list>
<bind>
<StgValue><ssdm name=""/></StgValue>
</bind>
</comp>

<comp id="38" class="1001" name="const_38">
<pin_list>
<pin id="39" dir="1" index="0" bw="1" slack="0"/>
</pin_list>
<bind>
<StgValue><ssdm name="_ssdm_op_Write.ap_auto.i32P"/></StgValue>
</bind>
</comp>

<comp id="40" class="1001" name="const_40">
<pin_list>
<pin id="41" dir="1" index="0" bw="1" slack="0"/>
</pin_list>
<bind>
<StgValue><ssdm name=""/></StgValue>
</bind>
</comp>

<comp id="42" class="1001" name="const_42">
<pin_list>
<pin id="43" dir="1" index="0" bw="1" slack="0"/>
</pin_list>
<bind>
<StgValue><ssdm name=""/></StgValue>
</bind>
</comp>

<comp id="44" class="1001" name="const_44">
<pin_list>
<pin id="45" dir="1" index="0" bw="1" slack="1"/>
</pin_list>
<bind>
<StgValue><ssdm name=""/></StgValue>
</bind>
</comp>

<comp id="46" class="1001" name="const_46">
<pin_list>
<pin id="47" dir="1" index="0" bw="1" slack="1"/>
</pin_list>
<bind>
<StgValue><ssdm name=""/></StgValue>
</bind>
</comp>

<comp id="48" class="1001" name="const_48">
<pin_list>
<pin id="49" dir="1" index="0" bw="1" slack="2147483647"/>
</pin_list>
<bind>
<StgValue><ssdm name="_ssdm_op_SpecLoopTripCount"/></StgValue>
</bind>
</comp>

<comp id="50" class="1001" name="const_50">
<pin_list>
<pin id="51" dir="1" index="0" bw="1" slack="2147483647"/>
</pin_list>
<bind>
<StgValue><ssdm name=""/></StgValue>
</bind>
</comp>

<comp id="52" class="1001" name="const_52">
<pin_list>
<pin id="53" dir="1" index="0" bw="1" slack="0"/>
</pin_list>
<bind>
<StgValue><ssdm name="_ssdm_op_Write.ap_auto.floatP"/></StgValue>
</bind>
</comp>

<comp id="54" class="1001" name="const_54">
<pin_list>
<pin id="55" dir="1" index="0" bw="1" slack="1"/>
</pin_list>
<bind>
<StgValue><ssdm name=""/></StgValue>
</bind>
</comp>

<comp id="56" class="1001" name="const_56">
<pin_list>
<pin id="57" dir="1" index="0" bw="1" slack="4"/>
</pin_list>
<bind>
<StgValue><ssdm name=""/></StgValue>
</bind>
</comp>

<comp id="58" class="1001" name="const_58">
<pin_list>
<pin id="59" dir="1" index="0" bw="1" slack="0"/>
</pin_list>
<bind>
<StgValue><ssdm name=""/></StgValue>
</bind>
</comp>

<comp id="60" class="1001" name="const_60">
<pin_list>
<pin id="61" dir="1" index="0" bw="1" slack="2147483647"/>
</pin_list>
<bind>
<StgValue><ssdm name=""/></StgValue>
</bind>
</comp>

<comp id="62" class="1001" name="const_62">
<pin_list>
<pin id="63" dir="1" index="0" bw="1" slack="0"/>
</pin_list>
<bind>
<StgValue><ssdm name=""/></StgValue>
</bind>
</comp>

<comp id="64" class="1001" name="const_64">
<pin_list>
<pin id="65" dir="1" index="0" bw="1" slack="0"/>
</pin_list>
<bind>
<StgValue><ssdm name="llvm.exp.f32"/></StgValue>
</bind>
</comp>

<comp id="66" class="1004" name="u_a_0_rfir_read_fu_66">
<pin_list>
<pin id="67" dir="0" index="0" bw="32" slack="0"/>
<pin id="68" dir="0" index="1" bw="32" slack="0"/>
<pin id="69" dir="1" index="2" bw="32" slack="0"/>
</pin_list>
<bind>
<opcode="read(1150) " fcode="read"/>
<opset="u_a_0_rfir/1 "/>
</bind>
</comp>

<comp id="72" class="1004" name="o_a_0_time_period_read_fu_72">
<pin_list>
<pin id="73" dir="0" index="0" bw="32" slack="0"/>
<pin id="74" dir="0" index="1" bw="32" slack="0"/>
<pin id="75" dir="1" index="2" bw="32" slack="0"/>
</pin_list>
<bind>
<opcode="read(1150) " fcode="read"/>
<opset="o_a_0_time_period/1 "/>
</bind>
</comp>

<comp id="78" class="1004" name="o_a_0_call_read_fu_78">
<pin_list>
<pin id="79" dir="0" index="0" bw="32" slack="0"/>
<pin id="80" dir="0" index="1" bw="32" slack="0"/>
<pin id="81" dir="1" index="2" bw="32" slack="0"/>
</pin_list>
<bind>
<opcode="read(1150) " fcode="read"/>
<opset="o_a_0_call/2 "/>
</bind>
</comp>

<comp id="84" class="1004" name="u_a_0_current_price_read_fu_84">
<pin_list>
<pin id="85" dir="0" index="0" bw="32" slack="0"/>
<pin id="86" dir="0" index="1" bw="32" slack="0"/>
<pin id="87" dir="1" index="2" bw="32" slack="2"/>
</pin_list>
<bind>
<opcode="read(1150) " fcode="read"/>
<opset="u_a_0_current_price/4 "/>
</bind>
</comp>

<comp id="90" class="1004" name="o_a_0_strike_price_read_fu_90">
<pin_list>
<pin id="91" dir="0" index="0" bw="32" slack="0"/>
<pin id="92" dir="0" index="1" bw="32" slack="0"/>
<pin id="93" dir="1" index="2" bw="32" slack="6"/>
</pin_list>
<bind>
<opcode="read(1150) " fcode="read"/>
<opset="o_a_0_strike_price/4 "/>
</bind>
</comp>

<comp id="96" class="1004" name="stg_55_write_fu_96">
<pin_list>
<pin id="97" dir="0" index="0" bw="0" slack="0"/>
<pin id="98" dir="0" index="1" bw="32" slack="0"/>
<pin id="99" dir="0" index="2" bw="1" slack="0"/>
<pin id="100" dir="1" index="3" bw="0" slack="2147483647"/>
</pin_list>
<bind>
<opcode="write(1151) " fcode="write"/>
<opset="stg_55/4 "/>
</bind>
</comp>

<comp id="104" class="1004" name="stg_65_write_fu_104">
<pin_list>
<pin id="105" dir="0" index="0" bw="0" slack="0"/>
<pin id="106" dir="0" index="1" bw="32" slack="0"/>
<pin id="107" dir="0" index="2" bw="32" slack="0"/>
<pin id="108" dir="1" index="3" bw="0" slack="2147483647"/>
</pin_list>
<bind>
<opcode="write(1151) " fcode="write"/>
<opset="stg_65/5 "/>
</bind>
</comp>

<comp id="111" class="1004" name="stg_66_write_fu_111">
<pin_list>
<pin id="112" dir="0" index="0" bw="0" slack="0"/>
<pin id="113" dir="0" index="1" bw="32" slack="0"/>
<pin id="114" dir="0" index="2" bw="32" slack="0"/>
<pin id="115" dir="1" index="3" bw="0" slack="2147483647"/>
</pin_list>
<bind>
<opcode="write(1151) " fcode="write"/>
<opset="stg_66/5 "/>
</bind>
</comp>

<comp id="118" class="1005" name="spot_price_0_reg_118">
<pin_list>
<pin id="119" dir="0" index="0" bw="32" slack="1"/>
<pin id="120" dir="1" index="1" bw="32" slack="1"/>
</pin_list>
<bind>
<opset="spot_price_0 (phireg) "/>
</bind>
</comp>

<comp id="122" class="1004" name="spot_price_0_phi_fu_122">
<pin_list>
<pin id="123" dir="0" index="0" bw="32" slack="1"/>
<pin id="124" dir="0" index="1" bw="0" slack="2147483647"/>
<pin id="125" dir="0" index="2" bw="32" slack="1"/>
<pin id="126" dir="0" index="3" bw="0" slack="2147483647"/>
<pin id="127" dir="1" index="4" bw="32" slack="0"/>
</pin_list>
<bind>
<opcode="phi(47) " fcode="phi"/>
<opset="spot_price_0/5 "/>
</bind>
</comp>

<comp id="130" class="1005" name="temp_total_0_reg_130">
<pin_list>
<pin id="131" dir="0" index="0" bw="32" slack="1"/>
<pin id="132" dir="1" index="1" bw="32" slack="1"/>
</pin_list>
<bind>
<opset="temp_total_0 (phireg) "/>
</bind>
</comp>

<comp id="134" class="1004" name="temp_total_0_phi_fu_134">
<pin_list>
<pin id="135" dir="0" index="0" bw="32" slack="1"/>
<pin id="136" dir="0" index="1" bw="0" slack="2147483647"/>
<pin id="137" dir="0" index="2" bw="32" slack="1"/>
<pin id="138" dir="0" index="3" bw="0" slack="2147483647"/>
<pin id="139" dir="1" index="4" bw="32" slack="0"/>
</pin_list>
<bind>
<opcode="phi(47) " fcode="phi"/>
<opset="temp_total_0/5 "/>
</bind>
</comp>

<comp id="143" class="1005" name="k_reg_143">
<pin_list>
<pin id="144" dir="0" index="0" bw="1" slack="1"/>
<pin id="145" dir="1" index="1" bw="1" slack="1"/>
</pin_list>
<bind>
<opset="k (phireg) "/>
</bind>
</comp>

<comp id="148" class="1004" name="k_phi_fu_148">
<pin_list>
<pin id="149" dir="0" index="0" bw="1" slack="1"/>
<pin id="150" dir="0" index="1" bw="0" slack="2147483647"/>
<pin id="151" dir="0" index="2" bw="1" slack="1"/>
<pin id="152" dir="0" index="3" bw="0" slack="2147483647"/>
<pin id="153" dir="1" index="4" bw="1" slack="2147483647"/>
</pin_list>
<bind>
<opcode="phi(47) " fcode="phi"/>
<opset="k/5 "/>
</bind>
</comp>

<comp id="156" class="1005" name="tmp_pn_reg_156">
<pin_list>
<pin id="157" dir="0" index="0" bw="32" slack="1"/>
<pin id="158" dir="1" index="1" bw="32" slack="1"/>
</pin_list>
<bind>
<opset="tmp_pn (phireg) "/>
</bind>
</comp>

<comp id="160" class="1004" name="tmp_pn_phi_fu_160">
<pin_list>
<pin id="161" dir="0" index="0" bw="32" slack="1"/>
<pin id="162" dir="0" index="1" bw="0" slack="2147483647"/>
<pin id="163" dir="0" index="2" bw="32" slack="1"/>
<pin id="164" dir="0" index="3" bw="0" slack="2147483647"/>
<pin id="165" dir="1" index="4" bw="32" slack="0"/>
</pin_list>
<bind>
<opcode="phi(47) " fcode="phi"/>
<opset="tmp_pn/6 "/>
</bind>
</comp>

<comp id="168" class="1005" name="u_v_gamma_read_assign_reg_168">
<pin_list>
<pin id="169" dir="0" index="0" bw="32" slack="1"/>
<pin id="170" dir="1" index="1" bw="32" slack="4"/>
</pin_list>
<bind>
<opset="u_v_gamma_read_assign (phireg) "/>
</bind>
</comp>

<comp id="172" class="1004" name="u_v_gamma_read_assign_phi_fu_172">
<pin_list>
<pin id="173" dir="0" index="0" bw="32" slack="1"/>
<pin id="174" dir="0" index="1" bw="0" slack="2147483647"/>
<pin id="175" dir="0" index="2" bw="32" slack="4"/>
<pin id="176" dir="0" index="3" bw="0" slack="2147483647"/>
<pin id="177" dir="1" index="4" bw="32" slack="0"/>
</pin_list>
<bind>
<opcode="phi(47) " fcode="phi"/>
<opset="u_v_gamma_read_assign/9 "/>
</bind>
</comp>

<comp id="180" class="1005" name="j_reg_180">
<pin_list>
<pin id="181" dir="0" index="0" bw="4" slack="4"/>
<pin id="182" dir="1" index="1" bw="4" slack="4"/>
</pin_list>
<bind>
<opset="j (phireg) "/>
</bind>
</comp>

<comp id="184" class="1004" name="j_phi_fu_184">
<pin_list>
<pin id="185" dir="0" index="0" bw="4" slack="0"/>
<pin id="186" dir="0" index="1" bw="0" slack="2147483647"/>
<pin id="187" dir="0" index="2" bw="1" slack="4"/>
<pin id="188" dir="0" index="3" bw="0" slack="2147483647"/>
<pin id="189" dir="1" index="4" bw="4" slack="0"/>
</pin_list>
<bind>
<opcode="phi(47) " fcode="phi"/>
<opset="j/9 "/>
</bind>
</comp>

<comp id="192" class="1004" name="grp_fu_192">
<pin_list>
<pin id="193" dir="0" index="0" bw="32" slack="1"/>
<pin id="194" dir="0" index="1" bw="32" slack="0"/>
<pin id="195" dir="1" index="2" bw="32" slack="0"/>
</pin_list>
<bind>
<opcode="fadd(9) fsub(11) " fcode="fadd"/>
<opset="u_v_0_gamma/9 tmp_1_i/23 tmp_2_i/23 temp_total_0_1/28 "/>
</bind>
</comp>

<comp id="198" class="1004" name="grp_fu_198">
<pin_list>
<pin id="199" dir="0" index="0" bw="32" slack="0"/>
<pin id="200" dir="0" index="1" bw="32" slack="0"/>
<pin id="201" dir="1" index="2" bw="32" slack="1"/>
</pin_list>
<bind>
<opcode="fmul(13) " fcode="fmul"/>
<opset="tmp_i/1 spot_price_0_1/6 "/>
</bind>
</comp>

<comp id="205" class="1004" name="grp_fu_205">
<pin_list>
<pin id="206" dir="0" index="0" bw="32" slack="0"/>
<pin id="207" dir="0" index="1" bw="32" slack="0"/>
<pin id="208" dir="1" index="2" bw="1" slack="0"/>
</pin_list>
<bind>
<opcode="fcmp(46) " fcode="fcmp"/>
<opset="tmp/2 "/>
</bind>
</comp>

<comp id="211" class="1004" name="grp_fu_211">
<pin_list>
<pin id="212" dir="0" index="0" bw="32" slack="0"/>
<pin id="213" dir="0" index="1" bw="32" slack="1"/>
<pin id="214" dir="1" index="2" bw="32" slack="1"/>
</pin_list>
<bind>
<opcode="fexp(507) " fcode="fexp"/>
<opset="tmp_8/14 "/>
</bind>
</comp>

<comp id="216" class="1004" name="tmp_1_fu_216">
<pin_list>
<pin id="217" dir="0" index="0" bw="1" slack="0"/>
<pin id="218" dir="0" index="1" bw="1" slack="0"/>
<pin id="219" dir="1" index="2" bw="1" slack="6"/>
</pin_list>
<bind>
<opcode="xor(25) " fcode="xor"/>
<opset="tmp_1/4 "/>
</bind>
</comp>

<comp id="222" class="1004" name="exitcond_fu_222">
<pin_list>
<pin id="223" dir="0" index="0" bw="4" slack="0"/>
<pin id="224" dir="0" index="1" bw="4" slack="0"/>
<pin id="225" dir="1" index="2" bw="1" slack="2147483647"/>
</pin_list>
<bind>
<opcode="icmp(45) " fcode="icmp"/>
<opset="exitcond/9 "/>
</bind>
</comp>

<comp id="228" class="1004" name="j_1_fu_228">
<pin_list>
<pin id="229" dir="0" index="0" bw="4" slack="0"/>
<pin id="230" dir="0" index="1" bw="1" slack="0"/>
<pin id="231" dir="1" index="2" bw="4" slack="0"/>
</pin_list>
<bind>
<opcode="add(8) " fcode="add"/>
<opset="j_1/9 "/>
</bind>
</comp>

<comp id="234" class="1004" name="o_v_0_value_fu_234">
<pin_list>
<pin id="235" dir="0" index="0" bw="1" slack="10"/>
<pin id="236" dir="0" index="1" bw="32" slack="0"/>
<pin id="237" dir="0" index="2" bw="32" slack="0"/>
<pin id="238" dir="1" index="3" bw="32" slack="1"/>
</pin_list>
<bind>
<opcode="select(49) " fcode="select"/>
<opset="o_v_0_value/27 "/>
</bind>
</comp>

<comp id="241" class="1005" name="u_a_0_rfir_reg_241">
<pin_list>
<pin id="242" dir="0" index="0" bw="32" slack="1"/>
<pin id="243" dir="1" index="1" bw="32" slack="1"/>
</pin_list>
<bind>
<opset="u_a_0_rfir "/>
</bind>
</comp>

<comp id="246" class="1005" name="o_a_0_time_period_reg_246">
<pin_list>
<pin id="247" dir="0" index="0" bw="32" slack="1"/>
<pin id="248" dir="1" index="1" bw="32" slack="1"/>
</pin_list>
<bind>
<opset="o_a_0_time_period "/>
</bind>
</comp>

<comp id="251" class="1005" name="o_a_0_call_reg_251">
<pin_list>
<pin id="252" dir="0" index="0" bw="32" slack="1"/>
<pin id="253" dir="1" index="1" bw="32" slack="1"/>
</pin_list>
<bind>
<opset="o_a_0_call "/>
</bind>
</comp>

<comp id="256" class="1005" name="u_a_0_current_price_reg_256">
<pin_list>
<pin id="257" dir="0" index="0" bw="32" slack="2"/>
<pin id="258" dir="1" index="1" bw="32" slack="2"/>
</pin_list>
<bind>
<opset="u_a_0_current_price "/>
</bind>
</comp>

<comp id="261" class="1005" name="o_a_0_strike_price_reg_261">
<pin_list>
<pin id="262" dir="0" index="0" bw="32" slack="6"/>
<pin id="263" dir="1" index="1" bw="32" slack="6"/>
</pin_list>
<bind>
<opset="o_a_0_strike_price "/>
</bind>
</comp>

<comp id="267" class="1005" name="tmp_i_reg_267">
<pin_list>
<pin id="268" dir="0" index="0" bw="32" slack="5"/>
<pin id="269" dir="1" index="1" bw="32" slack="5"/>
</pin_list>
<bind>
<opset="tmp_i "/>
</bind>
</comp>

<comp id="272" class="1005" name="tmp_1_reg_272">
<pin_list>
<pin id="273" dir="0" index="0" bw="1" slack="6"/>
<pin id="274" dir="1" index="1" bw="1" slack="10"/>
</pin_list>
<bind>
<opset="tmp_1 "/>
</bind>
</comp>

<comp id="277" class="1005" name="spot_price_0_1_reg_277">
<pin_list>
<pin id="278" dir="0" index="0" bw="32" slack="1"/>
<pin id="279" dir="1" index="1" bw="32" slack="1"/>
</pin_list>
<bind>
<opset="spot_price_0_1 "/>
</bind>
</comp>

<comp id="287" class="1005" name="j_1_reg_287">
<pin_list>
<pin id="288" dir="0" index="0" bw="4" slack="0"/>
<pin id="289" dir="1" index="1" bw="4" slack="0"/>
</pin_list>
<bind>
<opset="j_1 "/>
</bind>
</comp>

<comp id="292" class="1005" name="u_v_0_gamma_reg_292">
<pin_list>
<pin id="293" dir="0" index="0" bw="32" slack="1"/>
<pin id="294" dir="1" index="1" bw="32" slack="1"/>
</pin_list>
<bind>
<opset="u_v_0_gamma "/>
</bind>
</comp>

<comp id="298" class="1005" name="tmp_8_reg_298">
<pin_list>
<pin id="299" dir="0" index="0" bw="32" slack="1"/>
<pin id="300" dir="1" index="1" bw="32" slack="1"/>
</pin_list>
<bind>
<opset="tmp_8 "/>
</bind>
</comp>

<comp id="303" class="1005" name="o_v_0_value_reg_303">
<pin_list>
<pin id="304" dir="0" index="0" bw="32" slack="1"/>
<pin id="305" dir="1" index="1" bw="32" slack="1"/>
</pin_list>
<bind>
<opset="o_v_0_value "/>
</bind>
</comp>

<comp id="308" class="1005" name="temp_total_0_1_reg_308">
<pin_list>
<pin id="309" dir="0" index="0" bw="32" slack="1"/>
<pin id="310" dir="1" index="1" bw="32" slack="1"/>
</pin_list>
<bind>
<opset="temp_total_0_1 "/>
</bind>
</comp>

</comp_list>

<net_list>
<net id="70"><net_src comp="18" pin="0"/><net_sink comp="66" pin=0"/></net>

<net id="71"><net_src comp="8" pin="0"/><net_sink comp="66" pin=1"/></net>

<net id="76"><net_src comp="18" pin="0"/><net_sink comp="72" pin=0"/></net>

<net id="77"><net_src comp="14" pin="0"/><net_sink comp="72" pin=1"/></net>

<net id="82"><net_src comp="18" pin="0"/><net_sink comp="78" pin=0"/></net>

<net id="83"><net_src comp="16" pin="0"/><net_sink comp="78" pin=1"/></net>

<net id="88"><net_src comp="18" pin="0"/><net_sink comp="84" pin=0"/></net>

<net id="89"><net_src comp="10" pin="0"/><net_sink comp="84" pin=1"/></net>

<net id="94"><net_src comp="18" pin="0"/><net_sink comp="90" pin=0"/></net>

<net id="95"><net_src comp="12" pin="0"/><net_sink comp="90" pin=1"/></net>

<net id="101"><net_src comp="38" pin="0"/><net_sink comp="96" pin=0"/></net>

<net id="102"><net_src comp="2" pin="0"/><net_sink comp="96" pin=1"/></net>

<net id="103"><net_src comp="40" pin="0"/><net_sink comp="96" pin=2"/></net>

<net id="109"><net_src comp="52" pin="0"/><net_sink comp="104" pin=0"/></net>

<net id="110"><net_src comp="4" pin="0"/><net_sink comp="104" pin=1"/></net>

<net id="116"><net_src comp="52" pin="0"/><net_sink comp="111" pin=0"/></net>

<net id="117"><net_src comp="6" pin="0"/><net_sink comp="111" pin=1"/></net>

<net id="121"><net_src comp="44" pin="0"/><net_sink comp="118" pin=0"/></net>

<net id="128"><net_src comp="118" pin="1"/><net_sink comp="122" pin=0"/></net>

<net id="129"><net_src comp="122" pin="4"/><net_sink comp="111" pin=2"/></net>

<net id="133"><net_src comp="20" pin="0"/><net_sink comp="130" pin=0"/></net>

<net id="140"><net_src comp="130" pin="1"/><net_sink comp="134" pin=0"/></net>

<net id="141"><net_src comp="134" pin="4"/><net_sink comp="104" pin=2"/></net>

<net id="142"><net_src comp="134" pin="4"/><net_sink comp="130" pin=0"/></net>

<net id="146"><net_src comp="46" pin="0"/><net_sink comp="143" pin=0"/></net>

<net id="147"><net_src comp="42" pin="0"/><net_sink comp="143" pin=0"/></net>

<net id="154"><net_src comp="143" pin="1"/><net_sink comp="148" pin=0"/></net>

<net id="155"><net_src comp="143" pin="1"/><net_sink comp="148" pin=2"/></net>

<net id="159"><net_src comp="54" pin="0"/><net_sink comp="156" pin=0"/></net>

<net id="166"><net_src comp="156" pin="1"/><net_sink comp="160" pin=2"/></net>

<net id="167"><net_src comp="160" pin="4"/><net_sink comp="156" pin=0"/></net>

<net id="171"><net_src comp="20" pin="0"/><net_sink comp="168" pin=0"/></net>

<net id="178"><net_src comp="168" pin="1"/><net_sink comp="172" pin=2"/></net>

<net id="179"><net_src comp="172" pin="4"/><net_sink comp="168" pin=0"/></net>

<net id="183"><net_src comp="56" pin="0"/><net_sink comp="180" pin=0"/></net>

<net id="190"><net_src comp="180" pin="1"/><net_sink comp="184" pin=2"/></net>

<net id="196"><net_src comp="172" pin="4"/><net_sink comp="192" pin=1"/></net>

<net id="197"><net_src comp="130" pin="1"/><net_sink comp="192" pin=0"/></net>

<net id="202"><net_src comp="66" pin="2"/><net_sink comp="198" pin=0"/></net>

<net id="203"><net_src comp="72" pin="2"/><net_sink comp="198" pin=1"/></net>

<net id="204"><net_src comp="160" pin="4"/><net_sink comp="198" pin=1"/></net>

<net id="209"><net_src comp="78" pin="2"/><net_sink comp="205" pin=0"/></net>

<net id="210"><net_src comp="20" pin="0"/><net_sink comp="205" pin=1"/></net>

<net id="215"><net_src comp="64" pin="0"/><net_sink comp="211" pin=0"/></net>

<net id="220"><net_src comp="205" pin="2"/><net_sink comp="216" pin=0"/></net>

<net id="221"><net_src comp="42" pin="0"/><net_sink comp="216" pin=1"/></net>

<net id="226"><net_src comp="184" pin="4"/><net_sink comp="222" pin=0"/></net>

<net id="227"><net_src comp="58" pin="0"/><net_sink comp="222" pin=1"/></net>

<net id="232"><net_src comp="184" pin="4"/><net_sink comp="228" pin=0"/></net>

<net id="233"><net_src comp="62" pin="0"/><net_sink comp="228" pin=1"/></net>

<net id="239"><net_src comp="192" pin="2"/><net_sink comp="234" pin=1"/></net>

<net id="240"><net_src comp="192" pin="2"/><net_sink comp="234" pin=2"/></net>

<net id="244"><net_src comp="66" pin="2"/><net_sink comp="241" pin=0"/></net>

<net id="245"><net_src comp="241" pin="1"/><net_sink comp="198" pin=0"/></net>

<net id="249"><net_src comp="72" pin="2"/><net_sink comp="246" pin=0"/></net>

<net id="250"><net_src comp="246" pin="1"/><net_sink comp="198" pin=1"/></net>

<net id="254"><net_src comp="78" pin="2"/><net_sink comp="251" pin=0"/></net>

<net id="255"><net_src comp="251" pin="1"/><net_sink comp="205" pin=0"/></net>

<net id="259"><net_src comp="84" pin="2"/><net_sink comp="256" pin=0"/></net>

<net id="260"><net_src comp="256" pin="1"/><net_sink comp="198" pin=0"/></net>

<net id="264"><net_src comp="90" pin="2"/><net_sink comp="261" pin=0"/></net>

<net id="265"><net_src comp="261" pin="1"/><net_sink comp="192" pin=1"/></net>

<net id="266"><net_src comp="261" pin="1"/><net_sink comp="192" pin=0"/></net>

<net id="270"><net_src comp="198" pin="2"/><net_sink comp="267" pin=0"/></net>

<net id="271"><net_src comp="267" pin="1"/><net_sink comp="192" pin=0"/></net>

<net id="275"><net_src comp="216" pin="2"/><net_sink comp="272" pin=0"/></net>

<net id="276"><net_src comp="272" pin="1"/><net_sink comp="234" pin=0"/></net>

<net id="280"><net_src comp="198" pin="2"/><net_sink comp="277" pin=0"/></net>

<net id="281"><net_src comp="277" pin="1"/><net_sink comp="122" pin=2"/></net>

<net id="282"><net_src comp="277" pin="1"/><net_sink comp="192" pin=0"/></net>

<net id="283"><net_src comp="277" pin="1"/><net_sink comp="192" pin=1"/></net>

<net id="290"><net_src comp="228" pin="2"/><net_sink comp="287" pin=0"/></net>

<net id="291"><net_src comp="287" pin="1"/><net_sink comp="184" pin=0"/></net>

<net id="295"><net_src comp="192" pin="2"/><net_sink comp="292" pin=0"/></net>

<net id="296"><net_src comp="292" pin="1"/><net_sink comp="172" pin=0"/></net>

<net id="297"><net_src comp="292" pin="1"/><net_sink comp="211" pin=1"/></net>

<net id="301"><net_src comp="211" pin="2"/><net_sink comp="298" pin=0"/></net>

<net id="302"><net_src comp="298" pin="1"/><net_sink comp="160" pin=0"/></net>

<net id="306"><net_src comp="234" pin="3"/><net_sink comp="303" pin=0"/></net>

<net id="307"><net_src comp="303" pin="1"/><net_sink comp="192" pin=1"/></net>

<net id="311"><net_src comp="192" pin="2"/><net_sink comp="308" pin=0"/></net>

<net id="312"><net_src comp="308" pin="1"/><net_sink comp="134" pin=2"/></net>

</net_list>

</model> 
---------------- Datapath Model END ------------------

* FSMD analyzer results:
  - Output states:
	Port: thread_arg_path_points | {4 }
	Port: thread_arg_thread_result | {5 }
	Port: thread_arg_thread_result_sqrd | {5 }
  - Chain level:
	State 1
	State 2
	State 3
	State 4
		tmp_1 : 1
	State 5
		stg_64 : 1
		stg_65 : 1
		stg_66 : 1
	State 6
		spot_price_0_1 : 1
	State 7
	State 8
	State 9
		exitcond : 1
		j_1 : 1
		stg_78 : 2
		u_v_0_gamma : 1
	State 10
	State 11
	State 12
	State 13
	State 14
	State 15
	State 16
	State 17
	State 18
	State 19
	State 20
	State 21
	State 22
	State 23
	State 24
	State 25
	State 26
	State 27
		o_v_0_value : 1
	State 28
	State 29
	State 30
	State 31
	State 32


============================================================
+ Verbose Summary: Datapath Resource usage 
============================================================

* Functional unit list:
|----------|--------------------------------|---------|---------|---------|
| Operation|         Functional Unit        |  DSP48E |    FF   |   LUT   |
|----------|--------------------------------|---------|---------|---------|
|   fexp   |           grp_fu_211           |    7    |   277   |   924   |
|----------|--------------------------------|---------|---------|---------|
|   fadd   |           grp_fu_192           |    2    |   205   |   390   |
|----------|--------------------------------|---------|---------|---------|
|   fmul   |           grp_fu_198           |    3    |   143   |   321   |
|----------|--------------------------------|---------|---------|---------|
|   fcmp   |           grp_fu_205           |    0    |    66   |   239   |
|----------|--------------------------------|---------|---------|---------|
|  select  |       o_v_0_value_fu_234       |    0    |    0    |    32   |
|----------|--------------------------------|---------|---------|---------|
|   icmp   |         exitcond_fu_222        |    0    |    0    |    4    |
|----------|--------------------------------|---------|---------|---------|
|    add   |           j_1_fu_228           |    0    |    0    |    4    |
|----------|--------------------------------|---------|---------|---------|
|    xor   |          tmp_1_fu_216          |    0    |    0    |    1    |
|----------|--------------------------------|---------|---------|---------|
|          |      u_a_0_rfir_read_fu_66     |    0    |    0    |    0    |
|          |  o_a_0_time_period_read_fu_72  |    0    |    0    |    0    |
|   read   |      o_a_0_call_read_fu_78     |    0    |    0    |    0    |
|          | u_a_0_current_price_read_fu_84 |    0    |    0    |    0    |
|          |  o_a_0_strike_price_read_fu_90 |    0    |    0    |    0    |
|----------|--------------------------------|---------|---------|---------|
|          |       stg_55_write_fu_96       |    0    |    0    |    0    |
|   write  |       stg_65_write_fu_104      |    0    |    0    |    0    |
|          |       stg_66_write_fu_111      |    0    |    0    |    0    |
|----------|--------------------------------|---------|---------|---------|
|   Total  |                                |    12   |   691   |   1915  |
|----------|--------------------------------|---------|---------|---------|

Memories:
N/A

* Register list:
+-----------------------------+--------+
|                             |   FF   |
+-----------------------------+--------+
|         j_1_reg_287         |    4   |
|          j_reg_180          |    4   |
|          k_reg_143          |    1   |
|      o_a_0_call_reg_251     |   32   |
|  o_a_0_strike_price_reg_261 |   32   |
|  o_a_0_time_period_reg_246  |   32   |
|     o_v_0_value_reg_303     |   32   |
|    spot_price_0_1_reg_277   |   32   |
|     spot_price_0_reg_118    |   32   |
|    temp_total_0_1_reg_308   |   32   |
|     temp_total_0_reg_130    |   32   |
|        tmp_1_reg_272        |    1   |
|        tmp_8_reg_298        |   32   |
|        tmp_i_reg_267        |   32   |
|        tmp_pn_reg_156       |   32   |
| u_a_0_current_price_reg_256 |   32   |
|      u_a_0_rfir_reg_241     |   32   |
|     u_v_0_gamma_reg_292     |   32   |
|u_v_gamma_read_assign_reg_168|   32   |
+-----------------------------+--------+
|            Total            |   490  |
+-----------------------------+--------+

* Multiplexer (MUX) list: 
|-------------------------------|------|------|------|--------||---------||---------|
|              Comp             |  Pin | Size |  BW  | S x BW ||  Delay  ||   LUT   |
|-------------------------------|------|------|------|--------||---------||---------|
|      temp_total_0_reg_130     |  p0  |   2  |  32  |   64   ||    32   |
|           k_reg_143           |  p0  |   2  |   1  |    2   |
|         tmp_pn_reg_156        |  p0  |   2  |  32  |   64   ||    32   |
| u_v_gamma_read_assign_reg_168 |  p0  |   2  |  32  |   64   ||    32   |
|           grp_fu_192          |  p0  |   4  |  32  |   128  ||    32   |
|           grp_fu_192          |  p1  |   4  |  32  |   128  ||    32   |
|           grp_fu_198          |  p0  |   3  |  32  |   96   ||    32   |
|           grp_fu_198          |  p1  |   3  |  32  |   96   ||    32   |
|           grp_fu_205          |  p0  |   2  |  32  |   64   ||    32   |
|-------------------------------|------|------|------|--------||---------||---------|
|             Total             |      |      |      |   706  ||  14.377 ||   256   |
|-------------------------------|------|------|------|--------||---------||---------|



* Summary:
+-----------+--------+--------+--------+--------+
|           | DSP48E |  Delay |   FF   |   LUT  |
+-----------+--------+--------+--------+--------+
|  Function |   12   |    -   |   691  |  1915  |
|   Memory  |    -   |    -   |    -   |    -   |
|Multiplexer|    -   |   14   |    -   |   256  |
|  Register |    -   |    -   |   490  |    -   |
+-----------+--------+--------+--------+--------+
|   Total   |   12   |   14   |  1181  |  2171  |
+-----------+--------+--------+--------+--------+
