@I [HLS-0] Workspace /mnt/cas_nfs/gi11/workspace/ForwardFinancialFramework/Platforms/VivadoFPGA/vivadohls_code/hls_prj/F3_VivadoHLS_core opened at Fri Mar 28 17:56:08 GMT 2014
@I [HLS-100] Command "config_clock -quiet -name default -period 10 -default=false "
@I [SYN-201] Setting up clock 'default' with a period of 10ns.
@I [HLS-100] Command 'config_clock' returned 0; elapsed 0Total elapsed time: 3.265 sec.
@I [HLS-100] Command "open_platform DefaultPlatform "
@I [HLS-100] Command 'open_platform' returned 0; elapsed 0Total elapsed time: 3.266 sec.
@I [HLS-100] Command "import_lib /mnt/cas_nfs/applications/Xilinx/Vivado_HLS/2013.4/common/technology/xilinx/zynq/zynq "
@I [HLS-100] Command "source /mnt/cas_nfs/applications/Xilinx/Vivado_HLS/2013.4/common/technology/xilinx/common/xilinx.lib "
@I [HLS-100] Command "source /mnt/cas_nfs/applications/Xilinx/Vivado_HLS/2013.4/common/technology/xilinx/interface/xilinx_interface.lib "
@I [HLS-100] Command "source /mnt/cas_nfs/applications/Xilinx/Vivado_HLS/2013.4/common/technology/xilinx/interface/plb46.lib "
@I [HLS-100] Command 'ap_source' returned 0; elapsed 0Total elapsed time: 3.270 sec.
@I [HLS-100] Command "source /mnt/cas_nfs/applications/Xilinx/Vivado_HLS/2013.4/common/technology/xilinx/interface/fsl.lib "
@I [HLS-100] Command 'ap_source' returned 0; elapsed 0Total elapsed time: 3.271 sec.
@I [HLS-100] Command "source /mnt/cas_nfs/applications/Xilinx/Vivado_HLS/2013.4/common/technology/xilinx/interface/axi4.lib "
@I [HLS-100] Command 'ap_source' returned 0; elapsed 0Total elapsed time: 3.272 sec.
@I [HLS-100] Command 'ap_source' returned 0; elapsed 0Total elapsed time: 3.272 sec.
@I [HLS-100] Command "source /mnt/cas_nfs/applications/Xilinx/Vivado_HLS/2013.4/common/technology/xilinx/common/dsp48.lib "
@I [HLS-100] Command 'ap_source' returned 0; elapsed 0Total elapsed time: 3.273 sec.
@I [HLS-100] Command "source /mnt/cas_nfs/applications/Xilinx/Vivado_HLS/2013.4/common/technology/xilinx/ip/xfft.lib "
@I [HLS-100] Command 'ap_source' returned 0; elapsed 0Total elapsed time: 3.274 sec.
@I [HLS-100] Command "source /mnt/cas_nfs/applications/Xilinx/Vivado_HLS/2013.4/common/technology/xilinx/ip/xfir.lib "
@I [HLS-100] Command 'ap_source' returned 0; elapsed 0Total elapsed time: 3.275 sec.
@I [HLS-100] Command 'ap_source' returned 0; elapsed 0Total elapsed time: 3.276 sec.
@I [HLS-100] Command "source /mnt/cas_nfs/applications/Xilinx/Vivado_HLS/2013.4/common/technology/xilinx/common/xilinx_old.lib "
@I [HLS-100] Command 'ap_source' returned 0; elapsed 0Total elapsed time: 3.279 sec.
@I [HLS-100] Command "source /mnt/cas_nfs/applications/Xilinx/Vivado_HLS/2013.4/common/technology/xilinx/common/xilinx_vivado.lib "
@I [HLS-100] Command 'ap_source' returned 0; elapsed 0Total elapsed time: 3.280 sec.
@I [HLS-100] Command "source /mnt/cas_nfs/applications/Xilinx/Vivado_HLS/2013.4/common/technology/xilinx/common/xilinx.hlp "
@I [HLS-100] Command "source /mnt/cas_nfs/applications/Xilinx/Vivado_HLS/2013.4/common/technology/xilinx/common/target_info.tcl "
@I [HLS-100] Command 'ap_source' returned 0; elapsed 0Total elapsed time: 3.284 sec.
@I [HLS-100] Command "source /mnt/cas_nfs/applications/Xilinx/Vivado_HLS/2013.4/common/technology/xilinx/common/dsp48.hlp "
@I [HLS-100] Command 'ap_source' returned 0; elapsed 0Total elapsed time: 3.285 sec.
@I [HLS-100] Command 'ap_source' returned 0; elapsed 0.01Total elapsed time: 3.285 sec.
@I [HLS-100] Command "source /mnt/cas_nfs/applications/Xilinx/Vivado_HLS/2013.4/common/technology/xilinx/zynq/dsp48e1.hlp "
@I [HLS-100] Command 'ap_source' returned 0; elapsed 0Total elapsed time: 3.286 sec.
@I [HLS-100] Command "get_default_platform "
@I [HLS-100] Command 'get_default_platform' returned 0; elapsed 0Total elapsed time: 3.286 sec.
@I [HLS-100] Command "config_chip_info -quiet -resource  {SLICE 13300}  {LUT 53200}     {FF 106400} {DSP48E 220}   {BRAM 280}  "
@I [HLS-100] Command 'config_chip_info' returned 0; elapsed 0Total elapsed time: 3.286 sec.
@I [HLS-100] Command "config_chip_info -quiet -speed medium "
@I [HLS-100] Command 'config_chip_info' returned 0; elapsed 0Total elapsed time: 3.286 sec.
@I [HLS-100] Command 'import_lib' returned 0; elapsed 0.01Total elapsed time: 3.287 sec.
@I [HLS-100] Command "source /mnt/cas_nfs/applications/Xilinx/Vivado_HLS/2013.4/common/technology/xilinx/zynq/zynq.gen "
@I [HLS-100] Command "source /mnt/cas_nfs/applications/Xilinx/Vivado_HLS/2013.4/common/technology/xilinx/common/virtex.gen "
@I [HLS-100] Command "source /mnt/cas_nfs/applications/Xilinx/Vivado_HLS/2013.4/common/technology/xilinx/common/xilinx.gen "
@I [HLS-100] Command "source /mnt/cas_nfs/applications/Xilinx/Vivado_HLS/2013.4/common/technology/xilinx/interface/plb46.gen "
@I [HLS-100] Command 'ap_source' returned 0; elapsed 0Total elapsed time: 3.291 sec.
@I [HLS-100] Command "source /mnt/cas_nfs/applications/Xilinx/Vivado_HLS/2013.4/common/technology/xilinx/interface/fsl.gen "
@I [HLS-100] Command 'ap_source' returned 0; elapsed 0Total elapsed time: 3.292 sec.
@I [HLS-100] Command "source /mnt/cas_nfs/applications/Xilinx/Vivado_HLS/2013.4/common/technology/xilinx/interface/axi4.gen "
@I [HLS-100] Command 'ap_source' returned 0; elapsed 0Total elapsed time: 3.294 sec.
@I [HLS-100] Command "source /mnt/cas_nfs/applications/Xilinx/Vivado_HLS/2013.4/common/technology/xilinx/scripts/xilinxcoregen.gen "
@I [HLS-100] Command 'ap_source' returned 0; elapsed 0Total elapsed time: 3.302 sec.
@I [HLS-100] Command "source /mnt/cas_nfs/applications/Xilinx/Vivado_HLS/2013.4/common/technology/xilinx/interface/XilEDKCoreGen.gen "
@I [HLS-100] Command 'ap_source' returned 0; elapsed 0.01Total elapsed time: 3.310 sec.
@I [HLS-100] Command "source /mnt/cas_nfs/applications/Xilinx/Vivado_HLS/2013.4/common/technology/xilinx/ip/xfft.gen "
@I [HLS-100] Command 'ap_source' returned 0; elapsed 0.11Total elapsed time: 3.430 sec.
@I [HLS-100] Command "source /mnt/cas_nfs/applications/Xilinx/Vivado_HLS/2013.4/common/technology/xilinx/ip/util.gen "
@I [HLS-100] Command 'ap_source' returned 0; elapsed 0.01Total elapsed time: 3.431 sec.
@I [HLS-100] Command "source /mnt/cas_nfs/applications/Xilinx/Vivado_HLS/2013.4/common/technology/xilinx/ip/xfir.gen "
@I [HLS-100] Command "source /mnt/cas_nfs/applications/Xilinx/Vivado_HLS/2013.4/tps/tcl/tcllib1.11.1/struct/list.tcl "
@I [HLS-100] Command "source /mnt/cas_nfs/applications/Xilinx/Vivado_HLS/2013.4/tps/tcl/tcllib1.11.1/cmdline/cmdline.tcl "
@I [HLS-100] Command 'ap_source' returned 0; elapsed 0Total elapsed time: 3.447 sec.
@I [HLS-100] Command 'ap_source' returned 0; elapsed 0Total elapsed time: 3.447 sec.
@I [HLS-100] Command "source /mnt/cas_nfs/applications/Xilinx/Vivado_HLS/2013.4/tps/tcl/tcllib1.11.1/math/bignum.tcl "
@I [HLS-100] Command 'ap_source' returned 0; elapsed 0.01Total elapsed time: 3.452 sec.
@I [HLS-100] Command 'ap_source' returned 0; elapsed 0.02Total elapsed time: 3.459 sec.
@I [HLS-100] Command 'ap_source' returned 0; elapsed 0.16Total elapsed time: 3.459 sec.
@I [HLS-100] Command "source /mnt/cas_nfs/applications/Xilinx/Vivado_HLS/2013.4/common/technology/xilinx/common/dsp48.gen "
@I [HLS-100] Command 'ap_source' returned 0; elapsed 0Total elapsed time: 3.460 sec.
@I [HLS-100] Command 'ap_source' returned 0; elapsed 0.16Total elapsed time: 3.461 sec.
@I [HLS-100] Command 'ap_source' returned 0; elapsed 0.16Total elapsed time: 3.461 sec.
@I [HLS-100] Command "open_platform DefaultPlatform "
@I [HLS-100] Command 'open_platform' returned 0; elapsed 0Total elapsed time: 3.461 sec.
@I [HLS-100] Command "import_lib /mnt/cas_nfs/applications/Xilinx/Vivado_HLS/2013.4/common/technology/xilinx/zynq/zynq_fpv6 "
@I [HLS-100] Command "source /mnt/cas_nfs/applications/Xilinx/Vivado_HLS/2013.4/common/technology/xilinx/common/xilinx_fpv7.lib "
@I [HLS-100] Command "source /mnt/cas_nfs/applications/Xilinx/Vivado_HLS/2013.4/common/technology/xilinx/common/xilinx_fpv6.lib "
@I [HLS-100] Command 'ap_source' returned 0; elapsed 0Total elapsed time: 3.464 sec.
@I [HLS-100] Command 'ap_source' returned 0; elapsed 0Total elapsed time: 3.466 sec.
@I [HLS-100] Command 'import_lib' returned 0; elapsed 0.01Total elapsed time: 3.476 sec.
@I [HLS-100] Command "source /mnt/cas_nfs/applications/Xilinx/Vivado_HLS/2013.4/common/technology/xilinx/zynq/zynq_fpv6.gen "
@I [HLS-100] Command "source /mnt/cas_nfs/applications/Xilinx/Vivado_HLS/2013.4/common/technology/xilinx/common/xilinx_fpv6.gen "
@I [HLS-100] Command 'ap_source' returned 0; elapsed 0Total elapsed time: 3.478 sec.
@I [HLS-100] Command 'ap_source' returned 0; elapsed 0.01Total elapsed time: 3.478 sec.
@I [HLS-100] Command "set_part xc7z020clg484-1 "
@I [HLS-100] Command "add_library xilinx/zynq/zynq:xc7z020:clg484:-1 "
@I [HLS-100] Command "get_default_platform "
@I [HLS-100] Command 'get_default_platform' returned 0; elapsed 0Total elapsed time: 3.481 sec.
@I [HLS-100] Command "license_exists VIVADO_HLS "
@I [HLS-100] Command 'license_exists' returned 1; elapsed 0Total elapsed time: 3.481 sec.
@I [HLS-100] Command "license_exists AUTOESL_NI "
@I [HLS-100] Command 'license_exists' returned 1; elapsed 0Total elapsed time: 3.481 sec.
@I [HLS-100] Command "license_exists HLS "
@I [HLS-100] Command 'license_exists' returned 0; elapsed 0Total elapsed time: 3.482 sec.
@I [HLS-100] Command "get_default_platform "
@I [HLS-100] Command 'get_default_platform' returned 0; elapsed 0Total elapsed time: 3.680 sec.
@I [HLS-100] Command "config_chip_info -quiet -resource  {SLICE 13300}  {LUT 53200}     {FF 106400} {DSP48E 220}   {BRAM 280}  "
@I [HLS-100] Command 'config_chip_info' returned 0; elapsed 0Total elapsed time: 3.680 sec.
@I [HLS-100] Command "config_chip_info -quiet -speed slow "
@I [HLS-100] Command 'config_chip_info' returned 0; elapsed 0Total elapsed time: 3.680 sec.
@I [HLS-100] Command 'add_library' returned 0; elapsed 0Total elapsed time: 3.755 sec.
@I [HLS-100] Command "add_library xilinx/zynq/zynq_fpv6 "
@I [HLS-100] Command "get_default_platform "
@I [HLS-100] Command 'get_default_platform' returned 0; elapsed 0Total elapsed time: 3.757 sec.
@I [HLS-100] Command "license_exists VIVADO_HLS "
@I [HLS-100] Command 'license_exists' returned 1; elapsed 0Total elapsed time: 3.757 sec.
@I [HLS-100] Command "license_exists AUTOESL_NI "
@I [HLS-100] Command 'license_exists' returned 1; elapsed 0Total elapsed time: 3.757 sec.
@I [HLS-100] Command "license_exists HLS "
@I [HLS-100] Command 'license_exists' returned 0; elapsed 0Total elapsed time: 3.757 sec.
@I [HLS-100] Command 'add_library' returned 0; elapsed 0Total elapsed time: 3.830 sec.
@I [HLS-10] Setting target device to 'xc7z020clg484-1'
@I [HLS-100] Command 'set_part' returned 0; elapsed 0Total elapsed time: 3.831 sec.
@I [HLS-100] Command "get_default_platform "
@I [HLS-100] Command 'get_default_platform' returned 0; elapsed 0Total elapsed time: 3.831 sec.
@I [HLS-100] Command "config_chip_info -quiet -resource  {SLICE 13300}  {LUT 53200}     {FF 106400} {DSP48E 220}   {BRAM 280}  "
@I [HLS-100] Command 'config_chip_info' returned 0; elapsed 0Total elapsed time: 3.831 sec.
@I [HLS-100] Command "config_chip_info -quiet -speed slow "
@I [HLS-100] Command 'config_chip_info' returned 0; elapsed 0Total elapsed time: 3.831 sec.
@I [HLS-100] Command 'open_solution' returned 0; elapsed 0.2Total elapsed time: 3.832 sec.
@I [HLS-100] Command "set_part xc7z020clg484-1 "
@I [HLS-100] Command "add_library xilinx/zynq/zynq:xc7z020:clg484:-1 "
@I [HLS-100] Command "get_default_platform "
@I [HLS-100] Command 'get_default_platform' returned 0; elapsed 0Total elapsed time: 3.833 sec.
@I [HLS-100] Command "license_exists VIVADO_HLS "
@I [HLS-100] Command 'license_exists' returned 1; elapsed 0Total elapsed time: 3.833 sec.
@I [HLS-100] Command "license_exists AUTOESL_NI "
@I [HLS-100] Command 'license_exists' returned 1; elapsed 0Total elapsed time: 3.833 sec.
@I [HLS-100] Command "license_exists HLS "
@I [HLS-100] Command 'license_exists' returned 0; elapsed 0Total elapsed time: 3.833 sec.
@I [HLS-100] Command "get_default_platform "
@I [HLS-100] Command 'get_default_platform' returned 0; elapsed 0Total elapsed time: 3.906 sec.
@I [HLS-100] Command "config_chip_info -quiet -resource  {SLICE 13300}  {LUT 53200}     {FF 106400} {DSP48E 220}   {BRAM 280}  "
@I [HLS-100] Command 'config_chip_info' returned 0; elapsed 0Total elapsed time: 3.906 sec.
@I [HLS-100] Command "config_chip_info -quiet -speed slow "
@I [HLS-100] Command 'config_chip_info' returned 0; elapsed 0Total elapsed time: 3.906 sec.
@I [HLS-100] Command 'add_library' returned 0; elapsed 0.01Total elapsed time: 4.6 sec.
@I [HLS-100] Command "add_library xilinx/zynq/zynq_fpv6 "
@I [HLS-100] Command "get_default_platform "
@I [HLS-100] Command 'get_default_platform' returned 0; elapsed 0Total elapsed time: 4.7 sec.
@I [HLS-100] Command "license_exists VIVADO_HLS "
@I [HLS-100] Command 'license_exists' returned 1; elapsed 0Total elapsed time: 4.7 sec.
@I [HLS-100] Command "license_exists AUTOESL_NI "
@I [HLS-100] Command 'license_exists' returned 1; elapsed 0Total elapsed time: 4.7 sec.
@I [HLS-100] Command "license_exists HLS "
@I [HLS-100] Command 'license_exists' returned 0; elapsed 0Total elapsed time: 4.7 sec.
@I [HLS-100] Command 'add_library' returned 0; elapsed 0Total elapsed time: 4.89 sec.
@I [HLS-100] Command 'set_part' returned 0; elapsed 0.01Total elapsed time: 4.90 sec.
@I [HLS-100] Command "create_clock -period 10 -name default "
@I [HLS-100] Command 'create_clock' returned 0; elapsed 0Total elapsed time: 4.173 sec.
@I [HLS-100] Command "source ./hls_prj/F3_VivadoHLS_core/directives.tcl 0  "
@I [HLS-100] Command 'ap_source' returned 0; elapsed 0Total elapsed time: 4.174 sec.
@I [HLS-100] Command "csynth_design "
@I [HLS-100] Command "elaborate -effort=medium -skip_syncheck=0 -lm=0 -skip_transform=0 -ng=0 -g=0 -opt_fp=0 "
@I [HLS-10] Analyzing design file 'srcs/vivado_core.c' ... 
@0 [HLS-0] Analyzing design file 'srcs/vivado_core.c' ... 
@I [HLS-0] Compiling one TU...
@I [HLS-0] 
Checking before pre-process: exec clang -gcc-toolchain "/mnt/cas_nfs/applications/Xilinx/Vivado_HLS/2013.4/lnx64/tools/gcc" -hls  -DFP_t=float -Dpow=powr -Dsqrt=rsqrt -Dsin=sinf -Dcos=cosf -DVIVADOHLS  -D "__asm__(...)=" -fno-math-errno -c -emit-llvm -O0  -mllvm -disable-llvm-optzns -std=gnu89   -DAESL_SYN -D__SYNTHESIS__ -D__HLS_SYN__ -I "/mnt/cas_nfs/applications/Xilinx/Vivado_HLS/2013.4/common/technology/autopilot" -I "/mnt/cas_nfs/applications/Xilinx/Vivado_HLS/2013.4/common/technology/autopilot/ap_sysc" -include etc/autopilot_ssdm_op.h  "srcs/vivado_core.c"  -o "/mnt/cas_nfs/gi11/workspace/ForwardFinancialFramework/Platforms/VivadoFPGA/vivadohls_code/hls_prj/F3_VivadoHLS_core/.autopilot/db/vivado_core.pp.00.o"

@I [HLS-0] srcs/vivado_core.c:9:18: warning: extra tokens at end of #include directive [-Wextra-tokens]
#include "math.h";
                 ^
                 //
srcs/vivado_core.c:10:21: warning: extra tokens at end of #include directive [-Wextra-tokens]
#include "pthread.h";
                    ^
                    //
srcs/vivado_core.c:11:20: warning: extra tokens at end of #include directive [-Wextra-tokens]
#include "stdint.h";
                   ^
                   //
srcs/vivado_core.c:12:20: warning: extra tokens at end of #include directive [-Wextra-tokens]
#include "stdlib.h";
                   ^
                   //
srcs/vivado_core.c:13:19: warning: extra tokens at end of #include directive [-Wextra-tokens]
#include "stdio.h";
                  ^
                  //
srcs/vivado_core.c:14:18: warning: extra tokens at end of #include directive [-Wextra-tokens]
#include "time.h";
                 ^
                 //
srcs/vivado_core.c:15:26: warning: extra tokens at end of #include directive [-Wextra-tokens]
#include "sys/resource.h";
                         ^
                         //
srcs/vivado_core.c:16:20: warning: extra tokens at end of #include directive [-Wextra-tokens]
#include "unistd.h";
                   ^
                   //
srcs/vivado_core.c:17:20: warning: extra tokens at end of #include directive [-Wextra-tokens]
#include "string.h";
                   ^
                   //
srcs/vivado_core.c:18:24: warning: extra tokens at end of #include directive [-Wextra-tokens]
#include "underlying.h";
                       ^
                       //
srcs/vivado_core.c:19:20: warning: extra tokens at end of #include directive [-Wextra-tokens]
#include "option.h";
                   ^
                   //
srcs/vivado_core.c:58:2: error: use of undeclared identifier 'pragma'
        pragma HLS INTERFACE ap_fifo port=result_0
        ^
srcs/vivado_core.c:67:20: error: use of undeclared identifier 'p'
        PATHSET_LOOP: for(p=0;p<PATHS;++p){
                          ^
srcs/vivado_core.c:67:24: error: use of undeclared identifier 'p'
        PATHSET_LOOP: for(p=0;p<PATHS;++p){
                              ^
srcs/vivado_core.c:67:34: error: use of undeclared identifier 'p'
        PATHSET_LOOP: for(p=0;p<PATHS;++p){
                                        ^
srcs/vivado_core.c:76:18: error: use of undeclared identifier 'pp'
                PATH_LOOP: for(pp=0;pp<(PATH_POINTS);++pp){
                               ^
srcs/vivado_core.c:76:23: error: use of undeclared identifier 'pp'
                PATH_LOOP: for(pp=0;pp<(PATH_POINTS);++pp){
                                    ^
srcs/vivado_core.c:76:42: error: use of undeclared identifier 'pp'
                PATH_LOOP: for(pp=0;pp<(PATH_POINTS);++pp){
                                                       ^
srcs/vivado_core.c:87:12: error: use of undeclared identifier 'p'
                result_0[p] = kernel_arg->o_v_0.value;
                         ^
srcs/vivado_core.c:88:17: error: use of undeclared identifier 'p'
                result_sqrd_0[p] = kernel_arg->o_v_0.value*kernel_arg->o_v_0.value;
                              ^
11 warnings and 9 errors generated.
@E [HLS-70] Compilation errors found:
srcs/vivado_core.c:9:18: warning: extra tokens at end of #include directive [-Wextra-tokens]
#include "math.h";
                 ^
                 //
srcs/vivado_core.c:10:21: warning: extra tokens at end of #include directive [-Wextra-tokens]
#include "pthread.h";
                    ^
                    //
srcs/vivado_core.c:11:20: warning: extra tokens at end of #include directive [-Wextra-tokens]
#include "stdint.h";
                   ^
                   //
srcs/vivado_core.c:12:20: warning: extra tokens at end of #include directive [-Wextra-tokens]
#include "stdlib.h";
                   ^
                   //
srcs/vivado_core.c:13:19: warning: extra tokens at end of #include directive [-Wextra-tokens]
#include "stdio.h";
                  ^
                  //
srcs/vivado_core.c:14:18: warning: extra tokens at end of #include directive [-Wextra-tokens]
#include "time.h";
                 ^
                 //
srcs/vivado_core.c:15:26: warning: extra tokens at end of #include directive [-Wextra-tokens]
#include "sys/resource.h";
                         ^
                         //
srcs/vivado_core.c:16:20: warning: extra tokens at end of #include directive [-Wextra-tokens]
#include "unistd.h";
                   ^
                   //
srcs/vivado_core.c:17:20: warning: extra tokens at end of #include directive [-Wextra-tokens]
#include "string.h";
                   ^
                   //
srcs/vivado_core.c:18:24: warning: extra tokens at end of #include directive [-Wextra-tokens]
#include "underlying.h";
                       ^
                       //
srcs/vivado_core.c:19:20: warning: extra tokens at end of #include directive [-Wextra-tokens]
#include "option.h";
                   ^
                   //
srcs/vivado_core.c:58:2: error: use of undeclared identifier 'pragma'
        pragma HLS INTERFACE ap_fifo port=result_0
        ^
srcs/vivado_core.c:67:20: error: use of undeclared identifier 'p'
        PATHSET_LOOP: for(p=0;p<PATHS;++p){
                          ^
srcs/vivado_core.c:67:24: error: use of undeclared identifier 'p'
        PATHSET_LOOP: for(p=0;p<PATHS;++p){
                              ^
srcs/vivado_core.c:67:34: error: use of undeclared identifier 'p'
        PATHSET_LOOP: for(p=0;p<PATHS;++p){
                                        ^
srcs/vivado_core.c:76:18: error: use of undeclared identifier 'pp'
                PATH_LOOP: for(pp=0;pp<(PATH_POINTS);++pp){
                               ^
srcs/vivado_core.c:76:23: error: use of undeclared identifier 'pp'
                PATH_LOOP: for(pp=0;pp<(PATH_POINTS);++pp){
                                    ^
srcs/vivado_core.c:76:42: error: use of undeclared identifier 'pp'
                PATH_LOOP: for(pp=0;pp<(PATH_POINTS);++pp){
                                                       ^
srcs/vivado_core.c:87:12: error: use of undeclared identifier 'p'
                result_0[p] = kernel_arg->o_v_0.value;
                         ^
srcs/vivado_core.c:88:17: error: use of undeclared identifier 'p'
                result_sqrd_0[p] = kernel_arg->o_v_0.value*kernel_arg->o_v_0.value;
                              ^
11 warnings and 9 errors generated.
@E [HLS-0] Compilation errors found:
srcs/vivado_core.c:9:18: warning: extra tokens at end of #include directive [-Wextra-tokens]
#include "math.h";
                 ^
                 //
srcs/vivado_core.c:10:21: warning: extra tokens at end of #include directive [-Wextra-tokens]
#include "pthread.h";
                    ^
                    //
srcs/vivado_core.c:11:20: warning: extra tokens at end of #include directive [-Wextra-tokens]
#include "stdint.h";
                   ^
                   //
srcs/vivado_core.c:12:20: warning: extra tokens at end of #include directive [-Wextra-tokens]
#include "stdlib.h";
                   ^
                   //
srcs/vivado_core.c:13:19: warning: extra tokens at end of #include directive [-Wextra-tokens]
#include "stdio.h";
                  ^
                  //
srcs/vivado_core.c:14:18: warning: extra tokens at end of #include directive [-Wextra-tokens]
#include "time.h";
                 ^
                 //
srcs/vivado_core.c:15:26: warning: extra tokens at end of #include directive [-Wextra-tokens]
#include "sys/resource.h";
                         ^
                         //
srcs/vivado_core.c:16:20: warning: extra tokens at end of #include directive [-Wextra-tokens]
#include "unistd.h";
                   ^
                   //
srcs/vivado_core.c:17:20: warning: extra tokens at end of #include directive [-Wextra-tokens]
#include "string.h";
                   ^
                   //
srcs/vivado_core.c:18:24: warning: extra tokens at end of #include directive [-Wextra-tokens]
#include "underlying.h";
                       ^
                       //
srcs/vivado_core.c:19:20: warning: extra tokens at end of #include directive [-Wextra-tokens]
#include "option.h";
                   ^
                   //
srcs/vivado_core.c:58:2: error: use of undeclared identifier 'pragma'
        pragma HLS INTERFACE ap_fifo port=result_0
        ^
srcs/vivado_core.c:67:20: error: use of undeclared identifier 'p'
        PATHSET_LOOP: for(p=0;p<PATHS;++p){
                          ^
srcs/vivado_core.c:67:24: error: use of undeclared identifier 'p'
        PATHSET_LOOP: for(p=0;p<PATHS;++p){
                              ^
srcs/vivado_core.c:67:34: error: use of undeclared identifier 'p'
        PATHSET_LOOP: for(p=0;p<PATHS;++p){
                                        ^
srcs/vivado_core.c:76:18: error: use of undeclared identifier 'pp'
                PATH_LOOP: for(pp=0;pp<(PATH_POINTS);++pp){
                               ^
srcs/vivado_core.c:76:23: error: use of undeclared identifier 'pp'
                PATH_LOOP: for(pp=0;pp<(PATH_POINTS);++pp){
                                    ^
srcs/vivado_core.c:76:42: error: use of undeclared identifier 'pp'
                PATH_LOOP: for(pp=0;pp<(PATH_POINTS);++pp){
                                                       ^
srcs/vivado_core.c:87:12: error: use of undeclared identifier 'p'
                result_0[p] = kernel_arg->o_v_0.value;
                         ^
srcs/vivado_core.c:88:17: error: use of undeclared identifier 'p'
                result_sqrd_0[p] = kernel_arg->o_v_0.value*kernel_arg->o_v_0.value;
                              ^
11 warnings and 9 errors generated.
@I [HLS-100] Command 'elaborate' returned 2; elapsed 0.01Total elapsed time: 4.374 sec.
@I [HLS-100] Command 'csynth_design' returned 2; elapsed 0.01Total elapsed time: 4.374 sec.
@I [HLS-100] Command "cleanup_all "
@I [HLS-100] Command 'cleanup_all' returned 0; elapsed 0Total elapsed time: 4.375 sec.
