

================================================================
== Vivado HLS Report for 'vivado_activity_thread'
================================================================
* Date:           Tue May 20 10:32:16 2014

* Version:        2013.4 (build date: Mon Dec 09 17:07:59 PM 2013)
* Project:        hls_prj
* Solution:       F3_VivadoHLS_core
* Product family: zynq zynq_fpv6 
* Target device:  xc7z045ffg900-2


================================================================
== Performance Estimates
================================================================
+ Timing (ns): 
    * Summary: 
    +---------+-------+----------+------------+
    |  Clock  | Target| Estimated| Uncertainty|
    +---------+-------+----------+------------+
    |default  |  10.00|      8.75|        1.25|
    +---------+-------+----------+------------+

+ Latency (clock cycles): 
    * Summary: 
    +--------+--------+--------+--------+---------+
    |     Latency     |     Interval    | Pipeline|
    |   min  |   max  |   min  |   max  |   Type  |
    +--------+--------+--------+--------+---------+
    |  305018|  305018|  305019|  305019|   none  |
    +--------+--------+--------+--------+---------+

    + Detail: 
        * Instance: 
        N/A

        * Loop: 
        +----------------+--------+--------+----------+-----------+-----------+------+----------+
        |                |     Latency     | Iteration|  Initiation Interval  | Trip |          |
        |    Loop Name   |   min  |   max  |  Latency |  achieved |   target  | Count| Pipelined|
        +----------------+--------+--------+----------+-----------+-----------+------+----------+
        |- PATHSET_LOOP  |  304000|  304000|       304|          -|          -|  1000|    no    |
        | + PATH_LOOP    |     297|     297|        29|          -|          -|    10|    no    |
        |- Loop 2        |    1001|    1001|         3|          1|          1|  1000|    yes   |
        +----------------+--------+--------+----------+-----------+-----------+------+----------+



================================================================
== Utilization Estimates
================================================================
* Summary: 
+-----------------+---------+-------+--------+--------+
|       Name      | BRAM_18K| DSP48E|   FF   |   LUT  |
+-----------------+---------+-------+--------+--------+
|Expression       |        -|      -|       -|       -|
|FIFO             |        -|      -|       -|       -|
|Instance         |        -|      -|       -|       -|
|Memory           |        -|      -|       -|       -|
|Multiplexer      |        -|      -|       -|       -|
|Register         |        -|      -|       -|       -|
|ShiftMemory      |        -|      -|       -|       -|
+-----------------+---------+-------+--------+--------+
|Total            |        0|      0|       0|       0|
+-----------------+---------+-------+--------+--------+
|Available        |     1090|    900|  437200|  218600|
+-----------------+---------+-------+--------+--------+
|Utilization (%)  |        0|      0|       0|       0|
+-----------------+---------+-------+--------+--------+

+ Detail: 
    * Instance: 
    N/A

    * Memory: 
    N/A

    * FIFO: 
    N/A

    * Shift register: 
    N/A

    * Expression: 
    N/A

    * Multiplexer: 
    N/A

    * Register: 
    N/A



================================================================
== Interface
================================================================
* Summary: 
N/A

============================================================
+ Verbose Summary: Synthesis Manager
============================================================
InlineROM: 1
ExposeGlobal: 0
============================================================
+ Verbose Summary: CDFG Model
============================================================
IsTopModel: 1
ResetActiveHigh: 1
IsCombinational: 0
IsDatapathOnly: 0
HasWiredReturn: 1
HasMFsm: 0
HasVarLatency: 1
IsPipeline: 0
IsRtlPipelined: 0
IsInstanceOverlapped: 0
IsDontTouch: 0
HasImplIP: 0
IsGatedGlobalClock: 0

+ Individual pipeline summary: 
  * Pipeline-0: initiation interval (II) = 1, depth = 3


============================================================
+ Verbose Summary: Schedule
============================================================
* Number of FSM states: 54
* Pipeline: 1
  Pipeline-0: II = 1, D = 3, States = { 51 52 53 }
* Dataflow Pipeline: 0

* FSM state transitions: 
1 --> 
	2  / true
2 --> 
	3  / true
3 --> 
	4  / true
4 --> 
	5  / true
5 --> 
	6  / true
6 --> 
	7  / true
7 --> 
	8  / true
8 --> 
	9  / true
9 --> 
	10  / true
10 --> 
	11  / true
11 --> 
	12  / true
12 --> 
	13  / true
13 --> 
	14  / true
14 --> 
	15  / true
15 --> 
	16  / true
16 --> 
	17  / (!exitcond1)
	51  / (exitcond1)
17 --> 
	18  / true
18 --> 
	19  / true
19 --> 
	20  / true
20 --> 
	21  / true
21 --> 
	22  / true
22 --> 
	23  / true
23 --> 
	24  / true
24 --> 
	25  / (!exitcond)
	46  / (exitcond)
25 --> 
	26  / true
26 --> 
	27  / true
27 --> 
	28  / true
28 --> 
	29  / true
29 --> 
	30  / true
30 --> 
	31  / true
31 --> 
	32  / true
32 --> 
	33  / true
33 --> 
	34  / true
34 --> 
	35  / true
35 --> 
	36  / true
36 --> 
	37  / true
37 --> 
	38  / true
38 --> 
	39  / true
39 --> 
	40  / true
40 --> 
	41  / true
41 --> 
	42  / true
42 --> 
	43  / true
43 --> 
	44  / true
44 --> 
	45  / true
45 --> 
	17  / true
46 --> 
	47  / true
47 --> 
	48  / true
48 --> 
	49  / true
49 --> 
	50  / true
50 --> 
	16  / true
51 --> 
	54  / (exitcond2)
	52  / (!exitcond2)
52 --> 
	53  / true
53 --> 
	51  / true
54 --> 
* FSM state operations: 

 <State 1>: 7.20ns
ST_1: thread_result_0_read [2/2] 0.00ns
:27  %thread_result_0_read = call i32 @_ssdm_op_Read.ap_none.i32(i32 %thread_result_0)

ST_1: thread_result_buff [1/1] 2.39ns
:28  %thread_result_buff = alloca [1000 x i32], align 16

ST_1: o_a_0_time_period [1/1] 0.00ns
:39  %o_a_0_time_period = call float @_ssdm_op_Read.ap_auto.floatP(float* %kernel_o_a_0_time_period)

ST_1: delta_time_0 [12/12] 7.20ns
:43  %delta_time_0 = fdiv float %o_a_0_time_period, 1.000000e+01


 <State 2>: 7.20ns
ST_2: thread_result_0_read [1/2] 0.00ns
:27  %thread_result_0_read = call i32 @_ssdm_op_Read.ap_none.i32(i32 %thread_result_0)

ST_2: delta_time_0 [11/12] 7.20ns
:43  %delta_time_0 = fdiv float %o_a_0_time_period, 1.000000e+01


 <State 3>: 7.20ns
ST_3: delta_time_0 [10/12] 7.20ns
:43  %delta_time_0 = fdiv float %o_a_0_time_period, 1.000000e+01


 <State 4>: 7.20ns
ST_4: delta_time_0 [9/12] 7.20ns
:43  %delta_time_0 = fdiv float %o_a_0_time_period, 1.000000e+01


 <State 5>: 7.20ns
ST_5: delta_time_0 [8/12] 7.20ns
:43  %delta_time_0 = fdiv float %o_a_0_time_period, 1.000000e+01


 <State 6>: 7.20ns
ST_6: delta_time_0 [7/12] 7.20ns
:43  %delta_time_0 = fdiv float %o_a_0_time_period, 1.000000e+01


 <State 7>: 7.20ns
ST_7: delta_time_0 [6/12] 7.20ns
:43  %delta_time_0 = fdiv float %o_a_0_time_period, 1.000000e+01


 <State 8>: 7.20ns
ST_8: delta_time_0 [5/12] 7.20ns
:43  %delta_time_0 = fdiv float %o_a_0_time_period, 1.000000e+01


 <State 9>: 7.20ns
ST_9: delta_time_0 [4/12] 7.20ns
:43  %delta_time_0 = fdiv float %o_a_0_time_period, 1.000000e+01


 <State 10>: 7.20ns
ST_10: delta_time_0 [3/12] 7.20ns
:43  %delta_time_0 = fdiv float %o_a_0_time_period, 1.000000e+01


 <State 11>: 7.20ns
ST_11: delta_time_0 [2/12] 7.20ns
:43  %delta_time_0 = fdiv float %o_a_0_time_period, 1.000000e+01


 <State 12>: 7.20ns
ST_12: delta_time_0 [1/12] 7.20ns
:43  %delta_time_0 = fdiv float %o_a_0_time_period, 1.000000e+01


 <State 13>: 8.43ns
ST_13: u_a_0_rfir [1/1] 0.00ns
:37  %u_a_0_rfir = call float @_ssdm_op_Read.ap_auto.floatP(float* %kernel_u_a_0_rfir)

ST_13: u_a_0_current_price [1/1] 0.00ns
:38  %u_a_0_current_price = call float @_ssdm_op_Read.ap_auto.floatP(float* %kernel_u_a_0_current_price)

ST_13: o_a_0_call [1/1] 0.00ns
:40  %o_a_0_call = call float @_ssdm_op_Read.ap_auto.floatP(float* %kernel_o_a_0_call)

ST_13: tmp_9 [3/3] 2.63ns
:42  %tmp_9 = fpext float %u_a_0_current_price to double

ST_13: tmp_i [3/3] 8.43ns
:44  %tmp_i = fmul float %u_a_0_rfir, %delta_time_0

ST_13: tmp_4 [3/3] 3.50ns
:45  %tmp_4 = fcmp oeq float %o_a_0_call, 0.000000e+00


 <State 14>: 8.43ns
ST_14: tmp_9 [2/3] 2.63ns
:42  %tmp_9 = fpext float %u_a_0_current_price to double

ST_14: tmp_i [2/3] 8.43ns
:44  %tmp_i = fmul float %u_a_0_rfir, %delta_time_0

ST_14: tmp_4 [2/3] 3.50ns
:45  %tmp_4 = fcmp oeq float %o_a_0_call, 0.000000e+00


 <State 15>: 8.43ns
ST_15: stg_80 [1/1] 0.00ns
:0  call void (...)* @_ssdm_op_SpecBitsMap(i32* %a), !map !94

ST_15: stg_81 [1/1] 0.00ns
:1  call void (...)* @_ssdm_op_SpecBitsMap(float* %kernel_u_a_0_rfir), !map !98

ST_15: stg_82 [1/1] 0.00ns
:2  call void (...)* @_ssdm_op_SpecBitsMap(float* %kernel_u_a_0_current_price), !map !102

ST_15: stg_83 [1/1] 0.00ns
:3  call void (...)* @_ssdm_op_SpecBitsMap(float* %kernel_u_a_0_volatility), !map !106

ST_15: stg_84 [1/1] 0.00ns
:4  call void (...)* @_ssdm_op_SpecBitsMap(float* %kernel_u_a_0_initial_volatility), !map !110

ST_15: stg_85 [1/1] 0.00ns
:5  call void (...)* @_ssdm_op_SpecBitsMap(float* %kernel_u_a_0_volatility_volatility), !map !114

ST_15: stg_86 [1/1] 0.00ns
:6  call void (...)* @_ssdm_op_SpecBitsMap(float* %kernel_u_a_0_rho), !map !118

ST_15: stg_87 [1/1] 0.00ns
:7  call void (...)* @_ssdm_op_SpecBitsMap(float* %kernel_u_a_0_kappa), !map !122

ST_15: stg_88 [1/1] 0.00ns
:8  call void (...)* @_ssdm_op_SpecBitsMap(float* %kernel_u_a_0_theta), !map !126

ST_15: stg_89 [1/1] 0.00ns
:9  call void (...)* @_ssdm_op_SpecBitsMap(float* %kernel_u_a_0_correlation_matrix_0_0), !map !130

ST_15: stg_90 [1/1] 0.00ns
:10  call void (...)* @_ssdm_op_SpecBitsMap(float* %kernel_u_a_0_correlation_matrix_0_1), !map !134

ST_15: stg_91 [1/1] 0.00ns
:11  call void (...)* @_ssdm_op_SpecBitsMap(float* %kernel_u_a_0_correlation_matrix_1_0), !map !138

ST_15: stg_92 [1/1] 0.00ns
:12  call void (...)* @_ssdm_op_SpecBitsMap(float* %kernel_u_a_0_correlation_matrix_1_1), !map !142

ST_15: stg_93 [1/1] 0.00ns
:13  call void (...)* @_ssdm_op_SpecBitsMap(float* %kernel_o_a_0_second_barrier), !map !146

ST_15: stg_94 [1/1] 0.00ns
:14  call void (...)* @_ssdm_op_SpecBitsMap(float* %kernel_o_a_0_barrier), !map !150

ST_15: stg_95 [1/1] 0.00ns
:15  call void (...)* @_ssdm_op_SpecBitsMap(float* %kernel_o_a_0_out), !map !154

ST_15: stg_96 [1/1] 0.00ns
:16  call void (...)* @_ssdm_op_SpecBitsMap(float* %kernel_o_a_0_down), !map !158

ST_15: stg_97 [1/1] 0.00ns
:17  call void (...)* @_ssdm_op_SpecBitsMap(float* %kernel_o_a_0_strike_price), !map !162

ST_15: stg_98 [1/1] 0.00ns
:18  call void (...)* @_ssdm_op_SpecBitsMap(float* %kernel_o_a_0_time_period), !map !166

ST_15: stg_99 [1/1] 0.00ns
:19  call void (...)* @_ssdm_op_SpecBitsMap(float* %kernel_o_a_0_call), !map !170

ST_15: stg_100 [1/1] 0.00ns
:20  call void (...)* @_ssdm_op_SpecBitsMap(float* %kernel_o_a_0_points), !map !174

ST_15: stg_101 [1/1] 0.00ns
:21  call void (...)* @_ssdm_op_SpecBitsMap(i32* %seed_0_s1), !map !178

ST_15: stg_102 [1/1] 0.00ns
:22  call void (...)* @_ssdm_op_SpecBitsMap(i32* %seed_0_s2), !map !182

ST_15: stg_103 [1/1] 0.00ns
:23  call void (...)* @_ssdm_op_SpecBitsMap(i32* %seed_0_s3), !map !186

ST_15: stg_104 [1/1] 0.00ns
:24  call void (...)* @_ssdm_op_SpecBitsMap(i32* %seed_0_offset), !map !190

ST_15: stg_105 [1/1] 0.00ns
:25  call void (...)* @_ssdm_op_SpecBitsMap(i32 %thread_result_0), !map !194

ST_15: stg_106 [1/1] 0.00ns
:26  call void (...)* @_ssdm_op_SpecTopModule([23 x i8]* @str) nounwind

ST_15: stg_107 [1/1] 0.00ns
:29  call void (...)* @_ssdm_op_SpecBus(i32* %a, [7 x i8]* @p_str124, i32 0, i32 0, i32 0, [1 x i8]* @p_str125) nounwind

ST_15: stg_108 [1/1] 0.00ns
:30  call void (...)* @_ssdm_op_SpecIFCore(i32* %a, [1 x i8]* @p_str125, [6 x i8]* @p_str126, [1 x i8]* @p_str125, [1 x i8]* @p_str125, [1 x i8]* @p_str125, [1 x i8]* @p_str125)

ST_15: stg_109 [1/1] 0.00ns
:31  call void (...)* @_ssdm_op_SpecIFCore(float* %kernel_u_a_0_rfir, float* %kernel_u_a_0_current_price, float* %kernel_u_a_0_volatility, float* %kernel_u_a_0_initial_volatility, float* %kernel_u_a_0_volatility_volatility, float* %kernel_u_a_0_rho, float* %kernel_u_a_0_kappa, float* %kernel_u_a_0_theta, float* %kernel_u_a_0_correlation_matrix_0_0, float* %kernel_u_a_0_correlation_matrix_0_1, float* %kernel_u_a_0_correlation_matrix_1_0, float* %kernel_u_a_0_correlation_matrix_1_1, [1 x i8]* @p_str125, [10 x i8]* @p_str127, [1 x i8]* @p_str125, [1 x i8]* @p_str125, [1 x i8]* @p_str125, [20 x i8]* @p_str128)

ST_15: stg_110 [1/1] 0.00ns
:32  call void (...)* @_ssdm_op_SpecIFCore(float* %kernel_o_a_0_second_barrier, float* %kernel_o_a_0_barrier, float* %kernel_o_a_0_out, float* %kernel_o_a_0_down, float* %kernel_o_a_0_strike_price, float* %kernel_o_a_0_time_period, float* %kernel_o_a_0_call, float* %kernel_o_a_0_points, [1 x i8]* @p_str125, [10 x i8]* @p_str127, [1 x i8]* @p_str125, [1 x i8]* @p_str125, [1 x i8]* @p_str125, [20 x i8]* @p_str128)

ST_15: stg_111 [1/1] 0.00ns
:33  call void (...)* @_ssdm_op_SpecIFCore(i32* %seed_0_s1, i32* %seed_0_s2, i32* %seed_0_s3, i32* %seed_0_offset, [1 x i8]* @p_str125, [10 x i8]* @p_str127, [1 x i8]* @p_str125, [1 x i8]* @p_str125, [1 x i8]* @p_str125, [20 x i8]* @p_str128)

ST_15: stg_112 [1/1] 0.00ns
:34  call void (...)* @_ssdm_op_SpecWire(i32 %thread_result_0, [8 x i8]* @p_str129, i32 1, i32 1, i32 0, [1 x i8]* @p_str125) nounwind

ST_15: stg_113 [1/1] 0.00ns
:35  call void (...)* @_ssdm_op_SpecIFCore(i32 %thread_result_0, [1 x i8]* @p_str125, [10 x i8]* @p_str130, [1 x i8]* @p_str125, [1 x i8]* @p_str125, [1 x i8]* @p_str125, [20 x i8]* @p_str128)

ST_15: stg_114 [1/1] 0.00ns
:36  call void (...)* @_ssdm_op_SpecIFCore(i32 0, [1 x i8]* @p_str125, [10 x i8]* @p_str127, [1 x i8]* @p_str125, [1 x i8]* @p_str125, [1 x i8]* @p_str125, [20 x i8]* @p_str128)

ST_15: o_a_0_strike_price [1/1] 0.00ns
:41  %o_a_0_strike_price = call float @_ssdm_op_Read.ap_auto.floatP(float* %kernel_o_a_0_strike_price)

ST_15: tmp_9 [1/3] 2.63ns
:42  %tmp_9 = fpext float %u_a_0_current_price to double

ST_15: tmp_i [1/3] 8.43ns
:44  %tmp_i = fmul float %u_a_0_rfir, %delta_time_0

ST_15: tmp_4 [1/3] 3.50ns
:45  %tmp_4 = fcmp oeq float %o_a_0_call, 0.000000e+00

ST_15: tmp_8 [1/1] 1.15ns
:46  %tmp_8 = xor i1 %tmp_4, true

ST_15: stg_120 [1/1] 1.12ns
:47  br label %1


 <State 16>: 1.69ns
ST_16: p [1/1] 0.00ns
:0  %p = phi i10 [ 0, %0 ], [ %p_1, %_ifconv ]

ST_16: exitcond1 [1/1] 1.69ns
:1  %exitcond1 = icmp eq i10 %p, -24

ST_16: empty [1/1] 0.00ns
:2  %empty = call i32 (...)* @_ssdm_op_SpecLoopTripCount(i64 1000, i64 1000, i64 1000)

ST_16: p_1 [1/1] 1.50ns
:3  %p_1 = add i10 %p, 1

ST_16: stg_125 [1/1] 0.00ns
:4  br i1 %exitcond1, label %5, label %2

ST_16: stg_126 [1/1] 0.00ns
:0  call void (...)* @_ssdm_op_SpecLoopName([13 x i8]* @p_str131) nounwind

ST_16: tmp [1/1] 0.00ns
:1  %tmp = call i32 (...)* @_ssdm_op_SpecRegionBegin([13 x i8]* @p_str131)

ST_16: stg_128 [1/1] 1.25ns
:2  br label %3

ST_16: tmp_5 [1/1] 0.00ns
:0  %tmp_5 = call i30 @_ssdm_op_PartSelect.i30.i32.i32.i32(i32 %thread_result_0_read, i32 2, i32 31)

ST_16: tmp_6 [1/1] 0.00ns
:1  %tmp_6 = zext i30 %tmp_5 to i64

ST_16: a_addr [1/1] 0.00ns
:2  %a_addr = getelementptr inbounds i32* %a, i64 %tmp_6

ST_16: stg_132 [1/1] 1.12ns
:3  br label %burst.wr.header


 <State 17>: 8.42ns
ST_17: tmp_1_pn [1/1] 0.00ns
:2  %tmp_1_pn = phi double [ 1.000000e+00, %2 ], [ %tmp_7, %4 ]

ST_17: spot_price_0_0_in [5/5] 8.42ns
:3  %spot_price_0_0_in = fmul double %tmp_9, %tmp_1_pn


 <State 18>: 8.42ns
ST_18: spot_price_0_0_in [4/5] 8.42ns
:3  %spot_price_0_0_in = fmul double %tmp_9, %tmp_1_pn


 <State 19>: 8.42ns
ST_19: spot_price_0_0_in [3/5] 8.42ns
:3  %spot_price_0_0_in = fmul double %tmp_9, %tmp_1_pn


 <State 20>: 8.42ns
ST_20: spot_price_0_0_in [2/5] 8.42ns
:3  %spot_price_0_0_in = fmul double %tmp_9, %tmp_1_pn


 <State 21>: 8.42ns
ST_21: spot_price_0_0_in [1/5] 8.42ns
:3  %spot_price_0_0_in = fmul double %tmp_9, %tmp_1_pn


 <State 22>: 3.62ns
ST_22: spot_price_0 [3/3] 3.62ns
:4  %spot_price_0 = fptrunc double %spot_price_0_0_in to float


 <State 23>: 3.62ns
ST_23: spot_price_0 [2/3] 3.62ns
:4  %spot_price_0 = fptrunc double %spot_price_0_0_in to float


 <State 24>: 8.59ns
ST_24: u_v_gamma_read_assign [1/1] 0.00ns
:0  %u_v_gamma_read_assign = phi float [ 0.000000e+00, %2 ], [ %u_v_0_gamma, %4 ]

ST_24: pp [1/1] 0.00ns
:1  %pp = phi i4 [ 0, %2 ], [ %pp_1, %4 ]

ST_24: spot_price_0 [1/3] 3.62ns
:4  %spot_price_0 = fptrunc double %spot_price_0_0_in to float

ST_24: exitcond [1/1] 1.40ns
:5  %exitcond = icmp eq i4 %pp, -6

ST_24: empty_5 [1/1] 0.00ns
:6  %empty_5 = call i32 (...)* @_ssdm_op_SpecLoopTripCount(i64 10, i64 10, i64 10)

ST_24: pp_1 [1/1] 0.70ns
:7  %pp_1 = add i4 %pp, 1

ST_24: stg_147 [1/1] 0.00ns
:8  br i1 %exitcond, label %_ifconv, label %4

ST_24: u_v_0_gamma [4/4] 8.59ns
:1  %u_v_0_gamma = fadd float %tmp_i, %u_v_gamma_read_assign


 <State 25>: 8.59ns
ST_25: u_v_0_gamma [3/4] 8.59ns
:1  %u_v_0_gamma = fadd float %tmp_i, %u_v_gamma_read_assign


 <State 26>: 8.59ns
ST_26: u_v_0_gamma [2/4] 8.59ns
:1  %u_v_0_gamma = fadd float %tmp_i, %u_v_gamma_read_assign


 <State 27>: 8.59ns
ST_27: u_v_0_gamma [1/4] 8.59ns
:1  %u_v_0_gamma = fadd float %tmp_i, %u_v_gamma_read_assign


 <State 28>: 2.63ns
ST_28: tmp_s [3/3] 2.63ns
:2  %tmp_s = fpext float %u_v_0_gamma to double


 <State 29>: 2.63ns
ST_29: tmp_s [2/3] 2.63ns
:2  %tmp_s = fpext float %u_v_0_gamma to double


 <State 30>: 2.63ns
ST_30: tmp_s [1/3] 2.63ns
:2  %tmp_s = fpext float %u_v_0_gamma to double


 <State 31>: 7.56ns
ST_31: tmp_7 [15/15] 7.56ns
:3  %tmp_7 = call double @llvm.exp.f64(double %tmp_s)


 <State 32>: 7.56ns
ST_32: tmp_7 [14/15] 7.56ns
:3  %tmp_7 = call double @llvm.exp.f64(double %tmp_s)


 <State 33>: 7.56ns
ST_33: tmp_7 [13/15] 7.56ns
:3  %tmp_7 = call double @llvm.exp.f64(double %tmp_s)


 <State 34>: 7.56ns
ST_34: tmp_7 [12/15] 7.56ns
:3  %tmp_7 = call double @llvm.exp.f64(double %tmp_s)


 <State 35>: 7.56ns
ST_35: tmp_7 [11/15] 7.56ns
:3  %tmp_7 = call double @llvm.exp.f64(double %tmp_s)


 <State 36>: 7.56ns
ST_36: tmp_7 [10/15] 7.56ns
:3  %tmp_7 = call double @llvm.exp.f64(double %tmp_s)


 <State 37>: 7.56ns
ST_37: tmp_7 [9/15] 7.56ns
:3  %tmp_7 = call double @llvm.exp.f64(double %tmp_s)


 <State 38>: 7.56ns
ST_38: tmp_7 [8/15] 7.56ns
:3  %tmp_7 = call double @llvm.exp.f64(double %tmp_s)


 <State 39>: 7.56ns
ST_39: tmp_7 [7/15] 7.56ns
:3  %tmp_7 = call double @llvm.exp.f64(double %tmp_s)


 <State 40>: 7.56ns
ST_40: tmp_7 [6/15] 7.56ns
:3  %tmp_7 = call double @llvm.exp.f64(double %tmp_s)


 <State 41>: 7.56ns
ST_41: tmp_7 [5/15] 7.56ns
:3  %tmp_7 = call double @llvm.exp.f64(double %tmp_s)


 <State 42>: 7.56ns
ST_42: tmp_7 [4/15] 7.56ns
:3  %tmp_7 = call double @llvm.exp.f64(double %tmp_s)


 <State 43>: 7.56ns
ST_43: tmp_7 [3/15] 7.56ns
:3  %tmp_7 = call double @llvm.exp.f64(double %tmp_s)


 <State 44>: 7.56ns
ST_44: tmp_7 [2/15] 7.56ns
:3  %tmp_7 = call double @llvm.exp.f64(double %tmp_s)


 <State 45>: 7.56ns
ST_45: stg_169 [1/1] 0.00ns
:0  call void (...)* @_ssdm_op_SpecLoopName([10 x i8]* @p_str132) nounwind

ST_45: tmp_7 [1/15] 7.56ns
:3  %tmp_7 = call double @llvm.exp.f64(double %tmp_s)

ST_45: stg_171 [1/1] 0.00ns
:4  br label %3


 <State 46>: 8.59ns
ST_46: tmp_1_i [4/4] 8.59ns
_ifconv:0  %tmp_1_i = fsub float %spot_price_0, %o_a_0_strike_price

ST_46: tmp_2_i [4/4] 8.59ns
_ifconv:1  %tmp_2_i = fsub float %o_a_0_strike_price, %spot_price_0


 <State 47>: 8.59ns
ST_47: tmp_1_i [3/4] 8.59ns
_ifconv:0  %tmp_1_i = fsub float %spot_price_0, %o_a_0_strike_price

ST_47: tmp_2_i [3/4] 8.59ns
_ifconv:1  %tmp_2_i = fsub float %o_a_0_strike_price, %spot_price_0


 <State 48>: 8.59ns
ST_48: tmp_1_i [2/4] 8.59ns
_ifconv:0  %tmp_1_i = fsub float %spot_price_0, %o_a_0_strike_price

ST_48: tmp_2_i [2/4] 8.59ns
_ifconv:1  %tmp_2_i = fsub float %o_a_0_strike_price, %spot_price_0


 <State 49>: 8.59ns
ST_49: tmp_1_i [1/4] 8.59ns
_ifconv:0  %tmp_1_i = fsub float %spot_price_0, %o_a_0_strike_price

ST_49: tmp_2_i [1/4] 8.59ns
_ifconv:1  %tmp_2_i = fsub float %o_a_0_strike_price, %spot_price_0


 <State 50>: 3.54ns
ST_50: o_v_0_value [1/1] 1.15ns
_ifconv:2  %o_v_0_value = select i1 %tmp_8, float %tmp_1_i, float %tmp_2_i

ST_50: tmp_2 [1/1] 0.00ns
_ifconv:3  %tmp_2 = bitcast float %o_v_0_value to i32

ST_50: tmp_3 [1/1] 0.00ns
_ifconv:4  %tmp_3 = zext i10 %p to i64

ST_50: thread_result_buff_addr [1/1] 0.00ns
_ifconv:5  %thread_result_buff_addr = getelementptr inbounds [1000 x i32]* %thread_result_buff, i64 0, i64 %tmp_3

ST_50: stg_184 [1/1] 2.39ns
_ifconv:6  store i32 %tmp_2, i32* %thread_result_buff_addr, align 4

ST_50: empty_6 [1/1] 0.00ns
_ifconv:7  %empty_6 = call i32 (...)* @_ssdm_op_SpecRegionEnd([13 x i8]* @p_str131, i32 %tmp)

ST_50: stg_186 [1/1] 0.00ns
_ifconv:8  br label %1


 <State 51>: 2.39ns
ST_51: indvar [1/1] 0.00ns
burst.wr.header:0  %indvar = phi i10 [ %indvar_next, %burst.wr.body3 ], [ 0, %5 ]

ST_51: exitcond2 [1/1] 1.69ns
burst.wr.header:1  %exitcond2 = icmp eq i10 %indvar, -24

ST_51: indvar_next [1/1] 1.50ns
burst.wr.header:2  %indvar_next = add i10 %indvar, 1

ST_51: stg_190 [1/1] 0.00ns
burst.wr.header:3  br i1 %exitcond2, label %burst.wr.end, label %burst.wr.body1

ST_51: tmp_1 [1/1] 0.00ns
burst.wr.body1:3  %tmp_1 = zext i10 %indvar to i64

ST_51: thread_result_buff_addr_1 [1/1] 0.00ns
burst.wr.body1:4  %thread_result_buff_addr_1 = getelementptr [1000 x i32]* %thread_result_buff, i64 0, i64 %tmp_1

ST_51: thread_result_buff_load [2/2] 2.39ns
burst.wr.body1:5  %thread_result_buff_load = load i32* %thread_result_buff_addr_1, align 4

ST_51: isIter0 [1/1] 1.69ns
burst.wr.body1:6  %isIter0 = icmp eq i10 %indvar, 0

ST_51: stg_195 [1/1] 0.00ns
burst.wr.body1:7  br i1 %isIter0, label %burst.wr.body2, label %burst.wr.body3


 <State 52>: 2.39ns
ST_52: thread_result_buff_load [1/2] 2.39ns
burst.wr.body1:5  %thread_result_buff_load = load i32* %thread_result_buff_addr_1, align 4


 <State 53>: 8.75ns
ST_53: empty_7 [1/1] 0.00ns
burst.wr.body1:0  %empty_7 = call i32 (...)* @_ssdm_op_SpecLoopTripCount(i64 1000, i64 1000, i64 1000)

ST_53: burstwrite_rbegin [1/1] 0.00ns
burst.wr.body1:1  %burstwrite_rbegin = call i32 (...)* @_ssdm_op_SpecRegionBegin([18 x i8]* @p_str652)

ST_53: empty_8 [1/1] 0.00ns
burst.wr.body1:2  %empty_8 = call i32 (...)* @_ssdm_op_SpecPipeline(i32 1, i32 1, i32 1, [1 x i8]* @str651)

ST_53: a_addr_req [1/1] 8.75ns
burst.wr.body2:0  %a_addr_req = call i1 @_ssdm_op_WriteReq.ap_bus.i32P(i32* %a_addr, i32 1000)

ST_53: stg_201 [1/1] 0.00ns
burst.wr.body2:1  br label %burst.wr.body3

ST_53: stg_202 [1/1] 8.75ns
burst.wr.body3:0  call void @_ssdm_op_Write.ap_bus.i32P(i32* %a_addr, i32 %thread_result_buff_load)

ST_53: burstwrite_rend [1/1] 0.00ns
burst.wr.body3:1  %burstwrite_rend = call i32 (...)* @_ssdm_op_SpecRegionEnd([18 x i8]* @p_str652, i32 %burstwrite_rbegin)

ST_53: stg_204 [1/1] 0.00ns
burst.wr.body3:2  br label %burst.wr.header


 <State 54>: 0.00ns
ST_54: stg_205 [1/1] 0.00ns
burst.wr.end:0  ret void



============================================================
+ Verbose Summary: Binding
============================================================
STG Binding: 
---------------- STG Properties BEGIN ----------------
- Is combinational: 0
- Is one-state seq: 0
- Is datapath-only: 0
- Is clock enabled: 0
- Is pipelined: 0
- Is top level: 1
Port [ Return ] is wired: 1; IO mode=ap_ctrl_hs:ce=0
Port [ a]:  wired=1; compound=1; hidden=0; nouse=0; global=0; static=0; extern=0; dir=1; type=4; mode=0x1005dd20; pingpong=0; private_global=0; IO mode=ap_bus:ce=0
Port [ kernel_u_a_0_rfir]:  wired=1; compound=0; hidden=0; nouse=0; global=0; static=0; extern=0; dir=0; type=0; mode=0x8ad0d50; pingpong=0; private_global=0; IO mode=ap_none:ce=0
Port [ kernel_u_a_0_current_price]:  wired=1; compound=0; hidden=0; nouse=0; global=0; static=0; extern=0; dir=0; type=0; mode=0xca82b30; pingpong=0; private_global=0; IO mode=ap_none:ce=0
Port [ kernel_u_a_0_volatility]:  wired=1; compound=0; hidden=0; nouse=1; global=0; static=0; extern=0; dir=0; type=0; mode=0xc98e400; pingpong=0; private_global=0; IO mode=ap_none:ce=0
Port [ kernel_u_a_0_initial_volatility]:  wired=1; compound=0; hidden=0; nouse=1; global=0; static=0; extern=0; dir=0; type=0; mode=0xca39ba0; pingpong=0; private_global=0; IO mode=ap_none:ce=0
Port [ kernel_u_a_0_volatility_volatility]:  wired=1; compound=0; hidden=0; nouse=1; global=0; static=0; extern=0; dir=0; type=0; mode=0x100741f0; pingpong=0; private_global=0; IO mode=ap_none:ce=0
Port [ kernel_u_a_0_rho]:  wired=1; compound=0; hidden=0; nouse=1; global=0; static=0; extern=0; dir=0; type=0; mode=0x1003cc90; pingpong=0; private_global=0; IO mode=ap_none:ce=0
Port [ kernel_u_a_0_kappa]:  wired=1; compound=0; hidden=0; nouse=1; global=0; static=0; extern=0; dir=0; type=0; mode=0xcca5e10; pingpong=0; private_global=0; IO mode=ap_none:ce=0
Port [ kernel_u_a_0_theta]:  wired=1; compound=0; hidden=0; nouse=1; global=0; static=0; extern=0; dir=0; type=0; mode=0xf0dea60; pingpong=0; private_global=0; IO mode=ap_none:ce=0
Port [ kernel_u_a_0_correlation_matrix_0_0]:  wired=1; compound=0; hidden=0; nouse=1; global=0; static=0; extern=0; dir=0; type=0; mode=0x7195560; pingpong=0; private_global=0; IO mode=ap_none:ce=0
Port [ kernel_u_a_0_correlation_matrix_0_1]:  wired=1; compound=0; hidden=0; nouse=1; global=0; static=0; extern=0; dir=0; type=0; mode=0x7587210; pingpong=0; private_global=0; IO mode=ap_none:ce=0
Port [ kernel_u_a_0_correlation_matrix_1_0]:  wired=1; compound=0; hidden=0; nouse=1; global=0; static=0; extern=0; dir=0; type=0; mode=0x6540c30; pingpong=0; private_global=0; IO mode=ap_none:ce=0
Port [ kernel_u_a_0_correlation_matrix_1_1]:  wired=1; compound=0; hidden=0; nouse=1; global=0; static=0; extern=0; dir=0; type=0; mode=0x562b360; pingpong=0; private_global=0; IO mode=ap_none:ce=0
Port [ kernel_o_a_0_second_barrier]:  wired=1; compound=0; hidden=0; nouse=1; global=0; static=0; extern=0; dir=0; type=0; mode=0xf0dd850; pingpong=0; private_global=0; IO mode=ap_none:ce=0
Port [ kernel_o_a_0_barrier]:  wired=1; compound=0; hidden=0; nouse=1; global=0; static=0; extern=0; dir=0; type=0; mode=0x7d38070; pingpong=0; private_global=0; IO mode=ap_none:ce=0
Port [ kernel_o_a_0_out]:  wired=1; compound=0; hidden=0; nouse=1; global=0; static=0; extern=0; dir=0; type=0; mode=0xc3d8700; pingpong=0; private_global=0; IO mode=ap_none:ce=0
Port [ kernel_o_a_0_down]:  wired=1; compound=0; hidden=0; nouse=1; global=0; static=0; extern=0; dir=0; type=0; mode=0xe3f7d70; pingpong=0; private_global=0; IO mode=ap_none:ce=0
Port [ kernel_o_a_0_strike_price]:  wired=1; compound=0; hidden=0; nouse=0; global=0; static=0; extern=0; dir=0; type=0; mode=0xcd5d9d0; pingpong=0; private_global=0; IO mode=ap_none:ce=0
Port [ kernel_o_a_0_time_period]:  wired=1; compound=0; hidden=0; nouse=0; global=0; static=0; extern=0; dir=0; type=0; mode=0xcd54ec0; pingpong=0; private_global=0; IO mode=ap_none:ce=0
Port [ kernel_o_a_0_call]:  wired=1; compound=0; hidden=0; nouse=0; global=0; static=0; extern=0; dir=0; type=0; mode=0xb8f9650; pingpong=0; private_global=0; IO mode=ap_none:ce=0
Port [ kernel_o_a_0_points]:  wired=1; compound=0; hidden=0; nouse=1; global=0; static=0; extern=0; dir=0; type=0; mode=0xf05b830; pingpong=0; private_global=0; IO mode=ap_none:ce=0
Port [ seed_0_s1]:  wired=1; compound=0; hidden=0; nouse=1; global=0; static=0; extern=0; dir=0; type=0; mode=0xf05bf10; pingpong=0; private_global=0; IO mode=ap_none:ce=0
Port [ seed_0_s2]:  wired=1; compound=0; hidden=0; nouse=1; global=0; static=0; extern=0; dir=0; type=0; mode=0x65415d0; pingpong=0; private_global=0; IO mode=ap_none:ce=0
Port [ seed_0_s3]:  wired=1; compound=0; hidden=0; nouse=1; global=0; static=0; extern=0; dir=0; type=0; mode=0x6541470; pingpong=0; private_global=0; IO mode=ap_none:ce=0
Port [ seed_0_offset]:  wired=1; compound=0; hidden=0; nouse=1; global=0; static=0; extern=0; dir=0; type=0; mode=0x6a5c360; pingpong=0; private_global=0; IO mode=ap_none:ce=0
Port [ thread_result_0]:  wired=1; compound=0; hidden=0; nouse=0; global=0; static=0; extern=0; dir=0; type=0; mode=0xe01d830; pingpong=0; private_global=0; IO mode=ap_none:ce=0
---------------- STG Properties END ------------------

---------------- Datapath Model BEGIN ----------------

<LifeTime>
<method=bitvector/>
thread_result_buff        (alloca           ) [ 0011111111111111111111111111111111111111111111111111110]
o_a_0_time_period         (read             ) [ 0011111111111000000000000000000000000000000000000000000]
thread_result_0_read      (read             ) [ 0001111111111111111111111111111111111111111111111110000]
delta_time_0              (fdiv             ) [ 0000000000000111000000000000000000000000000000000000000]
u_a_0_rfir                (read             ) [ 0000000000000011000000000000000000000000000000000000000]
u_a_0_current_price       (read             ) [ 0000000000000011000000000000000000000000000000000000000]
o_a_0_call                (read             ) [ 0000000000000011000000000000000000000000000000000000000]
stg_80                    (specbitsmap      ) [ 0000000000000000000000000000000000000000000000000000000]
stg_81                    (specbitsmap      ) [ 0000000000000000000000000000000000000000000000000000000]
stg_82                    (specbitsmap      ) [ 0000000000000000000000000000000000000000000000000000000]
stg_83                    (specbitsmap      ) [ 0000000000000000000000000000000000000000000000000000000]
stg_84                    (specbitsmap      ) [ 0000000000000000000000000000000000000000000000000000000]
stg_85                    (specbitsmap      ) [ 0000000000000000000000000000000000000000000000000000000]
stg_86                    (specbitsmap      ) [ 0000000000000000000000000000000000000000000000000000000]
stg_87                    (specbitsmap      ) [ 0000000000000000000000000000000000000000000000000000000]
stg_88                    (specbitsmap      ) [ 0000000000000000000000000000000000000000000000000000000]
stg_89                    (specbitsmap      ) [ 0000000000000000000000000000000000000000000000000000000]
stg_90                    (specbitsmap      ) [ 0000000000000000000000000000000000000000000000000000000]
stg_91                    (specbitsmap      ) [ 0000000000000000000000000000000000000000000000000000000]
stg_92                    (specbitsmap      ) [ 0000000000000000000000000000000000000000000000000000000]
stg_93                    (specbitsmap      ) [ 0000000000000000000000000000000000000000000000000000000]
stg_94                    (specbitsmap      ) [ 0000000000000000000000000000000000000000000000000000000]
stg_95                    (specbitsmap      ) [ 0000000000000000000000000000000000000000000000000000000]
stg_96                    (specbitsmap      ) [ 0000000000000000000000000000000000000000000000000000000]
stg_97                    (specbitsmap      ) [ 0000000000000000000000000000000000000000000000000000000]
stg_98                    (specbitsmap      ) [ 0000000000000000000000000000000000000000000000000000000]
stg_99                    (specbitsmap      ) [ 0000000000000000000000000000000000000000000000000000000]
stg_100                   (specbitsmap      ) [ 0000000000000000000000000000000000000000000000000000000]
stg_101                   (specbitsmap      ) [ 0000000000000000000000000000000000000000000000000000000]
stg_102                   (specbitsmap      ) [ 0000000000000000000000000000000000000000000000000000000]
stg_103                   (specbitsmap      ) [ 0000000000000000000000000000000000000000000000000000000]
stg_104                   (specbitsmap      ) [ 0000000000000000000000000000000000000000000000000000000]
stg_105                   (specbitsmap      ) [ 0000000000000000000000000000000000000000000000000000000]
stg_106                   (spectopmodule    ) [ 0000000000000000000000000000000000000000000000000000000]
stg_107                   (specbus          ) [ 0000000000000000000000000000000000000000000000000000000]
stg_108                   (specifcore       ) [ 0000000000000000000000000000000000000000000000000000000]
stg_109                   (specifcore       ) [ 0000000000000000000000000000000000000000000000000000000]
stg_110                   (specifcore       ) [ 0000000000000000000000000000000000000000000000000000000]
stg_111                   (specifcore       ) [ 0000000000000000000000000000000000000000000000000000000]
stg_112                   (specwire         ) [ 0000000000000000000000000000000000000000000000000000000]
stg_113                   (specifcore       ) [ 0000000000000000000000000000000000000000000000000000000]
stg_114                   (specifcore       ) [ 0000000000000000000000000000000000000000000000000000000]
o_a_0_strike_price        (read             ) [ 0000000000000000111111111111111111111111111111111110000]
tmp_9                     (fpext            ) [ 0000000000000000111111111111111111111111111111111110000]
tmp_i                     (fmul             ) [ 0000000000000000111111111111111111111111111111111110000]
tmp_4                     (fcmp             ) [ 0000000000000000000000000000000000000000000000000000000]
tmp_8                     (xor              ) [ 0000000000000000111111111111111111111111111111111110000]
stg_120                   (br               ) [ 0000000000000001111111111111111111111111111111111110000]
p                         (phi              ) [ 0000000000000000111111111111111111111111111111111110000]
exitcond1                 (icmp             ) [ 0000000000000000111111111111111111111111111111111110000]
empty                     (speclooptripcount) [ 0000000000000000000000000000000000000000000000000000000]
p_1                       (add              ) [ 0000000000000001111111111111111111111111111111111110000]
stg_125                   (br               ) [ 0000000000000000000000000000000000000000000000000000000]
stg_126                   (specloopname     ) [ 0000000000000000000000000000000000000000000000000000000]
tmp                       (specregionbegin  ) [ 0000000000000000011111111111111111111111111111111110000]
stg_128                   (br               ) [ 0000000000000000111111111111111111111111111111111110000]
tmp_5                     (partselect       ) [ 0000000000000000000000000000000000000000000000000000000]
tmp_6                     (zext             ) [ 0000000000000000000000000000000000000000000000000000000]
a_addr                    (getelementptr    ) [ 0000000000000000000000000000000000000000000000000001110]
stg_132                   (br               ) [ 0000000000000000111111111111111111111111111111111111110]
tmp_1_pn                  (phi              ) [ 0000000000000000011111000000000000000000000000000000000]
spot_price_0_0_in         (dmul             ) [ 0000000000000000000000111000000000000000000000000000000]
u_v_gamma_read_assign     (phi              ) [ 0000000000000000011111111111000000000000000000000000000]
pp                        (phi              ) [ 0000000000000000000000001000000000000000000000000000000]
spot_price_0              (fptrunc          ) [ 0000000000000000000000000000000000000000000000111100000]
exitcond                  (icmp             ) [ 0000000000000000111111111111111111111111111111111110000]
empty_5                   (speclooptripcount) [ 0000000000000000000000000000000000000000000000000000000]
pp_1                      (add              ) [ 0000000000000000111111111111111111111111111111111110000]
stg_147                   (br               ) [ 0000000000000000000000000000000000000000000000000000000]
u_v_0_gamma               (fadd             ) [ 0000000000000000111111111000111111111111111111111110000]
tmp_s                     (fpext            ) [ 0000000000000000000000000000000111111111111111000000000]
stg_169                   (specloopname     ) [ 0000000000000000000000000000000000000000000000000000000]
tmp_7                     (dexp             ) [ 0000000000000000111111111111111111111111111111111110000]
stg_171                   (br               ) [ 0000000000000000111111111111111111111111111111111110000]
tmp_1_i                   (fsub             ) [ 0000000000000000000000000000000000000000000000000010000]
tmp_2_i                   (fsub             ) [ 0000000000000000000000000000000000000000000000000010000]
o_v_0_value               (select           ) [ 0000000000000000000000000000000000000000000000000000000]
tmp_2                     (bitcast          ) [ 0000000000000000000000000000000000000000000000000000000]
tmp_3                     (zext             ) [ 0000000000000000000000000000000000000000000000000000000]
thread_result_buff_addr   (getelementptr    ) [ 0000000000000000000000000000000000000000000000000000000]
stg_184                   (store            ) [ 0000000000000000000000000000000000000000000000000000000]
empty_6                   (specregionend    ) [ 0000000000000000000000000000000000000000000000000000000]
stg_186                   (br               ) [ 0000000000000001111111111111111111111111111111111110000]
indvar                    (phi              ) [ 0000000000000000000000000000000000000000000000000001000]
exitcond2                 (icmp             ) [ 0000000000000000000000000000000000000000000000000001110]
indvar_next               (add              ) [ 0000000000000000100000000000000000000000000000000001110]
stg_190                   (br               ) [ 0000000000000000000000000000000000000000000000000000000]
tmp_1                     (zext             ) [ 0000000000000000000000000000000000000000000000000000000]
thread_result_buff_addr_1 (getelementptr    ) [ 0000000000000000000000000000000000000000000000000001100]
isIter0                   (icmp             ) [ 0000000000000000000000000000000000000000000000000001110]
stg_195                   (br               ) [ 0000000000000000000000000000000000000000000000000000000]
thread_result_buff_load   (load             ) [ 0000000000000000000000000000000000000000000000000001010]
empty_7                   (speclooptripcount) [ 0000000000000000000000000000000000000000000000000000000]
burstwrite_rbegin         (specregionbegin  ) [ 0000000000000000000000000000000000000000000000000000000]
empty_8                   (specpipeline     ) [ 0000000000000000000000000000000000000000000000000000000]
a_addr_req                (writereq         ) [ 0000000000000000000000000000000000000000000000000000000]
stg_201                   (br               ) [ 0000000000000000000000000000000000000000000000000000000]
stg_202                   (write            ) [ 0000000000000000000000000000000000000000000000000000000]
burstwrite_rend           (specregionend    ) [ 0000000000000000000000000000000000000000000000000000000]
stg_204                   (br               ) [ 0000000000000000100000000000000000000000000000000001110]
stg_205                   (ret              ) [ 0000000000000000000000000000000000000000000000000000000]
</LifeTime>

<model>

<comp_list>
<comp id="0" class="1000" name="a">
<pin_list>
<pin id="1" dir="1" index="0" bw="1" slack="0"/>
</pin_list>
<bind>
<StgValue><ssdm name="a"/></StgValue>
</bind>
</comp>

<comp id="2" class="1000" name="kernel_u_a_0_rfir">
<pin_list>
<pin id="3" dir="1" index="0" bw="1" slack="0"/>
</pin_list>
<bind>
<StgValue><ssdm name="kernel_u_a_0_rfir"/></StgValue>
</bind>
</comp>

<comp id="4" class="1000" name="kernel_u_a_0_current_price">
<pin_list>
<pin id="5" dir="1" index="0" bw="1" slack="0"/>
</pin_list>
<bind>
<StgValue><ssdm name="kernel_u_a_0_current_price"/></StgValue>
</bind>
</comp>

<comp id="6" class="1000" name="kernel_u_a_0_volatility">
<pin_list>
<pin id="7" dir="1" index="0" bw="1" slack="2147483647"/>
</pin_list>
<bind>
<StgValue><ssdm name="kernel_u_a_0_volatility"/></StgValue>
</bind>
</comp>

<comp id="8" class="1000" name="kernel_u_a_0_initial_volatility">
<pin_list>
<pin id="9" dir="1" index="0" bw="1" slack="2147483647"/>
</pin_list>
<bind>
<StgValue><ssdm name="kernel_u_a_0_initial_volatility"/></StgValue>
</bind>
</comp>

<comp id="10" class="1000" name="kernel_u_a_0_volatility_volatility">
<pin_list>
<pin id="11" dir="1" index="0" bw="1" slack="2147483647"/>
</pin_list>
<bind>
<StgValue><ssdm name="kernel_u_a_0_volatility_volatility"/></StgValue>
</bind>
</comp>

<comp id="12" class="1000" name="kernel_u_a_0_rho">
<pin_list>
<pin id="13" dir="1" index="0" bw="1" slack="2147483647"/>
</pin_list>
<bind>
<StgValue><ssdm name="kernel_u_a_0_rho"/></StgValue>
</bind>
</comp>

<comp id="14" class="1000" name="kernel_u_a_0_kappa">
<pin_list>
<pin id="15" dir="1" index="0" bw="1" slack="2147483647"/>
</pin_list>
<bind>
<StgValue><ssdm name="kernel_u_a_0_kappa"/></StgValue>
</bind>
</comp>

<comp id="16" class="1000" name="kernel_u_a_0_theta">
<pin_list>
<pin id="17" dir="1" index="0" bw="1" slack="2147483647"/>
</pin_list>
<bind>
<StgValue><ssdm name="kernel_u_a_0_theta"/></StgValue>
</bind>
</comp>

<comp id="18" class="1000" name="kernel_u_a_0_correlation_matrix_0_0">
<pin_list>
<pin id="19" dir="1" index="0" bw="1" slack="2147483647"/>
</pin_list>
<bind>
<StgValue><ssdm name="kernel_u_a_0_correlation_matrix_0_0"/></StgValue>
</bind>
</comp>

<comp id="20" class="1000" name="kernel_u_a_0_correlation_matrix_0_1">
<pin_list>
<pin id="21" dir="1" index="0" bw="1" slack="2147483647"/>
</pin_list>
<bind>
<StgValue><ssdm name="kernel_u_a_0_correlation_matrix_0_1"/></StgValue>
</bind>
</comp>

<comp id="22" class="1000" name="kernel_u_a_0_correlation_matrix_1_0">
<pin_list>
<pin id="23" dir="1" index="0" bw="1" slack="2147483647"/>
</pin_list>
<bind>
<StgValue><ssdm name="kernel_u_a_0_correlation_matrix_1_0"/></StgValue>
</bind>
</comp>

<comp id="24" class="1000" name="kernel_u_a_0_correlation_matrix_1_1">
<pin_list>
<pin id="25" dir="1" index="0" bw="1" slack="2147483647"/>
</pin_list>
<bind>
<StgValue><ssdm name="kernel_u_a_0_correlation_matrix_1_1"/></StgValue>
</bind>
</comp>

<comp id="26" class="1000" name="kernel_o_a_0_second_barrier">
<pin_list>
<pin id="27" dir="1" index="0" bw="1" slack="2147483647"/>
</pin_list>
<bind>
<StgValue><ssdm name="kernel_o_a_0_second_barrier"/></StgValue>
</bind>
</comp>

<comp id="28" class="1000" name="kernel_o_a_0_barrier">
<pin_list>
<pin id="29" dir="1" index="0" bw="1" slack="2147483647"/>
</pin_list>
<bind>
<StgValue><ssdm name="kernel_o_a_0_barrier"/></StgValue>
</bind>
</comp>

<comp id="30" class="1000" name="kernel_o_a_0_out">
<pin_list>
<pin id="31" dir="1" index="0" bw="1" slack="2147483647"/>
</pin_list>
<bind>
<StgValue><ssdm name="kernel_o_a_0_out"/></StgValue>
</bind>
</comp>

<comp id="32" class="1000" name="kernel_o_a_0_down">
<pin_list>
<pin id="33" dir="1" index="0" bw="1" slack="2147483647"/>
</pin_list>
<bind>
<StgValue><ssdm name="kernel_o_a_0_down"/></StgValue>
</bind>
</comp>

<comp id="34" class="1000" name="kernel_o_a_0_strike_price">
<pin_list>
<pin id="35" dir="1" index="0" bw="1" slack="0"/>
</pin_list>
<bind>
<StgValue><ssdm name="kernel_o_a_0_strike_price"/></StgValue>
</bind>
</comp>

<comp id="36" class="1000" name="kernel_o_a_0_time_period">
<pin_list>
<pin id="37" dir="1" index="0" bw="1" slack="0"/>
</pin_list>
<bind>
<StgValue><ssdm name="kernel_o_a_0_time_period"/></StgValue>
</bind>
</comp>

<comp id="38" class="1000" name="kernel_o_a_0_call">
<pin_list>
<pin id="39" dir="1" index="0" bw="1" slack="0"/>
</pin_list>
<bind>
<StgValue><ssdm name="kernel_o_a_0_call"/></StgValue>
</bind>
</comp>

<comp id="40" class="1000" name="kernel_o_a_0_points">
<pin_list>
<pin id="41" dir="1" index="0" bw="1" slack="2147483647"/>
</pin_list>
<bind>
<StgValue><ssdm name="kernel_o_a_0_points"/></StgValue>
</bind>
</comp>

<comp id="42" class="1000" name="seed_0_s1">
<pin_list>
<pin id="43" dir="1" index="0" bw="1" slack="2147483647"/>
</pin_list>
<bind>
<StgValue><ssdm name="seed_0_s1"/></StgValue>
</bind>
</comp>

<comp id="44" class="1000" name="seed_0_s2">
<pin_list>
<pin id="45" dir="1" index="0" bw="1" slack="2147483647"/>
</pin_list>
<bind>
<StgValue><ssdm name="seed_0_s2"/></StgValue>
</bind>
</comp>

<comp id="46" class="1000" name="seed_0_s3">
<pin_list>
<pin id="47" dir="1" index="0" bw="1" slack="2147483647"/>
</pin_list>
<bind>
<StgValue><ssdm name="seed_0_s3"/></StgValue>
</bind>
</comp>

<comp id="48" class="1000" name="seed_0_offset">
<pin_list>
<pin id="49" dir="1" index="0" bw="1" slack="2147483647"/>
</pin_list>
<bind>
<StgValue><ssdm name="seed_0_offset"/></StgValue>
</bind>
</comp>

<comp id="50" class="1000" name="thread_result_0">
<pin_list>
<pin id="51" dir="1" index="0" bw="1" slack="0"/>
</pin_list>
<bind>
<StgValue><ssdm name="thread_result_0"/></StgValue>
</bind>
</comp>

<comp id="52" class="1001" name="const_52">
<pin_list>
<pin id="53" dir="1" index="0" bw="1" slack="0"/>
</pin_list>
<bind>
<StgValue><ssdm name="_ssdm_op_Read.ap_none.i32"/></StgValue>
</bind>
</comp>

<comp id="54" class="1001" name="const_54">
<pin_list>
<pin id="55" dir="1" index="0" bw="1" slack="0"/>
</pin_list>
<bind>
<StgValue><ssdm name=""/></StgValue>
</bind>
</comp>

<comp id="56" class="1001" name="const_56">
<pin_list>
<pin id="57" dir="1" index="0" bw="1" slack="0"/>
</pin_list>
<bind>
<StgValue><ssdm name="_ssdm_op_Read.ap_auto.floatP"/></StgValue>
</bind>
</comp>

<comp id="58" class="1001" name="const_58">
<pin_list>
<pin id="59" dir="1" index="0" bw="1" slack="0"/>
</pin_list>
<bind>
<StgValue><ssdm name=""/></StgValue>
</bind>
</comp>

<comp id="60" class="1001" name="const_60">
<pin_list>
<pin id="61" dir="1" index="0" bw="1" slack="0"/>
</pin_list>
<bind>
<StgValue><ssdm name=""/></StgValue>
</bind>
</comp>

<comp id="62" class="1001" name="const_62">
<pin_list>
<pin id="63" dir="1" index="0" bw="1" slack="2147483647"/>
</pin_list>
<bind>
<StgValue><ssdm name="_ssdm_op_SpecBitsMap"/></StgValue>
</bind>
</comp>

<comp id="64" class="1001" name="const_64">
<pin_list>
<pin id="65" dir="1" index="0" bw="1" slack="2147483647"/>
</pin_list>
<bind>
<StgValue><ssdm name="_ssdm_op_SpecTopModule"/></StgValue>
</bind>
</comp>

<comp id="66" class="1001" name="const_66">
<pin_list>
<pin id="67" dir="1" index="0" bw="1" slack="2147483647"/>
</pin_list>
<bind>
<StgValue><ssdm name="str"/></StgValue>
</bind>
</comp>

<comp id="68" class="1001" name="const_68">
<pin_list>
<pin id="69" dir="1" index="0" bw="1" slack="2147483647"/>
</pin_list>
<bind>
<StgValue><ssdm name="_ssdm_op_SpecBus"/></StgValue>
</bind>
</comp>

<comp id="70" class="1001" name="const_70">
<pin_list>
<pin id="71" dir="1" index="0" bw="1" slack="2147483647"/>
</pin_list>
<bind>
<StgValue><ssdm name="p_str124"/></StgValue>
</bind>
</comp>

<comp id="72" class="1001" name="const_72">
<pin_list>
<pin id="73" dir="1" index="0" bw="1" slack="2147483647"/>
</pin_list>
<bind>
<StgValue><ssdm name=""/></StgValue>
</bind>
</comp>

<comp id="74" class="1001" name="const_74">
<pin_list>
<pin id="75" dir="1" index="0" bw="1" slack="2147483647"/>
</pin_list>
<bind>
<StgValue><ssdm name="p_str125"/></StgValue>
</bind>
</comp>

<comp id="76" class="1001" name="const_76">
<pin_list>
<pin id="77" dir="1" index="0" bw="1" slack="2147483647"/>
</pin_list>
<bind>
<StgValue><ssdm name="_ssdm_op_SpecIFCore"/></StgValue>
</bind>
</comp>

<comp id="78" class="1001" name="const_78">
<pin_list>
<pin id="79" dir="1" index="0" bw="1" slack="2147483647"/>
</pin_list>
<bind>
<StgValue><ssdm name="p_str126"/></StgValue>
</bind>
</comp>

<comp id="80" class="1001" name="const_80">
<pin_list>
<pin id="81" dir="1" index="0" bw="1" slack="2147483647"/>
</pin_list>
<bind>
<StgValue><ssdm name="p_str127"/></StgValue>
</bind>
</comp>

<comp id="82" class="1001" name="const_82">
<pin_list>
<pin id="83" dir="1" index="0" bw="1" slack="2147483647"/>
</pin_list>
<bind>
<StgValue><ssdm name="p_str128"/></StgValue>
</bind>
</comp>

<comp id="84" class="1001" name="const_84">
<pin_list>
<pin id="85" dir="1" index="0" bw="1" slack="2147483647"/>
</pin_list>
<bind>
<StgValue><ssdm name="_ssdm_op_SpecWire"/></StgValue>
</bind>
</comp>

<comp id="86" class="1001" name="const_86">
<pin_list>
<pin id="87" dir="1" index="0" bw="1" slack="2147483647"/>
</pin_list>
<bind>
<StgValue><ssdm name="p_str129"/></StgValue>
</bind>
</comp>

<comp id="88" class="1001" name="const_88">
<pin_list>
<pin id="89" dir="1" index="0" bw="1" slack="2147483647"/>
</pin_list>
<bind>
<StgValue><ssdm name=""/></StgValue>
</bind>
</comp>

<comp id="90" class="1001" name="const_90">
<pin_list>
<pin id="91" dir="1" index="0" bw="1" slack="2147483647"/>
</pin_list>
<bind>
<StgValue><ssdm name="p_str130"/></StgValue>
</bind>
</comp>

<comp id="92" class="1001" name="const_92">
<pin_list>
<pin id="93" dir="1" index="0" bw="1" slack="0"/>
</pin_list>
<bind>
<StgValue><ssdm name=""/></StgValue>
</bind>
</comp>

<comp id="94" class="1001" name="const_94">
<pin_list>
<pin id="95" dir="1" index="0" bw="1" slack="0"/>
</pin_list>
<bind>
<StgValue><ssdm name=""/></StgValue>
</bind>
</comp>

<comp id="96" class="1001" name="const_96">
<pin_list>
<pin id="97" dir="1" index="0" bw="1" slack="0"/>
</pin_list>
<bind>
<StgValue><ssdm name=""/></StgValue>
</bind>
</comp>

<comp id="98" class="1001" name="const_98">
<pin_list>
<pin id="99" dir="1" index="0" bw="1" slack="2147483647"/>
</pin_list>
<bind>
<StgValue><ssdm name="_ssdm_op_SpecLoopTripCount"/></StgValue>
</bind>
</comp>

<comp id="100" class="1001" name="const_100">
<pin_list>
<pin id="101" dir="1" index="0" bw="1" slack="2147483647"/>
</pin_list>
<bind>
<StgValue><ssdm name=""/></StgValue>
</bind>
</comp>

<comp id="102" class="1001" name="const_102">
<pin_list>
<pin id="103" dir="1" index="0" bw="1" slack="0"/>
</pin_list>
<bind>
<StgValue><ssdm name=""/></StgValue>
</bind>
</comp>

<comp id="104" class="1001" name="const_104">
<pin_list>
<pin id="105" dir="1" index="0" bw="1" slack="2147483647"/>
</pin_list>
<bind>
<StgValue><ssdm name="_ssdm_op_SpecLoopName"/></StgValue>
</bind>
</comp>

<comp id="106" class="1001" name="const_106">
<pin_list>
<pin id="107" dir="1" index="0" bw="1" slack="2147483647"/>
</pin_list>
<bind>
<StgValue><ssdm name="p_str131"/></StgValue>
</bind>
</comp>

<comp id="108" class="1001" name="const_108">
<pin_list>
<pin id="109" dir="1" index="0" bw="1" slack="2147483647"/>
</pin_list>
<bind>
<StgValue><ssdm name="_ssdm_op_SpecRegionBegin"/></StgValue>
</bind>
</comp>

<comp id="110" class="1001" name="const_110">
<pin_list>
<pin id="111" dir="1" index="0" bw="1" slack="0"/>
</pin_list>
<bind>
<StgValue><ssdm name="_ssdm_op_PartSelect.i30.i32.i32.i32"/></StgValue>
</bind>
</comp>

<comp id="112" class="1001" name="const_112">
<pin_list>
<pin id="113" dir="1" index="0" bw="1" slack="0"/>
</pin_list>
<bind>
<StgValue><ssdm name=""/></StgValue>
</bind>
</comp>

<comp id="114" class="1001" name="const_114">
<pin_list>
<pin id="115" dir="1" index="0" bw="1" slack="0"/>
</pin_list>
<bind>
<StgValue><ssdm name=""/></StgValue>
</bind>
</comp>

<comp id="116" class="1001" name="const_116">
<pin_list>
<pin id="117" dir="1" index="0" bw="1" slack="1"/>
</pin_list>
<bind>
<StgValue><ssdm name=""/></StgValue>
</bind>
</comp>

<comp id="118" class="1001" name="const_118">
<pin_list>
<pin id="119" dir="1" index="0" bw="1" slack="8"/>
</pin_list>
<bind>
<StgValue><ssdm name=""/></StgValue>
</bind>
</comp>

<comp id="120" class="1001" name="const_120">
<pin_list>
<pin id="121" dir="1" index="0" bw="1" slack="0"/>
</pin_list>
<bind>
<StgValue><ssdm name=""/></StgValue>
</bind>
</comp>

<comp id="122" class="1001" name="const_122">
<pin_list>
<pin id="123" dir="1" index="0" bw="1" slack="2147483647"/>
</pin_list>
<bind>
<StgValue><ssdm name=""/></StgValue>
</bind>
</comp>

<comp id="124" class="1001" name="const_124">
<pin_list>
<pin id="125" dir="1" index="0" bw="1" slack="0"/>
</pin_list>
<bind>
<StgValue><ssdm name=""/></StgValue>
</bind>
</comp>

<comp id="126" class="1001" name="const_126">
<pin_list>
<pin id="127" dir="1" index="0" bw="1" slack="0"/>
</pin_list>
<bind>
<StgValue><ssdm name="llvm.exp.f64"/></StgValue>
</bind>
</comp>

<comp id="128" class="1001" name="const_128">
<pin_list>
<pin id="129" dir="1" index="0" bw="1" slack="2147483647"/>
</pin_list>
<bind>
<StgValue><ssdm name="p_str132"/></StgValue>
</bind>
</comp>

<comp id="130" class="1001" name="const_130">
<pin_list>
<pin id="131" dir="1" index="0" bw="1" slack="0"/>
</pin_list>
<bind>
<StgValue><ssdm name=""/></StgValue>
</bind>
</comp>

<comp id="132" class="1001" name="const_132">
<pin_list>
<pin id="133" dir="1" index="0" bw="1" slack="2147483647"/>
</pin_list>
<bind>
<StgValue><ssdm name="_ssdm_op_SpecRegionEnd"/></StgValue>
</bind>
</comp>

<comp id="134" class="1001" name="const_134">
<pin_list>
<pin id="135" dir="1" index="0" bw="1" slack="2147483647"/>
</pin_list>
<bind>
<StgValue><ssdm name="p_str652"/></StgValue>
</bind>
</comp>

<comp id="136" class="1001" name="const_136">
<pin_list>
<pin id="137" dir="1" index="0" bw="1" slack="2147483647"/>
</pin_list>
<bind>
<StgValue><ssdm name="_ssdm_op_SpecPipeline"/></StgValue>
</bind>
</comp>

<comp id="138" class="1001" name="const_138">
<pin_list>
<pin id="139" dir="1" index="0" bw="1" slack="2147483647"/>
</pin_list>
<bind>
<StgValue><ssdm name="str651"/></StgValue>
</bind>
</comp>

<comp id="140" class="1001" name="const_140">
<pin_list>
<pin id="141" dir="1" index="0" bw="1" slack="0"/>
</pin_list>
<bind>
<StgValue><ssdm name="_ssdm_op_WriteReq.ap_bus.i32P"/></StgValue>
</bind>
</comp>

<comp id="142" class="1001" name="const_142">
<pin_list>
<pin id="143" dir="1" index="0" bw="1" slack="0"/>
</pin_list>
<bind>
<StgValue><ssdm name=""/></StgValue>
</bind>
</comp>

<comp id="144" class="1001" name="const_144">
<pin_list>
<pin id="145" dir="1" index="0" bw="1" slack="0"/>
</pin_list>
<bind>
<StgValue><ssdm name="_ssdm_op_Write.ap_bus.i32P"/></StgValue>
</bind>
</comp>

<comp id="146" class="1004" name="thread_result_buff_alloca_fu_146">
<pin_list>
<pin id="147" dir="0" index="0" bw="1" slack="0"/>
<pin id="148" dir="1" index="1" bw="32" slack="2147483647"/>
</pin_list>
<bind>
<opcode="alloca(26) " fcode="alloca"/>
<opset="thread_result_buff/1 "/>
</bind>
</comp>

<comp id="150" class="1004" name="grp_read_fu_150">
<pin_list>
<pin id="151" dir="0" index="0" bw="32" slack="0"/>
<pin id="152" dir="0" index="1" bw="32" slack="0"/>
<pin id="153" dir="1" index="2" bw="32" slack="14"/>
</pin_list>
<bind>
<opcode="read(1150) " fcode="read"/>
<opset="thread_result_0_read/1 "/>
</bind>
</comp>

<comp id="156" class="1004" name="o_a_0_time_period_read_fu_156">
<pin_list>
<pin id="157" dir="0" index="0" bw="32" slack="0"/>
<pin id="158" dir="0" index="1" bw="32" slack="0"/>
<pin id="159" dir="1" index="2" bw="32" slack="0"/>
</pin_list>
<bind>
<opcode="read(1150) " fcode="read"/>
<opset="o_a_0_time_period/1 "/>
</bind>
</comp>

<comp id="162" class="1004" name="u_a_0_rfir_read_fu_162">
<pin_list>
<pin id="163" dir="0" index="0" bw="32" slack="0"/>
<pin id="164" dir="0" index="1" bw="32" slack="0"/>
<pin id="165" dir="1" index="2" bw="32" slack="0"/>
</pin_list>
<bind>
<opcode="read(1150) " fcode="read"/>
<opset="u_a_0_rfir/13 "/>
</bind>
</comp>

<comp id="168" class="1004" name="u_a_0_current_price_read_fu_168">
<pin_list>
<pin id="169" dir="0" index="0" bw="32" slack="0"/>
<pin id="170" dir="0" index="1" bw="32" slack="0"/>
<pin id="171" dir="1" index="2" bw="32" slack="0"/>
</pin_list>
<bind>
<opcode="read(1150) " fcode="read"/>
<opset="u_a_0_current_price/13 "/>
</bind>
</comp>

<comp id="174" class="1004" name="o_a_0_call_read_fu_174">
<pin_list>
<pin id="175" dir="0" index="0" bw="32" slack="0"/>
<pin id="176" dir="0" index="1" bw="32" slack="0"/>
<pin id="177" dir="1" index="2" bw="32" slack="0"/>
</pin_list>
<bind>
<opcode="read(1150) " fcode="read"/>
<opset="o_a_0_call/13 "/>
</bind>
</comp>

<comp id="180" class="1004" name="o_a_0_strike_price_read_fu_180">
<pin_list>
<pin id="181" dir="0" index="0" bw="32" slack="0"/>
<pin id="182" dir="0" index="1" bw="32" slack="0"/>
<pin id="183" dir="1" index="2" bw="32" slack="10"/>
</pin_list>
<bind>
<opcode="read(1150) " fcode="read"/>
<opset="o_a_0_strike_price/15 "/>
</bind>
</comp>

<comp id="186" class="1004" name="grp_write_fu_186">
<pin_list>
<pin id="187" dir="0" index="0" bw="1" slack="0"/>
<pin id="188" dir="0" index="1" bw="32" slack="3"/>
<pin id="189" dir="0" index="2" bw="32" slack="0"/>
<pin id="190" dir="1" index="3" bw="1" slack="2147483647"/>
</pin_list>
<bind>
<opcode="write(1151) writereq(1155) " fcode="write"/>
<opset="a_addr_req/53 stg_202/53 "/>
</bind>
</comp>

<comp id="194" class="1004" name="thread_result_buff_addr_gep_fu_194">
<pin_list>
<pin id="195" dir="0" index="0" bw="32" slack="2147483647"/>
<pin id="196" dir="0" index="1" bw="1" slack="0"/>
<pin id="197" dir="0" index="2" bw="10" slack="0"/>
<pin id="198" dir="1" index="3" bw="10" slack="0"/>
</pin_list>
<bind>
<opcode="getelementptr(29) " fcode="getelementptr"/>
<opset="thread_result_buff_addr/50 "/>
</bind>
</comp>

<comp id="200" class="1004" name="grp_access_fu_200">
<pin_list>
<pin id="201" dir="0" index="0" bw="10" slack="0"/>
<pin id="202" dir="0" index="1" bw="32" slack="0"/>
<pin id="203" dir="1" index="2" bw="32" slack="1"/>
</pin_list>
<bind>
<opcode="load(27) store(28) " fcode="load"/>
<opset="stg_184/50 thread_result_buff_load/51 "/>
</bind>
</comp>

<comp id="205" class="1004" name="thread_result_buff_addr_1_gep_fu_205">
<pin_list>
<pin id="206" dir="0" index="0" bw="32" slack="2147483647"/>
<pin id="207" dir="0" index="1" bw="1" slack="0"/>
<pin id="208" dir="0" index="2" bw="10" slack="0"/>
<pin id="209" dir="1" index="3" bw="10" slack="0"/>
</pin_list>
<bind>
<opcode="getelementptr(29) " fcode="getelementptr"/>
<opset="thread_result_buff_addr_1/51 "/>
</bind>
</comp>

<comp id="212" class="1005" name="p_reg_212">
<pin_list>
<pin id="213" dir="0" index="0" bw="10" slack="1"/>
<pin id="214" dir="1" index="1" bw="10" slack="1"/>
</pin_list>
<bind>
<opset="p (phireg) "/>
</bind>
</comp>

<comp id="216" class="1004" name="p_phi_fu_216">
<pin_list>
<pin id="217" dir="0" index="0" bw="1" slack="1"/>
<pin id="218" dir="0" index="1" bw="0" slack="2147483647"/>
<pin id="219" dir="0" index="2" bw="10" slack="0"/>
<pin id="220" dir="0" index="3" bw="0" slack="2147483647"/>
<pin id="221" dir="1" index="4" bw="10" slack="0"/>
</pin_list>
<bind>
<opcode="phi(47) " fcode="phi"/>
<opset="p/16 "/>
</bind>
</comp>

<comp id="224" class="1005" name="tmp_1_pn_reg_224">
<pin_list>
<pin id="225" dir="0" index="0" bw="64" slack="1"/>
<pin id="226" dir="1" index="1" bw="64" slack="1"/>
</pin_list>
<bind>
<opset="tmp_1_pn (phireg) "/>
</bind>
</comp>

<comp id="228" class="1004" name="tmp_1_pn_phi_fu_228">
<pin_list>
<pin id="229" dir="0" index="0" bw="64" slack="1"/>
<pin id="230" dir="0" index="1" bw="0" slack="2147483647"/>
<pin id="231" dir="0" index="2" bw="64" slack="1"/>
<pin id="232" dir="0" index="3" bw="0" slack="2147483647"/>
<pin id="233" dir="1" index="4" bw="64" slack="0"/>
</pin_list>
<bind>
<opcode="phi(47) " fcode="phi"/>
<opset="tmp_1_pn/17 "/>
</bind>
</comp>

<comp id="236" class="1005" name="u_v_gamma_read_assign_reg_236">
<pin_list>
<pin id="237" dir="0" index="0" bw="32" slack="1"/>
<pin id="238" dir="1" index="1" bw="32" slack="8"/>
</pin_list>
<bind>
<opset="u_v_gamma_read_assign (phireg) "/>
</bind>
</comp>

<comp id="240" class="1004" name="u_v_gamma_read_assign_phi_fu_240">
<pin_list>
<pin id="241" dir="0" index="0" bw="32" slack="8"/>
<pin id="242" dir="0" index="1" bw="0" slack="2147483647"/>
<pin id="243" dir="0" index="2" bw="32" slack="1"/>
<pin id="244" dir="0" index="3" bw="0" slack="2147483647"/>
<pin id="245" dir="1" index="4" bw="32" slack="0"/>
</pin_list>
<bind>
<opcode="phi(47) " fcode="phi"/>
<opset="u_v_gamma_read_assign/24 "/>
</bind>
</comp>

<comp id="248" class="1005" name="pp_reg_248">
<pin_list>
<pin id="249" dir="0" index="0" bw="4" slack="8"/>
<pin id="250" dir="1" index="1" bw="4" slack="8"/>
</pin_list>
<bind>
<opset="pp (phireg) "/>
</bind>
</comp>

<comp id="252" class="1004" name="pp_phi_fu_252">
<pin_list>
<pin id="253" dir="0" index="0" bw="1" slack="8"/>
<pin id="254" dir="0" index="1" bw="0" slack="2147483647"/>
<pin id="255" dir="0" index="2" bw="4" slack="0"/>
<pin id="256" dir="0" index="3" bw="0" slack="2147483647"/>
<pin id="257" dir="1" index="4" bw="4" slack="0"/>
</pin_list>
<bind>
<opcode="phi(47) " fcode="phi"/>
<opset="pp/24 "/>
</bind>
</comp>

<comp id="259" class="1005" name="indvar_reg_259">
<pin_list>
<pin id="260" dir="0" index="0" bw="10" slack="1"/>
<pin id="261" dir="1" index="1" bw="10" slack="1"/>
</pin_list>
<bind>
<opset="indvar (phireg) "/>
</bind>
</comp>

<comp id="263" class="1004" name="indvar_phi_fu_263">
<pin_list>
<pin id="264" dir="0" index="0" bw="10" slack="0"/>
<pin id="265" dir="0" index="1" bw="0" slack="2147483647"/>
<pin id="266" dir="0" index="2" bw="1" slack="1"/>
<pin id="267" dir="0" index="3" bw="0" slack="2147483647"/>
<pin id="268" dir="1" index="4" bw="10" slack="0"/>
</pin_list>
<bind>
<opcode="phi(47) " fcode="phi"/>
<opset="indvar/51 "/>
</bind>
</comp>

<comp id="271" class="1004" name="grp_fu_271">
<pin_list>
<pin id="272" dir="0" index="0" bw="32" slack="1"/>
<pin id="273" dir="0" index="1" bw="32" slack="0"/>
<pin id="274" dir="1" index="2" bw="32" slack="1"/>
</pin_list>
<bind>
<opcode="fadd(9) fsub(11) " fcode="fadd"/>
<opset="u_v_0_gamma/24 tmp_1_i/46 tmp_2_i/46 "/>
</bind>
</comp>

<comp id="276" class="1004" name="grp_fu_276">
<pin_list>
<pin id="277" dir="0" index="0" bw="32" slack="0"/>
<pin id="278" dir="0" index="1" bw="32" slack="1"/>
<pin id="279" dir="1" index="2" bw="32" slack="9"/>
</pin_list>
<bind>
<opcode="fmul(13) " fcode="fmul"/>
<opset="tmp_i/13 "/>
</bind>
</comp>

<comp id="281" class="1004" name="grp_fu_281">
<pin_list>
<pin id="282" dir="0" index="0" bw="32" slack="0"/>
<pin id="283" dir="0" index="1" bw="32" slack="0"/>
<pin id="284" dir="1" index="2" bw="32" slack="1"/>
</pin_list>
<bind>
<opcode="fdiv(16) " fcode="fdiv"/>
<opset="delta_time_0/1 "/>
</bind>
</comp>

<comp id="287" class="1004" name="grp_fu_287">
<pin_list>
<pin id="288" dir="0" index="0" bw="64" slack="1"/>
<pin id="289" dir="1" index="1" bw="32" slack="1"/>
</pin_list>
<bind>
<opcode="fptrunc(40) " fcode="fptrunc"/>
<opset="spot_price_0/22 "/>
</bind>
</comp>

<comp id="290" class="1004" name="grp_fu_290">
<pin_list>
<pin id="291" dir="0" index="0" bw="32" slack="0"/>
<pin id="292" dir="1" index="1" bw="64" slack="1"/>
</pin_list>
<bind>
<opcode="fpext(41) " fcode="fpext"/>
<opset="tmp_9/13 tmp_s/28 "/>
</bind>
</comp>

<comp id="294" class="1004" name="grp_fu_294">
<pin_list>
<pin id="295" dir="0" index="0" bw="32" slack="0"/>
<pin id="296" dir="0" index="1" bw="32" slack="0"/>
<pin id="297" dir="1" index="2" bw="1" slack="0"/>
</pin_list>
<bind>
<opcode="fcmp(46) " fcode="fcmp"/>
<opset="tmp_4/13 "/>
</bind>
</comp>

<comp id="300" class="1004" name="grp_fu_300">
<pin_list>
<pin id="301" dir="0" index="0" bw="64" slack="2"/>
<pin id="302" dir="0" index="1" bw="64" slack="0"/>
<pin id="303" dir="1" index="2" bw="64" slack="1"/>
</pin_list>
<bind>
<opcode="dmul(510) " fcode="dmul"/>
<opset="spot_price_0_0_in/17 "/>
</bind>
</comp>

<comp id="305" class="1004" name="grp_fu_305">
<pin_list>
<pin id="306" dir="0" index="0" bw="64" slack="0"/>
<pin id="307" dir="0" index="1" bw="64" slack="1"/>
<pin id="308" dir="1" index="2" bw="64" slack="1"/>
</pin_list>
<bind>
<opcode="dexp(522) " fcode="dexp"/>
<opset="tmp_7/31 "/>
</bind>
</comp>

<comp id="310" class="1005" name="reg_310">
<pin_list>
<pin id="311" dir="0" index="0" bw="32" slack="1"/>
<pin id="312" dir="1" index="1" bw="32" slack="1"/>
</pin_list>
<bind>
<opset="tmp_1_i tmp_2_i "/>
</bind>
</comp>

<comp id="314" class="1004" name="tmp_8_fu_314">
<pin_list>
<pin id="315" dir="0" index="0" bw="1" slack="0"/>
<pin id="316" dir="0" index="1" bw="1" slack="0"/>
<pin id="317" dir="1" index="2" bw="1" slack="10"/>
</pin_list>
<bind>
<opcode="xor(25) " fcode="xor"/>
<opset="tmp_8/15 "/>
</bind>
</comp>

<comp id="320" class="1004" name="exitcond1_fu_320">
<pin_list>
<pin id="321" dir="0" index="0" bw="10" slack="0"/>
<pin id="322" dir="0" index="1" bw="6" slack="0"/>
<pin id="323" dir="1" index="2" bw="1" slack="2147483647"/>
</pin_list>
<bind>
<opcode="icmp(45) " fcode="icmp"/>
<opset="exitcond1/16 "/>
</bind>
</comp>

<comp id="326" class="1004" name="p_1_fu_326">
<pin_list>
<pin id="327" dir="0" index="0" bw="10" slack="0"/>
<pin id="328" dir="0" index="1" bw="1" slack="0"/>
<pin id="329" dir="1" index="2" bw="10" slack="0"/>
</pin_list>
<bind>
<opcode="add(8) " fcode="add"/>
<opset="p_1/16 "/>
</bind>
</comp>

<comp id="332" class="1004" name="tmp_5_fu_332">
<pin_list>
<pin id="333" dir="0" index="0" bw="30" slack="0"/>
<pin id="334" dir="0" index="1" bw="32" slack="14"/>
<pin id="335" dir="0" index="2" bw="3" slack="0"/>
<pin id="336" dir="0" index="3" bw="6" slack="0"/>
<pin id="337" dir="1" index="4" bw="30" slack="0"/>
</pin_list>
<bind>
<opcode="partselect(1002) " fcode="partselect"/>
<opset="tmp_5/16 "/>
</bind>
</comp>

<comp id="341" class="1004" name="tmp_6_fu_341">
<pin_list>
<pin id="342" dir="0" index="0" bw="30" slack="0"/>
<pin id="343" dir="1" index="1" bw="64" slack="0"/>
</pin_list>
<bind>
<opcode="zext(34) " fcode="zext"/>
<opset="tmp_6/16 "/>
</bind>
</comp>

<comp id="345" class="1004" name="a_addr_fu_345">
<pin_list>
<pin id="346" dir="0" index="0" bw="32" slack="0"/>
<pin id="347" dir="0" index="1" bw="30" slack="0"/>
<pin id="348" dir="1" index="2" bw="32" slack="3"/>
</pin_list>
<bind>
<opcode="getelementptr(29) " fcode="getelementptr"/>
<opset="a_addr/16 "/>
</bind>
</comp>

<comp id="351" class="1004" name="exitcond_fu_351">
<pin_list>
<pin id="352" dir="0" index="0" bw="4" slack="0"/>
<pin id="353" dir="0" index="1" bw="4" slack="0"/>
<pin id="354" dir="1" index="2" bw="1" slack="2147483647"/>
</pin_list>
<bind>
<opcode="icmp(45) " fcode="icmp"/>
<opset="exitcond/24 "/>
</bind>
</comp>

<comp id="357" class="1004" name="pp_1_fu_357">
<pin_list>
<pin id="358" dir="0" index="0" bw="4" slack="0"/>
<pin id="359" dir="0" index="1" bw="1" slack="0"/>
<pin id="360" dir="1" index="2" bw="4" slack="0"/>
</pin_list>
<bind>
<opcode="add(8) " fcode="add"/>
<opset="pp_1/24 "/>
</bind>
</comp>

<comp id="363" class="1004" name="o_v_0_value_fu_363">
<pin_list>
<pin id="364" dir="0" index="0" bw="1" slack="14"/>
<pin id="365" dir="0" index="1" bw="32" slack="1"/>
<pin id="366" dir="0" index="2" bw="32" slack="1"/>
<pin id="367" dir="1" index="3" bw="32" slack="0"/>
</pin_list>
<bind>
<opcode="select(49) " fcode="select"/>
<opset="o_v_0_value/50 "/>
</bind>
</comp>

<comp id="370" class="1004" name="tmp_2_fu_370">
<pin_list>
<pin id="371" dir="0" index="0" bw="32" slack="0"/>
<pin id="372" dir="1" index="1" bw="32" slack="0"/>
</pin_list>
<bind>
<opcode="bitcast(44) " fcode="bitcast"/>
<opset="tmp_2/50 "/>
</bind>
</comp>

<comp id="375" class="1004" name="tmp_3_fu_375">
<pin_list>
<pin id="376" dir="0" index="0" bw="10" slack="13"/>
<pin id="377" dir="1" index="1" bw="64" slack="0"/>
</pin_list>
<bind>
<opcode="zext(34) " fcode="zext"/>
<opset="tmp_3/50 "/>
</bind>
</comp>

<comp id="380" class="1004" name="exitcond2_fu_380">
<pin_list>
<pin id="381" dir="0" index="0" bw="10" slack="0"/>
<pin id="382" dir="0" index="1" bw="6" slack="0"/>
<pin id="383" dir="1" index="2" bw="1" slack="1"/>
</pin_list>
<bind>
<opcode="icmp(45) " fcode="icmp"/>
<opset="exitcond2/51 "/>
</bind>
</comp>

<comp id="386" class="1004" name="indvar_next_fu_386">
<pin_list>
<pin id="387" dir="0" index="0" bw="10" slack="0"/>
<pin id="388" dir="0" index="1" bw="1" slack="0"/>
<pin id="389" dir="1" index="2" bw="10" slack="0"/>
</pin_list>
<bind>
<opcode="add(8) " fcode="add"/>
<opset="indvar_next/51 "/>
</bind>
</comp>

<comp id="392" class="1004" name="tmp_1_fu_392">
<pin_list>
<pin id="393" dir="0" index="0" bw="10" slack="0"/>
<pin id="394" dir="1" index="1" bw="64" slack="0"/>
</pin_list>
<bind>
<opcode="zext(34) " fcode="zext"/>
<opset="tmp_1/51 "/>
</bind>
</comp>

<comp id="397" class="1004" name="isIter0_fu_397">
<pin_list>
<pin id="398" dir="0" index="0" bw="10" slack="0"/>
<pin id="399" dir="0" index="1" bw="1" slack="0"/>
<pin id="400" dir="1" index="2" bw="1" slack="2"/>
</pin_list>
<bind>
<opcode="icmp(45) " fcode="icmp"/>
<opset="isIter0/51 "/>
</bind>
</comp>

<comp id="403" class="1005" name="o_a_0_time_period_reg_403">
<pin_list>
<pin id="404" dir="0" index="0" bw="32" slack="1"/>
<pin id="405" dir="1" index="1" bw="32" slack="1"/>
</pin_list>
<bind>
<opset="o_a_0_time_period "/>
</bind>
</comp>

<comp id="408" class="1005" name="thread_result_0_read_reg_408">
<pin_list>
<pin id="409" dir="0" index="0" bw="32" slack="14"/>
<pin id="410" dir="1" index="1" bw="32" slack="14"/>
</pin_list>
<bind>
<opset="thread_result_0_read "/>
</bind>
</comp>

<comp id="413" class="1005" name="delta_time_0_reg_413">
<pin_list>
<pin id="414" dir="0" index="0" bw="32" slack="1"/>
<pin id="415" dir="1" index="1" bw="32" slack="1"/>
</pin_list>
<bind>
<opset="delta_time_0 "/>
</bind>
</comp>

<comp id="418" class="1005" name="u_a_0_rfir_reg_418">
<pin_list>
<pin id="419" dir="0" index="0" bw="32" slack="1"/>
<pin id="420" dir="1" index="1" bw="32" slack="1"/>
</pin_list>
<bind>
<opset="u_a_0_rfir "/>
</bind>
</comp>

<comp id="423" class="1005" name="u_a_0_current_price_reg_423">
<pin_list>
<pin id="424" dir="0" index="0" bw="32" slack="1"/>
<pin id="425" dir="1" index="1" bw="32" slack="1"/>
</pin_list>
<bind>
<opset="u_a_0_current_price "/>
</bind>
</comp>

<comp id="428" class="1005" name="o_a_0_call_reg_428">
<pin_list>
<pin id="429" dir="0" index="0" bw="32" slack="1"/>
<pin id="430" dir="1" index="1" bw="32" slack="1"/>
</pin_list>
<bind>
<opset="o_a_0_call "/>
</bind>
</comp>

<comp id="433" class="1005" name="o_a_0_strike_price_reg_433">
<pin_list>
<pin id="434" dir="0" index="0" bw="32" slack="10"/>
<pin id="435" dir="1" index="1" bw="32" slack="10"/>
</pin_list>
<bind>
<opset="o_a_0_strike_price "/>
</bind>
</comp>

<comp id="439" class="1005" name="tmp_9_reg_439">
<pin_list>
<pin id="440" dir="0" index="0" bw="64" slack="2"/>
<pin id="441" dir="1" index="1" bw="64" slack="2"/>
</pin_list>
<bind>
<opset="tmp_9 "/>
</bind>
</comp>

<comp id="444" class="1005" name="tmp_i_reg_444">
<pin_list>
<pin id="445" dir="0" index="0" bw="32" slack="9"/>
<pin id="446" dir="1" index="1" bw="32" slack="9"/>
</pin_list>
<bind>
<opset="tmp_i "/>
</bind>
</comp>

<comp id="449" class="1005" name="tmp_8_reg_449">
<pin_list>
<pin id="450" dir="0" index="0" bw="1" slack="10"/>
<pin id="451" dir="1" index="1" bw="1" slack="14"/>
</pin_list>
<bind>
<opset="tmp_8 "/>
</bind>
</comp>

<comp id="457" class="1005" name="p_1_reg_457">
<pin_list>
<pin id="458" dir="0" index="0" bw="10" slack="0"/>
<pin id="459" dir="1" index="1" bw="10" slack="0"/>
</pin_list>
<bind>
<opset="p_1 "/>
</bind>
</comp>

<comp id="462" class="1005" name="a_addr_reg_462">
<pin_list>
<pin id="463" dir="0" index="0" bw="32" slack="3"/>
<pin id="464" dir="1" index="1" bw="32" slack="3"/>
</pin_list>
<bind>
<opset="a_addr "/>
</bind>
</comp>

<comp id="467" class="1005" name="spot_price_0_0_in_reg_467">
<pin_list>
<pin id="468" dir="0" index="0" bw="64" slack="1"/>
<pin id="469" dir="1" index="1" bw="64" slack="1"/>
</pin_list>
<bind>
<opset="spot_price_0_0_in "/>
</bind>
</comp>

<comp id="472" class="1005" name="spot_price_0_reg_472">
<pin_list>
<pin id="473" dir="0" index="0" bw="32" slack="1"/>
<pin id="474" dir="1" index="1" bw="32" slack="1"/>
</pin_list>
<bind>
<opset="spot_price_0 "/>
</bind>
</comp>

<comp id="481" class="1005" name="pp_1_reg_481">
<pin_list>
<pin id="482" dir="0" index="0" bw="4" slack="0"/>
<pin id="483" dir="1" index="1" bw="4" slack="0"/>
</pin_list>
<bind>
<opset="pp_1 "/>
</bind>
</comp>

<comp id="486" class="1005" name="u_v_0_gamma_reg_486">
<pin_list>
<pin id="487" dir="0" index="0" bw="32" slack="1"/>
<pin id="488" dir="1" index="1" bw="32" slack="1"/>
</pin_list>
<bind>
<opset="u_v_0_gamma "/>
</bind>
</comp>

<comp id="492" class="1005" name="tmp_s_reg_492">
<pin_list>
<pin id="493" dir="0" index="0" bw="64" slack="1"/>
<pin id="494" dir="1" index="1" bw="64" slack="1"/>
</pin_list>
<bind>
<opset="tmp_s "/>
</bind>
</comp>

<comp id="497" class="1005" name="tmp_7_reg_497">
<pin_list>
<pin id="498" dir="0" index="0" bw="64" slack="1"/>
<pin id="499" dir="1" index="1" bw="64" slack="1"/>
</pin_list>
<bind>
<opset="tmp_7 "/>
</bind>
</comp>

<comp id="502" class="1005" name="exitcond2_reg_502">
<pin_list>
<pin id="503" dir="0" index="0" bw="1" slack="1"/>
<pin id="504" dir="1" index="1" bw="1" slack="2147483647"/>
</pin_list>
<bind>
<opset="exitcond2 "/>
</bind>
</comp>

<comp id="506" class="1005" name="indvar_next_reg_506">
<pin_list>
<pin id="507" dir="0" index="0" bw="10" slack="0"/>
<pin id="508" dir="1" index="1" bw="10" slack="0"/>
</pin_list>
<bind>
<opset="indvar_next "/>
</bind>
</comp>

<comp id="511" class="1005" name="thread_result_buff_addr_1_reg_511">
<pin_list>
<pin id="512" dir="0" index="0" bw="10" slack="1"/>
<pin id="513" dir="1" index="1" bw="10" slack="1"/>
</pin_list>
<bind>
<opset="thread_result_buff_addr_1 "/>
</bind>
</comp>

<comp id="516" class="1005" name="isIter0_reg_516">
<pin_list>
<pin id="517" dir="0" index="0" bw="1" slack="2"/>
<pin id="518" dir="1" index="1" bw="1" slack="2147483647"/>
</pin_list>
<bind>
<opset="isIter0 "/>
</bind>
</comp>

<comp id="520" class="1005" name="thread_result_buff_load_reg_520">
<pin_list>
<pin id="521" dir="0" index="0" bw="32" slack="1"/>
<pin id="522" dir="1" index="1" bw="32" slack="1"/>
</pin_list>
<bind>
<opset="thread_result_buff_load "/>
</bind>
</comp>

</comp_list>

<net_list>
<net id="149"><net_src comp="54" pin="0"/><net_sink comp="146" pin=0"/></net>

<net id="154"><net_src comp="52" pin="0"/><net_sink comp="150" pin=0"/></net>

<net id="155"><net_src comp="50" pin="0"/><net_sink comp="150" pin=1"/></net>

<net id="160"><net_src comp="56" pin="0"/><net_sink comp="156" pin=0"/></net>

<net id="161"><net_src comp="36" pin="0"/><net_sink comp="156" pin=1"/></net>

<net id="166"><net_src comp="56" pin="0"/><net_sink comp="162" pin=0"/></net>

<net id="167"><net_src comp="2" pin="0"/><net_sink comp="162" pin=1"/></net>

<net id="172"><net_src comp="56" pin="0"/><net_sink comp="168" pin=0"/></net>

<net id="173"><net_src comp="4" pin="0"/><net_sink comp="168" pin=1"/></net>

<net id="178"><net_src comp="56" pin="0"/><net_sink comp="174" pin=0"/></net>

<net id="179"><net_src comp="38" pin="0"/><net_sink comp="174" pin=1"/></net>

<net id="184"><net_src comp="56" pin="0"/><net_sink comp="180" pin=0"/></net>

<net id="185"><net_src comp="34" pin="0"/><net_sink comp="180" pin=1"/></net>

<net id="191"><net_src comp="140" pin="0"/><net_sink comp="186" pin=0"/></net>

<net id="192"><net_src comp="142" pin="0"/><net_sink comp="186" pin=2"/></net>

<net id="193"><net_src comp="144" pin="0"/><net_sink comp="186" pin=0"/></net>

<net id="199"><net_src comp="130" pin="0"/><net_sink comp="194" pin=1"/></net>

<net id="204"><net_src comp="194" pin="3"/><net_sink comp="200" pin=0"/></net>

<net id="210"><net_src comp="130" pin="0"/><net_sink comp="205" pin=1"/></net>

<net id="211"><net_src comp="205" pin="3"/><net_sink comp="200" pin=0"/></net>

<net id="215"><net_src comp="94" pin="0"/><net_sink comp="212" pin=0"/></net>

<net id="222"><net_src comp="212" pin="1"/><net_sink comp="216" pin=0"/></net>

<net id="223"><net_src comp="216" pin="4"/><net_sink comp="212" pin=0"/></net>

<net id="227"><net_src comp="116" pin="0"/><net_sink comp="224" pin=0"/></net>

<net id="234"><net_src comp="224" pin="1"/><net_sink comp="228" pin=0"/></net>

<net id="235"><net_src comp="228" pin="4"/><net_sink comp="224" pin=0"/></net>

<net id="239"><net_src comp="60" pin="0"/><net_sink comp="236" pin=0"/></net>

<net id="246"><net_src comp="236" pin="1"/><net_sink comp="240" pin=0"/></net>

<net id="247"><net_src comp="240" pin="4"/><net_sink comp="236" pin=0"/></net>

<net id="251"><net_src comp="118" pin="0"/><net_sink comp="248" pin=0"/></net>

<net id="258"><net_src comp="248" pin="1"/><net_sink comp="252" pin=0"/></net>

<net id="262"><net_src comp="94" pin="0"/><net_sink comp="259" pin=0"/></net>

<net id="269"><net_src comp="259" pin="1"/><net_sink comp="263" pin=2"/></net>

<net id="275"><net_src comp="240" pin="4"/><net_sink comp="271" pin=1"/></net>

<net id="280"><net_src comp="162" pin="2"/><net_sink comp="276" pin=0"/></net>

<net id="285"><net_src comp="156" pin="2"/><net_sink comp="281" pin=0"/></net>

<net id="286"><net_src comp="58" pin="0"/><net_sink comp="281" pin=1"/></net>

<net id="293"><net_src comp="168" pin="2"/><net_sink comp="290" pin=0"/></net>

<net id="298"><net_src comp="174" pin="2"/><net_sink comp="294" pin=0"/></net>

<net id="299"><net_src comp="60" pin="0"/><net_sink comp="294" pin=1"/></net>

<net id="304"><net_src comp="228" pin="4"/><net_sink comp="300" pin=1"/></net>

<net id="309"><net_src comp="126" pin="0"/><net_sink comp="305" pin=0"/></net>

<net id="313"><net_src comp="271" pin="2"/><net_sink comp="310" pin=0"/></net>

<net id="318"><net_src comp="294" pin="2"/><net_sink comp="314" pin=0"/></net>

<net id="319"><net_src comp="92" pin="0"/><net_sink comp="314" pin=1"/></net>

<net id="324"><net_src comp="216" pin="4"/><net_sink comp="320" pin=0"/></net>

<net id="325"><net_src comp="96" pin="0"/><net_sink comp="320" pin=1"/></net>

<net id="330"><net_src comp="216" pin="4"/><net_sink comp="326" pin=0"/></net>

<net id="331"><net_src comp="102" pin="0"/><net_sink comp="326" pin=1"/></net>

<net id="338"><net_src comp="110" pin="0"/><net_sink comp="332" pin=0"/></net>

<net id="339"><net_src comp="112" pin="0"/><net_sink comp="332" pin=2"/></net>

<net id="340"><net_src comp="114" pin="0"/><net_sink comp="332" pin=3"/></net>

<net id="344"><net_src comp="332" pin="4"/><net_sink comp="341" pin=0"/></net>

<net id="349"><net_src comp="0" pin="0"/><net_sink comp="345" pin=0"/></net>

<net id="350"><net_src comp="341" pin="1"/><net_sink comp="345" pin=1"/></net>

<net id="355"><net_src comp="252" pin="4"/><net_sink comp="351" pin=0"/></net>

<net id="356"><net_src comp="120" pin="0"/><net_sink comp="351" pin=1"/></net>

<net id="361"><net_src comp="252" pin="4"/><net_sink comp="357" pin=0"/></net>

<net id="362"><net_src comp="124" pin="0"/><net_sink comp="357" pin=1"/></net>

<net id="368"><net_src comp="310" pin="1"/><net_sink comp="363" pin=1"/></net>

<net id="369"><net_src comp="310" pin="1"/><net_sink comp="363" pin=2"/></net>

<net id="373"><net_src comp="363" pin="3"/><net_sink comp="370" pin=0"/></net>

<net id="374"><net_src comp="370" pin="1"/><net_sink comp="200" pin=1"/></net>

<net id="378"><net_src comp="212" pin="1"/><net_sink comp="375" pin=0"/></net>

<net id="379"><net_src comp="375" pin="1"/><net_sink comp="194" pin=2"/></net>

<net id="384"><net_src comp="263" pin="4"/><net_sink comp="380" pin=0"/></net>

<net id="385"><net_src comp="96" pin="0"/><net_sink comp="380" pin=1"/></net>

<net id="390"><net_src comp="263" pin="4"/><net_sink comp="386" pin=0"/></net>

<net id="391"><net_src comp="102" pin="0"/><net_sink comp="386" pin=1"/></net>

<net id="395"><net_src comp="263" pin="4"/><net_sink comp="392" pin=0"/></net>

<net id="396"><net_src comp="392" pin="1"/><net_sink comp="205" pin=2"/></net>

<net id="401"><net_src comp="263" pin="4"/><net_sink comp="397" pin=0"/></net>

<net id="402"><net_src comp="94" pin="0"/><net_sink comp="397" pin=1"/></net>

<net id="406"><net_src comp="156" pin="2"/><net_sink comp="403" pin=0"/></net>

<net id="407"><net_src comp="403" pin="1"/><net_sink comp="281" pin=0"/></net>

<net id="411"><net_src comp="150" pin="2"/><net_sink comp="408" pin=0"/></net>

<net id="412"><net_src comp="408" pin="1"/><net_sink comp="332" pin=1"/></net>

<net id="416"><net_src comp="281" pin="2"/><net_sink comp="413" pin=0"/></net>

<net id="417"><net_src comp="413" pin="1"/><net_sink comp="276" pin=1"/></net>

<net id="421"><net_src comp="162" pin="2"/><net_sink comp="418" pin=0"/></net>

<net id="422"><net_src comp="418" pin="1"/><net_sink comp="276" pin=0"/></net>

<net id="426"><net_src comp="168" pin="2"/><net_sink comp="423" pin=0"/></net>

<net id="427"><net_src comp="423" pin="1"/><net_sink comp="290" pin=0"/></net>

<net id="431"><net_src comp="174" pin="2"/><net_sink comp="428" pin=0"/></net>

<net id="432"><net_src comp="428" pin="1"/><net_sink comp="294" pin=0"/></net>

<net id="436"><net_src comp="180" pin="2"/><net_sink comp="433" pin=0"/></net>

<net id="437"><net_src comp="433" pin="1"/><net_sink comp="271" pin=1"/></net>

<net id="438"><net_src comp="433" pin="1"/><net_sink comp="271" pin=0"/></net>

<net id="442"><net_src comp="290" pin="1"/><net_sink comp="439" pin=0"/></net>

<net id="443"><net_src comp="439" pin="1"/><net_sink comp="300" pin=0"/></net>

<net id="447"><net_src comp="276" pin="2"/><net_sink comp="444" pin=0"/></net>

<net id="448"><net_src comp="444" pin="1"/><net_sink comp="271" pin=0"/></net>

<net id="452"><net_src comp="314" pin="2"/><net_sink comp="449" pin=0"/></net>

<net id="453"><net_src comp="449" pin="1"/><net_sink comp="363" pin=0"/></net>

<net id="460"><net_src comp="326" pin="2"/><net_sink comp="457" pin=0"/></net>

<net id="461"><net_src comp="457" pin="1"/><net_sink comp="216" pin=2"/></net>

<net id="465"><net_src comp="345" pin="2"/><net_sink comp="462" pin=0"/></net>

<net id="466"><net_src comp="462" pin="1"/><net_sink comp="186" pin=1"/></net>

<net id="470"><net_src comp="300" pin="2"/><net_sink comp="467" pin=0"/></net>

<net id="471"><net_src comp="467" pin="1"/><net_sink comp="287" pin=0"/></net>

<net id="475"><net_src comp="287" pin="1"/><net_sink comp="472" pin=0"/></net>

<net id="476"><net_src comp="472" pin="1"/><net_sink comp="271" pin=0"/></net>

<net id="477"><net_src comp="472" pin="1"/><net_sink comp="271" pin=1"/></net>

<net id="484"><net_src comp="357" pin="2"/><net_sink comp="481" pin=0"/></net>

<net id="485"><net_src comp="481" pin="1"/><net_sink comp="252" pin=2"/></net>

<net id="489"><net_src comp="271" pin="2"/><net_sink comp="486" pin=0"/></net>

<net id="490"><net_src comp="486" pin="1"/><net_sink comp="240" pin=2"/></net>

<net id="491"><net_src comp="486" pin="1"/><net_sink comp="290" pin=0"/></net>

<net id="495"><net_src comp="290" pin="1"/><net_sink comp="492" pin=0"/></net>

<net id="496"><net_src comp="492" pin="1"/><net_sink comp="305" pin=1"/></net>

<net id="500"><net_src comp="305" pin="2"/><net_sink comp="497" pin=0"/></net>

<net id="501"><net_src comp="497" pin="1"/><net_sink comp="228" pin=2"/></net>

<net id="505"><net_src comp="380" pin="2"/><net_sink comp="502" pin=0"/></net>

<net id="509"><net_src comp="386" pin="2"/><net_sink comp="506" pin=0"/></net>

<net id="510"><net_src comp="506" pin="1"/><net_sink comp="263" pin=0"/></net>

<net id="514"><net_src comp="205" pin="3"/><net_sink comp="511" pin=0"/></net>

<net id="515"><net_src comp="511" pin="1"/><net_sink comp="200" pin=0"/></net>

<net id="519"><net_src comp="397" pin="2"/><net_sink comp="516" pin=0"/></net>

<net id="523"><net_src comp="200" pin="2"/><net_sink comp="520" pin=0"/></net>

<net id="524"><net_src comp="520" pin="1"/><net_sink comp="186" pin=2"/></net>

</net_list>

</model> 
---------------- Datapath Model END ------------------

* FSMD analyzer results:
  - Output states:
	Port: a | {53 }
  - Chain level:
	State 1
	State 2
	State 3
	State 4
	State 5
	State 6
	State 7
	State 8
	State 9
	State 10
	State 11
	State 12
	State 13
	State 14
	State 15
		tmp_8 : 1
	State 16
		exitcond1 : 1
		p_1 : 1
		stg_125 : 2
		tmp_6 : 1
		a_addr : 2
	State 17
		spot_price_0_0_in : 1
	State 18
	State 19
	State 20
	State 21
	State 22
	State 23
	State 24
		exitcond : 1
		pp_1 : 1
		stg_147 : 2
		u_v_0_gamma : 1
	State 25
	State 26
	State 27
	State 28
	State 29
	State 30
	State 31
	State 32
	State 33
	State 34
	State 35
	State 36
	State 37
	State 38
	State 39
	State 40
	State 41
	State 42
	State 43
	State 44
	State 45
	State 46
	State 47
	State 48
	State 49
	State 50
		tmp_2 : 1
		thread_result_buff_addr : 1
		stg_184 : 2
	State 51
		exitcond2 : 1
		indvar_next : 1
		stg_190 : 2
		tmp_1 : 1
		thread_result_buff_addr_1 : 2
		thread_result_buff_load : 3
		isIter0 : 1
		stg_195 : 2
	State 52
	State 53
		burstwrite_rend : 1
	State 54


============================================================
+ Verbose Summary: Datapath Resource usage 
============================================================

* Functional unit list:
|----------|---------------------------------|---------|---------|---------|
| Operation|         Functional Unit         |  DSP48E |    FF   |   LUT   |
|----------|---------------------------------|---------|---------|---------|
|   dexp   |            grp_fu_305           |    26   |   1176  |   2592  |
|----------|---------------------------------|---------|---------|---------|
|   fdiv   |            grp_fu_281           |    0    |   563   |   991   |
|----------|---------------------------------|---------|---------|---------|
|   dmul   |            grp_fu_300           |    11   |   299   |   570   |
|----------|---------------------------------|---------|---------|---------|
|   fadd   |            grp_fu_271           |    2    |   227   |   404   |
|----------|---------------------------------|---------|---------|---------|
|   fmul   |            grp_fu_276           |    3    |   128   |   320   |
|----------|---------------------------------|---------|---------|---------|
|  fptrunc |            grp_fu_287           |    0    |   128   |   285   |
|----------|---------------------------------|---------|---------|---------|
|   fcmp   |            grp_fu_294           |    0    |    66   |   239   |
|----------|---------------------------------|---------|---------|---------|
|   fpext  |            grp_fu_290           |    0    |   100   |   143   |
|----------|---------------------------------|---------|---------|---------|
|          |         exitcond1_fu_320        |    0    |    0    |    10   |
|   icmp   |         exitcond_fu_351         |    0    |    0    |    3    |
|          |         exitcond2_fu_380        |    0    |    0    |    10   |
|          |          isIter0_fu_397         |    0    |    0    |    10   |
|----------|---------------------------------|---------|---------|---------|
|  select  |        o_v_0_value_fu_363       |    0    |    0    |    32   |
|----------|---------------------------------|---------|---------|---------|
|          |            p_1_fu_326           |    0    |    0    |    10   |
|    add   |           pp_1_fu_357           |    0    |    0    |    4    |
|          |        indvar_next_fu_386       |    0    |    0    |    10   |
|----------|---------------------------------|---------|---------|---------|
|    xor   |           tmp_8_fu_314          |    0    |    0    |    1    |
|----------|---------------------------------|---------|---------|---------|
|          |         grp_read_fu_150         |    0    |    0    |    0    |
|          |  o_a_0_time_period_read_fu_156  |    0    |    0    |    0    |
|   read   |      u_a_0_rfir_read_fu_162     |    0    |    0    |    0    |
|          | u_a_0_current_price_read_fu_168 |    0    |    0    |    0    |
|          |      o_a_0_call_read_fu_174     |    0    |    0    |    0    |
|          |  o_a_0_strike_price_read_fu_180 |    0    |    0    |    0    |
|----------|---------------------------------|---------|---------|---------|
|   write  |         grp_write_fu_186        |    0    |    0    |    0    |
|----------|---------------------------------|---------|---------|---------|
|partselect|           tmp_5_fu_332          |    0    |    0    |    0    |
|----------|---------------------------------|---------|---------|---------|
|          |           tmp_6_fu_341          |    0    |    0    |    0    |
|   zext   |           tmp_3_fu_375          |    0    |    0    |    0    |
|          |           tmp_1_fu_392          |    0    |    0    |    0    |
|----------|---------------------------------|---------|---------|---------|
|   Total  |                                 |    42   |   2687  |   5634  |
|----------|---------------------------------|---------|---------|---------|

Memories:
+------------------+--------+--------+--------+
|                  |  BRAM  |   FF   |   LUT  |
+------------------+--------+--------+--------+
|thread_result_buff|    2   |    0   |    0   |
+------------------+--------+--------+--------+
|       Total      |    2   |    0   |    0   |
+------------------+--------+--------+--------+

* Register list:
+---------------------------------+--------+
|                                 |   FF   |
+---------------------------------+--------+
|          a_addr_reg_462         |   32   |
|       delta_time_0_reg_413      |   32   |
|        exitcond2_reg_502        |    1   |
|       indvar_next_reg_506       |   10   |
|          indvar_reg_259         |   10   |
|         isIter0_reg_516         |    1   |
|        o_a_0_call_reg_428       |   32   |
|    o_a_0_strike_price_reg_433   |   32   |
|    o_a_0_time_period_reg_403    |   32   |
|           p_1_reg_457           |   10   |
|            p_reg_212            |   10   |
|           pp_1_reg_481          |    4   |
|            pp_reg_248           |    4   |
|             reg_310             |   32   |
|    spot_price_0_0_in_reg_467    |   64   |
|       spot_price_0_reg_472      |   32   |
|   thread_result_0_read_reg_408  |   32   |
|thread_result_buff_addr_1_reg_511|   10   |
| thread_result_buff_load_reg_520 |   32   |
|         tmp_1_pn_reg_224        |   64   |
|          tmp_7_reg_497          |   64   |
|          tmp_8_reg_449          |    1   |
|          tmp_9_reg_439          |   64   |
|          tmp_i_reg_444          |   32   |
|          tmp_s_reg_492          |   64   |
|   u_a_0_current_price_reg_423   |   32   |
|        u_a_0_rfir_reg_418       |   32   |
|       u_v_0_gamma_reg_486       |   32   |
|  u_v_gamma_read_assign_reg_236  |   32   |
+---------------------------------+--------+
|              Total              |   829  |
+---------------------------------+--------+

* Multiplexer (MUX) list: 
|-------------------------------|------|------|------|--------||---------||---------|
|              Comp             |  Pin | Size |  BW  | S x BW ||  Delay  ||   LUT   |
|-------------------------------|------|------|------|--------||---------||---------|
|        grp_write_fu_186       |  p0  |   2  |   1  |    2   |
|        grp_write_fu_186       |  p2  |   2  |  32  |   64   ||    32   |
|       grp_access_fu_200       |  p0  |   3  |  10  |   30   ||    10   |
|           p_reg_212           |  p0  |   2  |  10  |   20   ||    10   |
|        tmp_1_pn_reg_224       |  p0  |   2  |  64  |   128  ||    64   |
| u_v_gamma_read_assign_reg_236 |  p0  |   2  |  32  |   64   ||    32   |
|           grp_fu_271          |  p0  |   3  |  32  |   96   ||    32   |
|           grp_fu_271          |  p1  |   3  |  32  |   96   ||    32   |
|           grp_fu_276          |  p0  |   2  |  32  |   64   ||    32   |
|           grp_fu_281          |  p0  |   2  |  32  |   64   ||    32   |
|           grp_fu_290          |  p0  |   3  |  32  |   96   ||    32   |
|           grp_fu_294          |  p0  |   2  |  32  |   64   ||    32   |
|-------------------------------|------|------|------|--------||---------||---------|
|             Total             |      |      |      |   788  || 14.6588 ||   340   |
|-------------------------------|------|------|------|--------||---------||---------|



* Summary:
+-----------+--------+--------+--------+--------+--------+
|           |  BRAM  | DSP48E |  Delay |   FF   |   LUT  |
+-----------+--------+--------+--------+--------+--------+
|  Function |    -   |   42   |    -   |  2687  |  5634  |
|   Memory  |    2   |    -   |    -   |    0   |    0   |
|Multiplexer|    -   |    -   |   14   |    -   |   340  |
|  Register |    -   |    -   |    -   |   829  |    -   |
+-----------+--------+--------+--------+--------+--------+
|   Total   |    2   |   42   |   14   |  3516  |  5974  |
+-----------+--------+--------+--------+--------+--------+
