

================================================================
== Vivado HLS Report for 'vivado_activity_thread'
================================================================
* Date:           Fri Mar 28 17:53:31 2014

* Version:        2013.4 (build date: Mon Dec 09 17:07:59 PM 2013)
* Project:        hls_prj
* Solution:       F3_VivadoHLS_core
* Product family: zynq zynq_fpv6 
* Target device:  xc7z020clg484-1


================================================================
== Performance Estimates
================================================================
+ Timing (ns): 
    * Summary: 
    +---------+-------+----------+------------+
    |  Clock  | Target| Estimated| Uncertainty|
    +---------+-------+----------+------------+
    |default  |  10.00|      8.63|        1.25|
    +---------+-------+----------+------------+

+ Latency (clock cycles): 
    * Summary: 
    +----------+----------+----------+----------+---------+
    |       Latency       |       Interval      | Pipeline|
    |    min   |    max   |    min   |    max   |   Type  |
    +----------+----------+----------+----------+---------+
    |  15566604|  15566604|  15566605|  15566605|   none  |
    +----------+----------+----------+----------+---------+

    + Detail: 
        * Instance: 
        N/A

        * Loop: 
        +----------------+----------+----------+----------+-----------+-----------+------+----------+
        |                |       Latency       | Iteration|  Initiation Interval  | Trip |          |
        |    Loop Name   |    min   |    max   |  Latency |  achieved |   target  | Count| Pipelined|
        +----------------+----------+----------+----------+-----------+-----------+------+----------+
        |- PATHSET_LOOP  |  15566600|  15566600|    155666|          -|          -|   100|    no    |
        | + PATH_LOOP    |    155656|    155656|        38|          -|          -|  4096|    no    |
        +----------------+----------+----------+----------+-----------+-----------+------+----------+



================================================================
== Utilization Estimates
================================================================
* Summary: 
+-----------------+---------+-------+--------+-------+
|       Name      | BRAM_18K| DSP48E|   FF   |  LUT  |
+-----------------+---------+-------+--------+-------+
|Expression       |        -|      -|       0|     78|
|FIFO             |        -|      -|       -|      -|
|Instance         |        -|     42|    2508|   4542|
|Memory           |        -|      -|       -|      -|
|Multiplexer      |        -|      -|       -|    406|
|Register         |        -|      -|     559|      -|
|ShiftMemory      |        -|      -|       -|      -|
+-----------------+---------+-------+--------+-------+
|Total            |        0|     42|    3067|   5026|
+-----------------+---------+-------+--------+-------+
|Available        |      280|    220|  106400|  53200|
+-----------------+---------+-------+--------+-------+
|Utilization (%)  |        0|     19|       2|      9|
+-----------------+---------+-------+--------+-------+

+ Detail: 
    * Instance: 
    +------------------------------------------------------------+---------------------------------------------------------+---------+-------+------+------+
    |                          Instance                          |                          Module                         | BRAM_18K| DSP48E|  FF  |  LUT |
    +------------------------------------------------------------+---------------------------------------------------------+---------+-------+------+------+
    |vivado_activity_thread_dexp_64ns_64ns_64_18_full_dsp_U7     |vivado_activity_thread_dexp_64ns_64ns_64_18_full_dsp     |        0|     26|  1549|  2599|
    |vivado_activity_thread_dmul_64ns_64ns_64_6_max_dsp_U6       |vivado_activity_thread_dmul_64ns_64ns_64_6_max_dsp       |        0|     11|   317|   578|
    |vivado_activity_thread_faddfsub_32ns_32ns_32_5_full_dsp_U1  |vivado_activity_thread_faddfsub_32ns_32ns_32_5_full_dsp  |        0|      2|   205|   390|
    |vivado_activity_thread_fcmp_32ns_32ns_1_3_U5                |vivado_activity_thread_fcmp_32ns_32ns_1_3                |        0|      0|    66|   239|
    |vivado_activity_thread_fmul_32ns_32ns_32_4_max_dsp_U2       |vivado_activity_thread_fmul_32ns_32ns_32_4_max_dsp       |        0|      3|   143|   321|
    |vivado_activity_thread_fpext_32ns_64_3_U4                   |vivado_activity_thread_fpext_32ns_64_3                   |        0|      0|   100|   138|
    |vivado_activity_thread_fptrunc_64ns_32_3_U3                 |vivado_activity_thread_fptrunc_64ns_32_3                 |        0|      0|   128|   277|
    +------------------------------------------------------------+---------------------------------------------------------+---------+-------+------+------+
    |Total                                                       |                                                         |        0|     42|  2508|  4542|
    +------------------------------------------------------------+---------------------------------------------------------+---------+-------+------+------+

    * Memory: 
    N/A

    * FIFO: 
    N/A

    * Shift register: 
    N/A

    * Expression: 
    +------------------------+----------+-------+---+----+------------+------------+
    |      Variable Name     | Operation| DSP48E| FF| LUT| Bitwidth P0| Bitwidth P1|
    +------------------------+----------+-------+---+----+------------+------------+
    |p_1_fu_249_p2           |     +    |      0|  0|   7|           7|           1|
    |pp_1_fu_261_p2          |     +    |      0|  0|  13|          13|           1|
    |storemerge_i_fu_273_p3  |  Select  |      0|  0|  32|           1|          32|
    |exitcond1_fu_243_p2     |   icmp   |      0|  0|   7|           7|           6|
    |exitcond_fu_255_p2      |   icmp   |      0|  0|  17|          13|          14|
    |tmp_2_fu_267_p2         |    xor   |      0|  0|   2|           1|           2|
    +------------------------+----------+-------+---+----+------------+------------+
    |Total                   |          |      0|  0|  78|          42|          56|
    +------------------------+----------+-------+---+----+------------+------------+

    * Multiplexer: 
    +---------------------------------------+----+-----------+-----+-----------+
    |                  Name                 | LUT| Input Size| Bits| Total Bits|
    +---------------------------------------+----+-----------+-----+-----------+
    |grp_fu_204_opcode                      |   2|          3|    2|          6|
    |grp_fu_204_p0                          |  32|          5|   32|        160|
    |grp_fu_204_p1                          |  32|          5|   32|        160|
    |grp_fu_213_p0                          |  32|          3|   32|         96|
    |grp_fu_213_p1                          |  32|          3|   32|         96|
    |grp_fu_223_p0                          |  32|          3|   32|         96|
    |kernel_arg_o_v_0_value                 |  32|          3|   32|         96|
    |kernel_arg_u_v_0_gamma                 |  32|          3|   32|         96|
    |kernel_arg_u_v_0_gamma_load_2_reg_180  |  32|          2|   32|         64|
    |kernel_arg_u_v_0_time                  |  32|          3|   32|         96|
    |kernel_arg_u_v_0_time_load_reg_168     |  32|          2|   32|         64|
    |p_reg_145                              |   7|          2|    7|         14|
    |pp_reg_192                             |  13|          2|   13|         26|
    |tmp_2_pn_reg_156                       |  64|          2|   64|        128|
    +---------------------------------------+----+-----------+-----+-----------+
    |Total                                  | 406|         41|  406|       1198|
    +---------------------------------------+----+-----------+-----+-----------+

    * Register: 
    +---------------------------------------+----+-----+-----------+
    |                  Name                 | FF | Bits| Const Bits|
    +---------------------------------------+----+-----+-----------+
    |ap_CS_fsm                              |   6|    6|          0|
    |delta_time_0_reg_290                   |  32|   32|          0|
    |kernel_arg_u_v_0_gamma_load_2_reg_180  |  32|   32|          0|
    |kernel_arg_u_v_0_time_load_reg_168     |  32|   32|          0|
    |p_1_reg_304                            |   7|    7|          0|
    |p_reg_145                              |   7|    7|          0|
    |pp_1_reg_323                           |  13|   13|          0|
    |pp_reg_192                             |  13|   13|          0|
    |spot_price_0_0_in_reg_309              |  64|   64|          0|
    |spot_price_0_reg_314                   |  32|   32|          0|
    |storemerge_i_reg_376                   |  32|   32|          0|
    |tmp_2_i_reg_343                        |  32|   32|          0|
    |tmp_2_pn_reg_156                       |  64|   64|          0|
    |tmp_2_reg_365                          |   1|    1|          0|
    |tmp_7_reg_355                          |  64|   64|          0|
    |tmp_i_4_reg_348                        |  32|   32|          0|
    |tmp_i_reg_338                          |  32|   32|          0|
    |tmp_reg_296                            |  64|   64|          0|
    +---------------------------------------+----+-----+-----------+
    |Total                                  | 559|  559|          0|
    +---------------------------------------+----+-----+-----------+



================================================================
== Interface
================================================================
* Summary: 
+--------------------------------+-----+-----+------------+--------------------------------+--------------+
|            RTL Ports           | Dir | Bits|  Protocol  |          Source Object         |    C Type    |
+--------------------------------+-----+-----+------------+--------------------------------+--------------+
|ap_clk                          |  in |    1| ap_ctrl_hs |     vivado_activity_thread     | return value |
|ap_rst                          |  in |    1| ap_ctrl_hs |     vivado_activity_thread     | return value |
|ap_start                        |  in |    1| ap_ctrl_hs |     vivado_activity_thread     | return value |
|ap_done                         | out |    1| ap_ctrl_hs |     vivado_activity_thread     | return value |
|ap_idle                         | out |    1| ap_ctrl_hs |     vivado_activity_thread     | return value |
|ap_ready                        | out |    1| ap_ctrl_hs |     vivado_activity_thread     | return value |
|kernel_arg_u_a_0_rfir           |  in |   32|   ap_none  |      kernel_arg_u_a_0_rfir     |    pointer   |
|kernel_arg_u_a_0_current_price  |  in |   32|   ap_none  | kernel_arg_u_a_0_current_price |    pointer   |
|kernel_arg_u_v_0_gamma          | out |   32|   ap_vld   |     kernel_arg_u_v_0_gamma     |    pointer   |
|kernel_arg_u_v_0_gamma_ap_vld   | out |    1|   ap_vld   |     kernel_arg_u_v_0_gamma     |    pointer   |
|kernel_arg_u_v_0_time           | out |   32|   ap_vld   |      kernel_arg_u_v_0_time     |    pointer   |
|kernel_arg_u_v_0_time_ap_vld    | out |    1|   ap_vld   |      kernel_arg_u_v_0_time     |    pointer   |
|kernel_arg_o_a_0_strike_price   |  in |   32|   ap_none  |  kernel_arg_o_a_0_strike_price |    pointer   |
|kernel_arg_o_a_0_time_period    |  in |   32|   ap_none  |  kernel_arg_o_a_0_time_period  |    pointer   |
|kernel_arg_o_a_0_call           |  in |   32|   ap_none  |      kernel_arg_o_a_0_call     |    pointer   |
|kernel_arg_o_v_0_delta_time     |  in |   32|   ap_none  |   kernel_arg_o_v_0_delta_time  |    pointer   |
|kernel_arg_o_v_0_value          | out |   32|   ap_vld   |     kernel_arg_o_v_0_value     |    pointer   |
|kernel_arg_o_v_0_value_ap_vld   | out |    1|   ap_vld   |     kernel_arg_o_v_0_value     |    pointer   |
|result_0_din                    | out |   32|   ap_fifo  |            result_0            |    pointer   |
|result_0_full_n                 |  in |    1|   ap_fifo  |            result_0            |    pointer   |
|result_0_write                  | out |    1|   ap_fifo  |            result_0            |    pointer   |
+--------------------------------+-----+-----+------------+--------------------------------+--------------+

============================================================
+ Verbose Summary: Synthesis Manager
============================================================
InlineROM: 1
ExposeGlobal: 0
============================================================
+ Verbose Summary: CDFG Model
============================================================
IsTopModel: 1
ResetActiveHigh: 1
IsCombinational: 2
IsDatapathOnly: 2
HasWiredReturn: 1
HasMFsm: 0
HasVarLatency: 1
IsPipeline: 0
IsRtlPipelined: 0
IsInstanceOverlapped: 0
IsDontTouch: 0
HasImplIP: 0
IsGatedGlobalClock: 0


============================================================
+ Verbose Summary: Schedule
============================================================
* Number of FSM states: 51
* Pipeline: 0
* Dataflow Pipeline: 0

* FSM state transitions: 
1 --> 
	2  / true
2 --> 
	3  / true
3 --> 
	4  / true
4 --> 
	5  / true
5 --> 
	6  / (!exitcond1)
6 --> 
	7  / true
7 --> 
	8  / true
8 --> 
	9  / true
9 --> 
	10  / true
10 --> 
	11  / true
11 --> 
	12  / true
12 --> 
	13  / true
13 --> 
	14  / true
14 --> 
	15  / (!exitcond)
	44  / (exitcond)
15 --> 
	16  / true
16 --> 
	17  / true
17 --> 
	18  / true
18 --> 
	19  / true
19 --> 
	20  / true
20 --> 
	21  / true
21 --> 
	22  / true
22 --> 
	23  / true
23 --> 
	24  / true
24 --> 
	25  / true
25 --> 
	26  / true
26 --> 
	27  / true
27 --> 
	28  / true
28 --> 
	29  / true
29 --> 
	30  / true
30 --> 
	31  / true
31 --> 
	32  / true
32 --> 
	33  / true
33 --> 
	34  / true
34 --> 
	35  / true
35 --> 
	36  / true
36 --> 
	37  / true
37 --> 
	38  / true
38 --> 
	39  / true
39 --> 
	40  / true
40 --> 
	41  / true
41 --> 
	42  / true
42 --> 
	43  / true
43 --> 
	6  / true
44 --> 
	45  / true
45 --> 
	46  / true
46 --> 
	47  / true
47 --> 
	48  / true
48 --> 
	49  / true
49 --> 
	50  / true
50 --> 
	51  / true
51 --> 
	5  / true
* FSM state operations: 

 <State 1>: 5.70ns
ST_1: kernel_arg_o_a_0_time_period_read [1/1] 0.00ns
:13  %kernel_arg_o_a_0_time_period_read = call float @_ssdm_op_Read.ap_auto.floatP(float* %kernel_arg_o_a_0_time_period)

ST_1: delta_time_0 [4/4] 5.70ns
:14  %delta_time_0 = fmul float %kernel_arg_o_a_0_time_period_read, 0x3F30000000000000


 <State 2>: 5.70ns
ST_2: delta_time_0 [3/4] 5.70ns
:14  %delta_time_0 = fmul float %kernel_arg_o_a_0_time_period_read, 0x3F30000000000000

ST_2: kernel_arg_u_a_0_current_price_read [1/1] 0.00ns
:15  %kernel_arg_u_a_0_current_price_read = call float @_ssdm_op_Read.ap_auto.floatP(float* %kernel_arg_u_a_0_current_price)

ST_2: tmp [3/3] 3.70ns
:16  %tmp = fpext float %kernel_arg_u_a_0_current_price_read to double


 <State 3>: 5.70ns
ST_3: delta_time_0 [2/4] 5.70ns
:14  %delta_time_0 = fmul float %kernel_arg_o_a_0_time_period_read, 0x3F30000000000000

ST_3: tmp [2/3] 3.70ns
:16  %tmp = fpext float %kernel_arg_u_a_0_current_price_read to double


 <State 4>: 5.70ns
ST_4: stg_59 [1/1] 0.00ns
:0  call void (...)* @_ssdm_op_SpecBitsMap(float* %kernel_arg_u_a_0_rfir), !map !94

ST_4: stg_60 [1/1] 0.00ns
:1  call void (...)* @_ssdm_op_SpecBitsMap(float* %kernel_arg_u_a_0_current_price), !map !98

ST_4: stg_61 [1/1] 0.00ns
:2  call void (...)* @_ssdm_op_SpecBitsMap(float* %kernel_arg_u_v_0_gamma), !map !102

ST_4: stg_62 [1/1] 0.00ns
:3  call void (...)* @_ssdm_op_SpecBitsMap(float* %kernel_arg_u_v_0_time), !map !106

ST_4: stg_63 [1/1] 0.00ns
:4  call void (...)* @_ssdm_op_SpecBitsMap(float* %kernel_arg_o_a_0_strike_price), !map !110

ST_4: stg_64 [1/1] 0.00ns
:5  call void (...)* @_ssdm_op_SpecBitsMap(float* %kernel_arg_o_a_0_time_period), !map !114

ST_4: stg_65 [1/1] 0.00ns
:6  call void (...)* @_ssdm_op_SpecBitsMap(float* %kernel_arg_o_a_0_call), !map !118

ST_4: stg_66 [1/1] 0.00ns
:7  call void (...)* @_ssdm_op_SpecBitsMap(float* %kernel_arg_o_v_0_delta_time), !map !122

ST_4: stg_67 [1/1] 0.00ns
:8  call void (...)* @_ssdm_op_SpecBitsMap(float* %kernel_arg_o_v_0_value), !map !126

ST_4: stg_68 [1/1] 0.00ns
:9  call void (...)* @_ssdm_op_SpecBitsMap(float* %result_0), !map !130

ST_4: stg_69 [1/1] 0.00ns
:10  call void (...)* @_ssdm_op_SpecTopModule([23 x i8]* @str) nounwind

ST_4: stg_70 [1/1] 0.00ns
:11  call void (...)* @_ssdm_op_SpecIFCore(float* %kernel_arg_u_a_0_rfir, float* %kernel_arg_u_a_0_current_price, float* %kernel_arg_u_v_0_gamma, float* %kernel_arg_u_v_0_time, float* %kernel_arg_o_a_0_strike_price, float* %kernel_arg_o_a_0_time_period, float* %kernel_arg_o_a_0_call, float* %kernel_arg_o_v_0_delta_time, float* %kernel_arg_o_v_0_value, [1 x i8]* @p_str109, [10 x i8]* @p_str110, [1 x i8]* @p_str109, [1 x i8]* @p_str109, [1 x i8]* @p_str109, [20 x i8]* @p_str111)

ST_4: stg_71 [1/1] 0.00ns
:12  call void (...)* @_ssdm_op_SpecFifo(float* %result_0, [8 x i8]* @p_str112, i32 0, i32 0, i32 0, [1 x i8]* @p_str109)

ST_4: delta_time_0 [1/4] 5.70ns
:14  %delta_time_0 = fmul float %kernel_arg_o_a_0_time_period_read, 0x3F30000000000000

ST_4: tmp [1/3] 3.70ns
:16  %tmp = fpext float %kernel_arg_u_a_0_current_price_read to double

ST_4: stg_74 [1/1] 1.35ns
:17  br label %1


 <State 5>: 1.97ns
ST_5: p [1/1] 0.00ns
:0  %p = phi i7 [ 0, %0 ], [ %p_1, %_ifconv ]

ST_5: exitcond1 [1/1] 1.97ns
:1  %exitcond1 = icmp eq i7 %p, -28

ST_5: empty [1/1] 0.00ns
:2  %empty = call i32 (...)* @_ssdm_op_SpecLoopTripCount(i64 100, i64 100, i64 100)

ST_5: p_1 [1/1] 1.72ns
:3  %p_1 = add i7 %p, 1

ST_5: stg_79 [1/1] 0.00ns
:4  br i1 %exitcond1, label %5, label %2

ST_5: stg_80 [1/1] 0.00ns
:0  call void (...)* @_ssdm_op_SpecLoopName([13 x i8]* @p_str113) nounwind

ST_5: tmp_5 [1/1] 0.00ns
:1  %tmp_5 = call i32 (...)* @_ssdm_op_SpecRegionBegin([13 x i8]* @p_str113)

ST_5: stg_82 [1/1] 0.00ns
:2  call void (...)* @_ssdm_op_SpecIFCore(float* %kernel_arg_u_v_0_time, [1 x i8]* @p_str109, [10 x i8]* @p_str110, [1 x i8]* @p_str109, [1 x i8]* @p_str109, [1 x i8]* @p_str109, [20 x i8]* @p_str111)

ST_5: stg_83 [1/1] 0.00ns
:3  call void (...)* @_ssdm_op_SpecIFCore(float* %kernel_arg_u_v_0_gamma, [1 x i8]* @p_str109, [10 x i8]* @p_str110, [1 x i8]* @p_str109, [1 x i8]* @p_str109, [1 x i8]* @p_str109, [20 x i8]* @p_str111)

ST_5: stg_84 [1/1] 0.00ns
:4  call void @_ssdm_op_Write.ap_auto.floatP(float* %kernel_arg_u_v_0_gamma, float 0.000000e+00)

ST_5: stg_85 [1/1] 0.00ns
:5  call void @_ssdm_op_Write.ap_auto.floatP(float* %kernel_arg_u_v_0_time, float 0.000000e+00)

ST_5: stg_86 [1/1] 0.00ns
:6  call void (...)* @_ssdm_op_SpecIFCore(float* %kernel_arg_o_v_0_value, [1 x i8]* @p_str109, [10 x i8]* @p_str110, [1 x i8]* @p_str109, [1 x i8]* @p_str109, [1 x i8]* @p_str109, [20 x i8]* @p_str111)

ST_5: stg_87 [1/1] 0.00ns
:7  call void @_ssdm_op_Write.ap_auto.floatP(float* %kernel_arg_o_v_0_value, float 0.000000e+00)

ST_5: stg_88 [1/1] 1.57ns
:8  br label %3

ST_5: stg_89 [1/1] 0.00ns
:0  ret void


 <State 6>: 7.79ns
ST_6: tmp_2_pn [1/1] 0.00ns
:3  %tmp_2_pn = phi double [ 1.000000e+00, %2 ], [ %tmp_8, %4 ]

ST_6: spot_price_0_0_in [6/6] 7.79ns
:4  %spot_price_0_0_in = fmul double %tmp, %tmp_2_pn


 <State 7>: 7.79ns
ST_7: spot_price_0_0_in [5/6] 7.79ns
:4  %spot_price_0_0_in = fmul double %tmp, %tmp_2_pn


 <State 8>: 7.79ns
ST_8: spot_price_0_0_in [4/6] 7.79ns
:4  %spot_price_0_0_in = fmul double %tmp, %tmp_2_pn


 <State 9>: 7.79ns
ST_9: spot_price_0_0_in [3/6] 7.79ns
:4  %spot_price_0_0_in = fmul double %tmp, %tmp_2_pn


 <State 10>: 7.79ns
ST_10: spot_price_0_0_in [2/6] 7.79ns
:4  %spot_price_0_0_in = fmul double %tmp, %tmp_2_pn


 <State 11>: 7.79ns
ST_11: spot_price_0_0_in [1/6] 7.79ns
:4  %spot_price_0_0_in = fmul double %tmp, %tmp_2_pn


 <State 12>: 4.33ns
ST_12: spot_price_0 [3/3] 4.33ns
:5  %spot_price_0 = fptrunc double %spot_price_0_0_in to float


 <State 13>: 4.33ns
ST_13: spot_price_0 [2/3] 4.33ns
:5  %spot_price_0 = fptrunc double %spot_price_0_0_in to float


 <State 14>: 7.26ns
ST_14: kernel_arg_u_v_0_time_load [1/1] 0.00ns
:0  %kernel_arg_u_v_0_time_load = phi float [ 0.000000e+00, %2 ], [ %tmp_2_i, %4 ]

ST_14: kernel_arg_u_v_0_gamma_load_2 [1/1] 0.00ns
:1  %kernel_arg_u_v_0_gamma_load_2 = phi float [ 0.000000e+00, %2 ], [ %tmp_i_4, %4 ]

ST_14: pp [1/1] 0.00ns
:2  %pp = phi i13 [ 0, %2 ], [ %pp_1, %4 ]

ST_14: spot_price_0 [1/3] 4.33ns
:5  %spot_price_0 = fptrunc double %spot_price_0_0_in to float

ST_14: exitcond [1/1] 2.18ns
:6  %exitcond = icmp eq i13 %pp, -4096

ST_14: empty_3 [1/1] 0.00ns
:7  %empty_3 = call i32 (...)* @_ssdm_op_SpecLoopTripCount(i64 4096, i64 4096, i64 4096)

ST_14: pp_1 [1/1] 1.96ns
:8  %pp_1 = add i13 %pp, 1

ST_14: stg_106 [1/1] 0.00ns
:9  br i1 %exitcond, label %_ifconv, label %4

ST_14: kernel_arg_u_a_0_rfir_read [1/1] 0.00ns
:5  %kernel_arg_u_a_0_rfir_read = call float @_ssdm_op_Read.ap_auto.floatP(float* %kernel_arg_u_a_0_rfir)

ST_14: tmp_i [4/4] 5.70ns
:6  %tmp_i = fmul float %kernel_arg_u_a_0_rfir_read, %delta_time_0

ST_14: tmp_2_i [5/5] 7.26ns
:9  %tmp_2_i = fadd float %kernel_arg_u_v_0_time_load, %delta_time_0

ST_14: kernel_arg_o_a_0_call_read [1/1] 0.00ns
_ifconv:3  %kernel_arg_o_a_0_call_read = call float @_ssdm_op_Read.ap_auto.floatP(float* %kernel_arg_o_a_0_call)

ST_14: tmp_1 [3/3] 4.53ns
_ifconv:4  %tmp_1 = fcmp oeq float %kernel_arg_o_a_0_call_read, 0.000000e+00


 <State 15>: 7.26ns
ST_15: tmp_i [3/4] 5.70ns
:6  %tmp_i = fmul float %kernel_arg_u_a_0_rfir_read, %delta_time_0

ST_15: tmp_2_i [4/5] 7.26ns
:9  %tmp_2_i = fadd float %kernel_arg_u_v_0_time_load, %delta_time_0


 <State 16>: 7.26ns
ST_16: tmp_i [2/4] 5.70ns
:6  %tmp_i = fmul float %kernel_arg_u_a_0_rfir_read, %delta_time_0

ST_16: tmp_2_i [3/5] 7.26ns
:9  %tmp_2_i = fadd float %kernel_arg_u_v_0_time_load, %delta_time_0


 <State 17>: 7.26ns
ST_17: tmp_i [1/4] 5.70ns
:6  %tmp_i = fmul float %kernel_arg_u_a_0_rfir_read, %delta_time_0

ST_17: tmp_2_i [2/5] 7.26ns
:9  %tmp_2_i = fadd float %kernel_arg_u_v_0_time_load, %delta_time_0


 <State 18>: 7.26ns
ST_18: tmp_i_4 [5/5] 7.26ns
:7  %tmp_i_4 = fadd float %kernel_arg_u_v_0_gamma_load_2, %tmp_i

ST_18: tmp_2_i [1/5] 7.26ns
:9  %tmp_2_i = fadd float %kernel_arg_u_v_0_time_load, %delta_time_0

ST_18: stg_120 [1/1] 0.00ns
:10  call void @_ssdm_op_Write.ap_auto.floatP(float* %kernel_arg_u_v_0_time, float %tmp_2_i)


 <State 19>: 7.26ns
ST_19: tmp_i_4 [4/5] 7.26ns
:7  %tmp_i_4 = fadd float %kernel_arg_u_v_0_gamma_load_2, %tmp_i


 <State 20>: 7.26ns
ST_20: tmp_i_4 [3/5] 7.26ns
:7  %tmp_i_4 = fadd float %kernel_arg_u_v_0_gamma_load_2, %tmp_i


 <State 21>: 7.26ns
ST_21: tmp_i_4 [2/5] 7.26ns
:7  %tmp_i_4 = fadd float %kernel_arg_u_v_0_gamma_load_2, %tmp_i


 <State 22>: 7.26ns
ST_22: tmp_i_4 [1/5] 7.26ns
:7  %tmp_i_4 = fadd float %kernel_arg_u_v_0_gamma_load_2, %tmp_i


 <State 23>: 3.70ns
ST_23: stg_125 [1/1] 0.00ns
:8  call void @_ssdm_op_Write.ap_auto.floatP(float* %kernel_arg_u_v_0_gamma, float %tmp_i_4)

ST_23: tmp_7 [3/3] 3.70ns
:11  %tmp_7 = fpext float %tmp_i_4 to double


 <State 24>: 3.70ns
ST_24: tmp_7 [2/3] 3.70ns
:11  %tmp_7 = fpext float %tmp_i_4 to double


 <State 25>: 3.70ns
ST_25: tmp_7 [1/3] 3.70ns
:11  %tmp_7 = fpext float %tmp_i_4 to double


 <State 26>: 7.32ns
ST_26: tmp_8 [18/18] 7.32ns
:12  %tmp_8 = call double @llvm.exp.f64(double %tmp_7)


 <State 27>: 7.32ns
ST_27: tmp_8 [17/18] 7.32ns
:12  %tmp_8 = call double @llvm.exp.f64(double %tmp_7)


 <State 28>: 7.32ns
ST_28: tmp_8 [16/18] 7.32ns
:12  %tmp_8 = call double @llvm.exp.f64(double %tmp_7)


 <State 29>: 7.32ns
ST_29: tmp_8 [15/18] 7.32ns
:12  %tmp_8 = call double @llvm.exp.f64(double %tmp_7)


 <State 30>: 7.32ns
ST_30: tmp_8 [14/18] 7.32ns
:12  %tmp_8 = call double @llvm.exp.f64(double %tmp_7)


 <State 31>: 7.32ns
ST_31: tmp_8 [13/18] 7.32ns
:12  %tmp_8 = call double @llvm.exp.f64(double %tmp_7)


 <State 32>: 7.32ns
ST_32: tmp_8 [12/18] 7.32ns
:12  %tmp_8 = call double @llvm.exp.f64(double %tmp_7)


 <State 33>: 7.32ns
ST_33: tmp_8 [11/18] 7.32ns
:12  %tmp_8 = call double @llvm.exp.f64(double %tmp_7)


 <State 34>: 7.32ns
ST_34: tmp_8 [10/18] 7.32ns
:12  %tmp_8 = call double @llvm.exp.f64(double %tmp_7)


 <State 35>: 7.32ns
ST_35: tmp_8 [9/18] 7.32ns
:12  %tmp_8 = call double @llvm.exp.f64(double %tmp_7)


 <State 36>: 7.32ns
ST_36: tmp_8 [8/18] 7.32ns
:12  %tmp_8 = call double @llvm.exp.f64(double %tmp_7)


 <State 37>: 7.32ns
ST_37: tmp_8 [7/18] 7.32ns
:12  %tmp_8 = call double @llvm.exp.f64(double %tmp_7)


 <State 38>: 7.32ns
ST_38: tmp_8 [6/18] 7.32ns
:12  %tmp_8 = call double @llvm.exp.f64(double %tmp_7)


 <State 39>: 7.32ns
ST_39: tmp_8 [5/18] 7.32ns
:12  %tmp_8 = call double @llvm.exp.f64(double %tmp_7)


 <State 40>: 7.32ns
ST_40: tmp_8 [4/18] 7.32ns
:12  %tmp_8 = call double @llvm.exp.f64(double %tmp_7)


 <State 41>: 7.32ns
ST_41: tmp_8 [3/18] 7.32ns
:12  %tmp_8 = call double @llvm.exp.f64(double %tmp_7)


 <State 42>: 7.32ns
ST_42: tmp_8 [2/18] 7.32ns
:12  %tmp_8 = call double @llvm.exp.f64(double %tmp_7)


 <State 43>: 7.32ns
ST_43: stg_146 [1/1] 0.00ns
:0  call void (...)* @_ssdm_op_SpecLoopName([10 x i8]* @p_str114) nounwind

ST_43: tmp_6 [1/1] 0.00ns
:1  %tmp_6 = call i32 (...)* @_ssdm_op_SpecRegionBegin([10 x i8]* @p_str114)

ST_43: stg_148 [1/1] 0.00ns
:2  call void (...)* @_ssdm_op_SpecIFCore(float* %kernel_arg_u_v_0_time, [1 x i8]* @p_str109, [10 x i8]* @p_str110, [1 x i8]* @p_str109, [1 x i8]* @p_str109, [1 x i8]* @p_str109, [20 x i8]* @p_str111)

ST_43: stg_149 [1/1] 0.00ns
:3  call void (...)* @_ssdm_op_SpecIFCore(float* %kernel_arg_u_v_0_gamma, [1 x i8]* @p_str109, [10 x i8]* @p_str110, [1 x i8]* @p_str109, [1 x i8]* @p_str109, [1 x i8]* @p_str109, [20 x i8]* @p_str111)

ST_43: stg_150 [1/1] 0.00ns
:4  call void (...)* @_ssdm_op_SpecIFCore(float* %kernel_arg_u_a_0_rfir, [1 x i8]* @p_str109, [10 x i8]* @p_str110, [1 x i8]* @p_str109, [1 x i8]* @p_str109, [1 x i8]* @p_str109, [20 x i8]* @p_str111)

ST_43: tmp_8 [1/18] 7.32ns
:12  %tmp_8 = call double @llvm.exp.f64(double %tmp_7)

ST_43: empty_5 [1/1] 0.00ns
:13  %empty_5 = call i32 (...)* @_ssdm_op_SpecRegionEnd([10 x i8]* @p_str114, i32 %tmp_6)

ST_43: stg_153 [1/1] 0.00ns
:14  br label %3


 <State 44>: 4.53ns
ST_44: tmp_1 [2/3] 4.53ns
_ifconv:4  %tmp_1 = fcmp oeq float %kernel_arg_o_a_0_call_read, 0.000000e+00


 <State 45>: 5.90ns
ST_45: tmp_1 [1/3] 4.53ns
_ifconv:4  %tmp_1 = fcmp oeq float %kernel_arg_o_a_0_call_read, 0.000000e+00

ST_45: tmp_2 [1/1] 1.37ns
_ifconv:5  %tmp_2 = xor i1 %tmp_1, true


 <State 46>: 7.26ns
ST_46: kernel_arg_o_a_0_strike_price_read [1/1] 0.00ns
_ifconv:6  %kernel_arg_o_a_0_strike_price_read = call float @_ssdm_op_Read.ap_auto.floatP(float* %kernel_arg_o_a_0_strike_price)

ST_46: tmp_i3 [5/5] 7.26ns
_ifconv:7  %tmp_i3 = fsub float %spot_price_0, %kernel_arg_o_a_0_strike_price_read

ST_46: tmp_1_i [5/5] 7.26ns
_ifconv:8  %tmp_1_i = fsub float %kernel_arg_o_a_0_strike_price_read, %spot_price_0


 <State 47>: 7.26ns
ST_47: tmp_i3 [4/5] 7.26ns
_ifconv:7  %tmp_i3 = fsub float %spot_price_0, %kernel_arg_o_a_0_strike_price_read

ST_47: tmp_1_i [4/5] 7.26ns
_ifconv:8  %tmp_1_i = fsub float %kernel_arg_o_a_0_strike_price_read, %spot_price_0


 <State 48>: 7.26ns
ST_48: tmp_i3 [3/5] 7.26ns
_ifconv:7  %tmp_i3 = fsub float %spot_price_0, %kernel_arg_o_a_0_strike_price_read

ST_48: tmp_1_i [3/5] 7.26ns
_ifconv:8  %tmp_1_i = fsub float %kernel_arg_o_a_0_strike_price_read, %spot_price_0


 <State 49>: 7.26ns
ST_49: tmp_i3 [2/5] 7.26ns
_ifconv:7  %tmp_i3 = fsub float %spot_price_0, %kernel_arg_o_a_0_strike_price_read

ST_49: tmp_1_i [2/5] 7.26ns
_ifconv:8  %tmp_1_i = fsub float %kernel_arg_o_a_0_strike_price_read, %spot_price_0


 <State 50>: 8.63ns
ST_50: tmp_i3 [1/5] 7.26ns
_ifconv:7  %tmp_i3 = fsub float %spot_price_0, %kernel_arg_o_a_0_strike_price_read

ST_50: tmp_1_i [1/5] 7.26ns
_ifconv:8  %tmp_1_i = fsub float %kernel_arg_o_a_0_strike_price_read, %spot_price_0

ST_50: storemerge_i [1/1] 1.37ns
_ifconv:9  %storemerge_i = select i1 %tmp_2, float %tmp_i3, float %tmp_1_i


 <State 51>: 1.86ns
ST_51: stg_169 [1/1] 0.00ns
_ifconv:0  call void (...)* @_ssdm_op_SpecIFCore(float* %kernel_arg_o_v_0_value, [1 x i8]* @p_str109, [10 x i8]* @p_str110, [1 x i8]* @p_str109, [1 x i8]* @p_str109, [1 x i8]* @p_str109, [20 x i8]* @p_str111)

ST_51: stg_170 [1/1] 0.00ns
_ifconv:1  call void (...)* @_ssdm_op_SpecIFCore(float* %kernel_arg_o_a_0_call, [1 x i8]* @p_str109, [10 x i8]* @p_str110, [1 x i8]* @p_str109, [1 x i8]* @p_str109, [1 x i8]* @p_str109, [20 x i8]* @p_str111)

ST_51: stg_171 [1/1] 0.00ns
_ifconv:2  call void (...)* @_ssdm_op_SpecIFCore(float* %kernel_arg_o_a_0_strike_price, [1 x i8]* @p_str109, [10 x i8]* @p_str110, [1 x i8]* @p_str109, [1 x i8]* @p_str109, [1 x i8]* @p_str109, [20 x i8]* @p_str111)

ST_51: stg_172 [1/1] 0.00ns
_ifconv:10  call void @_ssdm_op_Write.ap_auto.floatP(float* %kernel_arg_o_v_0_value, float %storemerge_i)

ST_51: stg_173 [1/1] 1.86ns
_ifconv:11  call void @_ssdm_op_Write.ap_fifo.volatile.floatP(float* %result_0, float %storemerge_i)

ST_51: empty_6 [1/1] 0.00ns
_ifconv:12  %empty_6 = call i32 (...)* @_ssdm_op_SpecRegionEnd([13 x i8]* @p_str113, i32 %tmp_5)

ST_51: stg_175 [1/1] 0.00ns
_ifconv:13  br label %1



============================================================
+ Verbose Summary: Binding
============================================================
STG Binding: 
---------------- STG Properties BEGIN ----------------
- Is combinational: 0
- Is one-state seq: 0
- Is datapath-only: 0
- Is clock enabled: 0
- Is pipelined: 0
- Is top level: 1
Port [ Return ] is wired: 1; IO mode=ap_ctrl_hs:ce=0
Port [ kernel_arg_u_a_0_rfir]:  wired=1; compound=0; hidden=0; nouse=0; global=0; static=0; extern=0; dir=0; type=0; mode=0x6d39550; pingpong=0; private_global=0; IO mode=ap_none:ce=0
Port [ kernel_arg_u_a_0_current_price]:  wired=1; compound=0; hidden=0; nouse=0; global=0; static=0; extern=0; dir=0; type=0; mode=0x6d38ca0; pingpong=0; private_global=0; IO mode=ap_none:ce=0
Port [ kernel_arg_u_v_0_gamma]:  wired=1; compound=0; hidden=0; nouse=0; global=0; static=0; extern=0; dir=1; type=0; mode=0x6d386d0; pingpong=0; private_global=0; IO mode=ap_vld:ce=0
Port [ kernel_arg_u_v_0_time]:  wired=1; compound=0; hidden=0; nouse=0; global=0; static=0; extern=0; dir=1; type=0; mode=0x6d38120; pingpong=0; private_global=0; IO mode=ap_vld:ce=0
Port [ kernel_arg_o_a_0_strike_price]:  wired=1; compound=0; hidden=0; nouse=0; global=0; static=0; extern=0; dir=0; type=0; mode=0x6d375b0; pingpong=0; private_global=0; IO mode=ap_none:ce=0
Port [ kernel_arg_o_a_0_time_period]:  wired=1; compound=0; hidden=0; nouse=0; global=0; static=0; extern=0; dir=0; type=0; mode=0x6d37000; pingpong=0; private_global=0; IO mode=ap_none:ce=0
Port [ kernel_arg_o_a_0_call]:  wired=1; compound=0; hidden=0; nouse=0; global=0; static=0; extern=0; dir=0; type=0; mode=0x6d35bf0; pingpong=0; private_global=0; IO mode=ap_none:ce=0
Port [ kernel_arg_o_v_0_delta_time]:  wired=1; compound=0; hidden=0; nouse=1; global=0; static=0; extern=0; dir=0; type=0; mode=0x6d35080; pingpong=0; private_global=0; IO mode=ap_none:ce=0
Port [ kernel_arg_o_v_0_value]:  wired=1; compound=0; hidden=0; nouse=0; global=0; static=0; extern=0; dir=1; type=0; mode=0x6d34ad0; pingpong=0; private_global=0; IO mode=ap_vld:ce=0
Port [ result_0]:  wired=1; compound=1; hidden=0; nouse=0; global=0; static=0; extern=0; dir=1; type=3; mode=0x6d33f60; pingpong=0; private_global=0; IO mode=ap_fifo:ce=0
---------------- STG Properties END ------------------

---------------- Datapath Model BEGIN ----------------

<LifeTime>
<method=bitvector/>
kernel_arg_o_a_0_time_period_read   (read             ) [ 0011100000000000000000000000000000000000000000000000]
kernel_arg_u_a_0_current_price_read (read             ) [ 0001100000000000000000000000000000000000000000000000]
stg_59                              (specbitsmap      ) [ 0000000000000000000000000000000000000000000000000000]
stg_60                              (specbitsmap      ) [ 0000000000000000000000000000000000000000000000000000]
stg_61                              (specbitsmap      ) [ 0000000000000000000000000000000000000000000000000000]
stg_62                              (specbitsmap      ) [ 0000000000000000000000000000000000000000000000000000]
stg_63                              (specbitsmap      ) [ 0000000000000000000000000000000000000000000000000000]
stg_64                              (specbitsmap      ) [ 0000000000000000000000000000000000000000000000000000]
stg_65                              (specbitsmap      ) [ 0000000000000000000000000000000000000000000000000000]
stg_66                              (specbitsmap      ) [ 0000000000000000000000000000000000000000000000000000]
stg_67                              (specbitsmap      ) [ 0000000000000000000000000000000000000000000000000000]
stg_68                              (specbitsmap      ) [ 0000000000000000000000000000000000000000000000000000]
stg_69                              (spectopmodule    ) [ 0000000000000000000000000000000000000000000000000000]
stg_70                              (specifcore       ) [ 0000000000000000000000000000000000000000000000000000]
stg_71                              (specfifo         ) [ 0000000000000000000000000000000000000000000000000000]
delta_time_0                        (fmul             ) [ 0000011111111111111111111111111111111111111111111111]
tmp                                 (fpext            ) [ 0000011111111111111111111111111111111111111111111111]
stg_74                              (br               ) [ 0000111111111111111111111111111111111111111111111111]
p                                   (phi              ) [ 0000010000000000000000000000000000000000000000000000]
exitcond1                           (icmp             ) [ 0000011111111111111111111111111111111111111111111111]
empty                               (speclooptripcount) [ 0000000000000000000000000000000000000000000000000000]
p_1                                 (add              ) [ 0000111111111111111111111111111111111111111111111111]
stg_79                              (br               ) [ 0000000000000000000000000000000000000000000000000000]
stg_80                              (specloopname     ) [ 0000000000000000000000000000000000000000000000000000]
tmp_5                               (specregionbegin  ) [ 0000001111111111111111111111111111111111111111111111]
stg_82                              (specifcore       ) [ 0000000000000000000000000000000000000000000000000000]
stg_83                              (specifcore       ) [ 0000000000000000000000000000000000000000000000000000]
stg_84                              (write            ) [ 0000000000000000000000000000000000000000000000000000]
stg_85                              (write            ) [ 0000000000000000000000000000000000000000000000000000]
stg_86                              (specifcore       ) [ 0000000000000000000000000000000000000000000000000000]
stg_87                              (write            ) [ 0000000000000000000000000000000000000000000000000000]
stg_88                              (br               ) [ 0000011111111111111111111111111111111111111111111111]
stg_89                              (ret              ) [ 0000000000000000000000000000000000000000000000000000]
tmp_2_pn                            (phi              ) [ 0000001111110000000000000000000000000000000000000000]
spot_price_0_0_in                   (dmul             ) [ 0000000000001110000000000000000000000000000000000000]
kernel_arg_u_v_0_time_load          (phi              ) [ 0000001111111111111000000000000000000000000000000000]
kernel_arg_u_v_0_gamma_load_2       (phi              ) [ 0000001111111111111111100000000000000000000000000000]
pp                                  (phi              ) [ 0000000000000010000000000000000000000000000000000000]
spot_price_0                        (fptrunc          ) [ 0000000000000000000000000000000000000000000011111110]
exitcond                            (icmp             ) [ 0000011111111111111111111111111111111111111111111111]
empty_3                             (speclooptripcount) [ 0000000000000000000000000000000000000000000000000000]
pp_1                                (add              ) [ 0000011111111111111111111111111111111111111111111111]
stg_106                             (br               ) [ 0000000000000000000000000000000000000000000000000000]
kernel_arg_u_a_0_rfir_read          (read             ) [ 0000000000000001110000000000000000000000000000000000]
kernel_arg_o_a_0_call_read          (read             ) [ 0000000000000000000000000000000000000000000011000000]
tmp_i                               (fmul             ) [ 0000000000000000001111100000000000000000000000000000]
tmp_2_i                             (fadd             ) [ 0000011111111110000111111111111111111111111111111111]
stg_120                             (write            ) [ 0000000000000000000000000000000000000000000000000000]
tmp_i_4                             (fadd             ) [ 0000011111111110000000011111111111111111111111111111]
stg_125                             (write            ) [ 0000000000000000000000000000000000000000000000000000]
tmp_7                               (fpext            ) [ 0000000000000000000000000011111111111111111100000000]
stg_146                             (specloopname     ) [ 0000000000000000000000000000000000000000000000000000]
tmp_6                               (specregionbegin  ) [ 0000000000000000000000000000000000000000000000000000]
stg_148                             (specifcore       ) [ 0000000000000000000000000000000000000000000000000000]
stg_149                             (specifcore       ) [ 0000000000000000000000000000000000000000000000000000]
stg_150                             (specifcore       ) [ 0000000000000000000000000000000000000000000000000000]
tmp_8                               (dexp             ) [ 0000011111111111111111111111111111111111111111111111]
empty_5                             (specregionend    ) [ 0000000000000000000000000000000000000000000000000000]
stg_153                             (br               ) [ 0000011111111111111111111111111111111111111111111111]
tmp_1                               (fcmp             ) [ 0000000000000000000000000000000000000000000000000000]
tmp_2                               (xor              ) [ 0000000000000000000000000000000000000000000000111110]
kernel_arg_o_a_0_strike_price_read  (read             ) [ 0000000000000000000000000000000000000000000000011110]
tmp_i3                              (fsub             ) [ 0000000000000000000000000000000000000000000000000000]
tmp_1_i                             (fsub             ) [ 0000000000000000000000000000000000000000000000000000]
storemerge_i                        (select           ) [ 0000000000000000000000000000000000000000000000000001]
stg_169                             (specifcore       ) [ 0000000000000000000000000000000000000000000000000000]
stg_170                             (specifcore       ) [ 0000000000000000000000000000000000000000000000000000]
stg_171                             (specifcore       ) [ 0000000000000000000000000000000000000000000000000000]
stg_172                             (write            ) [ 0000000000000000000000000000000000000000000000000000]
stg_173                             (write            ) [ 0000000000000000000000000000000000000000000000000000]
empty_6                             (specregionend    ) [ 0000000000000000000000000000000000000000000000000000]
stg_175                             (br               ) [ 0000111111111111111111111111111111111111111111111111]
</LifeTime>

<model>

<comp_list>
<comp id="0" class="1000" name="kernel_arg_u_a_0_rfir">
<pin_list>
<pin id="1" dir="1" index="0" bw="1" slack="0"/>
</pin_list>
<bind>
<StgValue><ssdm name="kernel_arg_u_a_0_rfir"/></StgValue>
</bind>
</comp>

<comp id="2" class="1000" name="kernel_arg_u_a_0_current_price">
<pin_list>
<pin id="3" dir="1" index="0" bw="1" slack="0"/>
</pin_list>
<bind>
<StgValue><ssdm name="kernel_arg_u_a_0_current_price"/></StgValue>
</bind>
</comp>

<comp id="4" class="1000" name="kernel_arg_u_v_0_gamma">
<pin_list>
<pin id="5" dir="1" index="0" bw="1" slack="0"/>
</pin_list>
<bind>
<StgValue><ssdm name="kernel_arg_u_v_0_gamma"/></StgValue>
</bind>
</comp>

<comp id="6" class="1000" name="kernel_arg_u_v_0_time">
<pin_list>
<pin id="7" dir="1" index="0" bw="1" slack="0"/>
</pin_list>
<bind>
<StgValue><ssdm name="kernel_arg_u_v_0_time"/></StgValue>
</bind>
</comp>

<comp id="8" class="1000" name="kernel_arg_o_a_0_strike_price">
<pin_list>
<pin id="9" dir="1" index="0" bw="1" slack="0"/>
</pin_list>
<bind>
<StgValue><ssdm name="kernel_arg_o_a_0_strike_price"/></StgValue>
</bind>
</comp>

<comp id="10" class="1000" name="kernel_arg_o_a_0_time_period">
<pin_list>
<pin id="11" dir="1" index="0" bw="1" slack="0"/>
</pin_list>
<bind>
<StgValue><ssdm name="kernel_arg_o_a_0_time_period"/></StgValue>
</bind>
</comp>

<comp id="12" class="1000" name="kernel_arg_o_a_0_call">
<pin_list>
<pin id="13" dir="1" index="0" bw="1" slack="0"/>
</pin_list>
<bind>
<StgValue><ssdm name="kernel_arg_o_a_0_call"/></StgValue>
</bind>
</comp>

<comp id="14" class="1000" name="kernel_arg_o_v_0_delta_time">
<pin_list>
<pin id="15" dir="1" index="0" bw="1" slack="2147483647"/>
</pin_list>
<bind>
<StgValue><ssdm name="kernel_arg_o_v_0_delta_time"/></StgValue>
</bind>
</comp>

<comp id="16" class="1000" name="kernel_arg_o_v_0_value">
<pin_list>
<pin id="17" dir="1" index="0" bw="1" slack="0"/>
</pin_list>
<bind>
<StgValue><ssdm name="kernel_arg_o_v_0_value"/></StgValue>
</bind>
</comp>

<comp id="18" class="1000" name="result_0">
<pin_list>
<pin id="19" dir="1" index="0" bw="1" slack="0"/>
</pin_list>
<bind>
<StgValue><ssdm name="result_0"/></StgValue>
</bind>
</comp>

<comp id="20" class="1001" name="const_20">
<pin_list>
<pin id="21" dir="1" index="0" bw="1" slack="0"/>
</pin_list>
<bind>
<StgValue><ssdm name="_ssdm_op_Read.ap_auto.floatP"/></StgValue>
</bind>
</comp>

<comp id="22" class="1001" name="const_22">
<pin_list>
<pin id="23" dir="1" index="0" bw="1" slack="0"/>
</pin_list>
<bind>
<StgValue><ssdm name=""/></StgValue>
</bind>
</comp>

<comp id="24" class="1001" name="const_24">
<pin_list>
<pin id="25" dir="1" index="0" bw="1" slack="2147483647"/>
</pin_list>
<bind>
<StgValue><ssdm name="_ssdm_op_SpecBitsMap"/></StgValue>
</bind>
</comp>

<comp id="26" class="1001" name="const_26">
<pin_list>
<pin id="27" dir="1" index="0" bw="1" slack="2147483647"/>
</pin_list>
<bind>
<StgValue><ssdm name="_ssdm_op_SpecTopModule"/></StgValue>
</bind>
</comp>

<comp id="28" class="1001" name="const_28">
<pin_list>
<pin id="29" dir="1" index="0" bw="1" slack="2147483647"/>
</pin_list>
<bind>
<StgValue><ssdm name="str"/></StgValue>
</bind>
</comp>

<comp id="30" class="1001" name="const_30">
<pin_list>
<pin id="31" dir="1" index="0" bw="1" slack="2147483647"/>
</pin_list>
<bind>
<StgValue><ssdm name="_ssdm_op_SpecIFCore"/></StgValue>
</bind>
</comp>

<comp id="32" class="1001" name="const_32">
<pin_list>
<pin id="33" dir="1" index="0" bw="1" slack="2147483647"/>
</pin_list>
<bind>
<StgValue><ssdm name="p_str109"/></StgValue>
</bind>
</comp>

<comp id="34" class="1001" name="const_34">
<pin_list>
<pin id="35" dir="1" index="0" bw="1" slack="2147483647"/>
</pin_list>
<bind>
<StgValue><ssdm name="p_str110"/></StgValue>
</bind>
</comp>

<comp id="36" class="1001" name="const_36">
<pin_list>
<pin id="37" dir="1" index="0" bw="1" slack="2147483647"/>
</pin_list>
<bind>
<StgValue><ssdm name="p_str111"/></StgValue>
</bind>
</comp>

<comp id="38" class="1001" name="const_38">
<pin_list>
<pin id="39" dir="1" index="0" bw="1" slack="2147483647"/>
</pin_list>
<bind>
<StgValue><ssdm name="_ssdm_op_SpecFifo"/></StgValue>
</bind>
</comp>

<comp id="40" class="1001" name="const_40">
<pin_list>
<pin id="41" dir="1" index="0" bw="1" slack="2147483647"/>
</pin_list>
<bind>
<StgValue><ssdm name="p_str112"/></StgValue>
</bind>
</comp>

<comp id="42" class="1001" name="const_42">
<pin_list>
<pin id="43" dir="1" index="0" bw="1" slack="2147483647"/>
</pin_list>
<bind>
<StgValue><ssdm name=""/></StgValue>
</bind>
</comp>

<comp id="44" class="1001" name="const_44">
<pin_list>
<pin id="45" dir="1" index="0" bw="1" slack="1"/>
</pin_list>
<bind>
<StgValue><ssdm name=""/></StgValue>
</bind>
</comp>

<comp id="46" class="1001" name="const_46">
<pin_list>
<pin id="47" dir="1" index="0" bw="1" slack="0"/>
</pin_list>
<bind>
<StgValue><ssdm name=""/></StgValue>
</bind>
</comp>

<comp id="48" class="1001" name="const_48">
<pin_list>
<pin id="49" dir="1" index="0" bw="1" slack="2147483647"/>
</pin_list>
<bind>
<StgValue><ssdm name="_ssdm_op_SpecLoopTripCount"/></StgValue>
</bind>
</comp>

<comp id="50" class="1001" name="const_50">
<pin_list>
<pin id="51" dir="1" index="0" bw="1" slack="2147483647"/>
</pin_list>
<bind>
<StgValue><ssdm name=""/></StgValue>
</bind>
</comp>

<comp id="52" class="1001" name="const_52">
<pin_list>
<pin id="53" dir="1" index="0" bw="1" slack="0"/>
</pin_list>
<bind>
<StgValue><ssdm name=""/></StgValue>
</bind>
</comp>

<comp id="54" class="1001" name="const_54">
<pin_list>
<pin id="55" dir="1" index="0" bw="1" slack="2147483647"/>
</pin_list>
<bind>
<StgValue><ssdm name="_ssdm_op_SpecLoopName"/></StgValue>
</bind>
</comp>

<comp id="56" class="1001" name="const_56">
<pin_list>
<pin id="57" dir="1" index="0" bw="1" slack="2147483647"/>
</pin_list>
<bind>
<StgValue><ssdm name="p_str113"/></StgValue>
</bind>
</comp>

<comp id="58" class="1001" name="const_58">
<pin_list>
<pin id="59" dir="1" index="0" bw="1" slack="2147483647"/>
</pin_list>
<bind>
<StgValue><ssdm name="_ssdm_op_SpecRegionBegin"/></StgValue>
</bind>
</comp>

<comp id="60" class="1001" name="const_60">
<pin_list>
<pin id="61" dir="1" index="0" bw="1" slack="0"/>
</pin_list>
<bind>
<StgValue><ssdm name="_ssdm_op_Write.ap_auto.floatP"/></StgValue>
</bind>
</comp>

<comp id="62" class="1001" name="const_62">
<pin_list>
<pin id="63" dir="1" index="0" bw="1" slack="0"/>
</pin_list>
<bind>
<StgValue><ssdm name=""/></StgValue>
</bind>
</comp>

<comp id="64" class="1001" name="const_64">
<pin_list>
<pin id="65" dir="1" index="0" bw="1" slack="1"/>
</pin_list>
<bind>
<StgValue><ssdm name=""/></StgValue>
</bind>
</comp>

<comp id="66" class="1001" name="const_66">
<pin_list>
<pin id="67" dir="1" index="0" bw="1" slack="9"/>
</pin_list>
<bind>
<StgValue><ssdm name=""/></StgValue>
</bind>
</comp>

<comp id="68" class="1001" name="const_68">
<pin_list>
<pin id="69" dir="1" index="0" bw="1" slack="0"/>
</pin_list>
<bind>
<StgValue><ssdm name=""/></StgValue>
</bind>
</comp>

<comp id="70" class="1001" name="const_70">
<pin_list>
<pin id="71" dir="1" index="0" bw="1" slack="2147483647"/>
</pin_list>
<bind>
<StgValue><ssdm name=""/></StgValue>
</bind>
</comp>

<comp id="72" class="1001" name="const_72">
<pin_list>
<pin id="73" dir="1" index="0" bw="1" slack="0"/>
</pin_list>
<bind>
<StgValue><ssdm name=""/></StgValue>
</bind>
</comp>

<comp id="74" class="1001" name="const_74">
<pin_list>
<pin id="75" dir="1" index="0" bw="1" slack="0"/>
</pin_list>
<bind>
<StgValue><ssdm name="llvm.exp.f64"/></StgValue>
</bind>
</comp>

<comp id="76" class="1001" name="const_76">
<pin_list>
<pin id="77" dir="1" index="0" bw="1" slack="2147483647"/>
</pin_list>
<bind>
<StgValue><ssdm name="p_str114"/></StgValue>
</bind>
</comp>

<comp id="78" class="1001" name="const_78">
<pin_list>
<pin id="79" dir="1" index="0" bw="1" slack="2147483647"/>
</pin_list>
<bind>
<StgValue><ssdm name="_ssdm_op_SpecRegionEnd"/></StgValue>
</bind>
</comp>

<comp id="80" class="1001" name="const_80">
<pin_list>
<pin id="81" dir="1" index="0" bw="1" slack="0"/>
</pin_list>
<bind>
<StgValue><ssdm name=""/></StgValue>
</bind>
</comp>

<comp id="82" class="1001" name="const_82">
<pin_list>
<pin id="83" dir="1" index="0" bw="1" slack="0"/>
</pin_list>
<bind>
<StgValue><ssdm name="_ssdm_op_Write.ap_fifo.volatile.floatP"/></StgValue>
</bind>
</comp>

<comp id="84" class="1004" name="kernel_arg_o_a_0_time_period_read_read_fu_84">
<pin_list>
<pin id="85" dir="0" index="0" bw="32" slack="0"/>
<pin id="86" dir="0" index="1" bw="32" slack="0"/>
<pin id="87" dir="1" index="2" bw="32" slack="0"/>
</pin_list>
<bind>
<opcode="read(1150) " fcode="read"/>
<opset="kernel_arg_o_a_0_time_period_read/1 "/>
</bind>
</comp>

<comp id="90" class="1004" name="kernel_arg_u_a_0_current_price_read_read_fu_90">
<pin_list>
<pin id="91" dir="0" index="0" bw="32" slack="0"/>
<pin id="92" dir="0" index="1" bw="32" slack="0"/>
<pin id="93" dir="1" index="2" bw="32" slack="0"/>
</pin_list>
<bind>
<opcode="read(1150) " fcode="read"/>
<opset="kernel_arg_u_a_0_current_price_read/2 "/>
</bind>
</comp>

<comp id="96" class="1004" name="grp_write_fu_96">
<pin_list>
<pin id="97" dir="0" index="0" bw="0" slack="0"/>
<pin id="98" dir="0" index="1" bw="32" slack="0"/>
<pin id="99" dir="0" index="2" bw="32" slack="0"/>
<pin id="100" dir="1" index="3" bw="0" slack="2147483647"/>
</pin_list>
<bind>
<opcode="write(1151) " fcode="write"/>
<opset="stg_84/5 stg_125/23 "/>
</bind>
</comp>

<comp id="104" class="1004" name="grp_write_fu_104">
<pin_list>
<pin id="105" dir="0" index="0" bw="0" slack="0"/>
<pin id="106" dir="0" index="1" bw="32" slack="0"/>
<pin id="107" dir="0" index="2" bw="32" slack="0"/>
<pin id="108" dir="1" index="3" bw="0" slack="2147483647"/>
</pin_list>
<bind>
<opcode="write(1151) " fcode="write"/>
<opset="stg_85/5 stg_120/18 "/>
</bind>
</comp>

<comp id="112" class="1004" name="grp_write_fu_112">
<pin_list>
<pin id="113" dir="0" index="0" bw="0" slack="0"/>
<pin id="114" dir="0" index="1" bw="32" slack="0"/>
<pin id="115" dir="0" index="2" bw="32" slack="0"/>
<pin id="116" dir="1" index="3" bw="0" slack="2147483647"/>
</pin_list>
<bind>
<opcode="write(1151) " fcode="write"/>
<opset="stg_87/5 stg_172/51 "/>
</bind>
</comp>

<comp id="120" class="1004" name="kernel_arg_u_a_0_rfir_read_read_fu_120">
<pin_list>
<pin id="121" dir="0" index="0" bw="32" slack="0"/>
<pin id="122" dir="0" index="1" bw="32" slack="0"/>
<pin id="123" dir="1" index="2" bw="32" slack="0"/>
</pin_list>
<bind>
<opcode="read(1150) " fcode="read"/>
<opset="kernel_arg_u_a_0_rfir_read/14 "/>
</bind>
</comp>

<comp id="126" class="1004" name="kernel_arg_o_a_0_call_read_read_fu_126">
<pin_list>
<pin id="127" dir="0" index="0" bw="32" slack="0"/>
<pin id="128" dir="0" index="1" bw="32" slack="0"/>
<pin id="129" dir="1" index="2" bw="32" slack="0"/>
</pin_list>
<bind>
<opcode="read(1150) " fcode="read"/>
<opset="kernel_arg_o_a_0_call_read/14 "/>
</bind>
</comp>

<comp id="132" class="1004" name="kernel_arg_o_a_0_strike_price_read_read_fu_132">
<pin_list>
<pin id="133" dir="0" index="0" bw="32" slack="0"/>
<pin id="134" dir="0" index="1" bw="32" slack="0"/>
<pin id="135" dir="1" index="2" bw="32" slack="0"/>
</pin_list>
<bind>
<opcode="read(1150) " fcode="read"/>
<opset="kernel_arg_o_a_0_strike_price_read/46 "/>
</bind>
</comp>

<comp id="138" class="1004" name="stg_173_write_fu_138">
<pin_list>
<pin id="139" dir="0" index="0" bw="0" slack="0"/>
<pin id="140" dir="0" index="1" bw="32" slack="0"/>
<pin id="141" dir="0" index="2" bw="32" slack="1"/>
<pin id="142" dir="1" index="3" bw="0" slack="2147483647"/>
</pin_list>
<bind>
<opcode="write(1151) " fcode="write"/>
<opset="stg_173/51 "/>
</bind>
</comp>

<comp id="145" class="1005" name="p_reg_145">
<pin_list>
<pin id="146" dir="0" index="0" bw="7" slack="1"/>
<pin id="147" dir="1" index="1" bw="7" slack="1"/>
</pin_list>
<bind>
<opset="p (phireg) "/>
</bind>
</comp>

<comp id="149" class="1004" name="p_phi_fu_149">
<pin_list>
<pin id="150" dir="0" index="0" bw="1" slack="1"/>
<pin id="151" dir="0" index="1" bw="0" slack="2147483647"/>
<pin id="152" dir="0" index="2" bw="7" slack="0"/>
<pin id="153" dir="0" index="3" bw="0" slack="2147483647"/>
<pin id="154" dir="1" index="4" bw="7" slack="0"/>
</pin_list>
<bind>
<opcode="phi(47) " fcode="phi"/>
<opset="p/5 "/>
</bind>
</comp>

<comp id="156" class="1005" name="tmp_2_pn_reg_156">
<pin_list>
<pin id="157" dir="0" index="0" bw="64" slack="1"/>
<pin id="158" dir="1" index="1" bw="64" slack="1"/>
</pin_list>
<bind>
<opset="tmp_2_pn (phireg) "/>
</bind>
</comp>

<comp id="160" class="1004" name="tmp_2_pn_phi_fu_160">
<pin_list>
<pin id="161" dir="0" index="0" bw="64" slack="1"/>
<pin id="162" dir="0" index="1" bw="0" slack="2147483647"/>
<pin id="163" dir="0" index="2" bw="64" slack="1"/>
<pin id="164" dir="0" index="3" bw="0" slack="2147483647"/>
<pin id="165" dir="1" index="4" bw="64" slack="0"/>
</pin_list>
<bind>
<opcode="phi(47) " fcode="phi"/>
<opset="tmp_2_pn/6 "/>
</bind>
</comp>

<comp id="168" class="1005" name="kernel_arg_u_v_0_time_load_reg_168">
<pin_list>
<pin id="169" dir="0" index="0" bw="32" slack="1"/>
<pin id="170" dir="1" index="1" bw="32" slack="9"/>
</pin_list>
<bind>
<opset="kernel_arg_u_v_0_time_load (phireg) "/>
</bind>
</comp>

<comp id="172" class="1004" name="kernel_arg_u_v_0_time_load_phi_fu_172">
<pin_list>
<pin id="173" dir="0" index="0" bw="32" slack="9"/>
<pin id="174" dir="0" index="1" bw="0" slack="2147483647"/>
<pin id="175" dir="0" index="2" bw="32" slack="1"/>
<pin id="176" dir="0" index="3" bw="0" slack="2147483647"/>
<pin id="177" dir="1" index="4" bw="32" slack="0"/>
</pin_list>
<bind>
<opcode="phi(47) " fcode="phi"/>
<opset="kernel_arg_u_v_0_time_load/14 "/>
</bind>
</comp>

<comp id="180" class="1005" name="kernel_arg_u_v_0_gamma_load_2_reg_180">
<pin_list>
<pin id="181" dir="0" index="0" bw="32" slack="4"/>
<pin id="182" dir="1" index="1" bw="32" slack="4"/>
</pin_list>
<bind>
<opset="kernel_arg_u_v_0_gamma_load_2 (phireg) "/>
</bind>
</comp>

<comp id="184" class="1004" name="kernel_arg_u_v_0_gamma_load_2_phi_fu_184">
<pin_list>
<pin id="185" dir="0" index="0" bw="32" slack="9"/>
<pin id="186" dir="0" index="1" bw="0" slack="2147483647"/>
<pin id="187" dir="0" index="2" bw="32" slack="1"/>
<pin id="188" dir="0" index="3" bw="0" slack="2147483647"/>
<pin id="189" dir="1" index="4" bw="32" slack="4"/>
</pin_list>
<bind>
<opcode="phi(47) " fcode="phi"/>
<opset="kernel_arg_u_v_0_gamma_load_2/14 "/>
</bind>
</comp>

<comp id="192" class="1005" name="pp_reg_192">
<pin_list>
<pin id="193" dir="0" index="0" bw="13" slack="9"/>
<pin id="194" dir="1" index="1" bw="13" slack="9"/>
</pin_list>
<bind>
<opset="pp (phireg) "/>
</bind>
</comp>

<comp id="196" class="1004" name="pp_phi_fu_196">
<pin_list>
<pin id="197" dir="0" index="0" bw="1" slack="9"/>
<pin id="198" dir="0" index="1" bw="0" slack="2147483647"/>
<pin id="199" dir="0" index="2" bw="13" slack="0"/>
<pin id="200" dir="0" index="3" bw="0" slack="2147483647"/>
<pin id="201" dir="1" index="4" bw="13" slack="0"/>
</pin_list>
<bind>
<opcode="phi(47) " fcode="phi"/>
<opset="pp/14 "/>
</bind>
</comp>

<comp id="204" class="1004" name="grp_fu_204">
<pin_list>
<pin id="205" dir="0" index="0" bw="32" slack="0"/>
<pin id="206" dir="0" index="1" bw="32" slack="0"/>
<pin id="207" dir="1" index="2" bw="32" slack="0"/>
</pin_list>
<bind>
<opcode="fadd(9) fsub(11) " fcode="fadd"/>
<opset="tmp_2_i/14 tmp_i_4/18 tmp_i3/46 tmp_1_i/46 "/>
</bind>
</comp>

<comp id="213" class="1004" name="grp_fu_213">
<pin_list>
<pin id="214" dir="0" index="0" bw="32" slack="0"/>
<pin id="215" dir="0" index="1" bw="32" slack="0"/>
<pin id="216" dir="1" index="2" bw="32" slack="1"/>
</pin_list>
<bind>
<opcode="fmul(13) " fcode="fmul"/>
<opset="delta_time_0/1 tmp_i/14 "/>
</bind>
</comp>

<comp id="220" class="1004" name="grp_fu_220">
<pin_list>
<pin id="221" dir="0" index="0" bw="64" slack="1"/>
<pin id="222" dir="1" index="1" bw="32" slack="3"/>
</pin_list>
<bind>
<opcode="fptrunc(40) " fcode="fptrunc"/>
<opset="spot_price_0/12 "/>
</bind>
</comp>

<comp id="223" class="1004" name="grp_fu_223">
<pin_list>
<pin id="224" dir="0" index="0" bw="32" slack="0"/>
<pin id="225" dir="1" index="1" bw="64" slack="1"/>
</pin_list>
<bind>
<opcode="fpext(41) " fcode="fpext"/>
<opset="tmp/2 tmp_7/23 "/>
</bind>
</comp>

<comp id="227" class="1004" name="grp_fu_227">
<pin_list>
<pin id="228" dir="0" index="0" bw="32" slack="0"/>
<pin id="229" dir="0" index="1" bw="32" slack="0"/>
<pin id="230" dir="1" index="2" bw="1" slack="0"/>
</pin_list>
<bind>
<opcode="fcmp(46) " fcode="fcmp"/>
<opset="tmp_1/14 "/>
</bind>
</comp>

<comp id="233" class="1004" name="grp_fu_233">
<pin_list>
<pin id="234" dir="0" index="0" bw="64" slack="2"/>
<pin id="235" dir="0" index="1" bw="64" slack="0"/>
<pin id="236" dir="1" index="2" bw="64" slack="1"/>
</pin_list>
<bind>
<opcode="dmul(510) " fcode="dmul"/>
<opset="spot_price_0_0_in/6 "/>
</bind>
</comp>

<comp id="238" class="1004" name="grp_fu_238">
<pin_list>
<pin id="239" dir="0" index="0" bw="64" slack="0"/>
<pin id="240" dir="0" index="1" bw="64" slack="1"/>
<pin id="241" dir="1" index="2" bw="64" slack="1"/>
</pin_list>
<bind>
<opcode="dexp(522) " fcode="dexp"/>
<opset="tmp_8/26 "/>
</bind>
</comp>

<comp id="243" class="1004" name="exitcond1_fu_243">
<pin_list>
<pin id="244" dir="0" index="0" bw="7" slack="0"/>
<pin id="245" dir="0" index="1" bw="7" slack="0"/>
<pin id="246" dir="1" index="2" bw="1" slack="2147483647"/>
</pin_list>
<bind>
<opcode="icmp(45) " fcode="icmp"/>
<opset="exitcond1/5 "/>
</bind>
</comp>

<comp id="249" class="1004" name="p_1_fu_249">
<pin_list>
<pin id="250" dir="0" index="0" bw="7" slack="0"/>
<pin id="251" dir="0" index="1" bw="1" slack="0"/>
<pin id="252" dir="1" index="2" bw="7" slack="0"/>
</pin_list>
<bind>
<opcode="add(8) " fcode="add"/>
<opset="p_1/5 "/>
</bind>
</comp>

<comp id="255" class="1004" name="exitcond_fu_255">
<pin_list>
<pin id="256" dir="0" index="0" bw="13" slack="0"/>
<pin id="257" dir="0" index="1" bw="13" slack="0"/>
<pin id="258" dir="1" index="2" bw="1" slack="2147483647"/>
</pin_list>
<bind>
<opcode="icmp(45) " fcode="icmp"/>
<opset="exitcond/14 "/>
</bind>
</comp>

<comp id="261" class="1004" name="pp_1_fu_261">
<pin_list>
<pin id="262" dir="0" index="0" bw="13" slack="0"/>
<pin id="263" dir="0" index="1" bw="1" slack="0"/>
<pin id="264" dir="1" index="2" bw="13" slack="0"/>
</pin_list>
<bind>
<opcode="add(8) " fcode="add"/>
<opset="pp_1/14 "/>
</bind>
</comp>

<comp id="267" class="1004" name="tmp_2_fu_267">
<pin_list>
<pin id="268" dir="0" index="0" bw="1" slack="0"/>
<pin id="269" dir="0" index="1" bw="1" slack="0"/>
<pin id="270" dir="1" index="2" bw="1" slack="1"/>
</pin_list>
<bind>
<opcode="xor(25) " fcode="xor"/>
<opset="tmp_2/45 "/>
</bind>
</comp>

<comp id="273" class="1004" name="storemerge_i_fu_273">
<pin_list>
<pin id="274" dir="0" index="0" bw="1" slack="5"/>
<pin id="275" dir="0" index="1" bw="32" slack="0"/>
<pin id="276" dir="0" index="2" bw="32" slack="0"/>
<pin id="277" dir="1" index="3" bw="32" slack="1"/>
</pin_list>
<bind>
<opcode="select(49) " fcode="select"/>
<opset="storemerge_i/50 "/>
</bind>
</comp>

<comp id="280" class="1005" name="kernel_arg_o_a_0_time_period_read_reg_280">
<pin_list>
<pin id="281" dir="0" index="0" bw="32" slack="1"/>
<pin id="282" dir="1" index="1" bw="32" slack="1"/>
</pin_list>
<bind>
<opset="kernel_arg_o_a_0_time_period_read "/>
</bind>
</comp>

<comp id="285" class="1005" name="kernel_arg_u_a_0_current_price_read_reg_285">
<pin_list>
<pin id="286" dir="0" index="0" bw="32" slack="1"/>
<pin id="287" dir="1" index="1" bw="32" slack="1"/>
</pin_list>
<bind>
<opset="kernel_arg_u_a_0_current_price_read "/>
</bind>
</comp>

<comp id="290" class="1005" name="delta_time_0_reg_290">
<pin_list>
<pin id="291" dir="0" index="0" bw="32" slack="10"/>
<pin id="292" dir="1" index="1" bw="32" slack="10"/>
</pin_list>
<bind>
<opset="delta_time_0 "/>
</bind>
</comp>

<comp id="296" class="1005" name="tmp_reg_296">
<pin_list>
<pin id="297" dir="0" index="0" bw="64" slack="2"/>
<pin id="298" dir="1" index="1" bw="64" slack="2"/>
</pin_list>
<bind>
<opset="tmp "/>
</bind>
</comp>

<comp id="304" class="1005" name="p_1_reg_304">
<pin_list>
<pin id="305" dir="0" index="0" bw="7" slack="0"/>
<pin id="306" dir="1" index="1" bw="7" slack="0"/>
</pin_list>
<bind>
<opset="p_1 "/>
</bind>
</comp>

<comp id="309" class="1005" name="spot_price_0_0_in_reg_309">
<pin_list>
<pin id="310" dir="0" index="0" bw="64" slack="1"/>
<pin id="311" dir="1" index="1" bw="64" slack="1"/>
</pin_list>
<bind>
<opset="spot_price_0_0_in "/>
</bind>
</comp>

<comp id="314" class="1005" name="spot_price_0_reg_314">
<pin_list>
<pin id="315" dir="0" index="0" bw="32" slack="3"/>
<pin id="316" dir="1" index="1" bw="32" slack="3"/>
</pin_list>
<bind>
<opset="spot_price_0 "/>
</bind>
</comp>

<comp id="323" class="1005" name="pp_1_reg_323">
<pin_list>
<pin id="324" dir="0" index="0" bw="13" slack="0"/>
<pin id="325" dir="1" index="1" bw="13" slack="0"/>
</pin_list>
<bind>
<opset="pp_1 "/>
</bind>
</comp>

<comp id="328" class="1005" name="kernel_arg_u_a_0_rfir_read_reg_328">
<pin_list>
<pin id="329" dir="0" index="0" bw="32" slack="1"/>
<pin id="330" dir="1" index="1" bw="32" slack="1"/>
</pin_list>
<bind>
<opset="kernel_arg_u_a_0_rfir_read "/>
</bind>
</comp>

<comp id="333" class="1005" name="kernel_arg_o_a_0_call_read_reg_333">
<pin_list>
<pin id="334" dir="0" index="0" bw="32" slack="1"/>
<pin id="335" dir="1" index="1" bw="32" slack="1"/>
</pin_list>
<bind>
<opset="kernel_arg_o_a_0_call_read "/>
</bind>
</comp>

<comp id="338" class="1005" name="tmp_i_reg_338">
<pin_list>
<pin id="339" dir="0" index="0" bw="32" slack="1"/>
<pin id="340" dir="1" index="1" bw="32" slack="1"/>
</pin_list>
<bind>
<opset="tmp_i "/>
</bind>
</comp>

<comp id="343" class="1005" name="tmp_2_i_reg_343">
<pin_list>
<pin id="344" dir="0" index="0" bw="32" slack="1"/>
<pin id="345" dir="1" index="1" bw="32" slack="1"/>
</pin_list>
<bind>
<opset="tmp_2_i "/>
</bind>
</comp>

<comp id="348" class="1005" name="tmp_i_4_reg_348">
<pin_list>
<pin id="349" dir="0" index="0" bw="32" slack="1"/>
<pin id="350" dir="1" index="1" bw="32" slack="1"/>
</pin_list>
<bind>
<opset="tmp_i_4 "/>
</bind>
</comp>

<comp id="355" class="1005" name="tmp_7_reg_355">
<pin_list>
<pin id="356" dir="0" index="0" bw="64" slack="1"/>
<pin id="357" dir="1" index="1" bw="64" slack="1"/>
</pin_list>
<bind>
<opset="tmp_7 "/>
</bind>
</comp>

<comp id="360" class="1005" name="tmp_8_reg_360">
<pin_list>
<pin id="361" dir="0" index="0" bw="64" slack="1"/>
<pin id="362" dir="1" index="1" bw="64" slack="1"/>
</pin_list>
<bind>
<opset="tmp_8 "/>
</bind>
</comp>

<comp id="365" class="1005" name="tmp_2_reg_365">
<pin_list>
<pin id="366" dir="0" index="0" bw="1" slack="1"/>
<pin id="367" dir="1" index="1" bw="1" slack="5"/>
</pin_list>
<bind>
<opset="tmp_2 "/>
</bind>
</comp>

<comp id="370" class="1005" name="kernel_arg_o_a_0_strike_price_read_reg_370">
<pin_list>
<pin id="371" dir="0" index="0" bw="32" slack="1"/>
<pin id="372" dir="1" index="1" bw="32" slack="1"/>
</pin_list>
<bind>
<opset="kernel_arg_o_a_0_strike_price_read "/>
</bind>
</comp>

<comp id="376" class="1005" name="storemerge_i_reg_376">
<pin_list>
<pin id="377" dir="0" index="0" bw="32" slack="1"/>
<pin id="378" dir="1" index="1" bw="32" slack="1"/>
</pin_list>
<bind>
<opset="storemerge_i "/>
</bind>
</comp>

</comp_list>

<net_list>
<net id="88"><net_src comp="20" pin="0"/><net_sink comp="84" pin=0"/></net>

<net id="89"><net_src comp="10" pin="0"/><net_sink comp="84" pin=1"/></net>

<net id="94"><net_src comp="20" pin="0"/><net_sink comp="90" pin=0"/></net>

<net id="95"><net_src comp="2" pin="0"/><net_sink comp="90" pin=1"/></net>

<net id="101"><net_src comp="60" pin="0"/><net_sink comp="96" pin=0"/></net>

<net id="102"><net_src comp="4" pin="0"/><net_sink comp="96" pin=1"/></net>

<net id="103"><net_src comp="62" pin="0"/><net_sink comp="96" pin=2"/></net>

<net id="109"><net_src comp="60" pin="0"/><net_sink comp="104" pin=0"/></net>

<net id="110"><net_src comp="6" pin="0"/><net_sink comp="104" pin=1"/></net>

<net id="111"><net_src comp="62" pin="0"/><net_sink comp="104" pin=2"/></net>

<net id="117"><net_src comp="60" pin="0"/><net_sink comp="112" pin=0"/></net>

<net id="118"><net_src comp="16" pin="0"/><net_sink comp="112" pin=1"/></net>

<net id="119"><net_src comp="62" pin="0"/><net_sink comp="112" pin=2"/></net>

<net id="124"><net_src comp="20" pin="0"/><net_sink comp="120" pin=0"/></net>

<net id="125"><net_src comp="0" pin="0"/><net_sink comp="120" pin=1"/></net>

<net id="130"><net_src comp="20" pin="0"/><net_sink comp="126" pin=0"/></net>

<net id="131"><net_src comp="12" pin="0"/><net_sink comp="126" pin=1"/></net>

<net id="136"><net_src comp="20" pin="0"/><net_sink comp="132" pin=0"/></net>

<net id="137"><net_src comp="8" pin="0"/><net_sink comp="132" pin=1"/></net>

<net id="143"><net_src comp="82" pin="0"/><net_sink comp="138" pin=0"/></net>

<net id="144"><net_src comp="18" pin="0"/><net_sink comp="138" pin=1"/></net>

<net id="148"><net_src comp="44" pin="0"/><net_sink comp="145" pin=0"/></net>

<net id="155"><net_src comp="145" pin="1"/><net_sink comp="149" pin=0"/></net>

<net id="159"><net_src comp="64" pin="0"/><net_sink comp="156" pin=0"/></net>

<net id="166"><net_src comp="156" pin="1"/><net_sink comp="160" pin=0"/></net>

<net id="167"><net_src comp="160" pin="4"/><net_sink comp="156" pin=0"/></net>

<net id="171"><net_src comp="62" pin="0"/><net_sink comp="168" pin=0"/></net>

<net id="178"><net_src comp="168" pin="1"/><net_sink comp="172" pin=0"/></net>

<net id="179"><net_src comp="172" pin="4"/><net_sink comp="168" pin=0"/></net>

<net id="183"><net_src comp="62" pin="0"/><net_sink comp="180" pin=0"/></net>

<net id="190"><net_src comp="180" pin="1"/><net_sink comp="184" pin=0"/></net>

<net id="191"><net_src comp="184" pin="4"/><net_sink comp="180" pin=0"/></net>

<net id="195"><net_src comp="66" pin="0"/><net_sink comp="192" pin=0"/></net>

<net id="202"><net_src comp="192" pin="1"/><net_sink comp="196" pin=0"/></net>

<net id="208"><net_src comp="204" pin="2"/><net_sink comp="104" pin=2"/></net>

<net id="209"><net_src comp="172" pin="4"/><net_sink comp="204" pin=0"/></net>

<net id="210"><net_src comp="180" pin="1"/><net_sink comp="204" pin=0"/></net>

<net id="211"><net_src comp="132" pin="2"/><net_sink comp="204" pin=1"/></net>

<net id="212"><net_src comp="132" pin="2"/><net_sink comp="204" pin=0"/></net>

<net id="217"><net_src comp="84" pin="2"/><net_sink comp="213" pin=0"/></net>

<net id="218"><net_src comp="22" pin="0"/><net_sink comp="213" pin=1"/></net>

<net id="219"><net_src comp="120" pin="2"/><net_sink comp="213" pin=0"/></net>

<net id="226"><net_src comp="90" pin="2"/><net_sink comp="223" pin=0"/></net>

<net id="231"><net_src comp="126" pin="2"/><net_sink comp="227" pin=0"/></net>

<net id="232"><net_src comp="62" pin="0"/><net_sink comp="227" pin=1"/></net>

<net id="237"><net_src comp="160" pin="4"/><net_sink comp="233" pin=1"/></net>

<net id="242"><net_src comp="74" pin="0"/><net_sink comp="238" pin=0"/></net>

<net id="247"><net_src comp="149" pin="4"/><net_sink comp="243" pin=0"/></net>

<net id="248"><net_src comp="46" pin="0"/><net_sink comp="243" pin=1"/></net>

<net id="253"><net_src comp="149" pin="4"/><net_sink comp="249" pin=0"/></net>

<net id="254"><net_src comp="52" pin="0"/><net_sink comp="249" pin=1"/></net>

<net id="259"><net_src comp="196" pin="4"/><net_sink comp="255" pin=0"/></net>

<net id="260"><net_src comp="68" pin="0"/><net_sink comp="255" pin=1"/></net>

<net id="265"><net_src comp="196" pin="4"/><net_sink comp="261" pin=0"/></net>

<net id="266"><net_src comp="72" pin="0"/><net_sink comp="261" pin=1"/></net>

<net id="271"><net_src comp="227" pin="2"/><net_sink comp="267" pin=0"/></net>

<net id="272"><net_src comp="80" pin="0"/><net_sink comp="267" pin=1"/></net>

<net id="278"><net_src comp="204" pin="2"/><net_sink comp="273" pin=1"/></net>

<net id="279"><net_src comp="204" pin="2"/><net_sink comp="273" pin=2"/></net>

<net id="283"><net_src comp="84" pin="2"/><net_sink comp="280" pin=0"/></net>

<net id="284"><net_src comp="280" pin="1"/><net_sink comp="213" pin=0"/></net>

<net id="288"><net_src comp="90" pin="2"/><net_sink comp="285" pin=0"/></net>

<net id="289"><net_src comp="285" pin="1"/><net_sink comp="223" pin=0"/></net>

<net id="293"><net_src comp="213" pin="2"/><net_sink comp="290" pin=0"/></net>

<net id="294"><net_src comp="290" pin="1"/><net_sink comp="213" pin=1"/></net>

<net id="295"><net_src comp="290" pin="1"/><net_sink comp="204" pin=1"/></net>

<net id="299"><net_src comp="223" pin="1"/><net_sink comp="296" pin=0"/></net>

<net id="300"><net_src comp="296" pin="1"/><net_sink comp="233" pin=0"/></net>

<net id="307"><net_src comp="249" pin="2"/><net_sink comp="304" pin=0"/></net>

<net id="308"><net_src comp="304" pin="1"/><net_sink comp="149" pin=2"/></net>

<net id="312"><net_src comp="233" pin="2"/><net_sink comp="309" pin=0"/></net>

<net id="313"><net_src comp="309" pin="1"/><net_sink comp="220" pin=0"/></net>

<net id="317"><net_src comp="220" pin="1"/><net_sink comp="314" pin=0"/></net>

<net id="318"><net_src comp="314" pin="1"/><net_sink comp="204" pin=0"/></net>

<net id="319"><net_src comp="314" pin="1"/><net_sink comp="204" pin=1"/></net>

<net id="326"><net_src comp="261" pin="2"/><net_sink comp="323" pin=0"/></net>

<net id="327"><net_src comp="323" pin="1"/><net_sink comp="196" pin=2"/></net>

<net id="331"><net_src comp="120" pin="2"/><net_sink comp="328" pin=0"/></net>

<net id="332"><net_src comp="328" pin="1"/><net_sink comp="213" pin=0"/></net>

<net id="336"><net_src comp="126" pin="2"/><net_sink comp="333" pin=0"/></net>

<net id="337"><net_src comp="333" pin="1"/><net_sink comp="227" pin=0"/></net>

<net id="341"><net_src comp="213" pin="2"/><net_sink comp="338" pin=0"/></net>

<net id="342"><net_src comp="338" pin="1"/><net_sink comp="204" pin=1"/></net>

<net id="346"><net_src comp="204" pin="2"/><net_sink comp="343" pin=0"/></net>

<net id="347"><net_src comp="343" pin="1"/><net_sink comp="172" pin=2"/></net>

<net id="351"><net_src comp="204" pin="2"/><net_sink comp="348" pin=0"/></net>

<net id="352"><net_src comp="348" pin="1"/><net_sink comp="184" pin=2"/></net>

<net id="353"><net_src comp="348" pin="1"/><net_sink comp="96" pin=2"/></net>

<net id="354"><net_src comp="348" pin="1"/><net_sink comp="223" pin=0"/></net>

<net id="358"><net_src comp="223" pin="1"/><net_sink comp="355" pin=0"/></net>

<net id="359"><net_src comp="355" pin="1"/><net_sink comp="238" pin=1"/></net>

<net id="363"><net_src comp="238" pin="2"/><net_sink comp="360" pin=0"/></net>

<net id="364"><net_src comp="360" pin="1"/><net_sink comp="160" pin=2"/></net>

<net id="368"><net_src comp="267" pin="2"/><net_sink comp="365" pin=0"/></net>

<net id="369"><net_src comp="365" pin="1"/><net_sink comp="273" pin=0"/></net>

<net id="373"><net_src comp="132" pin="2"/><net_sink comp="370" pin=0"/></net>

<net id="374"><net_src comp="370" pin="1"/><net_sink comp="204" pin=1"/></net>

<net id="375"><net_src comp="370" pin="1"/><net_sink comp="204" pin=0"/></net>

<net id="379"><net_src comp="273" pin="3"/><net_sink comp="376" pin=0"/></net>

<net id="380"><net_src comp="376" pin="1"/><net_sink comp="112" pin=2"/></net>

<net id="381"><net_src comp="376" pin="1"/><net_sink comp="138" pin=2"/></net>

</net_list>

</model> 
---------------- Datapath Model END ------------------

* FSMD analyzer results:
  - Output states:
	Port: kernel_arg_u_v_0_gamma | {5 23 }
	Port: kernel_arg_u_v_0_time | {5 18 }
	Port: kernel_arg_o_v_0_value | {5 51 }
	Port: result_0 | {51 }
  - Chain level:
	State 1
	State 2
	State 3
	State 4
	State 5
		exitcond1 : 1
		p_1 : 1
		stg_79 : 2
	State 6
		spot_price_0_0_in : 1
	State 7
	State 8
	State 9
	State 10
	State 11
	State 12
	State 13
	State 14
		exitcond : 1
		pp_1 : 1
		stg_106 : 2
		tmp_2_i : 1
	State 15
	State 16
	State 17
	State 18
		stg_120 : 1
	State 19
	State 20
	State 21
	State 22
	State 23
	State 24
	State 25
	State 26
	State 27
	State 28
	State 29
	State 30
	State 31
	State 32
	State 33
	State 34
	State 35
	State 36
	State 37
	State 38
	State 39
	State 40
	State 41
	State 42
	State 43
		empty_5 : 1
	State 44
	State 45
		tmp_2 : 1
	State 46
	State 47
	State 48
	State 49
	State 50
		storemerge_i : 1
	State 51


============================================================
+ Verbose Summary: Datapath Resource usage 
============================================================

* Functional unit list:
|----------|------------------------------------------------|---------|---------|---------|
| Operation|                 Functional Unit                |  DSP48E |    FF   |   LUT   |
|----------|------------------------------------------------|---------|---------|---------|
|   dexp   |                   grp_fu_238                   |    26   |   1549  |   2599  |
|----------|------------------------------------------------|---------|---------|---------|
|   dmul   |                   grp_fu_233                   |    11   |   317   |   578   |
|----------|------------------------------------------------|---------|---------|---------|
|   fadd   |                   grp_fu_204                   |    2    |   205   |   390   |
|----------|------------------------------------------------|---------|---------|---------|
|   fmul   |                   grp_fu_213                   |    3    |   143   |   321   |
|----------|------------------------------------------------|---------|---------|---------|
|  fptrunc |                   grp_fu_220                   |    0    |   128   |   277   |
|----------|------------------------------------------------|---------|---------|---------|
|   fcmp   |                   grp_fu_227                   |    0    |    66   |   239   |
|----------|------------------------------------------------|---------|---------|---------|
|   fpext  |                   grp_fu_223                   |    0    |   100   |   138   |
|----------|------------------------------------------------|---------|---------|---------|
|  select  |               storemerge_i_fu_273              |    0    |    0    |    32   |
|----------|------------------------------------------------|---------|---------|---------|
|   icmp   |                exitcond1_fu_243                |    0    |    0    |    7    |
|          |                 exitcond_fu_255                |    0    |    0    |    16   |
|----------|------------------------------------------------|---------|---------|---------|
|    add   |                   p_1_fu_249                   |    0    |    0    |    7    |
|          |                   pp_1_fu_261                  |    0    |    0    |    13   |
|----------|------------------------------------------------|---------|---------|---------|
|    xor   |                  tmp_2_fu_267                  |    0    |    0    |    1    |
|----------|------------------------------------------------|---------|---------|---------|
|          |  kernel_arg_o_a_0_time_period_read_read_fu_84  |    0    |    0    |    0    |
|          | kernel_arg_u_a_0_current_price_read_read_fu_90 |    0    |    0    |    0    |
|   read   |     kernel_arg_u_a_0_rfir_read_read_fu_120     |    0    |    0    |    0    |
|          |     kernel_arg_o_a_0_call_read_read_fu_126     |    0    |    0    |    0    |
|          | kernel_arg_o_a_0_strike_price_read_read_fu_132 |    0    |    0    |    0    |
|----------|------------------------------------------------|---------|---------|---------|
|          |                 grp_write_fu_96                |    0    |    0    |    0    |
|   write  |                grp_write_fu_104                |    0    |    0    |    0    |
|          |                grp_write_fu_112                |    0    |    0    |    0    |
|          |              stg_173_write_fu_138              |    0    |    0    |    0    |
|----------|------------------------------------------------|---------|---------|---------|
|   Total  |                                                |    42   |   2508  |   4618  |
|----------|------------------------------------------------|---------|---------|---------|

Memories:
N/A

* Register list:
+-------------------------------------------+--------+
|                                           |   FF   |
+-------------------------------------------+--------+
|            delta_time_0_reg_290           |   32   |
|     kernel_arg_o_a_0_call_read_reg_333    |   32   |
| kernel_arg_o_a_0_strike_price_read_reg_370|   32   |
| kernel_arg_o_a_0_time_period_read_reg_280 |   32   |
|kernel_arg_u_a_0_current_price_read_reg_285|   32   |
|     kernel_arg_u_a_0_rfir_read_reg_328    |   32   |
|   kernel_arg_u_v_0_gamma_load_2_reg_180   |   32   |
|     kernel_arg_u_v_0_time_load_reg_168    |   32   |
|                p_1_reg_304                |    7   |
|                 p_reg_145                 |    7   |
|                pp_1_reg_323               |   13   |
|                 pp_reg_192                |   13   |
|         spot_price_0_0_in_reg_309         |   64   |
|            spot_price_0_reg_314           |   32   |
|            storemerge_i_reg_376           |   32   |
|              tmp_2_i_reg_343              |   32   |
|              tmp_2_pn_reg_156             |   64   |
|               tmp_2_reg_365               |    1   |
|               tmp_7_reg_355               |   64   |
|               tmp_8_reg_360               |   64   |
|              tmp_i_4_reg_348              |   32   |
|               tmp_i_reg_338               |   32   |
|                tmp_reg_296                |   64   |
+-------------------------------------------+--------+
|                   Total                   |   777  |
+-------------------------------------------+--------+

* Multiplexer (MUX) list: 
|---------------------------------------|------|------|------|--------||---------||---------|
|                  Comp                 |  Pin | Size |  BW  | S x BW ||  Delay  ||   LUT   |
|---------------------------------------|------|------|------|--------||---------||---------|
|            grp_write_fu_96            |  p2  |   2  |  32  |   64   ||    32   |
|            grp_write_fu_104           |  p2  |   2  |  32  |   64   ||    32   |
|            grp_write_fu_112           |  p2  |   2  |  32  |   64   ||    32   |
|            tmp_2_pn_reg_156           |  p0  |   2  |  64  |   128  ||    64   |
|   kernel_arg_u_v_0_time_load_reg_168  |  p0  |   2  |  32  |   64   ||    32   |
| kernel_arg_u_v_0_gamma_load_2_reg_180 |  p0  |   2  |  32  |   64   ||    32   |
|               grp_fu_204              |  p0  |   5  |  32  |   160  ||    32   |
|               grp_fu_204              |  p1  |   5  |  32  |   160  ||    32   |
|               grp_fu_213              |  p0  |   4  |  32  |   128  ||    32   |
|               grp_fu_213              |  p1  |   2  |  32  |   64   ||    32   |
|               grp_fu_223              |  p0  |   3  |  32  |   96   ||    32   |
|               grp_fu_227              |  p0  |   2  |  32  |   64   ||    32   |
|---------------------------------------|------|------|------|--------||---------||---------|
|                 Total                 |      |      |      |  1120  || 19.5505 ||   416   |
|---------------------------------------|------|------|------|--------||---------||---------|



* Summary:
+-----------+--------+--------+--------+--------+
|           | DSP48E |  Delay |   FF   |   LUT  |
+-----------+--------+--------+--------+--------+
|  Function |   42   |    -   |  2508  |  4618  |
|   Memory  |    -   |    -   |    -   |    -   |
|Multiplexer|    -   |   19   |    -   |   416  |
|  Register |    -   |    -   |   777  |    -   |
+-----------+--------+--------+--------+--------+
|   Total   |   42   |   19   |  3285  |  5034  |
+-----------+--------+--------+--------+--------+
