Copyright 1986-1999, 2001-2013 Xilinx, Inc. All Rights Reserved.
------------------------------------------------------------------------------------------------
| Tool Version : Vivado v.2013.4 (lin64) Build 353583 Mon Dec  9 17:26:26 MST 2013
| Date         : Fri Mar 28 11:41:00 2014
| Host         : ee-boxer0 running 64-bit Ubuntu 10.04.4 LTS
| Command      : report_control_sets -verbose -file zynq_system_wrapper_control_sets_placed.rpt
| Design       : zynq_system_wrapper
| Device       : xc7z020
------------------------------------------------------------------------------------------------

Control Set Information

Table of Contents
-----------------
1. Summary
2. Flip-Flop Distribution
3. Detailed Control Set Information

1. Summary
----------

+-------------------------------------------------------------------+-------+
|                               Status                              | Count |
+-------------------------------------------------------------------+-------+
| Number of unique control sets                                     |    50 |
| Minimum Number of register sites lost to control set restrictions |    83 |
+-------------------------------------------------------------------+-------+


2. Flip-Flop Distribution
-------------------------

+--------------+-----------------------+------------------------+-----------------+--------------+
| Clock Enable | Synchronous Set/Reset | Asynchronous Set/Reset | Total Registers | Total Slices |
+--------------+-----------------------+------------------------+-----------------+--------------+
| No           | No                    | No                     |             665 |          222 |
| No           | No                    | Yes                    |               0 |            0 |
| No           | Yes                   | No                     |              96 |           32 |
| Yes          | No                    | No                     |             689 |          181 |
| Yes          | No                    | Yes                    |               0 |            0 |
| Yes          | Yes                   | No                     |             163 |           51 |
+--------------+-----------------------+------------------------+-----------------+--------------+


3. Detailed Control Set Information
-----------------------------------

+--------------------------------------------------+------------------------------------------------------------------------------------------------------------------------------------------+-----------------------------------------------------------------------------------------------------------------------------------------------------------------------------------------------------------+------------------+----------------+
|                   Clock Signal                   |                                                               Enable Signal                                                              |                                                                                              Set/Reset Signal                                                                                             | Slice Load Count | Bel Load Count |
+--------------------------------------------------+------------------------------------------------------------------------------------------------------------------------------------------+-----------------------------------------------------------------------------------------------------------------------------------------------------------------------------------------------------------+------------------+----------------+
|  zynq_system_i/processing_system7_0/U0/FCLK_CLK0 | zynq_system_i/processing_system7_0_axi_periph/s00_couplers/auto_pc/inst/gen_axilite.gen_b2s_conv.axilite_b2s/WR.b_channel_0/bresp_push   |                                                                                                                                                                                                           |                1 |              2 |
|  zynq_system_i/processing_system7_0/U0/FCLK_CLK0 | zynq_system_i/processing_system7_0_axi_periph/s00_couplers/auto_pc/n_0_axlen_cnt[3]_i_1                                                  |                                                                                                                                                                                                           |                1 |              4 |
|  zynq_system_i/processing_system7_0/U0/FCLK_CLK0 | zynq_system_i/processing_system7_0_axi_periph/s00_couplers/auto_pc/n_0_axlen_cnt[3]_i_1__1                                               |                                                                                                                                                                                                           |                1 |              4 |
|  zynq_system_i/processing_system7_0/U0/FCLK_CLK0 | zynq_system_i/processing_system7_0_axi_periph/s00_couplers/auto_pc/n_0_axlen_cnt[3]_i_1__0                                               |                                                                                                                                                                                                           |                2 |              4 |
|  zynq_system_i/processing_system7_0/U0/FCLK_CLK0 | zynq_system_i/processing_system7_0_axi_periph/s00_couplers/auto_pc/n_0_axlen_cnt[3]_i_1__0                                               | zynq_system_i/processing_system7_0_axi_periph/s00_couplers/auto_pc/n_0_axlen_cnt[7]_i_1__0                                                                                                                |                1 |              4 |
|  zynq_system_i/processing_system7_0/U0/FCLK_CLK0 | zynq_system_i/vivado_activity_thread_0/inst/vivado_activity_thread_CORE_IO_if_U/ar_hs                                                    |                                                                                                                                                                                                           |                3 |              5 |
|  zynq_system_i/processing_system7_0/U0/FCLK_CLK0 |                                                                                                                                          | zynq_system_i/vivado_activity_thread_0/inst/vivado_activity_thread_U/vivado_activity_thread_fmul_32ns_32ns_32_4_max_dsp_U2/vivado_activity_thread_ap_fmul_2_max_dsp_u/U0/i_synth/MULT.OP/EXP/state_dec[0] |                3 |              6 |
|  zynq_system_i/processing_system7_0/U0/FCLK_CLK0 | zynq_system_i/proc_sys_reset/U0/SEQ/seq_cnt_en                                                                                           | zynq_system_i/proc_sys_reset/U0/clear                                                                                                                                                                     |                1 |              6 |
|  zynq_system_i/processing_system7_0/U0/FCLK_CLK0 | zynq_system_i/vivado_activity_thread_0/n_0_tmp_pn_reg_162[31]_i_2                                                                        | zynq_system_i/vivado_activity_thread_0/n_0_tmp_pn_reg_162[29]_i_1                                                                                                                                         |                3 |              7 |
|  zynq_system_i/processing_system7_0/U0/FCLK_CLK0 | zynq_system_i/vivado_activity_thread_0/inst/vivado_activity_thread_CORE_IO_if_U/aw_hs                                                    |                                                                                                                                                                                                           |                2 |              7 |
|  zynq_system_i/processing_system7_0/U0/FCLK_CLK0 | zynq_system_i/processing_system7_0_axi_periph/s00_couplers/auto_pc/inst/gen_axilite.gen_b2s_conv.axilite_b2s/WR.b_channel_0/mhandshake_r | zynq_system_i/processing_system7_0_axi_periph/s00_couplers/auto_pc/inst/gen_axilite.gen_b2s_conv.axilite_b2s/WR.b_channel_0/s_bresp_acc0                                                                  |                2 |              8 |
|  zynq_system_i/processing_system7_0/U0/FCLK_CLK0 | zynq_system_i/processing_system7_0_axi_periph/s00_couplers/auto_pc/n_0_axaddr_incr[0]_i_1                                                |                                                                                                                                                                                                           |                2 |              8 |
|  zynq_system_i/processing_system7_0/U0/FCLK_CLK0 | zynq_system_i/processing_system7_0_axi_periph/s00_couplers/auto_pc/n_0_axaddr_wrap[11]_i_1__0                                            |                                                                                                                                                                                                           |                2 |              8 |
|  zynq_system_i/processing_system7_0/U0/FCLK_CLK0 | zynq_system_i/processing_system7_0_axi_periph/s00_couplers/auto_pc/n_0_wrap_boundary_axaddr_r[11]_i_1__0                                 |                                                                                                                                                                                                           |                3 |              8 |
|  zynq_system_i/processing_system7_0/U0/FCLK_CLK0 | zynq_system_i/processing_system7_0_axi_periph/s00_couplers/auto_pc/n_0_wrap_boundary_axaddr_r[11]_i_1                                    |                                                                                                                                                                                                           |                2 |              8 |
|  zynq_system_i/processing_system7_0/U0/FCLK_CLK0 | zynq_system_i/processing_system7_0_axi_periph/s00_couplers/auto_pc/n_0_axlen_cnt[7]_i_1                                                  |                                                                                                                                                                                                           |                3 |              8 |
|  zynq_system_i/processing_system7_0/U0/FCLK_CLK0 |                                                                                                                                          | zynq_system_i/processing_system7_0_axi_periph/s00_couplers/auto_pc/n_0_areset_d1_i_1                                                                                                                      |                4 |              8 |
|  zynq_system_i/processing_system7_0/U0/FCLK_CLK0 | zynq_system_i/processing_system7_0_axi_periph/s00_couplers/auto_pc/n_0_axaddr_wrap[11]_i_1                                               |                                                                                                                                                                                                           |                2 |              8 |
|  zynq_system_i/processing_system7_0/U0/FCLK_CLK0 | zynq_system_i/processing_system7_0_axi_periph/s00_couplers/auto_pc/n_0_axaddr_incr[0]_i_1__0                                             |                                                                                                                                                                                                           |                2 |              8 |
|  zynq_system_i/processing_system7_0/U0/FCLK_CLK0 | zynq_system_i/vivado_activity_thread_0/n_0_p_1_reg_307[9]_i_1                                                                            |                                                                                                                                                                                                           |                2 |             10 |
|  zynq_system_i/processing_system7_0/U0/FCLK_CLK0 | zynq_system_i/vivado_activity_thread_0/result_sqrd_0_WEN_A[0]                                                                            | zynq_system_i/vivado_activity_thread_0/n_0_p_reg_150[9]_i_1                                                                                                                                               |                2 |             10 |
|  zynq_system_i/processing_system7_0/U0/FCLK_CLK0 |                                                                                                                                          | zynq_system_i/vivado_activity_thread_0/result_0_Rst_A                                                                                                                                                     |                7 |             11 |
|  zynq_system_i/processing_system7_0/U0/FCLK_CLK0 | zynq_system_i/processing_system7_0_axi_periph/s00_couplers/auto_pc/inst/gen_axilite.gen_b2s_conv.axilite_b2s/RD.r_channel_0/r_push_r     |                                                                                                                                                                                                           |                4 |             13 |
|  zynq_system_i/processing_system7_0/U0/FCLK_CLK0 | zynq_system_i/vivado_activity_thread_0/n_0_pp_1_reg_315[12]_i_1                                                                          |                                                                                                                                                                                                           |                4 |             13 |
|  zynq_system_i/processing_system7_0/U0/FCLK_CLK0 | zynq_system_i/processing_system7_0_axi_periph/s00_couplers/auto_pc/inst/gen_axilite.gen_b2s_conv.axilite_b2s/SI_REG/b_pipe/p_1_in        |                                                                                                                                                                                                           |                2 |             14 |
|  zynq_system_i/processing_system7_0/U0/FCLK_CLK0 | zynq_system_i/processing_system7_0_axi_periph/s00_couplers/auto_pc/inst/gen_axilite.gen_b2s_conv.axilite_b2s/si_rs_bready                |                                                                                                                                                                                                           |                3 |             14 |
|  zynq_system_i/processing_system7_0/U0/FCLK_CLK0 | zynq_system_i/processing_system7_0_axi_periph/s00_couplers/auto_pc/inst/gen_axilite.gen_b2s_conv.axilite_b2s/b_push                      |                                                                                                                                                                                                           |                3 |             20 |
|  zynq_system_i/processing_system7_0/U0/FCLK_CLK0 | zynq_system_i/vivado_activity_thread_0/n_0_tmp_pn_reg_162[31]_i_2                                                                        | zynq_system_i/vivado_activity_thread_0/n_0_tmp_pn_reg_162[31]_i_1                                                                                                                                         |                9 |             24 |
|  zynq_system_i/processing_system7_0/U0/FCLK_CLK0 | zynq_system_i/vivado_activity_thread_0/inst/vivado_activity_thread_CORE_IO_if_U/ar_hs                                                    | zynq_system_i/vivado_activity_thread_0/n_0_rdata[31]_i_1                                                                                                                                                  |               11 |             27 |
|  zynq_system_i/processing_system7_0/U0/FCLK_CLK0 | zynq_system_i/processing_system7_0_axi_periph/s00_couplers/auto_pc/inst/gen_axilite.gen_b2s_conv.axilite_b2s/SI_REG/ar_pipe/p_1_in       |                                                                                                                                                                                                           |                6 |             28 |
|  zynq_system_i/processing_system7_0/U0/FCLK_CLK0 | zynq_system_i/processing_system7_0_axi_periph/s00_couplers/auto_pc/inst/gen_axilite.gen_b2s_conv.axilite_b2s/SI_REG/aw_pipe/p_1_in       |                                                                                                                                                                                                           |                7 |             28 |
|  zynq_system_i/processing_system7_0/U0/FCLK_CLK0 | zynq_system_i/processing_system7_0_axi_periph/s00_couplers/auto_pc/s_axi_awready                                                         |                                                                                                                                                                                                           |                7 |             28 |
|  zynq_system_i/processing_system7_0/U0/FCLK_CLK0 | zynq_system_i/processing_system7_0_axi_periph/s00_couplers/auto_pc/s_axi_arready                                                         |                                                                                                                                                                                                           |                7 |             28 |
|  zynq_system_i/processing_system7_0/U0/FCLK_CLK0 | zynq_system_i/vivado_activity_thread_0/inst/vivado_activity_thread_U/reg_2390                                                            |                                                                                                                                                                                                           |               11 |             32 |
|  zynq_system_i/processing_system7_0/U0/FCLK_CLK0 | zynq_system_i/vivado_activity_thread_0/n_0_tmp_1_i_reg_330[31]_i_1                                                                       |                                                                                                                                                                                                           |               10 |             32 |
|  zynq_system_i/processing_system7_0/U0/FCLK_CLK0 | zynq_system_i/vivado_activity_thread_0/n_0__kernel_arg_o_a_0_strike_price[31]_i_1                                                        |                                                                                                                                                                                                           |                9 |             32 |
|  zynq_system_i/processing_system7_0/U0/FCLK_CLK0 | zynq_system_i/vivado_activity_thread_0/p_0_in0                                                                                           |                                                                                                                                                                                                           |                7 |             32 |
|  zynq_system_i/processing_system7_0/U0/FCLK_CLK0 | zynq_system_i/vivado_activity_thread_0/n_0__kernel_arg_o_a_0_time_period[31]_i_1                                                         |                                                                                                                                                                                                           |                9 |             32 |
|  zynq_system_i/processing_system7_0/U0/FCLK_CLK0 | zynq_system_i/vivado_activity_thread_0/n_0__kernel_arg_u_a_0_rfir[31]_i_1                                                                |                                                                                                                                                                                                           |                9 |             32 |
|  zynq_system_i/processing_system7_0/U0/FCLK_CLK0 | zynq_system_i/vivado_activity_thread_0/n_0__kernel_arg_u_a_0_current_price[31]_i_1                                                       |                                                                                                                                                                                                           |                9 |             32 |
|  zynq_system_i/processing_system7_0/U0/FCLK_CLK0 | zynq_system_i/vivado_activity_thread_0/n_0_delta_time_0_reg_293[31]_i_1                                                                  |                                                                                                                                                                                                           |                9 |             32 |
|  zynq_system_i/processing_system7_0/U0/FCLK_CLK0 | zynq_system_i/vivado_activity_thread_0/n_0_storemerge_i_reg_358[31]_i_1                                                                  |                                                                                                                                                                                                           |               13 |             32 |
|  zynq_system_i/processing_system7_0/U0/FCLK_CLK0 | zynq_system_i/vivado_activity_thread_0/n_0_tmp_i_3_reg_335[31]_i_1                                                                       |                                                                                                                                                                                                           |                7 |             32 |
|  zynq_system_i/processing_system7_0/U0/FCLK_CLK0 | zynq_system_i/vivado_activity_thread_0/n_0__kernel_arg_o_a_0_call[31]_i_1                                                                |                                                                                                                                                                                                           |                8 |             32 |
|  zynq_system_i/processing_system7_0/U0/FCLK_CLK0 | zynq_system_i/processing_system7_0_axi_periph/s00_couplers/auto_pc/inst/gen_axilite.gen_b2s_conv.axilite_b2s/RD.r_channel_0/wr_en0       |                                                                                                                                                                                                           |                9 |             34 |
|  zynq_system_i/processing_system7_0/U0/FCLK_CLK0 | zynq_system_i/processing_system7_0_axi_periph/s00_couplers/auto_pc/inst/gen_axilite.gen_b2s_conv.axilite_b2s/SI_REG/r_pipe/p_1_in        |                                                                                                                                                                                                           |                8 |             47 |
|  zynq_system_i/processing_system7_0/U0/FCLK_CLK0 | zynq_system_i/processing_system7_0_axi_periph/s00_couplers/auto_pc/inst/gen_axilite.gen_b2s_conv.axilite_b2s/si_rs_rready                |                                                                                                                                                                                                           |                9 |             47 |
|  zynq_system_i/processing_system7_0/U0/FCLK_CLK0 |                                                                                                                                          | zynq_system_i/processing_system7_0_axi_periph/s00_couplers/auto_pc/inst/gen_axilite.gen_b2s_conv.axilite_b2s/areset_d1                                                                                    |               18 |             71 |
|  zynq_system_i/processing_system7_0/U0/FCLK_CLK0 | zynq_system_i/vivado_activity_thread_0/n_0_kernel_arg_u_v_0_gamma_load_2_reg_186[31]_i_2                                                 | zynq_system_i/vivado_activity_thread_0/n_0_kernel_arg_u_v_0_gamma_load_2_reg_186[31]_i_1                                                                                                                  |               22 |             77 |
|  zynq_system_i/processing_system7_0/U0/FCLK_CLK0 |                                                                                                                                          |                                                                                                                                                                                                           |              226 |            679 |
+--------------------------------------------------+------------------------------------------------------------------------------------------------------------------------------------------+-----------------------------------------------------------------------------------------------------------------------------------------------------------------------------------------------------------+------------------+----------------+


