
*** Running vivado
    with args -log vivado_activity_thread.rdi -applog -m64 -messageDb vivado.pb -mode batch -source vivado_activity_thread.tcl -notrace


****** Vivado v2013.4 (64-bit)
  **** SW Build 353583 on Mon Dec  9 17:26:26 MST 2013
  **** IP Build 208076 on Mon Dec  2 12:38:17 MST 2013
    ** Copyright 1986-1999, 2001-2013 Xilinx, Inc. All Rights Reserved.

Attempting to get a license: Implementation
Feature available: Implementation
Loading parts and site information from /mnt/cas_nfs/applications/Xilinx/Vivado/2013.4/data/parts/arch.xml
Parsing RTL primitives file [/mnt/cas_nfs/applications/Xilinx/Vivado/2013.4/data/parts/xilinx/rtl/prims/rtl_prims.xml]
Finished parsing RTL primitives file [/mnt/cas_nfs/applications/Xilinx/Vivado/2013.4/data/parts/xilinx/rtl/prims/rtl_prims.xml]
source vivado_activity_thread.tcl -notrace
Command: open_checkpoint /home/ee/s/sf306/ForwardFinancialFramework/Platforms/VivadoFPGA/hls_prj/F3_VivadoHLS_core/impl/vhdl/project.runs/impl_1/vivado_activity_thread.dcp
INFO: [Netlist 29-17] Analyzing 12 Unisim elements for replacement
INFO: [Netlist 29-28] Unisim Transformation completed in 0 CPU seconds
INFO: [Project 1-479] Netlist was created with Vivado 2013.4
Loading clock regions from /mnt/cas_nfs/applications/Xilinx/Vivado/2013.4/data/parts/xilinx/zynq/zynq/xc7z020/ClockRegion.xml
Loading clock buffers from /mnt/cas_nfs/applications/Xilinx/Vivado/2013.4/data/parts/xilinx/zynq/zynq/xc7z020/ClockBuffers.xml
Loading clock placement rules from /mnt/cas_nfs/applications/Xilinx/Vivado/2013.4/data/parts/xilinx/zynq/ClockPlacerRules.xml
Loading package pin functions from /mnt/cas_nfs/applications/Xilinx/Vivado/2013.4/data/parts/xilinx/zynq/PinFunctions.xml...
Loading package from /mnt/cas_nfs/applications/Xilinx/Vivado/2013.4/data/parts/xilinx/zynq/zynq/xc7z020/clg484/Package.xml
Loading io standards from /mnt/cas_nfs/applications/Xilinx/Vivado/2013.4/data/./parts/xilinx/zynq/IOStandards.xml
Parsing XDC File [/home/ee/s/sf306/ForwardFinancialFramework/Platforms/VivadoFPGA/hls_prj/F3_VivadoHLS_core/impl/vhdl/project.runs/impl_1/.Xil/Vivado-17526-ee-boxer0/dcp/vivado_activity_thread_early.xdc]
WARNING: [Constraints 18-619] A clock with name 'aclk' already exists, overwriting the previous clock with the same name. [/home/ee/s/sf306/ForwardFinancialFramework/Platforms/VivadoFPGA/hls_prj/F3_VivadoHLS_core/impl/vhdl/project.srcs/sources_1/ip/vivado_activity_thread_ap_fmul_2_max_dsp/vivado_activity_thread_ap_fmul_2_max_dsp_ooc.xdc:6]
WARNING: [Constraints 18-619] A clock with name 'aclk' already exists, overwriting the previous clock with the same name. [/home/ee/s/sf306/ForwardFinancialFramework/Platforms/VivadoFPGA/hls_prj/F3_VivadoHLS_core/impl/vhdl/project.srcs/sources_1/ip/vivado_activity_thread_ap_faddfsub_3_full_dsp/vivado_activity_thread_ap_faddfsub_3_full_dsp_ooc.xdc:6]
WARNING: [Constraints 18-619] A clock with name 'aclk' already exists, overwriting the previous clock with the same name. [/home/ee/s/sf306/ForwardFinancialFramework/Platforms/VivadoFPGA/hls_prj/F3_VivadoHLS_core/impl/vhdl/project.srcs/sources_1/ip/vivado_activity_thread_ap_fexp_7_full_dsp/vivado_activity_thread_ap_fexp_7_full_dsp_ooc.xdc:6]
Finished Parsing XDC File [/home/ee/s/sf306/ForwardFinancialFramework/Platforms/VivadoFPGA/hls_prj/F3_VivadoHLS_core/impl/vhdl/project.runs/impl_1/.Xil/Vivado-17526-ee-boxer0/dcp/vivado_activity_thread_early.xdc]
Parsing XDC File [/home/ee/s/sf306/ForwardFinancialFramework/Platforms/VivadoFPGA/hls_prj/F3_VivadoHLS_core/impl/vhdl/project.runs/impl_1/.Xil/Vivado-17526-ee-boxer0/dcp/vivado_activity_thread.xdc]
INFO: [Vivado 12-2286] Implicit search of objects for pattern 'ap_clk' matched to 'port' objects. [/home/ee/s/sf306/ForwardFinancialFramework/Platforms/VivadoFPGA/hls_prj/F3_VivadoHLS_core/impl/vhdl/vivado_activity_thread.xdc:1]
Resolution: To avoid ambiguous patterns, provide proper objects using get commands e.g. [get_nets xyz].
Finished Parsing XDC File [/home/ee/s/sf306/ForwardFinancialFramework/Platforms/VivadoFPGA/hls_prj/F3_VivadoHLS_core/impl/vhdl/project.runs/impl_1/.Xil/Vivado-17526-ee-boxer0/dcp/vivado_activity_thread.xdc]
INFO: [Opt 31-138] Pushed 0 inverter(s).
INFO: [Project 1-111] Unisim Transformation Summary:
No Unisim elements were transformed.

INFO: [Project 1-484] Checkpoint was created with build 353583
open_checkpoint: Time (s): cpu = 00:00:17 ; elapsed = 00:00:17 . Memory (MB): peak = 1371.414 ; gain = 653.766
Command: opt_design
Attempting to get a license for feature 'Implementation' and/or device 'xc7z020'
INFO: [Common 17-349] Got license for feature 'Implementation' and/or device 'xc7z020'
Running DRC as a precondition to command opt_design

Starting DRC Task
INFO: [Drc 23-27] Running DRC with 8 threads
INFO: [Project 1-461] DRC finished with 0 Errors
INFO: [Project 1-462] Please refer to the DRC report (report_drc) for more information.

Time (s): cpu = 00:00:00.18 ; elapsed = 00:00:00.17 . Memory (MB): peak = 1381.441 ; gain = 10.023

Starting Logic Optimization Task
INFO: [Timing 38-35] Done setting XDC timing constraints.

Phase 1 Retarget

WARNING: [Opt 31-155] Driverless net vivado_activity_thread_fcmp_32ns_32ns_1_3_U3/vivado_activity_thread_ap_fcmp_1_no_dsp_u/U0/i_synth/s_axis_operation_tvalid is driving LUT input pin I1 which is used by the LUT equation. If the LUT is not removed or a driver added, this warning will become an error. LUT cell name: vivado_activity_thread_fcmp_32ns_32ns_1_3_U3/vivado_activity_thread_ap_fcmp_1_no_dsp_u/U0/i_synth/opt_has_pipe.first_q[0]_i_1
INFO: [Opt 31-138] Pushed 4 inverter(s).
INFO: [Opt 31-49] Retargeted 0 cell(s).
Phase 1 Retarget | Checksum: 1937552b8

Time (s): cpu = 00:00:00.84 ; elapsed = 00:00:00.74 . Memory (MB): peak = 1404.426 ; gain = 22.984

Phase 2 Constant Propagation
INFO: [Opt 31-138] Pushed 1 inverter(s).
INFO: [Opt 31-10] Eliminated 112 cells.
Phase 2 Constant Propagation | Checksum: 1d1847563

Time (s): cpu = 00:00:01 ; elapsed = 00:00:01 . Memory (MB): peak = 1404.426 ; gain = 22.984

Phase 3 Sweep
INFO: [Opt 31-12] Eliminated 1587 unconnected nets.
INFO: [Opt 31-11] Eliminated 194 unconnected cells.
Phase 3 Sweep | Checksum: 109aa42f5

Time (s): cpu = 00:00:01 ; elapsed = 00:00:01 . Memory (MB): peak = 1404.426 ; gain = 22.984
Ending Logic Optimization Task | Checksum: 109aa42f5

Time (s): cpu = 00:00:01 ; elapsed = 00:00:01 . Memory (MB): peak = 1404.426 ; gain = 22.984
Implement Debug Cores | Checksum: 2415b384e
Logic Optimization | Checksum: 2415b384e

Starting Power Optimization Task
Ending Power Optimization Task | Checksum: 109aa42f5

Time (s): cpu = 00:00:00 ; elapsed = 00:00:00 . Memory (MB): peak = 1404.426 ; gain = 0.000
INFO: [Common 17-83] Releasing license: Implementation
19 Infos, 4 Warnings, 0 Critical Warnings and 0 Errors encountered.
opt_design completed successfully
INFO: [Timing 38-35] Done setting XDC timing constraints.
Command: place_design
Attempting to get a license for feature 'Implementation' and/or device 'xc7z020'
INFO: [Common 17-349] Got license for feature 'Implementation' and/or device 'xc7z020'
Running DRC as a precondition to command place_design
INFO: [Drc 23-27] Running DRC with 8 threads
INFO: [Vivado_Tcl 4-198] DRC finished with 0 Errors
INFO: [Vivado_Tcl 4-199] Please refer to the DRC report (report_drc) for more information.

Starting Placer Task
INFO: [Place 30-611] Multithreading enabled for place_design using a maximum of 4 CPUs

Phase 1 Placer Initialization

Phase 1.1 Placer Initialization Core
Netlist sorting complete. Time (s): cpu = 00:00:00 ; elapsed = 00:00:00 . Memory (MB): peak = 1407.430 ; gain = 0.000

Phase 1.1.1 Mandatory Logic Optimization
INFO: [Opt 31-138] Pushed 0 inverter(s).
Netlist sorting complete. Time (s): cpu = 00:00:00 ; elapsed = 00:00:00 . Memory (MB): peak = 1407.430 ; gain = 0.000
Phase 1.1.1 Mandatory Logic Optimization | Checksum: 99f8b879

Time (s): cpu = 00:00:00.07 ; elapsed = 00:00:00.08 . Memory (MB): peak = 1407.430 ; gain = 0.004

Phase 1.1.2 Build Super Logic Region (SLR) Database
Phase 1.1.2 Build Super Logic Region (SLR) Database | Checksum: 99f8b879

Time (s): cpu = 00:00:00.08 ; elapsed = 00:00:00.09 . Memory (MB): peak = 1407.430 ; gain = 0.004

Phase 1.1.3 Add Constraints
Phase 1.1.3 Add Constraints | Checksum: 99f8b879

Time (s): cpu = 00:00:00.08 ; elapsed = 00:00:00.09 . Memory (MB): peak = 1407.430 ; gain = 0.004

Phase 1.1.4 Build Macros
Phase 1.1.4 Build Macros | Checksum: f47a6311

Time (s): cpu = 00:00:00.28 ; elapsed = 00:00:00.29 . Memory (MB): peak = 1407.430 ; gain = 0.004

Phase 1.1.5 Implementation Feasibility check
Phase 1.1.5 Implementation Feasibility check | Checksum: f47a6311

Time (s): cpu = 00:00:00.50 ; elapsed = 00:00:00.51 . Memory (MB): peak = 1407.430 ; gain = 0.004

Phase 1.1.6 Pre-Place Cells
Phase 1.1.6 Pre-Place Cells | Checksum: f47a6311

Time (s): cpu = 00:00:00.52 ; elapsed = 00:00:00.53 . Memory (MB): peak = 1407.430 ; gain = 0.004

Phase 1.1.7 IO Placement/ Clock Placement/ Build Placer Device
Phase 1.1.7 IO Placement/ Clock Placement/ Build Placer Device | Checksum: f47a6311

Time (s): cpu = 00:00:00.93 ; elapsed = 00:00:00.86 . Memory (MB): peak = 1413.438 ; gain = 6.012

Phase 1.1.8 Build Placer Netlist Model

Phase 1.1.8.1 Place Init Design

Phase 1.1.8.1.1 Build Clock Data
Phase 1.1.8.1.1 Build Clock Data | Checksum: 1b7835ba0

Time (s): cpu = 00:00:03 ; elapsed = 00:00:02 . Memory (MB): peak = 1416.438 ; gain = 9.012
Phase 1.1.8.1 Place Init Design | Checksum: 15eaf30e7

Time (s): cpu = 00:00:03 ; elapsed = 00:00:02 . Memory (MB): peak = 1417.438 ; gain = 10.012
Phase 1.1.8 Build Placer Netlist Model | Checksum: 15eaf30e7

Time (s): cpu = 00:00:03 ; elapsed = 00:00:02 . Memory (MB): peak = 1417.438 ; gain = 10.012

Phase 1.1.9 Constrain Clocks/Macros

Phase 1.1.9.1 Constrain Global/Regional Clocks
Phase 1.1.9.1 Constrain Global/Regional Clocks | Checksum: 15eaf30e7

Time (s): cpu = 00:00:03 ; elapsed = 00:00:02 . Memory (MB): peak = 1417.438 ; gain = 10.012
Phase 1.1.9 Constrain Clocks/Macros | Checksum: 15eaf30e7

Time (s): cpu = 00:00:03 ; elapsed = 00:00:02 . Memory (MB): peak = 1417.438 ; gain = 10.012
Phase 1.1 Placer Initialization Core | Checksum: 15eaf30e7

Time (s): cpu = 00:00:03 ; elapsed = 00:00:02 . Memory (MB): peak = 1417.438 ; gain = 10.012
Phase 1 Placer Initialization | Checksum: 15eaf30e7

Time (s): cpu = 00:00:03 ; elapsed = 00:00:02 . Memory (MB): peak = 1417.438 ; gain = 10.012

Phase 2 Global Placement
Phase 2 Global Placement | Checksum: 23739f90a

Time (s): cpu = 00:00:15 ; elapsed = 00:00:06 . Memory (MB): peak = 1433.438 ; gain = 26.012

Phase 3 Detail Placement

Phase 3.1 Commit Multi Column Macros
Phase 3.1 Commit Multi Column Macros | Checksum: 23739f90a

Time (s): cpu = 00:00:15 ; elapsed = 00:00:06 . Memory (MB): peak = 1433.438 ; gain = 26.012

Phase 3.2 Commit Most Macros & LUTRAMs
Phase 3.2 Commit Most Macros & LUTRAMs | Checksum: 21725ccb2

Time (s): cpu = 00:00:16 ; elapsed = 00:00:07 . Memory (MB): peak = 1442.453 ; gain = 35.027

Phase 3.3 Area Swap Optimization
Phase 3.3 Area Swap Optimization | Checksum: 2e247e7dd

Time (s): cpu = 00:00:16 ; elapsed = 00:00:07 . Memory (MB): peak = 1442.453 ; gain = 35.027

Phase 3.4 Timing Path Optimizer
Phase 3.4 Timing Path Optimizer | Checksum: 23dedd067

Time (s): cpu = 00:00:16 ; elapsed = 00:00:07 . Memory (MB): peak = 1442.453 ; gain = 35.027

Phase 3.5 Commit Small Macros & Core Logic
Phase 3.5 Commit Small Macros & Core Logic | Checksum: 23ad5bfee

Time (s): cpu = 00:00:17 ; elapsed = 00:00:08 . Memory (MB): peak = 1457.582 ; gain = 50.156

Phase 3.6 Re-assign LUT pins
Phase 3.6 Re-assign LUT pins | Checksum: 23ad5bfee

Time (s): cpu = 00:00:17 ; elapsed = 00:00:08 . Memory (MB): peak = 1457.582 ; gain = 50.156
Phase 3 Detail Placement | Checksum: 23ad5bfee

Time (s): cpu = 00:00:17 ; elapsed = 00:00:08 . Memory (MB): peak = 1457.582 ; gain = 50.156

Phase 4 Post Placement Optimization and Clean-Up

Phase 4.1 PCOPT Shape updates
Phase 4.1 PCOPT Shape updates | Checksum: 2830fca02

Time (s): cpu = 00:00:18 ; elapsed = 00:00:08 . Memory (MB): peak = 1457.582 ; gain = 50.156

Phase 4.2 Post Placement Optimization

Phase 4.2.1 Post Placement Timing Optimization
Phase 4.2.1 Post Placement Timing Optimization | Checksum: 28ae0af1e

Time (s): cpu = 00:00:19 ; elapsed = 00:00:09 . Memory (MB): peak = 1457.582 ; gain = 50.156
Phase 4.2 Post Placement Optimization | Checksum: 28ae0af1e

Time (s): cpu = 00:00:19 ; elapsed = 00:00:09 . Memory (MB): peak = 1457.582 ; gain = 50.156

Phase 4.3 Post Placement Cleanup
Phase 4.3 Post Placement Cleanup | Checksum: 28ae0af1e

Time (s): cpu = 00:00:19 ; elapsed = 00:00:09 . Memory (MB): peak = 1457.582 ; gain = 50.156

Phase 4.4 Placer Reporting

Phase 4.4.1 Congestion Reporting
Phase 4.4.1 Congestion Reporting | Checksum: 28ae0af1e

Time (s): cpu = 00:00:19 ; elapsed = 00:00:09 . Memory (MB): peak = 1457.582 ; gain = 50.156

Phase 4.4.2 updateTiming final
Phase 4.4.2 updateTiming final | Checksum: 20c39bc3e

Time (s): cpu = 00:00:20 ; elapsed = 00:00:09 . Memory (MB): peak = 1457.582 ; gain = 50.156

Phase 4.4.3 Dump Critical Paths 
Phase 4.4.3 Dump Critical Paths  | Checksum: 20c39bc3e

Time (s): cpu = 00:00:20 ; elapsed = 00:00:09 . Memory (MB): peak = 1457.582 ; gain = 50.156

Phase 4.4.4 Restore STA
Phase 4.4.4 Restore STA | Checksum: 20c39bc3e

Time (s): cpu = 00:00:20 ; elapsed = 00:00:09 . Memory (MB): peak = 1457.582 ; gain = 50.156

Phase 4.4.5 Print Final WNS
INFO: [Place 30-100] Post Placement Timing Summary | WNS=1.860  | TNS=0.000  |

Phase 4.4.5 Print Final WNS | Checksum: 20c39bc3e

Time (s): cpu = 00:00:23 ; elapsed = 00:00:10 . Memory (MB): peak = 1457.582 ; gain = 50.156
Phase 4.4 Placer Reporting | Checksum: 20c39bc3e

Time (s): cpu = 00:00:23 ; elapsed = 00:00:10 . Memory (MB): peak = 1457.582 ; gain = 50.156

Phase 4.5 Final Placement Cleanup
Phase 4.5 Final Placement Cleanup | Checksum: 18fce1cbe

Time (s): cpu = 00:00:23 ; elapsed = 00:00:10 . Memory (MB): peak = 1457.582 ; gain = 50.156
Phase 4 Post Placement Optimization and Clean-Up | Checksum: 18fce1cbe

Time (s): cpu = 00:00:23 ; elapsed = 00:00:10 . Memory (MB): peak = 1457.582 ; gain = 50.156
Ending Placer Task | Checksum: 1812721f5

Time (s): cpu = 00:00:23 ; elapsed = 00:00:10 . Memory (MB): peak = 1457.582 ; gain = 50.156
INFO: [Common 17-83] Releasing license: Implementation
28 Infos, 4 Warnings, 0 Critical Warnings and 0 Errors encountered.
place_design completed successfully
place_design: Time (s): cpu = 00:00:23 ; elapsed = 00:00:11 . Memory (MB): peak = 1457.582 ; gain = 53.152
INFO: [Timing 38-163] DEBUG : Generate clock report | CPU: 0.85 secs 

report_utilization: Time (s): cpu = 00:00:00.65 ; elapsed = 00:00:00.75 . Memory (MB): peak = 1462.598 ; gain = 0.000
INFO: [Designutils 20-134] DEBUG : Generate Control Sets report | CPU: 0.65 secs 
Writing XDEF routing.
Writing XDEF routing logical nets.
Writing XDEF routing special nets.
Write XDEF Complete: Time (s): cpu = 00:00:00.31 ; elapsed = 00:00:00.31 . Memory (MB): peak = 1462.602 ; gain = 0.000
Command: phys_opt_design
Attempting to get a license for feature 'Implementation' and/or device 'xc7z020'
INFO: [Common 17-349] Got license for feature 'Implementation' and/or device 'xc7z020'
INFO: [Vivado_Tcl 4-232] No setup violation found. The netlist was not modified.
INFO: [Common 17-83] Releasing license: Implementation
33 Infos, 4 Warnings, 0 Critical Warnings and 0 Errors encountered.
phys_opt_design completed successfully
Writing XDEF routing.
Writing XDEF routing logical nets.
Writing XDEF routing special nets.
Write XDEF Complete: Time (s): cpu = 00:00:00.32 ; elapsed = 00:00:00.32 . Memory (MB): peak = 1462.602 ; gain = 0.000
Command: route_design
Attempting to get a license for feature 'Implementation' and/or device 'xc7z020'
INFO: [Common 17-349] Got license for feature 'Implementation' and/or device 'xc7z020'
Running DRC as a precondition to command route_design
INFO: [Drc 23-27] Running DRC with 8 threads
INFO: [Vivado_Tcl 4-198] DRC finished with 0 Errors
INFO: [Vivado_Tcl 4-199] Please refer to the DRC report (report_drc) for more information.


Starting Routing Task
INFO: [Route 35-254] Multithreading enabled for route_design using a maximum of 4 CPUs

Starting Route Task

Phase 1 Build RT Design

Phase 1.1 Build Netlist & NodeGraph
WARNING: [Route 35-198] Port "thread_arg_o_a_0_time_period[24]" does not have an associated HD.PARTPIN_LOCS, which will prevent the partial routing of the signal "thread_arg_o_a_0_time_period[24]". Without this partial route, timing analysis to/from this port will not be accurate, and no routing information for this port can be exported.
WARNING: [Route 35-198] Port "thread_arg_o_a_0_time_period[23]" does not have an associated HD.PARTPIN_LOCS, which will prevent the partial routing of the signal "thread_arg_o_a_0_time_period[23]". Without this partial route, timing analysis to/from this port will not be accurate, and no routing information for this port can be exported.
WARNING: [Route 35-198] Port "thread_arg_o_a_0_time_period[25]" does not have an associated HD.PARTPIN_LOCS, which will prevent the partial routing of the signal "thread_arg_o_a_0_time_period[25]". Without this partial route, timing analysis to/from this port will not be accurate, and no routing information for this port can be exported.
WARNING: [Route 35-198] Port "thread_arg_o_a_0_time_period[27]" does not have an associated HD.PARTPIN_LOCS, which will prevent the partial routing of the signal "thread_arg_o_a_0_time_period[27]". Without this partial route, timing analysis to/from this port will not be accurate, and no routing information for this port can be exported.
WARNING: [Route 35-198] Port "thread_arg_o_a_0_time_period[30]" does not have an associated HD.PARTPIN_LOCS, which will prevent the partial routing of the signal "thread_arg_o_a_0_time_period[30]". Without this partial route, timing analysis to/from this port will not be accurate, and no routing information for this port can be exported.
WARNING: [Route 35-198] Port "thread_arg_u_a_0_rfir[20]" does not have an associated HD.PARTPIN_LOCS, which will prevent the partial routing of the signal "thread_arg_u_a_0_rfir[20]". Without this partial route, timing analysis to/from this port will not be accurate, and no routing information for this port can be exported.
WARNING: [Route 35-198] Port "thread_arg_u_a_0_current_price[20]" does not have an associated HD.PARTPIN_LOCS, which will prevent the partial routing of the signal "thread_arg_u_a_0_current_price[20]". Without this partial route, timing analysis to/from this port will not be accurate, and no routing information for this port can be exported.
WARNING: [Route 35-198] Port "thread_arg_u_a_0_rfir[21]" does not have an associated HD.PARTPIN_LOCS, which will prevent the partial routing of the signal "thread_arg_u_a_0_rfir[21]". Without this partial route, timing analysis to/from this port will not be accurate, and no routing information for this port can be exported.
WARNING: [Route 35-198] Port "thread_arg_u_a_0_current_price[21]" does not have an associated HD.PARTPIN_LOCS, which will prevent the partial routing of the signal "thread_arg_u_a_0_current_price[21]". Without this partial route, timing analysis to/from this port will not be accurate, and no routing information for this port can be exported.
WARNING: [Route 35-198] Port "thread_arg_u_a_0_rfir[22]" does not have an associated HD.PARTPIN_LOCS, which will prevent the partial routing of the signal "thread_arg_u_a_0_rfir[22]". Without this partial route, timing analysis to/from this port will not be accurate, and no routing information for this port can be exported.
WARNING: [Route 35-198] Port "thread_arg_u_a_0_current_price[22]" does not have an associated HD.PARTPIN_LOCS, which will prevent the partial routing of the signal "thread_arg_u_a_0_current_price[22]". Without this partial route, timing analysis to/from this port will not be accurate, and no routing information for this port can be exported.
WARNING: [Route 35-198] Port "thread_arg_u_a_0_rfir[3]" does not have an associated HD.PARTPIN_LOCS, which will prevent the partial routing of the signal "thread_arg_u_a_0_rfir[3]". Without this partial route, timing analysis to/from this port will not be accurate, and no routing information for this port can be exported.
WARNING: [Route 35-198] Port "thread_arg_u_a_0_current_price[3]" does not have an associated HD.PARTPIN_LOCS, which will prevent the partial routing of the signal "thread_arg_u_a_0_current_price[3]". Without this partial route, timing analysis to/from this port will not be accurate, and no routing information for this port can be exported.
WARNING: [Route 35-198] Port "thread_arg_u_a_0_rfir[13]" does not have an associated HD.PARTPIN_LOCS, which will prevent the partial routing of the signal "thread_arg_u_a_0_rfir[13]". Without this partial route, timing analysis to/from this port will not be accurate, and no routing information for this port can be exported.
WARNING: [Route 35-198] Port "thread_arg_u_a_0_current_price[13]" does not have an associated HD.PARTPIN_LOCS, which will prevent the partial routing of the signal "thread_arg_u_a_0_current_price[13]". Without this partial route, timing analysis to/from this port will not be accurate, and no routing information for this port can be exported.
WARNING: [Route 35-198] Port "thread_arg_u_a_0_rfir[1]" does not have an associated HD.PARTPIN_LOCS, which will prevent the partial routing of the signal "thread_arg_u_a_0_rfir[1]". Without this partial route, timing analysis to/from this port will not be accurate, and no routing information for this port can be exported.
WARNING: [Route 35-198] Port "thread_arg_u_a_0_current_price[1]" does not have an associated HD.PARTPIN_LOCS, which will prevent the partial routing of the signal "thread_arg_u_a_0_current_price[1]". Without this partial route, timing analysis to/from this port will not be accurate, and no routing information for this port can be exported.
WARNING: [Route 35-198] Port "thread_arg_u_a_0_rfir[2]" does not have an associated HD.PARTPIN_LOCS, which will prevent the partial routing of the signal "thread_arg_u_a_0_rfir[2]". Without this partial route, timing analysis to/from this port will not be accurate, and no routing information for this port can be exported.
WARNING: [Route 35-198] Port "thread_arg_u_a_0_current_price[2]" does not have an associated HD.PARTPIN_LOCS, which will prevent the partial routing of the signal "thread_arg_u_a_0_current_price[2]". Without this partial route, timing analysis to/from this port will not be accurate, and no routing information for this port can be exported.
WARNING: [Route 35-198] Port "thread_arg_u_a_0_rfir[4]" does not have an associated HD.PARTPIN_LOCS, which will prevent the partial routing of the signal "thread_arg_u_a_0_rfir[4]". Without this partial route, timing analysis to/from this port will not be accurate, and no routing information for this port can be exported.
WARNING: [Route 35-198] Port "thread_arg_u_a_0_current_price[4]" does not have an associated HD.PARTPIN_LOCS, which will prevent the partial routing of the signal "thread_arg_u_a_0_current_price[4]". Without this partial route, timing analysis to/from this port will not be accurate, and no routing information for this port can be exported.
WARNING: [Route 35-198] Port "thread_arg_u_a_0_rfir[0]" does not have an associated HD.PARTPIN_LOCS, which will prevent the partial routing of the signal "thread_arg_u_a_0_rfir[0]". Without this partial route, timing analysis to/from this port will not be accurate, and no routing information for this port can be exported.
WARNING: [Route 35-198] Port "thread_arg_u_a_0_current_price[0]" does not have an associated HD.PARTPIN_LOCS, which will prevent the partial routing of the signal "thread_arg_u_a_0_current_price[0]". Without this partial route, timing analysis to/from this port will not be accurate, and no routing information for this port can be exported.
WARNING: [Route 35-198] Port "thread_arg_u_a_0_rfir[7]" does not have an associated HD.PARTPIN_LOCS, which will prevent the partial routing of the signal "thread_arg_u_a_0_rfir[7]". Without this partial route, timing analysis to/from this port will not be accurate, and no routing information for this port can be exported.
WARNING: [Route 35-198] Port "thread_arg_u_a_0_current_price[7]" does not have an associated HD.PARTPIN_LOCS, which will prevent the partial routing of the signal "thread_arg_u_a_0_current_price[7]". Without this partial route, timing analysis to/from this port will not be accurate, and no routing information for this port can be exported.
WARNING: [Route 35-198] Port "thread_arg_u_a_0_rfir[10]" does not have an associated HD.PARTPIN_LOCS, which will prevent the partial routing of the signal "thread_arg_u_a_0_rfir[10]". Without this partial route, timing analysis to/from this port will not be accurate, and no routing information for this port can be exported.
WARNING: [Route 35-198] Port "thread_arg_u_a_0_current_price[10]" does not have an associated HD.PARTPIN_LOCS, which will prevent the partial routing of the signal "thread_arg_u_a_0_current_price[10]". Without this partial route, timing analysis to/from this port will not be accurate, and no routing information for this port can be exported.
WARNING: [Route 35-198] Port "thread_arg_u_a_0_rfir[11]" does not have an associated HD.PARTPIN_LOCS, which will prevent the partial routing of the signal "thread_arg_u_a_0_rfir[11]". Without this partial route, timing analysis to/from this port will not be accurate, and no routing information for this port can be exported.
WARNING: [Route 35-198] Port "thread_arg_u_a_0_current_price[11]" does not have an associated HD.PARTPIN_LOCS, which will prevent the partial routing of the signal "thread_arg_u_a_0_current_price[11]". Without this partial route, timing analysis to/from this port will not be accurate, and no routing information for this port can be exported.
WARNING: [Route 35-198] Port "thread_arg_u_a_0_rfir[12]" does not have an associated HD.PARTPIN_LOCS, which will prevent the partial routing of the signal "thread_arg_u_a_0_rfir[12]". Without this partial route, timing analysis to/from this port will not be accurate, and no routing information for this port can be exported.
WARNING: [Route 35-198] Port "thread_arg_u_a_0_current_price[12]" does not have an associated HD.PARTPIN_LOCS, which will prevent the partial routing of the signal "thread_arg_u_a_0_current_price[12]". Without this partial route, timing analysis to/from this port will not be accurate, and no routing information for this port can be exported.
WARNING: [Route 35-198] Port "thread_arg_u_a_0_rfir[8]" does not have an associated HD.PARTPIN_LOCS, which will prevent the partial routing of the signal "thread_arg_u_a_0_rfir[8]". Without this partial route, timing analysis to/from this port will not be accurate, and no routing information for this port can be exported.
WARNING: [Route 35-198] Port "thread_arg_u_a_0_current_price[8]" does not have an associated HD.PARTPIN_LOCS, which will prevent the partial routing of the signal "thread_arg_u_a_0_current_price[8]". Without this partial route, timing analysis to/from this port will not be accurate, and no routing information for this port can be exported.
WARNING: [Route 35-198] Port "thread_arg_u_a_0_rfir[16]" does not have an associated HD.PARTPIN_LOCS, which will prevent the partial routing of the signal "thread_arg_u_a_0_rfir[16]". Without this partial route, timing analysis to/from this port will not be accurate, and no routing information for this port can be exported.
WARNING: [Route 35-198] Port "thread_arg_u_a_0_current_price[16]" does not have an associated HD.PARTPIN_LOCS, which will prevent the partial routing of the signal "thread_arg_u_a_0_current_price[16]". Without this partial route, timing analysis to/from this port will not be accurate, and no routing information for this port can be exported.
WARNING: [Route 35-198] Port "thread_arg_u_a_0_rfir[18]" does not have an associated HD.PARTPIN_LOCS, which will prevent the partial routing of the signal "thread_arg_u_a_0_rfir[18]". Without this partial route, timing analysis to/from this port will not be accurate, and no routing information for this port can be exported.
WARNING: [Route 35-198] Port "thread_arg_u_a_0_current_price[18]" does not have an associated HD.PARTPIN_LOCS, which will prevent the partial routing of the signal "thread_arg_u_a_0_current_price[18]". Without this partial route, timing analysis to/from this port will not be accurate, and no routing information for this port can be exported.
WARNING: [Route 35-198] Port "thread_arg_u_a_0_rfir[24]" does not have an associated HD.PARTPIN_LOCS, which will prevent the partial routing of the signal "thread_arg_u_a_0_rfir[24]". Without this partial route, timing analysis to/from this port will not be accurate, and no routing information for this port can be exported.
WARNING: [Route 35-198] Port "thread_arg_u_a_0_current_price[24]" does not have an associated HD.PARTPIN_LOCS, which will prevent the partial routing of the signal "thread_arg_u_a_0_current_price[24]". Without this partial route, timing analysis to/from this port will not be accurate, and no routing information for this port can be exported.
WARNING: [Route 35-198] Port "thread_arg_u_a_0_rfir[25]" does not have an associated HD.PARTPIN_LOCS, which will prevent the partial routing of the signal "thread_arg_u_a_0_rfir[25]". Without this partial route, timing analysis to/from this port will not be accurate, and no routing information for this port can be exported.
WARNING: [Route 35-198] Port "thread_arg_u_a_0_current_price[25]" does not have an associated HD.PARTPIN_LOCS, which will prevent the partial routing of the signal "thread_arg_u_a_0_current_price[25]". Without this partial route, timing analysis to/from this port will not be accurate, and no routing information for this port can be exported.
WARNING: [Route 35-198] Port "thread_arg_u_a_0_rfir[19]" does not have an associated HD.PARTPIN_LOCS, which will prevent the partial routing of the signal "thread_arg_u_a_0_rfir[19]". Without this partial route, timing analysis to/from this port will not be accurate, and no routing information for this port can be exported.
WARNING: [Route 35-198] Port "thread_arg_u_a_0_current_price[19]" does not have an associated HD.PARTPIN_LOCS, which will prevent the partial routing of the signal "thread_arg_u_a_0_current_price[19]". Without this partial route, timing analysis to/from this port will not be accurate, and no routing information for this port can be exported.
WARNING: [Route 35-198] Port "thread_arg_u_a_0_rfir[5]" does not have an associated HD.PARTPIN_LOCS, which will prevent the partial routing of the signal "thread_arg_u_a_0_rfir[5]". Without this partial route, timing analysis to/from this port will not be accurate, and no routing information for this port can be exported.
WARNING: [Route 35-198] Port "thread_arg_u_a_0_current_price[5]" does not have an associated HD.PARTPIN_LOCS, which will prevent the partial routing of the signal "thread_arg_u_a_0_current_price[5]". Without this partial route, timing analysis to/from this port will not be accurate, and no routing information for this port can be exported.
WARNING: [Route 35-198] Port "thread_arg_u_a_0_rfir[6]" does not have an associated HD.PARTPIN_LOCS, which will prevent the partial routing of the signal "thread_arg_u_a_0_rfir[6]". Without this partial route, timing analysis to/from this port will not be accurate, and no routing information for this port can be exported.
WARNING: [Route 35-198] Port "thread_arg_u_a_0_current_price[6]" does not have an associated HD.PARTPIN_LOCS, which will prevent the partial routing of the signal "thread_arg_u_a_0_current_price[6]". Without this partial route, timing analysis to/from this port will not be accurate, and no routing information for this port can be exported.
WARNING: [Route 35-198] Port "thread_arg_u_a_0_rfir[9]" does not have an associated HD.PARTPIN_LOCS, which will prevent the partial routing of the signal "thread_arg_u_a_0_rfir[9]". Without this partial route, timing analysis to/from this port will not be accurate, and no routing information for this port can be exported.
WARNING: [Route 35-198] Port "thread_arg_u_a_0_current_price[9]" does not have an associated HD.PARTPIN_LOCS, which will prevent the partial routing of the signal "thread_arg_u_a_0_current_price[9]". Without this partial route, timing analysis to/from this port will not be accurate, and no routing information for this port can be exported.
WARNING: [Route 35-198] Port "thread_arg_u_a_0_rfir[14]" does not have an associated HD.PARTPIN_LOCS, which will prevent the partial routing of the signal "thread_arg_u_a_0_rfir[14]". Without this partial route, timing analysis to/from this port will not be accurate, and no routing information for this port can be exported.
WARNING: [Route 35-198] Port "thread_arg_u_a_0_current_price[14]" does not have an associated HD.PARTPIN_LOCS, which will prevent the partial routing of the signal "thread_arg_u_a_0_current_price[14]". Without this partial route, timing analysis to/from this port will not be accurate, and no routing information for this port can be exported.
WARNING: [Route 35-198] Port "thread_arg_u_a_0_rfir[15]" does not have an associated HD.PARTPIN_LOCS, which will prevent the partial routing of the signal "thread_arg_u_a_0_rfir[15]". Without this partial route, timing analysis to/from this port will not be accurate, and no routing information for this port can be exported.
WARNING: [Route 35-198] Port "thread_arg_u_a_0_current_price[15]" does not have an associated HD.PARTPIN_LOCS, which will prevent the partial routing of the signal "thread_arg_u_a_0_current_price[15]". Without this partial route, timing analysis to/from this port will not be accurate, and no routing information for this port can be exported.
WARNING: [Route 35-198] Port "thread_arg_u_a_0_rfir[17]" does not have an associated HD.PARTPIN_LOCS, which will prevent the partial routing of the signal "thread_arg_u_a_0_rfir[17]". Without this partial route, timing analysis to/from this port will not be accurate, and no routing information for this port can be exported.
WARNING: [Route 35-198] Port "thread_arg_u_a_0_current_price[17]" does not have an associated HD.PARTPIN_LOCS, which will prevent the partial routing of the signal "thread_arg_u_a_0_current_price[17]". Without this partial route, timing analysis to/from this port will not be accurate, and no routing information for this port can be exported.
WARNING: [Route 35-198] Port "thread_arg_u_a_0_rfir[28]" does not have an associated HD.PARTPIN_LOCS, which will prevent the partial routing of the signal "thread_arg_u_a_0_rfir[28]". Without this partial route, timing analysis to/from this port will not be accurate, and no routing information for this port can be exported.
WARNING: [Route 35-198] Port "thread_arg_u_a_0_current_price[28]" does not have an associated HD.PARTPIN_LOCS, which will prevent the partial routing of the signal "thread_arg_u_a_0_current_price[28]". Without this partial route, timing analysis to/from this port will not be accurate, and no routing information for this port can be exported.
WARNING: [Route 35-198] Port "thread_arg_u_a_0_rfir[29]" does not have an associated HD.PARTPIN_LOCS, which will prevent the partial routing of the signal "thread_arg_u_a_0_rfir[29]". Without this partial route, timing analysis to/from this port will not be accurate, and no routing information for this port can be exported.
WARNING: [Route 35-198] Port "thread_arg_u_a_0_current_price[29]" does not have an associated HD.PARTPIN_LOCS, which will prevent the partial routing of the signal "thread_arg_u_a_0_current_price[29]". Without this partial route, timing analysis to/from this port will not be accurate, and no routing information for this port can be exported.
WARNING: [Route 35-198] Port "thread_arg_u_a_0_rfir[23]" does not have an associated HD.PARTPIN_LOCS, which will prevent the partial routing of the signal "thread_arg_u_a_0_rfir[23]". Without this partial route, timing analysis to/from this port will not be accurate, and no routing information for this port can be exported.
WARNING: [Route 35-198] Port "thread_arg_u_a_0_current_price[23]" does not have an associated HD.PARTPIN_LOCS, which will prevent the partial routing of the signal "thread_arg_u_a_0_current_price[23]". Without this partial route, timing analysis to/from this port will not be accurate, and no routing information for this port can be exported.
WARNING: [Route 35-198] Port "thread_arg_u_a_0_rfir[26]" does not have an associated HD.PARTPIN_LOCS, which will prevent the partial routing of the signal "thread_arg_u_a_0_rfir[26]". Without this partial route, timing analysis to/from this port will not be accurate, and no routing information for this port can be exported.
WARNING: [Route 35-198] Port "thread_arg_u_a_0_current_price[26]" does not have an associated HD.PARTPIN_LOCS, which will prevent the partial routing of the signal "thread_arg_u_a_0_current_price[26]". Without this partial route, timing analysis to/from this port will not be accurate, and no routing information for this port can be exported.
WARNING: [Route 35-198] Port "thread_arg_u_a_0_rfir[27]" does not have an associated HD.PARTPIN_LOCS, which will prevent the partial routing of the signal "thread_arg_u_a_0_rfir[27]". Without this partial route, timing analysis to/from this port will not be accurate, and no routing information for this port can be exported.
WARNING: [Route 35-198] Port "thread_arg_u_a_0_current_price[27]" does not have an associated HD.PARTPIN_LOCS, which will prevent the partial routing of the signal "thread_arg_u_a_0_current_price[27]". Without this partial route, timing analysis to/from this port will not be accurate, and no routing information for this port can be exported.
WARNING: [Route 35-198] Port "thread_arg_u_a_0_rfir[30]" does not have an associated HD.PARTPIN_LOCS, which will prevent the partial routing of the signal "thread_arg_u_a_0_rfir[30]". Without this partial route, timing analysis to/from this port will not be accurate, and no routing information for this port can be exported.
WARNING: [Route 35-198] Port "thread_arg_u_a_0_current_price[30]" does not have an associated HD.PARTPIN_LOCS, which will prevent the partial routing of the signal "thread_arg_u_a_0_current_price[30]". Without this partial route, timing analysis to/from this port will not be accurate, and no routing information for this port can be exported.
WARNING: [Route 35-198] Port "thread_arg_o_a_0_call[16]" does not have an associated HD.PARTPIN_LOCS, which will prevent the partial routing of the signal "thread_arg_o_a_0_call[16]". Without this partial route, timing analysis to/from this port will not be accurate, and no routing information for this port can be exported.
WARNING: [Route 35-198] Port "thread_arg_o_a_0_call[18]" does not have an associated HD.PARTPIN_LOCS, which will prevent the partial routing of the signal "thread_arg_o_a_0_call[18]". Without this partial route, timing analysis to/from this port will not be accurate, and no routing information for this port can be exported.
WARNING: [Route 35-198] Port "thread_arg_o_a_0_call[4]" does not have an associated HD.PARTPIN_LOCS, which will prevent the partial routing of the signal "thread_arg_o_a_0_call[4]". Without this partial route, timing analysis to/from this port will not be accurate, and no routing information for this port can be exported.
WARNING: [Route 35-198] Port "thread_arg_o_a_0_call[5]" does not have an associated HD.PARTPIN_LOCS, which will prevent the partial routing of the signal "thread_arg_o_a_0_call[5]". Without this partial route, timing analysis to/from this port will not be accurate, and no routing information for this port can be exported.
WARNING: [Route 35-198] Port "thread_arg_o_a_0_call[6]" does not have an associated HD.PARTPIN_LOCS, which will prevent the partial routing of the signal "thread_arg_o_a_0_call[6]". Without this partial route, timing analysis to/from this port will not be accurate, and no routing information for this port can be exported.
WARNING: [Route 35-198] Port "thread_arg_o_a_0_call[8]" does not have an associated HD.PARTPIN_LOCS, which will prevent the partial routing of the signal "thread_arg_o_a_0_call[8]". Without this partial route, timing analysis to/from this port will not be accurate, and no routing information for this port can be exported.
WARNING: [Route 35-198] Port "thread_arg_o_a_0_call[9]" does not have an associated HD.PARTPIN_LOCS, which will prevent the partial routing of the signal "thread_arg_o_a_0_call[9]". Without this partial route, timing analysis to/from this port will not be accurate, and no routing information for this port can be exported.
WARNING: [Route 35-198] Port "thread_arg_o_a_0_call[23]" does not have an associated HD.PARTPIN_LOCS, which will prevent the partial routing of the signal "thread_arg_o_a_0_call[23]". Without this partial route, timing analysis to/from this port will not be accurate, and no routing information for this port can be exported.
WARNING: [Route 35-198] Port "thread_arg_o_a_0_call[28]" does not have an associated HD.PARTPIN_LOCS, which will prevent the partial routing of the signal "thread_arg_o_a_0_call[28]". Without this partial route, timing analysis to/from this port will not be accurate, and no routing information for this port can be exported.
WARNING: [Route 35-198] Port "thread_arg_o_a_0_call[29]" does not have an associated HD.PARTPIN_LOCS, which will prevent the partial routing of the signal "thread_arg_o_a_0_call[29]". Without this partial route, timing analysis to/from this port will not be accurate, and no routing information for this port can be exported.
WARNING: [Route 35-198] Port "thread_arg_o_a_0_call[30]" does not have an associated HD.PARTPIN_LOCS, which will prevent the partial routing of the signal "thread_arg_o_a_0_call[30]". Without this partial route, timing analysis to/from this port will not be accurate, and no routing information for this port can be exported.
WARNING: [Route 35-198] Port "thread_arg_o_a_0_call[0]" does not have an associated HD.PARTPIN_LOCS, which will prevent the partial routing of the signal "thread_arg_o_a_0_call[0]". Without this partial route, timing analysis to/from this port will not be accurate, and no routing information for this port can be exported.
WARNING: [Route 35-198] Port "thread_arg_o_a_0_call[10]" does not have an associated HD.PARTPIN_LOCS, which will prevent the partial routing of the signal "thread_arg_o_a_0_call[10]". Without this partial route, timing analysis to/from this port will not be accurate, and no routing information for this port can be exported.
WARNING: [Route 35-198] Port "thread_arg_o_a_0_call[11]" does not have an associated HD.PARTPIN_LOCS, which will prevent the partial routing of the signal "thread_arg_o_a_0_call[11]". Without this partial route, timing analysis to/from this port will not be accurate, and no routing information for this port can be exported.
WARNING: [Route 35-198] Port "thread_arg_o_a_0_call[7]" does not have an associated HD.PARTPIN_LOCS, which will prevent the partial routing of the signal "thread_arg_o_a_0_call[7]". Without this partial route, timing analysis to/from this port will not be accurate, and no routing information for this port can be exported.
WARNING: [Route 35-198] Port "thread_arg_o_a_0_call[20]" does not have an associated HD.PARTPIN_LOCS, which will prevent the partial routing of the signal "thread_arg_o_a_0_call[20]". Without this partial route, timing analysis to/from this port will not be accurate, and no routing information for this port can be exported.
WARNING: [Route 35-198] Port "thread_arg_o_a_0_call[21]" does not have an associated HD.PARTPIN_LOCS, which will prevent the partial routing of the signal "thread_arg_o_a_0_call[21]". Without this partial route, timing analysis to/from this port will not be accurate, and no routing information for this port can be exported.
WARNING: [Route 35-198] Port "thread_arg_o_a_0_call[2]" does not have an associated HD.PARTPIN_LOCS, which will prevent the partial routing of the signal "thread_arg_o_a_0_call[2]". Without this partial route, timing analysis to/from this port will not be accurate, and no routing information for this port can be exported.
WARNING: [Route 35-198] Port "thread_arg_o_a_0_call[3]" does not have an associated HD.PARTPIN_LOCS, which will prevent the partial routing of the signal "thread_arg_o_a_0_call[3]". Without this partial route, timing analysis to/from this port will not be accurate, and no routing information for this port can be exported.
WARNING: [Route 35-198] Port "thread_arg_o_a_0_call[12]" does not have an associated HD.PARTPIN_LOCS, which will prevent the partial routing of the signal "thread_arg_o_a_0_call[12]". Without this partial route, timing analysis to/from this port will not be accurate, and no routing information for this port can be exported.
WARNING: [Route 35-198] Port "thread_arg_o_a_0_call[13]" does not have an associated HD.PARTPIN_LOCS, which will prevent the partial routing of the signal "thread_arg_o_a_0_call[13]". Without this partial route, timing analysis to/from this port will not be accurate, and no routing information for this port can be exported.
WARNING: [Route 35-198] Port "thread_arg_o_a_0_call[14]" does not have an associated HD.PARTPIN_LOCS, which will prevent the partial routing of the signal "thread_arg_o_a_0_call[14]". Without this partial route, timing analysis to/from this port will not be accurate, and no routing information for this port can be exported.
WARNING: [Route 35-198] Port "thread_arg_o_a_0_call[15]" does not have an associated HD.PARTPIN_LOCS, which will prevent the partial routing of the signal "thread_arg_o_a_0_call[15]". Without this partial route, timing analysis to/from this port will not be accurate, and no routing information for this port can be exported.
WARNING: [Route 35-198] Port "thread_arg_o_a_0_call[17]" does not have an associated HD.PARTPIN_LOCS, which will prevent the partial routing of the signal "thread_arg_o_a_0_call[17]". Without this partial route, timing analysis to/from this port will not be accurate, and no routing information for this port can be exported.
WARNING: [Route 35-198] Port "thread_arg_o_a_0_call[24]" does not have an associated HD.PARTPIN_LOCS, which will prevent the partial routing of the signal "thread_arg_o_a_0_call[24]". Without this partial route, timing analysis to/from this port will not be accurate, and no routing information for this port can be exported.
WARNING: [Route 35-198] Port "thread_arg_o_a_0_call[25]" does not have an associated HD.PARTPIN_LOCS, which will prevent the partial routing of the signal "thread_arg_o_a_0_call[25]". Without this partial route, timing analysis to/from this port will not be accurate, and no routing information for this port can be exported.
WARNING: [Route 35-198] Port "thread_arg_o_a_0_call[26]" does not have an associated HD.PARTPIN_LOCS, which will prevent the partial routing of the signal "thread_arg_o_a_0_call[26]". Without this partial route, timing analysis to/from this port will not be accurate, and no routing information for this port can be exported.
WARNING: [Route 35-198] Port "thread_arg_o_a_0_call[27]" does not have an associated HD.PARTPIN_LOCS, which will prevent the partial routing of the signal "thread_arg_o_a_0_call[27]". Without this partial route, timing analysis to/from this port will not be accurate, and no routing information for this port can be exported.
WARNING: [Route 35-198] Port "thread_arg_o_a_0_call[19]" does not have an associated HD.PARTPIN_LOCS, which will prevent the partial routing of the signal "thread_arg_o_a_0_call[19]". Without this partial route, timing analysis to/from this port will not be accurate, and no routing information for this port can be exported.
WARNING: [Route 35-198] Port "thread_arg_o_a_0_call[1]" does not have an associated HD.PARTPIN_LOCS, which will prevent the partial routing of the signal "thread_arg_o_a_0_call[1]". Without this partial route, timing analysis to/from this port will not be accurate, and no routing information for this port can be exported.
WARNING: [Route 35-198] Port "thread_arg_o_a_0_call[22]" does not have an associated HD.PARTPIN_LOCS, which will prevent the partial routing of the signal "thread_arg_o_a_0_call[22]". Without this partial route, timing analysis to/from this port will not be accurate, and no routing information for this port can be exported.
WARNING: [Route 35-198] Port "thread_arg_o_a_0_call[31]" does not have an associated HD.PARTPIN_LOCS, which will prevent the partial routing of the signal "thread_arg_o_a_0_call[31]". Without this partial route, timing analysis to/from this port will not be accurate, and no routing information for this port can be exported.
WARNING: [Route 35-198] Port "ap_rst" does not have an associated HD.PARTPIN_LOCS, which will prevent the partial routing of the signal "ap_rst". Without this partial route, timing analysis to/from this port will not be accurate, and no routing information for this port can be exported.
INFO: [Common 17-14] Message 'Route 35-198' appears 100 times and further instances of the messages will be disabled. Use the Tcl command set_msg_config to change the current settings.
Phase 1.1 Build Netlist & NodeGraph | Checksum: 1812721f5

Time (s): cpu = 00:00:24 ; elapsed = 00:00:18 . Memory (MB): peak = 1594.137 ; gain = 121.539
Phase 1 Build RT Design | Checksum: ab1c3f06

Time (s): cpu = 00:00:24 ; elapsed = 00:00:18 . Memory (MB): peak = 1594.137 ; gain = 121.539

Phase 2 Router Initialization

Phase 2.1 Create Timer
Phase 2.1 Create Timer | Checksum: ab1c3f06

Time (s): cpu = 00:00:24 ; elapsed = 00:00:18 . Memory (MB): peak = 1594.141 ; gain = 121.543

Phase 2.2 Restore Routing
Phase 2.2 Restore Routing | Checksum: ab1c3f06

Time (s): cpu = 00:00:24 ; elapsed = 00:00:19 . Memory (MB): peak = 1609.191 ; gain = 136.594

Phase 2.3 Special Net Routing
 Number of Nodes with overlaps = 0
Phase 2.3 Special Net Routing | Checksum: 1853bccf8

Time (s): cpu = 00:00:24 ; elapsed = 00:00:19 . Memory (MB): peak = 1609.191 ; gain = 136.594

Phase 2.4 Local Clock Net Routing
Phase 2.4 Local Clock Net Routing | Checksum: 1853bccf8

Time (s): cpu = 00:00:24 ; elapsed = 00:00:19 . Memory (MB): peak = 1609.191 ; gain = 136.594

Phase 2.5 Update Timing

Phase 2.5.1 Update timing with NCN CRPR

Phase 2.5.1.1 Hold Budgeting
Phase 2.5.1.1 Hold Budgeting | Checksum: 1853bccf8

Time (s): cpu = 00:00:26 ; elapsed = 00:00:19 . Memory (MB): peak = 1609.191 ; gain = 136.594
Phase 2.5.1 Update timing with NCN CRPR | Checksum: 1853bccf8

Time (s): cpu = 00:00:26 ; elapsed = 00:00:19 . Memory (MB): peak = 1609.191 ; gain = 136.594
Phase 2.5 Update Timing | Checksum: 1853bccf8

Time (s): cpu = 00:00:26 ; elapsed = 00:00:19 . Memory (MB): peak = 1609.191 ; gain = 136.594
INFO: [Route 35-57] Estimated Timing Summary | WNS=1.86   | TNS=0      | WHS=-0.162 | THS=-12.5  |


Phase 2.6 Budgeting
Phase 2.6 Budgeting | Checksum: 1853bccf8

Time (s): cpu = 00:00:27 ; elapsed = 00:00:20 . Memory (MB): peak = 1609.191 ; gain = 136.594
Phase 2 Router Initialization | Checksum: 1853bccf8

Time (s): cpu = 00:00:27 ; elapsed = 00:00:20 . Memory (MB): peak = 1609.191 ; gain = 136.594

Phase 3 Initial Routing
Phase 3 Initial Routing | Checksum: a3f0b7fb

Time (s): cpu = 00:00:28 ; elapsed = 00:00:20 . Memory (MB): peak = 1612.191 ; gain = 139.594

Phase 4 Rip-up And Reroute

Phase 4.1 Global Iteration 0

Phase 4.1.1 Remove Overlaps
 Number of Nodes with overlaps = 295
 Number of Nodes with overlaps = 1
 Number of Nodes with overlaps = 0
Phase 4.1.1 Remove Overlaps | Checksum: 7c68bdb4

Time (s): cpu = 00:00:29 ; elapsed = 00:00:20 . Memory (MB): peak = 1612.191 ; gain = 139.594

Phase 4.1.2 Update Timing
Phase 4.1.2 Update Timing | Checksum: 7c68bdb4

Time (s): cpu = 00:00:30 ; elapsed = 00:00:21 . Memory (MB): peak = 1614.191 ; gain = 141.594
INFO: [Route 35-57] Estimated Timing Summary | WNS=1.44   | TNS=0      | WHS=N/A    | THS=N/A    |


Phase 4.1.3 collectNewHoldAndFix
Phase 4.1.3 collectNewHoldAndFix | Checksum: 11dcb0088

Time (s): cpu = 00:00:30 ; elapsed = 00:00:21 . Memory (MB): peak = 1614.191 ; gain = 141.594
Phase 4.1 Global Iteration 0 | Checksum: 11dcb0088

Time (s): cpu = 00:00:30 ; elapsed = 00:00:21 . Memory (MB): peak = 1614.191 ; gain = 141.594
Phase 4 Rip-up And Reroute | Checksum: 11dcb0088

Time (s): cpu = 00:00:30 ; elapsed = 00:00:21 . Memory (MB): peak = 1614.191 ; gain = 141.594

Phase 5 Delay CleanUp

Phase 5.1 Update Timing
Phase 5.1 Update Timing | Checksum: 11dcb0088

Time (s): cpu = 00:00:30 ; elapsed = 00:00:21 . Memory (MB): peak = 1614.191 ; gain = 141.594
INFO: [Route 35-57] Estimated Timing Summary | WNS=1.55   | TNS=0      | WHS=N/A    | THS=N/A    |

Phase 5 Delay CleanUp | Checksum: 11dcb0088

Time (s): cpu = 00:00:30 ; elapsed = 00:00:21 . Memory (MB): peak = 1614.191 ; gain = 141.594

Phase 6 Post Hold Fix

Phase 6.1 Full Hold Analysis

Phase 6.1.1 Update Timing
Phase 6.1.1 Update Timing | Checksum: 11dcb0088

Time (s): cpu = 00:00:31 ; elapsed = 00:00:21 . Memory (MB): peak = 1614.191 ; gain = 141.594
INFO: [Route 35-57] Estimated Timing Summary | WNS=1.55   | TNS=0      | WHS=0.105  | THS=0      |

Phase 6.1 Full Hold Analysis | Checksum: 11dcb0088

Time (s): cpu = 00:00:31 ; elapsed = 00:00:21 . Memory (MB): peak = 1614.191 ; gain = 141.594
Phase 6 Post Hold Fix | Checksum: 11dcb0088

Time (s): cpu = 00:00:31 ; elapsed = 00:00:21 . Memory (MB): peak = 1614.191 ; gain = 141.594

Router Utilization Summary
  Global Vertical Routing Utilization    = 0.346174 %
  Global Horizontal Routing Utilization  = 0.489097 %
  Routable Net Status*
  *Does not include unroutable nets such as driverless and loadless.
  Run report_route_status for detailed report.
  Number of Failed Nets               = 0
  Number of Unrouted Nets             = 0
  Number of Partially Routed Nets     = 0
  Number of Node Overlaps             = 0


Phase 7 Verifying routed nets

 Verification completed successfully
Phase 7 Verifying routed nets | Checksum: 11dcb0088

Time (s): cpu = 00:00:31 ; elapsed = 00:00:21 . Memory (MB): peak = 1616.191 ; gain = 143.594

Phase 8 Depositing Routes
Phase 8 Depositing Routes | Checksum: d9593eb3

Time (s): cpu = 00:00:31 ; elapsed = 00:00:21 . Memory (MB): peak = 1616.191 ; gain = 143.594

Phase 9 Post Router Timing
INFO: [Route 35-20] Post Routing Timing Summary | WNS=1.553  | TNS=0.000  | WHS=0.106  | THS=0.000  |

INFO: [Route 35-61] The design met the timing requirement.
Phase 9 Post Router Timing | Checksum: d9593eb3

Time (s): cpu = 00:00:34 ; elapsed = 00:00:22 . Memory (MB): peak = 1616.191 ; gain = 143.594
INFO: [Route 35-16] Router Completed Successfully
Ending Route Task | Checksum: d9593eb3

Time (s): cpu = 00:00:34 ; elapsed = 00:00:22 . Memory (MB): peak = 1616.191 ; gain = 143.594

Routing Is Done.

Time (s): cpu = 00:00:34 ; elapsed = 00:00:22 . Memory (MB): peak = 1616.191 ; gain = 143.594
INFO: [Common 17-83] Releasing license: Implementation
46 Infos, 104 Warnings, 0 Critical Warnings and 0 Errors encountered.
route_design completed successfully
route_design: Time (s): cpu = 00:00:35 ; elapsed = 00:00:23 . Memory (MB): peak = 1616.191 ; gain = 153.590
INFO: [Drc 23-27] Running DRC with 8 threads
INFO: [Coretcl 2-168] The results of DRC are in file /home/ee/s/sf306/ForwardFinancialFramework/Platforms/VivadoFPGA/hls_prj/F3_VivadoHLS_core/impl/vhdl/project.runs/impl_1/vivado_activity_thread_drc_routed.rpt.
Running Vector-less Activity Propagation...

Finished Running Vector-less Activity Propagation
INFO: [Timing 38-91] UpdateTimingParams: Speed grade: -1, Delay Type: min_max, Constraints type: SDC.
INFO: [Timing 38-191] Multithreading enabled for timing update using a maximum of 8 CPUs
Writing XDEF routing.
Writing XDEF routing logical nets.
Writing XDEF routing special nets.
Write XDEF Complete: Time (s): cpu = 00:00:00.40 ; elapsed = 00:00:00.40 . Memory (MB): peak = 1616.195 ; gain = 0.000
INFO: [Common 17-206] Exiting Vivado at Wed Mar 12 09:52:36 2014...
