Copyright 1986-1999, 2001-2013 Xilinx, Inc. All Rights Reserved.
--------------------------------------------------------------------------------------
| Tool Version : Vivado v.2013.3 (lin64) Build 329390 Wed Oct 16 18:26:55 MDT 2013
| Date         : Wed Mar 12 08:25:13 2014
| Host         : ganymede running 64-bit Ubuntu 12.04.3 LTS
| Command      : report_timing -file ./report/vivado_activity_thread_timing_synth.rpt
| Design       : vivado_activity_thread
| Device       : 7z020-clg484
| Speed File   : -1  PRODUCTION 1.08 2013-09-28
--------------------------------------------------------------------------------------

Timing Report

Slack (MET) :             1.182ns  (required time - arrival time)
  Source:                 vivado_activity_thread_fexp_32ns_32ns_32_9_full_dsp_U4/din1_buf1_reg[0]/C
                            (rising edge-triggered cell FDRE clocked by CLK  {rise@0.000ns fall@5.000ns period=10.000ns})
  Destination:            vivado_activity_thread_fexp_32ns_32ns_32_9_full_dsp_U4/vivado_activity_thread_ap_fexp_7_full_dsp_u/U0/i_synth/EXP_OP.OP/i_shift_to_fixed/ROUND/Q_DEL/i_pipe/opt_has_pipe.first_q_reg[33]/D
                            (rising edge-triggered cell FDRE clocked by CLK  {rise@0.000ns fall@5.000ns period=10.000ns})
  Path Group:             CLK
  Path Type:              Setup (Max at Slow Process Corner)
  Requirement:            10.000ns  (CLK rise@10.000ns - CLK rise@0.000ns)
  Data Path Delay:        8.718ns  (logic 4.243ns (48.669%)  route 4.475ns (51.331%))
  Logic Levels:           18  (CARRY4=10 LUT4=1 LUT5=1 LUT6=4 MUXF7=1 MUXF8=1)
  Clock Path Skew:        -0.174ns (DCD - SCD + CPR)
    Destination Clock Delay (DCD):    1.563ns = ( 11.563 - 10.000 ) 
    Source Clock Delay      (SCD):    1.737ns
    Clock Pessimism Removal (CPR):    0.000ns
  Clock Uncertainty:      0.035ns  ((TSJ^2 + TIJ^2)^1/2 + DJ) / 2 + PE
    Total System Jitter     (TSJ):    0.071ns
    Total Input Jitter      (TIJ):    0.000ns
    Discrete Jitter          (DJ):    0.000ns
    Phase Error              (PE):    0.000ns

    Location             Delay type                Incr(ns)  Path(ns)    Netlist Resource(s)
  -------------------------------------------------------------------    -------------------
                         (clock CLK rise edge)        0.000     0.000 r  
                                                      0.000     0.000 r  ap_clk
                         net (fo=994, unset)          1.737     1.737    vivado_activity_thread_fexp_32ns_32ns_32_9_full_dsp_U4/ap_clk
                                                                      r  vivado_activity_thread_fexp_32ns_32ns_32_9_full_dsp_U4/din1_buf1_reg[0]/C
  -------------------------------------------------------------------    -------------------
                         FDRE (Prop_fdre_C_Q)         0.518     2.255 f  vivado_activity_thread_fexp_32ns_32ns_32_9_full_dsp_U4/din1_buf1_reg[0]/Q
                         net (fo=4, unplaced)         0.935     3.190    vivado_activity_thread_fexp_32ns_32ns_32_9_full_dsp_U4/vivado_activity_thread_ap_fexp_7_full_dsp_u/U0/i_synth/s_axis_a_tdata[0]
                         LUT4 (Prop_lut4_I1_O)        0.295     3.485 r  vivado_activity_thread_fexp_32ns_32ns_32_9_full_dsp_U4/vivado_activity_thread_ap_fexp_7_full_dsp_u/U0/i_synth/CHAIN_GEN[0].C_MUX.CARRY_MUX_i_1/O
                         net (fo=3, unplaced)         0.000     3.485    vivado_activity_thread_fexp_32ns_32ns_32_9_full_dsp_U4/vivado_activity_thread_ap_fexp_7_full_dsp_u/U0/i_synth/EXP_OP.OP/i_shift_to_fixed/ALIGN_Z_D/EQ_ZERO/chunk_det[0]
                         CARRY4 (Prop_carry4_S[0]_CO[0])
                                                      0.364     3.849 f  vivado_activity_thread_fexp_32ns_32ns_32_9_full_dsp_U4/vivado_activity_thread_ap_fexp_7_full_dsp_u/U0/i_synth/EXP_OP.OP/i_shift_to_fixed/ALIGN_Z_D/EQ_ZERO/CARRY_ZERO_DET/CHAIN_GEN[0].C_MUX.CARRY_MUX_CARRY4/CO[0]
                         net (fo=1, unplaced)         0.666     4.515    vivado_activity_thread_fexp_32ns_32ns_32_9_full_dsp_U4/vivado_activity_thread_ap_fexp_7_full_dsp_u/U0/i_synth/EXP_OP.OP/i_shift_to_fixed/ALIGN_Z_D/p_0_in16_in
                         LUT6 (Prop_lut6_I2_O)        0.367     4.882 r  vivado_activity_thread_fexp_32ns_32ns_32_9_full_dsp_U4/vivado_activity_thread_ap_fexp_7_full_dsp_u/U0/i_synth/MUX_LOOP[2].OTHER_LEVELS.DO_CHUNKS[0].LUT6_STRUCT_MUX.MUX0_i_12/O
                         net (fo=1, unplaced)         0.449     5.331    vivado_activity_thread_fexp_32ns_32ns_32_9_full_dsp_U4/vivado_activity_thread_ap_fexp_7_full_dsp_u/U0/i_synth/n_0_MUX_LOOP[2].OTHER_LEVELS.DO_CHUNKS[0].LUT6_STRUCT_MUX.MUX0_i_12
                         LUT6 (Prop_lut6_I5_O)        0.124     5.455 f  vivado_activity_thread_fexp_32ns_32ns_32_9_full_dsp_U4/vivado_activity_thread_ap_fexp_7_full_dsp_u/U0/i_synth/MUX_LOOP[2].OTHER_LEVELS.DO_CHUNKS[0].LUT6_STRUCT_MUX.MUX0_i_10/O
                         net (fo=1, unplaced)         0.964     6.419    vivado_activity_thread_fexp_32ns_32ns_32_9_full_dsp_U4/vivado_activity_thread_ap_fexp_7_full_dsp_u/U0/i_synth/n_0_MUX_LOOP[2].OTHER_LEVELS.DO_CHUNKS[0].LUT6_STRUCT_MUX.MUX0_i_10
                         LUT6 (Prop_lut6_I0_O)        0.124     6.543 f  vivado_activity_thread_fexp_32ns_32ns_32_9_full_dsp_U4/vivado_activity_thread_ap_fexp_7_full_dsp_u/U0/i_synth/MUX_LOOP[2].OTHER_LEVELS.DO_CHUNKS[0].LUT6_STRUCT_MUX.MUX0_i_6/O
                         net (fo=1, unplaced)         0.455     6.998    vivado_activity_thread_fexp_32ns_32ns_32_9_full_dsp_U4/vivado_activity_thread_ap_fexp_7_full_dsp_u/U0/i_synth/n_0_MUX_LOOP[2].OTHER_LEVELS.DO_CHUNKS[0].LUT6_STRUCT_MUX.MUX0_i_6
                         LUT6 (Prop_lut6_I5_O)        0.124     7.122 f  vivado_activity_thread_fexp_32ns_32ns_32_9_full_dsp_U4/vivado_activity_thread_ap_fexp_7_full_dsp_u/U0/i_synth/MUX_LOOP[2].OTHER_LEVELS.DO_CHUNKS[0].LUT6_STRUCT_MUX.MUX0_i_2/O
                         net (fo=1, unplaced)         0.000     7.122    vivado_activity_thread_fexp_32ns_32ns_32_9_full_dsp_U4/vivado_activity_thread_ap_fexp_7_full_dsp_u/U0/i_synth/n_0_MUX_LOOP[2].OTHER_LEVELS.DO_CHUNKS[0].LUT6_STRUCT_MUX.MUX0_i_2
                         MUXF7 (Prop_muxf7_I0_O)      0.241     7.363 f  vivado_activity_thread_fexp_32ns_32ns_32_9_full_dsp_U4/vivado_activity_thread_ap_fexp_7_full_dsp_u/U0/i_synth/EXP_OP.OP/i_shift_to_fixed/ALIGN_Z_D/MUX_LOOP[2].OTHER_LEVELS.DO_CHUNKS[0].LUT6_STRUCT_MUX.MUX0/O
                         net (fo=1, unplaced)         0.000     7.363    vivado_activity_thread_fexp_32ns_32ns_32_9_full_dsp_U4/vivado_activity_thread_ap_fexp_7_full_dsp_u/U0/i_synth/EXP_OP.OP/i_shift_to_fixed/ALIGN_Z_D/I0
                         MUXF8 (Prop_muxf8_I0_O)      0.098     7.461 f  vivado_activity_thread_fexp_32ns_32ns_32_9_full_dsp_U4/vivado_activity_thread_ap_fexp_7_full_dsp_u/U0/i_synth/EXP_OP.OP/i_shift_to_fixed/ALIGN_Z_D/MUX_LOOP[2].OTHER_LEVELS.DO_CHUNKS[0].LUT6_STRUCT_MUX.MUX2/O
                         net (fo=1, unplaced)         0.997     8.458    vivado_activity_thread_fexp_32ns_32ns_32_9_full_dsp_U4/vivado_activity_thread_ap_fexp_7_full_dsp_u/U0/i_synth/EXP_OP.OP/i_shift_to_fixed/zeros_pza
                         LUT5 (Prop_lut5_I0_O)        0.319     8.777 r  vivado_activity_thread_fexp_32ns_32ns_32_9_full_dsp_U4/vivado_activity_thread_ap_fexp_7_full_dsp_u/U0/i_synth/CHAIN_GEN[0].C_MUX.CARRY_MUX_i_1__0/O
                         net (fo=1, unplaced)         0.000     8.777    vivado_activity_thread_fexp_32ns_32ns_32_9_full_dsp_U4/vivado_activity_thread_ap_fexp_7_full_dsp_u/U0/i_synth/EXP_OP.OP/i_shift_to_fixed/round_bit_mod_pr0
                         CARRY4 (Prop_carry4_S[0]_CO[3])
                                                      0.513     9.290 r  vivado_activity_thread_fexp_32ns_32ns_32_9_full_dsp_U4/vivado_activity_thread_ap_fexp_7_full_dsp_u/U0/i_synth/EXP_OP.OP/i_shift_to_fixed/ROUND/CHAIN_GEN[0].C_MUX.CARRY_MUX_CARRY4/CO[3]
                         net (fo=1, unplaced)         0.009     9.299    vivado_activity_thread_fexp_32ns_32ns_32_9_full_dsp_U4/vivado_activity_thread_ap_fexp_7_full_dsp_u/U0/i_synth/n_0_EXP_OP.OP/i_shift_to_fixed/ROUND/CHAIN_GEN[3].C_MUX.CARRY_MUX
                         CARRY4 (Prop_carry4_CI_CO[3])
                                                      0.117     9.416 r  vivado_activity_thread_fexp_32ns_32ns_32_9_full_dsp_U4/vivado_activity_thread_ap_fexp_7_full_dsp_u/U0/i_synth/EXP_OP.OP/i_shift_to_fixed/ROUND/CHAIN_GEN[4].C_MUX.CARRY_MUX_CARRY4/CO[3]
                         net (fo=1, unplaced)         0.000     9.416    vivado_activity_thread_fexp_32ns_32ns_32_9_full_dsp_U4/vivado_activity_thread_ap_fexp_7_full_dsp_u/U0/i_synth/n_0_EXP_OP.OP/i_shift_to_fixed/ROUND/CHAIN_GEN[7].C_MUX.CARRY_MUX
                         CARRY4 (Prop_carry4_CI_CO[3])
                                                      0.117     9.533 r  vivado_activity_thread_fexp_32ns_32ns_32_9_full_dsp_U4/vivado_activity_thread_ap_fexp_7_full_dsp_u/U0/i_synth/EXP_OP.OP/i_shift_to_fixed/ROUND/CHAIN_GEN[8].C_MUX.CARRY_MUX_CARRY4/CO[3]
                         net (fo=1, unplaced)         0.000     9.533    vivado_activity_thread_fexp_32ns_32ns_32_9_full_dsp_U4/vivado_activity_thread_ap_fexp_7_full_dsp_u/U0/i_synth/n_0_EXP_OP.OP/i_shift_to_fixed/ROUND/CHAIN_GEN[11].C_MUX.CARRY_MUX
                         CARRY4 (Prop_carry4_CI_CO[3])
                                                      0.117     9.650 r  vivado_activity_thread_fexp_32ns_32ns_32_9_full_dsp_U4/vivado_activity_thread_ap_fexp_7_full_dsp_u/U0/i_synth/EXP_OP.OP/i_shift_to_fixed/ROUND/CHAIN_GEN[12].C_MUX.CARRY_MUX_CARRY4/CO[3]
                         net (fo=1, unplaced)         0.000     9.650    vivado_activity_thread_fexp_32ns_32ns_32_9_full_dsp_U4/vivado_activity_thread_ap_fexp_7_full_dsp_u/U0/i_synth/n_0_EXP_OP.OP/i_shift_to_fixed/ROUND/CHAIN_GEN[15].C_MUX.CARRY_MUX
                         CARRY4 (Prop_carry4_CI_CO[3])
                                                      0.117     9.767 r  vivado_activity_thread_fexp_32ns_32ns_32_9_full_dsp_U4/vivado_activity_thread_ap_fexp_7_full_dsp_u/U0/i_synth/EXP_OP.OP/i_shift_to_fixed/ROUND/CHAIN_GEN[16].C_MUX.CARRY_MUX_CARRY4/CO[3]
                         net (fo=1, unplaced)         0.000     9.767    vivado_activity_thread_fexp_32ns_32ns_32_9_full_dsp_U4/vivado_activity_thread_ap_fexp_7_full_dsp_u/U0/i_synth/n_0_EXP_OP.OP/i_shift_to_fixed/ROUND/CHAIN_GEN[19].C_MUX.CARRY_MUX
                         CARRY4 (Prop_carry4_CI_CO[3])
                                                      0.117     9.884 r  vivado_activity_thread_fexp_32ns_32ns_32_9_full_dsp_U4/vivado_activity_thread_ap_fexp_7_full_dsp_u/U0/i_synth/EXP_OP.OP/i_shift_to_fixed/ROUND/CHAIN_GEN[20].C_MUX.CARRY_MUX_CARRY4/CO[3]
                         net (fo=1, unplaced)         0.000     9.884    vivado_activity_thread_fexp_32ns_32ns_32_9_full_dsp_U4/vivado_activity_thread_ap_fexp_7_full_dsp_u/U0/i_synth/n_0_EXP_OP.OP/i_shift_to_fixed/ROUND/CHAIN_GEN[23].C_MUX.CARRY_MUX
                         CARRY4 (Prop_carry4_CI_CO[3])
                                                      0.117    10.001 r  vivado_activity_thread_fexp_32ns_32ns_32_9_full_dsp_U4/vivado_activity_thread_ap_fexp_7_full_dsp_u/U0/i_synth/EXP_OP.OP/i_shift_to_fixed/ROUND/CHAIN_GEN[24].C_MUX.CARRY_MUX_CARRY4/CO[3]
                         net (fo=1, unplaced)         0.000    10.001    vivado_activity_thread_fexp_32ns_32ns_32_9_full_dsp_U4/vivado_activity_thread_ap_fexp_7_full_dsp_u/U0/i_synth/n_0_EXP_OP.OP/i_shift_to_fixed/ROUND/CHAIN_GEN[27].C_MUX.CARRY_MUX
                         CARRY4 (Prop_carry4_CI_CO[3])
                                                      0.117    10.118 r  vivado_activity_thread_fexp_32ns_32ns_32_9_full_dsp_U4/vivado_activity_thread_ap_fexp_7_full_dsp_u/U0/i_synth/EXP_OP.OP/i_shift_to_fixed/ROUND/CHAIN_GEN[28].C_MUX.CARRY_MUX_CARRY4/CO[3]
                         net (fo=1, unplaced)         0.000    10.118    vivado_activity_thread_fexp_32ns_32ns_32_9_full_dsp_U4/vivado_activity_thread_ap_fexp_7_full_dsp_u/U0/i_synth/n_0_EXP_OP.OP/i_shift_to_fixed/ROUND/CHAIN_GEN[31].C_MUX.CARRY_MUX
                         CARRY4 (Prop_carry4_CI_O[1])
                                                      0.337    10.455 r  vivado_activity_thread_fexp_32ns_32ns_32_9_full_dsp_U4/vivado_activity_thread_ap_fexp_7_full_dsp_u/U0/i_synth/EXP_OP.OP/i_shift_to_fixed/ROUND/CHAIN_GEN[32].C_MUX.CARRY_MUX_CARRY4/O[1]
                         net (fo=1, unplaced)         0.000    10.455    vivado_activity_thread_fexp_32ns_32ns_32_9_full_dsp_U4/vivado_activity_thread_ap_fexp_7_full_dsp_u/U0/i_synth/n_0_EXP_OP.OP/i_shift_to_fixed/ROUND/CHAIN_GEN[33].Q_XOR.SUM_XOR
                         FDRE                                         r  vivado_activity_thread_fexp_32ns_32ns_32_9_full_dsp_U4/vivado_activity_thread_ap_fexp_7_full_dsp_u/U0/i_synth/EXP_OP.OP/i_shift_to_fixed/ROUND/Q_DEL/i_pipe/opt_has_pipe.first_q_reg[33]/D
  -------------------------------------------------------------------    -------------------

                         (clock CLK rise edge)       10.000    10.000 r  
                                                      0.000    10.000 r  ap_clk
                         net (fo=994, unset)          1.563    11.563    vivado_activity_thread_fexp_32ns_32ns_32_9_full_dsp_U4/vivado_activity_thread_ap_fexp_7_full_dsp_u/U0/i_synth/aclk
                                                                      r  vivado_activity_thread_fexp_32ns_32ns_32_9_full_dsp_U4/vivado_activity_thread_ap_fexp_7_full_dsp_u/U0/i_synth/EXP_OP.OP/i_shift_to_fixed/ROUND/Q_DEL/i_pipe/opt_has_pipe.first_q_reg[33]/C
                         clock pessimism              0.000    11.563    
                         clock uncertainty           -0.035    11.528    
                         FDRE (Setup_fdre_C_D)        0.109    11.637    vivado_activity_thread_fexp_32ns_32ns_32_9_full_dsp_U4/vivado_activity_thread_ap_fexp_7_full_dsp_u/U0/i_synth/EXP_OP.OP/i_shift_to_fixed/ROUND/Q_DEL/i_pipe/opt_has_pipe.first_q_reg[33]
  -------------------------------------------------------------------
                         required time                         11.637    
                         arrival time                         -10.455    
  -------------------------------------------------------------------
                         slack                                  1.182    




