

================================================================
== Vivado HLS Report for 'vivado_activity_thread'
================================================================
* Date:           Tue May 13 14:19:42 2014

* Version:        2013.4 (build date: Mon Dec 09 17:07:59 PM 2013)
* Project:        hls_prj
* Solution:       F3_VivadoHLS_core
* Product family: zynq zynq_fpv6 
* Target device:  xc7z045ffg900-2


================================================================
== Performance Estimates
================================================================
+ Timing (ns): 
    * Summary: 
    +---------+-------+----------+------------+
    |  Clock  | Target| Estimated| Uncertainty|
    +---------+-------+----------+------------+
    |default  |  10.00|      8.75|        1.25|
    +---------+-------+----------+------------+

+ Latency (clock cycles): 
    * Summary: 
    +--------+--------+--------+--------+---------+
    |     Latency     |     Interval    | Pipeline|
    |   min  |   max  |   min  |   max  |   Type  |
    +--------+--------+--------+--------+---------+
    |  305018|  305018|  305019|  305019|   none  |
    +--------+--------+--------+--------+---------+

    + Detail: 
        * Instance: 
        N/A

        * Loop: 
        +----------------+--------+--------+----------+-----------+-----------+------+----------+
        |                |     Latency     | Iteration|  Initiation Interval  | Trip |          |
        |    Loop Name   |   min  |   max  |  Latency |  achieved |   target  | Count| Pipelined|
        +----------------+--------+--------+----------+-----------+-----------+------+----------+
        |- PATHSET_LOOP  |  304000|  304000|       304|          -|          -|  1000|    no    |
        | + PATH_LOOP    |     297|     297|        29|          -|          -|    10|    no    |
        |- Loop 2        |    1001|    1001|         3|          1|          1|  1000|    yes   |
        +----------------+--------+--------+----------+-----------+-----------+------+----------+



================================================================
== Utilization Estimates
================================================================
* Summary: 
+-----------------+---------+-------+--------+--------+
|       Name      | BRAM_18K| DSP48E|   FF   |   LUT  |
+-----------------+---------+-------+--------+--------+
|Expression       |        -|      -|       0|      92|
|FIFO             |        -|      -|       -|       -|
|Instance         |        -|     42|    2687|    5544|
|Memory           |        2|      -|       0|       0|
|Multiplexer      |        -|      -|       -|     228|
|Register         |        -|      -|     562|       -|
|ShiftMemory      |        -|      -|       -|       -|
+-----------------+---------+-------+--------+--------+
|Total            |        2|     42|    3249|    5864|
+-----------------+---------+-------+--------+--------+
|Available        |     1090|    900|  437200|  218600|
+-----------------+---------+-------+--------+--------+
|Utilization (%)  |    ~0   |      4|   ~0   |       2|
+-----------------+---------+-------+--------+--------+

+ Detail: 
    * Instance: 
    +------------------------------------------------------------+---------------------------------------------------------+---------+-------+------+------+
    |                          Instance                          |                          Module                         | BRAM_18K| DSP48E|  FF  |  LUT |
    +------------------------------------------------------------+---------------------------------------------------------+---------+-------+------+------+
    |vivado_activity_thread_dexp_64ns_64ns_64_15_full_dsp_U8     |vivado_activity_thread_dexp_64ns_64ns_64_15_full_dsp     |        0|     26|  1176|  2592|
    |vivado_activity_thread_dmul_64ns_64ns_64_5_max_dsp_U7       |vivado_activity_thread_dmul_64ns_64ns_64_5_max_dsp       |        0|     11|   299|   570|
    |vivado_activity_thread_faddfsub_32ns_32ns_32_4_full_dsp_U1  |vivado_activity_thread_faddfsub_32ns_32ns_32_4_full_dsp  |        0|      2|   227|   404|
    |vivado_activity_thread_fcmp_32ns_32ns_1_3_U6                |vivado_activity_thread_fcmp_32ns_32ns_1_3                |        0|      0|    66|   239|
    |vivado_activity_thread_fdiv_32ns_32ns_32_12_U3              |vivado_activity_thread_fdiv_32ns_32ns_32_12              |        0|      0|   563|   991|
    |vivado_activity_thread_fmul_32ns_32ns_32_3_max_dsp_U2       |vivado_activity_thread_fmul_32ns_32ns_32_3_max_dsp       |        0|      3|   128|   320|
    |vivado_activity_thread_fpext_32ns_64_3_U5                   |vivado_activity_thread_fpext_32ns_64_3                   |        0|      0|   100|   143|
    |vivado_activity_thread_fptrunc_64ns_32_3_U4                 |vivado_activity_thread_fptrunc_64ns_32_3                 |        0|      0|   128|   285|
    +------------------------------------------------------------+---------------------------------------------------------+---------+-------+------+------+
    |Total                                                       |                                                         |        0|     42|  2687|  5544|
    +------------------------------------------------------------+---------------------------------------------------------+---------+-------+------+------+

    * Memory: 
    +----------------------+-------------------------------------------+---------+------+-----+------+-------------+
    |        Memory        |                   Module                  | BRAM_18K| Words| Bits| Banks| W*Bits*Banks|
    +----------------------+-------------------------------------------+---------+------+-----+------+-------------+
    |thread_result_buff_U  |vivado_activity_thread_thread_result_buff  |        2|  1000|   32|     1|        32000|
    +----------------------+-------------------------------------------+---------+------+-----+------+-------------+
    |Total                 |                                           |        2|  1000|   32|     1|        32000|
    +----------------------+-------------------------------------------+---------+------+-----+------+-------------+

    * FIFO: 
    N/A

    * Shift register: 
    N/A

    * Expression: 
    +-----------------------+----------+-------+---+----+------------+------------+
    |     Variable Name     | Operation| DSP48E| FF| LUT| Bitwidth P0| Bitwidth P1|
    +-----------------------+----------+-------+---+----+------------+------------+
    |indvar_next_fu_376_p2  |     +    |      0|  0|  10|          10|           1|
    |p_1_fu_320_p2          |     +    |      0|  0|  10|          10|           1|
    |pp_1_fu_351_p2         |     +    |      0|  0|   4|           4|           1|
    |thread_result_buff_d0  |  Select  |      0|  0|  32|           1|          32|
    |ap_sig_bdd_179         |    and   |      0|  0|   1|           1|           1|
    |exitcond1_fu_314_p2    |   icmp   |      0|  0|  10|          10|           6|
    |exitcond2_fu_370_p2    |   icmp   |      0|  0|  10|          10|           6|
    |exitcond_fu_345_p2     |   icmp   |      0|  0|   3|           4|           4|
    |isIter0_fu_387_p2      |   icmp   |      0|  0|  10|          10|           1|
    |tmp_7_fu_308_p2        |    xor   |      0|  0|   2|           1|           2|
    +-----------------------+----------+-------+---+----+------------+------------+
    |Total                  |          |      0|  0|  92|          61|          55|
    +-----------------------+----------+-------+---+----+------------+------------+

    * Multiplexer: 
    +-------------------------------+----+-----------+-----+-----------+
    |              Name             | LUT| Input Size| Bits| Total Bits|
    +-------------------------------+----+-----------+-----+-----------+
    |grp_fu_265_opcode              |   2|          3|    2|          6|
    |grp_fu_265_p0                  |  32|          4|   32|        128|
    |grp_fu_265_p1                  |  32|          4|   32|        128|
    |grp_fu_284_p0                  |  32|          3|   32|         96|
    |indvar_reg_253                 |  10|          2|   10|         20|
    |p_reg_206                      |  10|          2|   10|         20|
    |pp_reg_242                     |   4|          2|    4|          8|
    |thread_result_buff_address0    |  10|          3|   10|         30|
    |tmp_pn_reg_218                 |  64|          2|   64|        128|
    |u_v_gamma_read_assign_reg_230  |  32|          2|   32|         64|
    +-------------------------------+----+-----------+-----+-----------+
    |Total                          | 228|         27|  228|        628|
    +-------------------------------+----+-----------+-----+-----------+

    * Register: 
    +----------------------------------------+----+-----+-----------+
    |                  Name                  | FF | Bits| Const Bits|
    +----------------------------------------+----+-----+-----------+
    |a_addr_reg_452                          |  30|   32|          2|
    |ap_CS_fsm                               |   6|    6|          0|
    |ap_reg_ppiten_pp0_it0                   |   1|    1|          0|
    |ap_reg_ppiten_pp0_it1                   |   1|    1|          0|
    |ap_reg_ppiten_pp0_it2                   |   1|    1|          0|
    |ap_reg_ppstg_exitcond2_reg_492_pp0_it1  |   1|    1|          0|
    |ap_reg_ppstg_isIter0_reg_506_pp0_it1    |   1|    1|          0|
    |delta_time_0_reg_398                    |  32|   32|          0|
    |exitcond2_reg_492                       |   1|    1|          0|
    |indvar_reg_253                          |  10|   10|          0|
    |isIter0_reg_506                         |   1|    1|          0|
    |p_1_reg_447                             |  10|   10|          0|
    |p_reg_206                               |  10|   10|          0|
    |pp_1_reg_471                            |   4|    4|          0|
    |pp_reg_242                              |   4|    4|          0|
    |reg_304                                 |  32|   32|          0|
    |spot_price_0_0_in_reg_457               |  64|   64|          0|
    |spot_price_0_reg_462                    |  32|   32|          0|
    |thread_result_buff_load_reg_510         |  32|   32|          0|
    |tmp_4_reg_482                           |  64|   64|          0|
    |tmp_7_reg_439                           |   1|    1|          0|
    |tmp_8_reg_429                           |  64|   64|          0|
    |tmp_i_reg_434                           |  32|   32|          0|
    |tmp_pn_reg_218                          |  64|   64|          0|
    |u_v_0_gamma_reg_476                     |  32|   32|          0|
    |u_v_gamma_read_assign_reg_230           |  32|   32|          0|
    +----------------------------------------+----+-----+-----------+
    |Total                                   | 562|  564|          2|
    +----------------------------------------+----+-----+-----------+



================================================================
== Interface
================================================================
* Summary: 
+-------------------------------------+-----+-----+------------+-------------------------------------+--------------+
|              RTL Ports              | Dir | Bits|  Protocol  |            Source Object            |    C Type    |
+-------------------------------------+-----+-----+------------+-------------------------------------+--------------+
|ap_clk                               |  in |    1| ap_ctrl_hs |        vivado_activity_thread       | return value |
|ap_rst                               |  in |    1| ap_ctrl_hs |        vivado_activity_thread       | return value |
|ap_start                             |  in |    1| ap_ctrl_hs |        vivado_activity_thread       | return value |
|ap_done                              | out |    1| ap_ctrl_hs |        vivado_activity_thread       | return value |
|ap_idle                              | out |    1| ap_ctrl_hs |        vivado_activity_thread       | return value |
|ap_ready                             | out |    1| ap_ctrl_hs |        vivado_activity_thread       | return value |
|a_req_din                            | out |    1|   ap_bus   |                  a                  |    pointer   |
|a_req_full_n                         |  in |    1|   ap_bus   |                  a                  |    pointer   |
|a_req_write                          | out |    1|   ap_bus   |                  a                  |    pointer   |
|a_rsp_empty_n                        |  in |    1|   ap_bus   |                  a                  |    pointer   |
|a_rsp_read                           | out |    1|   ap_bus   |                  a                  |    pointer   |
|a_address                            | out |   32|   ap_bus   |                  a                  |    pointer   |
|a_datain                             |  in |   32|   ap_bus   |                  a                  |    pointer   |
|a_dataout                            | out |   32|   ap_bus   |                  a                  |    pointer   |
|a_size                               | out |   32|   ap_bus   |                  a                  |    pointer   |
|kernel_u_a_0_rfir                    |  in |   32|   ap_none  |          kernel_u_a_0_rfir          |    pointer   |
|kernel_u_a_0_current_price           |  in |   32|   ap_none  |      kernel_u_a_0_current_price     |    pointer   |
|kernel_u_a_0_volatility              |  in |   32|   ap_none  |       kernel_u_a_0_volatility       |    pointer   |
|kernel_u_a_0_initial_volatility      |  in |   32|   ap_none  |   kernel_u_a_0_initial_volatility   |    pointer   |
|kernel_u_a_0_volatility_volatility   |  in |   32|   ap_none  |  kernel_u_a_0_volatility_volatility |    pointer   |
|kernel_u_a_0_rho                     |  in |   32|   ap_none  |           kernel_u_a_0_rho          |    pointer   |
|kernel_u_a_0_kappa                   |  in |   32|   ap_none  |          kernel_u_a_0_kappa         |    pointer   |
|kernel_u_a_0_theta                   |  in |   32|   ap_none  |          kernel_u_a_0_theta         |    pointer   |
|kernel_u_a_0_correlation_matrix_0_0  |  in |   32|   ap_none  | kernel_u_a_0_correlation_matrix_0_0 |    pointer   |
|kernel_u_a_0_correlation_matrix_0_1  |  in |   32|   ap_none  | kernel_u_a_0_correlation_matrix_0_1 |    pointer   |
|kernel_u_a_0_correlation_matrix_1_0  |  in |   32|   ap_none  | kernel_u_a_0_correlation_matrix_1_0 |    pointer   |
|kernel_u_a_0_correlation_matrix_1_1  |  in |   32|   ap_none  | kernel_u_a_0_correlation_matrix_1_1 |    pointer   |
|kernel_o_a_0_second_barrier          |  in |   32|   ap_none  |     kernel_o_a_0_second_barrier     |    pointer   |
|kernel_o_a_0_barrier                 |  in |   32|   ap_none  |         kernel_o_a_0_barrier        |    pointer   |
|kernel_o_a_0_out                     |  in |   32|   ap_none  |           kernel_o_a_0_out          |    pointer   |
|kernel_o_a_0_down                    |  in |   32|   ap_none  |          kernel_o_a_0_down          |    pointer   |
|kernel_o_a_0_strike_price            |  in |   32|   ap_none  |      kernel_o_a_0_strike_price      |    pointer   |
|kernel_o_a_0_time_period             |  in |   32|   ap_none  |       kernel_o_a_0_time_period      |    pointer   |
|kernel_o_a_0_call                    |  in |   32|   ap_none  |          kernel_o_a_0_call          |    pointer   |
|kernel_o_a_0_points                  |  in |   32|   ap_none  |         kernel_o_a_0_points         |    pointer   |
|seed_0_s1                            |  in |   32|   ap_none  |              seed_0_s1              |    pointer   |
|seed_0_s2                            |  in |   32|   ap_none  |              seed_0_s2              |    pointer   |
|seed_0_s3                            |  in |   32|   ap_none  |              seed_0_s3              |    pointer   |
|seed_0_offset                        |  in |   32|   ap_none  |            seed_0_offset            |    pointer   |
|thread_result_0                      |  in |   32|   ap_none  |           thread_result_0           |    scalar    |
+-------------------------------------+-----+-----+------------+-------------------------------------+--------------+

