
*** Running vivado
    with args -log vivado_activity_thread_ap_fcmp_1_no_dsp.rds -m64 -mode batch -messageDb vivado.pb -source vivado_activity_thread_ap_fcmp_1_no_dsp.tcl


****** Vivado v2013.3 (64-bit)
  **** SW Build 329390 on Wed Oct 16 18:26:55 MDT 2013
  **** IP Build 192953 on Wed Oct 16 08:44:02 MDT 2013
    ** Copyright 1986-1999, 2001-2013 Xilinx, Inc. All Rights Reserved.

INFO: [Common 17-78] Attempting to get a license: Implementation
INFO: [Common 17-81] Feature available: Implementation
INFO: [Device 21-36] Loading parts and site information from /opt/Xilinx/2013.3/Vivado/2013.3/data/parts/arch.xml
Parsing RTL primitives file [/opt/Xilinx/2013.3/Vivado/2013.3/data/parts/xilinx/rtl/prims/rtl_prims.xml]
Finished parsing RTL primitives file [/opt/Xilinx/2013.3/Vivado/2013.3/data/parts/xilinx/rtl/prims/rtl_prims.xml]
source vivado_activity_thread_ap_fcmp_1_no_dsp.tcl
# set_msg_config -id {HDL 9-1061} -limit 100000
# set_msg_config -id {HDL 9-1654} -limit 100000
# create_project -in_memory -part xc7z020clg484-1
# set_property target_language Verilog [current_project]
# set_param project.compositeFile.enableAutoGeneration 0
# read_ip /home/sf306/phd_codebase/FPL2014/ForwardFinancialFramework/Platforms/VivadoFPGA/vivadohls_code/hls_prj/F3_VivadoHLS_core/impl/vhdl/project.srcs/sources_1/ip/vivado_activity_thread_ap_fcmp_1_no_dsp/vivado_activity_thread_ap_fcmp_1_no_dsp.xci
INFO: [IP_Flow 19-234] Refreshing IP repositories
INFO: [IP_Flow 19-1704] No user repositories specified
INFO: [IP_Flow 19-2313] Loaded Vivado repository '/opt/Xilinx/2013.3/Vivado/2013.3/data/ip'.
# set_msg_config -id {IP_Flow 19-2162} -severity warning -new_severity info
# set_property is_locked true [get_files /home/sf306/phd_codebase/FPL2014/ForwardFinancialFramework/Platforms/VivadoFPGA/vivadohls_code/hls_prj/F3_VivadoHLS_core/impl/vhdl/project.srcs/sources_1/ip/vivado_activity_thread_ap_fcmp_1_no_dsp/vivado_activity_thread_ap_fcmp_1_no_dsp.xci]
# read_xdc dont_touch.xdc
# set_property used_in_implementation false [get_files dont_touch.xdc]
# set_param synth.vivado.isSynthRun true
# set_property webtalk.parent_dir /home/sf306/phd_codebase/FPL2014/ForwardFinancialFramework/Platforms/VivadoFPGA/vivadohls_code/hls_prj/F3_VivadoHLS_core/impl/vhdl/project.data/wt [current_project]
# set_property parent.project_dir /home/sf306/phd_codebase/FPL2014/ForwardFinancialFramework/Platforms/VivadoFPGA/vivadohls_code/hls_prj/F3_VivadoHLS_core/impl/vhdl [current_project]
# synth_design -top vivado_activity_thread_ap_fcmp_1_no_dsp -part xc7z020clg484-1 -mode out_of_context
Command: synth_design -top vivado_activity_thread_ap_fcmp_1_no_dsp -part xc7z020clg484-1 -mode out_of_context

Starting synthesis...

INFO: [IP_Flow 19-2162] IP 'vivado_activity_thread_ap_fcmp_1_no_dsp' is locked. Locked reason: Property 'IS_LOCKED' is set to true by the system or user
INFO: [Common 17-347] Attempting to get a license for feature 'Synthesis' and/or device 'xc7z020'
INFO: [Common 17-349] Got license for feature 'Synthesis' and/or device 'xc7z020'
Starting RTL Elaboration : Time (s): cpu = 00:00:10 ; elapsed = 00:00:11 . Memory (MB): peak = 763.301 ; gain = 159.984
INFO: [Synth 8-638] synthesizing module 'vivado_activity_thread_ap_fcmp_1_no_dsp' [/home/sf306/phd_codebase/FPL2014/ForwardFinancialFramework/Platforms/VivadoFPGA/vivadohls_code/hls_prj/F3_VivadoHLS_core/impl/vhdl/project.srcs/sources_1/ip/vivado_activity_thread_ap_fcmp_1_no_dsp/synth/vivado_activity_thread_ap_fcmp_1_no_dsp.vhd:74]
INFO: [Synth 8-3491] module 'floating_point_v7_0' declared at '/home/sf306/phd_codebase/FPL2014/ForwardFinancialFramework/Platforms/VivadoFPGA/vivadohls_code/hls_prj/F3_VivadoHLS_core/impl/vhdl/project.srcs/sources_1/ip/vivado_activity_thread_ap_fcmp_1_no_dsp/floating_point_v7_0/hdl/floating_point_v7_0.vhd:108' bound to instance 'U0' of component 'floating_point_v7_0' [/home/sf306/phd_codebase/FPL2014/ForwardFinancialFramework/Platforms/VivadoFPGA/vivadohls_code/hls_prj/F3_VivadoHLS_core/impl/vhdl/project.srcs/sources_1/ip/vivado_activity_thread_ap_fcmp_1_no_dsp/synth/vivado_activity_thread_ap_fcmp_1_no_dsp.vhd:199]
INFO: [Synth 8-638] synthesizing module 'floating_point_v7_0' [/home/sf306/phd_codebase/FPL2014/ForwardFinancialFramework/Platforms/VivadoFPGA/vivadohls_code/hls_prj/F3_VivadoHLS_core/impl/vhdl/project.srcs/sources_1/ip/vivado_activity_thread_ap_fcmp_1_no_dsp/floating_point_v7_0/hdl/floating_point_v7_0.vhd:224]
INFO: [Synth 8-3491] module 'floating_point_v7_0_viv' declared at '/home/sf306/phd_codebase/FPL2014/ForwardFinancialFramework/Platforms/VivadoFPGA/vivadohls_code/hls_prj/F3_VivadoHLS_core/impl/vhdl/project.srcs/sources_1/ip/vivado_activity_thread_ap_fcmp_1_no_dsp/floating_point_v7_0/hdl/floating_point_v7_0_viv.vhd:298' bound to instance 'i_synth' of component 'floating_point_v7_0_viv' [/home/sf306/phd_codebase/FPL2014/ForwardFinancialFramework/Platforms/VivadoFPGA/vivadohls_code/hls_prj/F3_VivadoHLS_core/impl/vhdl/project.srcs/sources_1/ip/vivado_activity_thread_ap_fcmp_1_no_dsp/floating_point_v7_0/hdl/floating_point_v7_0.vhd:233]
INFO: [Synth 8-638] synthesizing module 'floating_point_v7_0_viv' [/home/sf306/phd_codebase/FPL2014/ForwardFinancialFramework/Platforms/VivadoFPGA/vivadohls_code/hls_prj/F3_VivadoHLS_core/impl/vhdl/project.srcs/sources_1/ip/vivado_activity_thread_ap_fcmp_1_no_dsp/floating_point_v7_0/hdl/floating_point_v7_0_viv.vhd:424]
INFO: [Synth 8-638] synthesizing module 'xbip_pipe_v3_0_viv' [/home/sf306/phd_codebase/FPL2014/ForwardFinancialFramework/Platforms/VivadoFPGA/vivadohls_code/hls_prj/F3_VivadoHLS_core/impl/vhdl/project.srcs/sources_1/ip/vivado_activity_thread_ap_fcmp_1_no_dsp/xbip_pipe_v3_0/hdl/xbip_pipe_v3_0_viv.vhd:131]
INFO: [Synth 8-256] done synthesizing module 'xbip_pipe_v3_0_viv' (1#1) [/home/sf306/phd_codebase/FPL2014/ForwardFinancialFramework/Platforms/VivadoFPGA/vivadohls_code/hls_prj/F3_VivadoHLS_core/impl/vhdl/project.srcs/sources_1/ip/vivado_activity_thread_ap_fcmp_1_no_dsp/xbip_pipe_v3_0/hdl/xbip_pipe_v3_0_viv.vhd:131]
INFO: [Synth 8-638] synthesizing module 'fp_cmp' [/home/sf306/phd_codebase/FPL2014/ForwardFinancialFramework/Platforms/VivadoFPGA/vivadohls_code/hls_prj/F3_VivadoHLS_core/impl/vhdl/project.srcs/sources_1/ip/vivado_activity_thread_ap_fcmp_1_no_dsp/floating_point_v7_0/hdl/flt_cmp/flt_cmp.vhd:226]
INFO: [Synth 8-638] synthesizing module 'compare_eq_im' [/home/sf306/phd_codebase/FPL2014/ForwardFinancialFramework/Platforms/VivadoFPGA/vivadohls_code/hls_prj/F3_VivadoHLS_core/impl/vhdl/project.srcs/sources_1/ip/vivado_activity_thread_ap_fcmp_1_no_dsp/floating_point_v7_0/hdl/shared/compare_eq_im.vhd:186]
INFO: [Synth 8-638] synthesizing module 'carry_chain' [/home/sf306/phd_codebase/FPL2014/ForwardFinancialFramework/Platforms/VivadoFPGA/vivadohls_code/hls_prj/F3_VivadoHLS_core/impl/vhdl/project.srcs/sources_1/ip/vivado_activity_thread_ap_fcmp_1_no_dsp/floating_point_v7_0/hdl/shared/carry_chain.vhd:248]
INFO: [Synth 8-113] binding component instance 'CARRY_MUX' to cell 'MUXCY' [/home/sf306/phd_codebase/FPL2014/ForwardFinancialFramework/Platforms/VivadoFPGA/vivadohls_code/hls_prj/F3_VivadoHLS_core/impl/vhdl/project.srcs/sources_1/ip/vivado_activity_thread_ap_fcmp_1_no_dsp/floating_point_v7_0/hdl/shared/carry_chain.vhd:284]
INFO: [Synth 8-113] binding component instance 'CARRY_MUX' to cell 'MUXCY' [/home/sf306/phd_codebase/FPL2014/ForwardFinancialFramework/Platforms/VivadoFPGA/vivadohls_code/hls_prj/F3_VivadoHLS_core/impl/vhdl/project.srcs/sources_1/ip/vivado_activity_thread_ap_fcmp_1_no_dsp/floating_point_v7_0/hdl/shared/carry_chain.vhd:284]
INFO: [Synth 8-113] binding component instance 'CARRY_MUX' to cell 'MUXCY' [/home/sf306/phd_codebase/FPL2014/ForwardFinancialFramework/Platforms/VivadoFPGA/vivadohls_code/hls_prj/F3_VivadoHLS_core/impl/vhdl/project.srcs/sources_1/ip/vivado_activity_thread_ap_fcmp_1_no_dsp/floating_point_v7_0/hdl/shared/carry_chain.vhd:284]
INFO: [Synth 8-638] synthesizing module 'delay' [/home/sf306/phd_codebase/FPL2014/ForwardFinancialFramework/Platforms/VivadoFPGA/vivadohls_code/hls_prj/F3_VivadoHLS_core/impl/vhdl/project.srcs/sources_1/ip/vivado_activity_thread_ap_fcmp_1_no_dsp/floating_point_v7_0/hdl/shared/delay.vhd:172]
INFO: [Synth 8-3491] module 'xbip_pipe_v3_0_viv' declared at '/home/sf306/phd_codebase/FPL2014/ForwardFinancialFramework/Platforms/VivadoFPGA/vivadohls_code/hls_prj/F3_VivadoHLS_core/impl/vhdl/project.srcs/sources_1/ip/vivado_activity_thread_ap_fcmp_1_no_dsp/xbip_pipe_v3_0/hdl/xbip_pipe_v3_0_viv.vhd:106' bound to instance 'i_pipe' of component 'xbip_pipe_v3_0_viv' [/home/sf306/phd_codebase/FPL2014/ForwardFinancialFramework/Platforms/VivadoFPGA/vivadohls_code/hls_prj/F3_VivadoHLS_core/impl/vhdl/project.srcs/sources_1/ip/vivado_activity_thread_ap_fcmp_1_no_dsp/floating_point_v7_0/hdl/shared/delay.vhd:192]
INFO: [Synth 8-638] synthesizing module 'xbip_pipe_v3_0_viv__parameterized1' [/home/sf306/phd_codebase/FPL2014/ForwardFinancialFramework/Platforms/VivadoFPGA/vivadohls_code/hls_prj/F3_VivadoHLS_core/impl/vhdl/project.srcs/sources_1/ip/vivado_activity_thread_ap_fcmp_1_no_dsp/xbip_pipe_v3_0/hdl/xbip_pipe_v3_0_viv.vhd:131]
INFO: [Synth 8-256] done synthesizing module 'xbip_pipe_v3_0_viv__parameterized1' (1#1) [/home/sf306/phd_codebase/FPL2014/ForwardFinancialFramework/Platforms/VivadoFPGA/vivadohls_code/hls_prj/F3_VivadoHLS_core/impl/vhdl/project.srcs/sources_1/ip/vivado_activity_thread_ap_fcmp_1_no_dsp/xbip_pipe_v3_0/hdl/xbip_pipe_v3_0_viv.vhd:131]
INFO: [Synth 8-256] done synthesizing module 'delay' (2#1) [/home/sf306/phd_codebase/FPL2014/ForwardFinancialFramework/Platforms/VivadoFPGA/vivadohls_code/hls_prj/F3_VivadoHLS_core/impl/vhdl/project.srcs/sources_1/ip/vivado_activity_thread_ap_fcmp_1_no_dsp/floating_point_v7_0/hdl/shared/delay.vhd:172]
INFO: [Synth 8-256] done synthesizing module 'carry_chain' (3#1) [/home/sf306/phd_codebase/FPL2014/ForwardFinancialFramework/Platforms/VivadoFPGA/vivadohls_code/hls_prj/F3_VivadoHLS_core/impl/vhdl/project.srcs/sources_1/ip/vivado_activity_thread_ap_fcmp_1_no_dsp/floating_point_v7_0/hdl/shared/carry_chain.vhd:248]
INFO: [Synth 8-256] done synthesizing module 'compare_eq_im' (4#1) [/home/sf306/phd_codebase/FPL2014/ForwardFinancialFramework/Platforms/VivadoFPGA/vivadohls_code/hls_prj/F3_VivadoHLS_core/impl/vhdl/project.srcs/sources_1/ip/vivado_activity_thread_ap_fcmp_1_no_dsp/floating_point_v7_0/hdl/shared/compare_eq_im.vhd:186]
INFO: [Synth 8-638] synthesizing module 'compare_ne_im' [/home/sf306/phd_codebase/FPL2014/ForwardFinancialFramework/Platforms/VivadoFPGA/vivadohls_code/hls_prj/F3_VivadoHLS_core/impl/vhdl/project.srcs/sources_1/ip/vivado_activity_thread_ap_fcmp_1_no_dsp/floating_point_v7_0/hdl/shared/compare_ne_im.vhd:171]
INFO: [Synth 8-638] synthesizing module 'carry_chain__parameterized0' [/home/sf306/phd_codebase/FPL2014/ForwardFinancialFramework/Platforms/VivadoFPGA/vivadohls_code/hls_prj/F3_VivadoHLS_core/impl/vhdl/project.srcs/sources_1/ip/vivado_activity_thread_ap_fcmp_1_no_dsp/floating_point_v7_0/hdl/shared/carry_chain.vhd:248]
INFO: [Synth 8-113] binding component instance 'CARRY_MUX' to cell 'MUXCY' [/home/sf306/phd_codebase/FPL2014/ForwardFinancialFramework/Platforms/VivadoFPGA/vivadohls_code/hls_prj/F3_VivadoHLS_core/impl/vhdl/project.srcs/sources_1/ip/vivado_activity_thread_ap_fcmp_1_no_dsp/floating_point_v7_0/hdl/shared/carry_chain.vhd:284]
INFO: [Synth 8-113] binding component instance 'CARRY_MUX' to cell 'MUXCY' [/home/sf306/phd_codebase/FPL2014/ForwardFinancialFramework/Platforms/VivadoFPGA/vivadohls_code/hls_prj/F3_VivadoHLS_core/impl/vhdl/project.srcs/sources_1/ip/vivado_activity_thread_ap_fcmp_1_no_dsp/floating_point_v7_0/hdl/shared/carry_chain.vhd:284]
INFO: [Synth 8-113] binding component instance 'CARRY_MUX' to cell 'MUXCY' [/home/sf306/phd_codebase/FPL2014/ForwardFinancialFramework/Platforms/VivadoFPGA/vivadohls_code/hls_prj/F3_VivadoHLS_core/impl/vhdl/project.srcs/sources_1/ip/vivado_activity_thread_ap_fcmp_1_no_dsp/floating_point_v7_0/hdl/shared/carry_chain.vhd:284]
INFO: [Synth 8-113] binding component instance 'CARRY_MUX' to cell 'MUXCY' [/home/sf306/phd_codebase/FPL2014/ForwardFinancialFramework/Platforms/VivadoFPGA/vivadohls_code/hls_prj/F3_VivadoHLS_core/impl/vhdl/project.srcs/sources_1/ip/vivado_activity_thread_ap_fcmp_1_no_dsp/floating_point_v7_0/hdl/shared/carry_chain.vhd:284]
INFO: [Synth 8-638] synthesizing module 'delay__parameterized0' [/home/sf306/phd_codebase/FPL2014/ForwardFinancialFramework/Platforms/VivadoFPGA/vivadohls_code/hls_prj/F3_VivadoHLS_core/impl/vhdl/project.srcs/sources_1/ip/vivado_activity_thread_ap_fcmp_1_no_dsp/floating_point_v7_0/hdl/shared/delay.vhd:172]
INFO: [Synth 8-3491] module 'xbip_pipe_v3_0_viv' declared at '/home/sf306/phd_codebase/FPL2014/ForwardFinancialFramework/Platforms/VivadoFPGA/vivadohls_code/hls_prj/F3_VivadoHLS_core/impl/vhdl/project.srcs/sources_1/ip/vivado_activity_thread_ap_fcmp_1_no_dsp/xbip_pipe_v3_0/hdl/xbip_pipe_v3_0_viv.vhd:106' bound to instance 'i_pipe' of component 'xbip_pipe_v3_0_viv' [/home/sf306/phd_codebase/FPL2014/ForwardFinancialFramework/Platforms/VivadoFPGA/vivadohls_code/hls_prj/F3_VivadoHLS_core/impl/vhdl/project.srcs/sources_1/ip/vivado_activity_thread_ap_fcmp_1_no_dsp/floating_point_v7_0/hdl/shared/delay.vhd:192]
INFO: [Synth 8-638] synthesizing module 'xbip_pipe_v3_0_viv__parameterized3' [/home/sf306/phd_codebase/FPL2014/ForwardFinancialFramework/Platforms/VivadoFPGA/vivadohls_code/hls_prj/F3_VivadoHLS_core/impl/vhdl/project.srcs/sources_1/ip/vivado_activity_thread_ap_fcmp_1_no_dsp/xbip_pipe_v3_0/hdl/xbip_pipe_v3_0_viv.vhd:131]
INFO: [Synth 8-256] done synthesizing module 'xbip_pipe_v3_0_viv__parameterized3' (4#1) [/home/sf306/phd_codebase/FPL2014/ForwardFinancialFramework/Platforms/VivadoFPGA/vivadohls_code/hls_prj/F3_VivadoHLS_core/impl/vhdl/project.srcs/sources_1/ip/vivado_activity_thread_ap_fcmp_1_no_dsp/xbip_pipe_v3_0/hdl/xbip_pipe_v3_0_viv.vhd:131]
INFO: [Synth 8-256] done synthesizing module 'delay__parameterized0' (4#1) [/home/sf306/phd_codebase/FPL2014/ForwardFinancialFramework/Platforms/VivadoFPGA/vivadohls_code/hls_prj/F3_VivadoHLS_core/impl/vhdl/project.srcs/sources_1/ip/vivado_activity_thread_ap_fcmp_1_no_dsp/floating_point_v7_0/hdl/shared/delay.vhd:172]
INFO: [Synth 8-256] done synthesizing module 'carry_chain__parameterized0' (4#1) [/home/sf306/phd_codebase/FPL2014/ForwardFinancialFramework/Platforms/VivadoFPGA/vivadohls_code/hls_prj/F3_VivadoHLS_core/impl/vhdl/project.srcs/sources_1/ip/vivado_activity_thread_ap_fcmp_1_no_dsp/floating_point_v7_0/hdl/shared/carry_chain.vhd:248]
INFO: [Synth 8-256] done synthesizing module 'compare_ne_im' (5#1) [/home/sf306/phd_codebase/FPL2014/ForwardFinancialFramework/Platforms/VivadoFPGA/vivadohls_code/hls_prj/F3_VivadoHLS_core/impl/vhdl/project.srcs/sources_1/ip/vivado_activity_thread_ap_fcmp_1_no_dsp/floating_point_v7_0/hdl/shared/compare_ne_im.vhd:171]
INFO: [Synth 8-638] synthesizing module 'compare_eq_im__parameterized0' [/home/sf306/phd_codebase/FPL2014/ForwardFinancialFramework/Platforms/VivadoFPGA/vivadohls_code/hls_prj/F3_VivadoHLS_core/impl/vhdl/project.srcs/sources_1/ip/vivado_activity_thread_ap_fcmp_1_no_dsp/floating_point_v7_0/hdl/shared/compare_eq_im.vhd:186]
INFO: [Synth 8-638] synthesizing module 'carry_chain__parameterized1' [/home/sf306/phd_codebase/FPL2014/ForwardFinancialFramework/Platforms/VivadoFPGA/vivadohls_code/hls_prj/F3_VivadoHLS_core/impl/vhdl/project.srcs/sources_1/ip/vivado_activity_thread_ap_fcmp_1_no_dsp/floating_point_v7_0/hdl/shared/carry_chain.vhd:248]
INFO: [Synth 8-113] binding component instance 'CARRY_MUX' to cell 'MUXCY' [/home/sf306/phd_codebase/FPL2014/ForwardFinancialFramework/Platforms/VivadoFPGA/vivadohls_code/hls_prj/F3_VivadoHLS_core/impl/vhdl/project.srcs/sources_1/ip/vivado_activity_thread_ap_fcmp_1_no_dsp/floating_point_v7_0/hdl/shared/carry_chain.vhd:284]
INFO: [Synth 8-113] binding component instance 'CARRY_MUX' to cell 'MUXCY' [/home/sf306/phd_codebase/FPL2014/ForwardFinancialFramework/Platforms/VivadoFPGA/vivadohls_code/hls_prj/F3_VivadoHLS_core/impl/vhdl/project.srcs/sources_1/ip/vivado_activity_thread_ap_fcmp_1_no_dsp/floating_point_v7_0/hdl/shared/carry_chain.vhd:284]
INFO: [Synth 8-638] synthesizing module 'delay__parameterized1' [/home/sf306/phd_codebase/FPL2014/ForwardFinancialFramework/Platforms/VivadoFPGA/vivadohls_code/hls_prj/F3_VivadoHLS_core/impl/vhdl/project.srcs/sources_1/ip/vivado_activity_thread_ap_fcmp_1_no_dsp/floating_point_v7_0/hdl/shared/delay.vhd:172]
INFO: [Synth 8-3491] module 'xbip_pipe_v3_0_viv' declared at '/home/sf306/phd_codebase/FPL2014/ForwardFinancialFramework/Platforms/VivadoFPGA/vivadohls_code/hls_prj/F3_VivadoHLS_core/impl/vhdl/project.srcs/sources_1/ip/vivado_activity_thread_ap_fcmp_1_no_dsp/xbip_pipe_v3_0/hdl/xbip_pipe_v3_0_viv.vhd:106' bound to instance 'i_pipe' of component 'xbip_pipe_v3_0_viv' [/home/sf306/phd_codebase/FPL2014/ForwardFinancialFramework/Platforms/VivadoFPGA/vivadohls_code/hls_prj/F3_VivadoHLS_core/impl/vhdl/project.srcs/sources_1/ip/vivado_activity_thread_ap_fcmp_1_no_dsp/floating_point_v7_0/hdl/shared/delay.vhd:192]
INFO: [Synth 8-638] synthesizing module 'xbip_pipe_v3_0_viv__parameterized5' [/home/sf306/phd_codebase/FPL2014/ForwardFinancialFramework/Platforms/VivadoFPGA/vivadohls_code/hls_prj/F3_VivadoHLS_core/impl/vhdl/project.srcs/sources_1/ip/vivado_activity_thread_ap_fcmp_1_no_dsp/xbip_pipe_v3_0/hdl/xbip_pipe_v3_0_viv.vhd:131]
INFO: [Synth 8-256] done synthesizing module 'xbip_pipe_v3_0_viv__parameterized5' (5#1) [/home/sf306/phd_codebase/FPL2014/ForwardFinancialFramework/Platforms/VivadoFPGA/vivadohls_code/hls_prj/F3_VivadoHLS_core/impl/vhdl/project.srcs/sources_1/ip/vivado_activity_thread_ap_fcmp_1_no_dsp/xbip_pipe_v3_0/hdl/xbip_pipe_v3_0_viv.vhd:131]
INFO: [Synth 8-256] done synthesizing module 'delay__parameterized1' (5#1) [/home/sf306/phd_codebase/FPL2014/ForwardFinancialFramework/Platforms/VivadoFPGA/vivadohls_code/hls_prj/F3_VivadoHLS_core/impl/vhdl/project.srcs/sources_1/ip/vivado_activity_thread_ap_fcmp_1_no_dsp/floating_point_v7_0/hdl/shared/delay.vhd:172]
INFO: [Synth 8-256] done synthesizing module 'carry_chain__parameterized1' (5#1) [/home/sf306/phd_codebase/FPL2014/ForwardFinancialFramework/Platforms/VivadoFPGA/vivadohls_code/hls_prj/F3_VivadoHLS_core/impl/vhdl/project.srcs/sources_1/ip/vivado_activity_thread_ap_fcmp_1_no_dsp/floating_point_v7_0/hdl/shared/carry_chain.vhd:248]
INFO: [Synth 8-256] done synthesizing module 'compare_eq_im__parameterized0' (5#1) [/home/sf306/phd_codebase/FPL2014/ForwardFinancialFramework/Platforms/VivadoFPGA/vivadohls_code/hls_prj/F3_VivadoHLS_core/impl/vhdl/project.srcs/sources_1/ip/vivado_activity_thread_ap_fcmp_1_no_dsp/floating_point_v7_0/hdl/shared/compare_eq_im.vhd:186]
INFO: [Synth 8-638] synthesizing module 'compare_eq' [/home/sf306/phd_codebase/FPL2014/ForwardFinancialFramework/Platforms/VivadoFPGA/vivadohls_code/hls_prj/F3_VivadoHLS_core/impl/vhdl/project.srcs/sources_1/ip/vivado_activity_thread_ap_fcmp_1_no_dsp/floating_point_v7_0/hdl/shared/compare_eq.vhd:159]
INFO: [Synth 8-638] synthesizing module 'carry_chain__parameterized2' [/home/sf306/phd_codebase/FPL2014/ForwardFinancialFramework/Platforms/VivadoFPGA/vivadohls_code/hls_prj/F3_VivadoHLS_core/impl/vhdl/project.srcs/sources_1/ip/vivado_activity_thread_ap_fcmp_1_no_dsp/floating_point_v7_0/hdl/shared/carry_chain.vhd:248]
INFO: [Synth 8-113] binding component instance 'CARRY_MUX' to cell 'MUXCY' [/home/sf306/phd_codebase/FPL2014/ForwardFinancialFramework/Platforms/VivadoFPGA/vivadohls_code/hls_prj/F3_VivadoHLS_core/impl/vhdl/project.srcs/sources_1/ip/vivado_activity_thread_ap_fcmp_1_no_dsp/floating_point_v7_0/hdl/shared/carry_chain.vhd:284]
INFO: [Synth 8-113] binding component instance 'CARRY_MUX' to cell 'MUXCY' [/home/sf306/phd_codebase/FPL2014/ForwardFinancialFramework/Platforms/VivadoFPGA/vivadohls_code/hls_prj/F3_VivadoHLS_core/impl/vhdl/project.srcs/sources_1/ip/vivado_activity_thread_ap_fcmp_1_no_dsp/floating_point_v7_0/hdl/shared/carry_chain.vhd:284]
INFO: [Synth 8-113] binding component instance 'CARRY_MUX' to cell 'MUXCY' [/home/sf306/phd_codebase/FPL2014/ForwardFinancialFramework/Platforms/VivadoFPGA/vivadohls_code/hls_prj/F3_VivadoHLS_core/impl/vhdl/project.srcs/sources_1/ip/vivado_activity_thread_ap_fcmp_1_no_dsp/floating_point_v7_0/hdl/shared/carry_chain.vhd:284]
INFO: [Synth 8-113] binding component instance 'CARRY_MUX' to cell 'MUXCY' [/home/sf306/phd_codebase/FPL2014/ForwardFinancialFramework/Platforms/VivadoFPGA/vivadohls_code/hls_prj/F3_VivadoHLS_core/impl/vhdl/project.srcs/sources_1/ip/vivado_activity_thread_ap_fcmp_1_no_dsp/floating_point_v7_0/hdl/shared/carry_chain.vhd:284]
INFO: [Synth 8-113] binding component instance 'CARRY_MUX' to cell 'MUXCY' [/home/sf306/phd_codebase/FPL2014/ForwardFinancialFramework/Platforms/VivadoFPGA/vivadohls_code/hls_prj/F3_VivadoHLS_core/impl/vhdl/project.srcs/sources_1/ip/vivado_activity_thread_ap_fcmp_1_no_dsp/floating_point_v7_0/hdl/shared/carry_chain.vhd:284]
INFO: [Synth 8-113] binding component instance 'CARRY_MUX' to cell 'MUXCY' [/home/sf306/phd_codebase/FPL2014/ForwardFinancialFramework/Platforms/VivadoFPGA/vivadohls_code/hls_prj/F3_VivadoHLS_core/impl/vhdl/project.srcs/sources_1/ip/vivado_activity_thread_ap_fcmp_1_no_dsp/floating_point_v7_0/hdl/shared/carry_chain.vhd:284]
INFO: [Synth 8-113] binding component instance 'CARRY_MUX' to cell 'MUXCY' [/home/sf306/phd_codebase/FPL2014/ForwardFinancialFramework/Platforms/VivadoFPGA/vivadohls_code/hls_prj/F3_VivadoHLS_core/impl/vhdl/project.srcs/sources_1/ip/vivado_activity_thread_ap_fcmp_1_no_dsp/floating_point_v7_0/hdl/shared/carry_chain.vhd:284]
INFO: [Synth 8-113] binding component instance 'CARRY_MUX' to cell 'MUXCY' [/home/sf306/phd_codebase/FPL2014/ForwardFinancialFramework/Platforms/VivadoFPGA/vivadohls_code/hls_prj/F3_VivadoHLS_core/impl/vhdl/project.srcs/sources_1/ip/vivado_activity_thread_ap_fcmp_1_no_dsp/floating_point_v7_0/hdl/shared/carry_chain.vhd:284]
INFO: [Synth 8-113] binding component instance 'CARRY_MUX' to cell 'MUXCY' [/home/sf306/phd_codebase/FPL2014/ForwardFinancialFramework/Platforms/VivadoFPGA/vivadohls_code/hls_prj/F3_VivadoHLS_core/impl/vhdl/project.srcs/sources_1/ip/vivado_activity_thread_ap_fcmp_1_no_dsp/floating_point_v7_0/hdl/shared/carry_chain.vhd:284]
INFO: [Synth 8-113] binding component instance 'CARRY_MUX' to cell 'MUXCY' [/home/sf306/phd_codebase/FPL2014/ForwardFinancialFramework/Platforms/VivadoFPGA/vivadohls_code/hls_prj/F3_VivadoHLS_core/impl/vhdl/project.srcs/sources_1/ip/vivado_activity_thread_ap_fcmp_1_no_dsp/floating_point_v7_0/hdl/shared/carry_chain.vhd:284]
INFO: [Synth 8-113] binding component instance 'CARRY_MUX' to cell 'MUXCY' [/home/sf306/phd_codebase/FPL2014/ForwardFinancialFramework/Platforms/VivadoFPGA/vivadohls_code/hls_prj/F3_VivadoHLS_core/impl/vhdl/project.srcs/sources_1/ip/vivado_activity_thread_ap_fcmp_1_no_dsp/floating_point_v7_0/hdl/shared/carry_chain.vhd:284]
INFO: [Synth 8-638] synthesizing module 'delay__parameterized2' [/home/sf306/phd_codebase/FPL2014/ForwardFinancialFramework/Platforms/VivadoFPGA/vivadohls_code/hls_prj/F3_VivadoHLS_core/impl/vhdl/project.srcs/sources_1/ip/vivado_activity_thread_ap_fcmp_1_no_dsp/floating_point_v7_0/hdl/shared/delay.vhd:172]
INFO: [Synth 8-3491] module 'xbip_pipe_v3_0_viv' declared at '/home/sf306/phd_codebase/FPL2014/ForwardFinancialFramework/Platforms/VivadoFPGA/vivadohls_code/hls_prj/F3_VivadoHLS_core/impl/vhdl/project.srcs/sources_1/ip/vivado_activity_thread_ap_fcmp_1_no_dsp/xbip_pipe_v3_0/hdl/xbip_pipe_v3_0_viv.vhd:106' bound to instance 'i_pipe' of component 'xbip_pipe_v3_0_viv' [/home/sf306/phd_codebase/FPL2014/ForwardFinancialFramework/Platforms/VivadoFPGA/vivadohls_code/hls_prj/F3_VivadoHLS_core/impl/vhdl/project.srcs/sources_1/ip/vivado_activity_thread_ap_fcmp_1_no_dsp/floating_point_v7_0/hdl/shared/delay.vhd:192]
INFO: [Synth 8-638] synthesizing module 'xbip_pipe_v3_0_viv__parameterized7' [/home/sf306/phd_codebase/FPL2014/ForwardFinancialFramework/Platforms/VivadoFPGA/vivadohls_code/hls_prj/F3_VivadoHLS_core/impl/vhdl/project.srcs/sources_1/ip/vivado_activity_thread_ap_fcmp_1_no_dsp/xbip_pipe_v3_0/hdl/xbip_pipe_v3_0_viv.vhd:131]
INFO: [Synth 8-256] done synthesizing module 'xbip_pipe_v3_0_viv__parameterized7' (5#1) [/home/sf306/phd_codebase/FPL2014/ForwardFinancialFramework/Platforms/VivadoFPGA/vivadohls_code/hls_prj/F3_VivadoHLS_core/impl/vhdl/project.srcs/sources_1/ip/vivado_activity_thread_ap_fcmp_1_no_dsp/xbip_pipe_v3_0/hdl/xbip_pipe_v3_0_viv.vhd:131]
INFO: [Synth 8-256] done synthesizing module 'delay__parameterized2' (5#1) [/home/sf306/phd_codebase/FPL2014/ForwardFinancialFramework/Platforms/VivadoFPGA/vivadohls_code/hls_prj/F3_VivadoHLS_core/impl/vhdl/project.srcs/sources_1/ip/vivado_activity_thread_ap_fcmp_1_no_dsp/floating_point_v7_0/hdl/shared/delay.vhd:172]
INFO: [Synth 8-256] done synthesizing module 'carry_chain__parameterized2' (5#1) [/home/sf306/phd_codebase/FPL2014/ForwardFinancialFramework/Platforms/VivadoFPGA/vivadohls_code/hls_prj/F3_VivadoHLS_core/impl/vhdl/project.srcs/sources_1/ip/vivado_activity_thread_ap_fcmp_1_no_dsp/floating_point_v7_0/hdl/shared/carry_chain.vhd:248]
INFO: [Synth 8-256] done synthesizing module 'compare_eq' (6#1) [/home/sf306/phd_codebase/FPL2014/ForwardFinancialFramework/Platforms/VivadoFPGA/vivadohls_code/hls_prj/F3_VivadoHLS_core/impl/vhdl/project.srcs/sources_1/ip/vivado_activity_thread_ap_fcmp_1_no_dsp/floating_point_v7_0/hdl/shared/compare_eq.vhd:159]
INFO: [Synth 8-638] synthesizing module 'compare_gt' [/home/sf306/phd_codebase/FPL2014/ForwardFinancialFramework/Platforms/VivadoFPGA/vivadohls_code/hls_prj/F3_VivadoHLS_core/impl/vhdl/project.srcs/sources_1/ip/vivado_activity_thread_ap_fcmp_1_no_dsp/floating_point_v7_0/hdl/shared/compare_gt.vhd:163]
INFO: [Synth 8-638] synthesizing module 'carry_chain__parameterized3' [/home/sf306/phd_codebase/FPL2014/ForwardFinancialFramework/Platforms/VivadoFPGA/vivadohls_code/hls_prj/F3_VivadoHLS_core/impl/vhdl/project.srcs/sources_1/ip/vivado_activity_thread_ap_fcmp_1_no_dsp/floating_point_v7_0/hdl/shared/carry_chain.vhd:248]
INFO: [Synth 8-113] binding component instance 'CARRY_MUX' to cell 'MUXCY' [/home/sf306/phd_codebase/FPL2014/ForwardFinancialFramework/Platforms/VivadoFPGA/vivadohls_code/hls_prj/F3_VivadoHLS_core/impl/vhdl/project.srcs/sources_1/ip/vivado_activity_thread_ap_fcmp_1_no_dsp/floating_point_v7_0/hdl/shared/carry_chain.vhd:284]
INFO: [Synth 8-113] binding component instance 'CARRY_MUX' to cell 'MUXCY' [/home/sf306/phd_codebase/FPL2014/ForwardFinancialFramework/Platforms/VivadoFPGA/vivadohls_code/hls_prj/F3_VivadoHLS_core/impl/vhdl/project.srcs/sources_1/ip/vivado_activity_thread_ap_fcmp_1_no_dsp/floating_point_v7_0/hdl/shared/carry_chain.vhd:284]
INFO: [Synth 8-113] binding component instance 'CARRY_MUX' to cell 'MUXCY' [/home/sf306/phd_codebase/FPL2014/ForwardFinancialFramework/Platforms/VivadoFPGA/vivadohls_code/hls_prj/F3_VivadoHLS_core/impl/vhdl/project.srcs/sources_1/ip/vivado_activity_thread_ap_fcmp_1_no_dsp/floating_point_v7_0/hdl/shared/carry_chain.vhd:284]
INFO: [Synth 8-113] binding component instance 'CARRY_MUX' to cell 'MUXCY' [/home/sf306/phd_codebase/FPL2014/ForwardFinancialFramework/Platforms/VivadoFPGA/vivadohls_code/hls_prj/F3_VivadoHLS_core/impl/vhdl/project.srcs/sources_1/ip/vivado_activity_thread_ap_fcmp_1_no_dsp/floating_point_v7_0/hdl/shared/carry_chain.vhd:284]
INFO: [Synth 8-113] binding component instance 'CARRY_MUX' to cell 'MUXCY' [/home/sf306/phd_codebase/FPL2014/ForwardFinancialFramework/Platforms/VivadoFPGA/vivadohls_code/hls_prj/F3_VivadoHLS_core/impl/vhdl/project.srcs/sources_1/ip/vivado_activity_thread_ap_fcmp_1_no_dsp/floating_point_v7_0/hdl/shared/carry_chain.vhd:284]
INFO: [Synth 8-113] binding component instance 'CARRY_MUX' to cell 'MUXCY' [/home/sf306/phd_codebase/FPL2014/ForwardFinancialFramework/Platforms/VivadoFPGA/vivadohls_code/hls_prj/F3_VivadoHLS_core/impl/vhdl/project.srcs/sources_1/ip/vivado_activity_thread_ap_fcmp_1_no_dsp/floating_point_v7_0/hdl/shared/carry_chain.vhd:284]
INFO: [Synth 8-113] binding component instance 'CARRY_MUX' to cell 'MUXCY' [/home/sf306/phd_codebase/FPL2014/ForwardFinancialFramework/Platforms/VivadoFPGA/vivadohls_code/hls_prj/F3_VivadoHLS_core/impl/vhdl/project.srcs/sources_1/ip/vivado_activity_thread_ap_fcmp_1_no_dsp/floating_point_v7_0/hdl/shared/carry_chain.vhd:284]
INFO: [Synth 8-113] binding component instance 'CARRY_MUX' to cell 'MUXCY' [/home/sf306/phd_codebase/FPL2014/ForwardFinancialFramework/Platforms/VivadoFPGA/vivadohls_code/hls_prj/F3_VivadoHLS_core/impl/vhdl/project.srcs/sources_1/ip/vivado_activity_thread_ap_fcmp_1_no_dsp/floating_point_v7_0/hdl/shared/carry_chain.vhd:284]
INFO: [Synth 8-113] binding component instance 'CARRY_MUX' to cell 'MUXCY' [/home/sf306/phd_codebase/FPL2014/ForwardFinancialFramework/Platforms/VivadoFPGA/vivadohls_code/hls_prj/F3_VivadoHLS_core/impl/vhdl/project.srcs/sources_1/ip/vivado_activity_thread_ap_fcmp_1_no_dsp/floating_point_v7_0/hdl/shared/carry_chain.vhd:284]
INFO: [Synth 8-113] binding component instance 'CARRY_MUX' to cell 'MUXCY' [/home/sf306/phd_codebase/FPL2014/ForwardFinancialFramework/Platforms/VivadoFPGA/vivadohls_code/hls_prj/F3_VivadoHLS_core/impl/vhdl/project.srcs/sources_1/ip/vivado_activity_thread_ap_fcmp_1_no_dsp/floating_point_v7_0/hdl/shared/carry_chain.vhd:284]
INFO: [Synth 8-113] binding component instance 'CARRY_MUX' to cell 'MUXCY' [/home/sf306/phd_codebase/FPL2014/ForwardFinancialFramework/Platforms/VivadoFPGA/vivadohls_code/hls_prj/F3_VivadoHLS_core/impl/vhdl/project.srcs/sources_1/ip/vivado_activity_thread_ap_fcmp_1_no_dsp/floating_point_v7_0/hdl/shared/carry_chain.vhd:284]
INFO: [Synth 8-113] binding component instance 'CARRY_MUX' to cell 'MUXCY' [/home/sf306/phd_codebase/FPL2014/ForwardFinancialFramework/Platforms/VivadoFPGA/vivadohls_code/hls_prj/F3_VivadoHLS_core/impl/vhdl/project.srcs/sources_1/ip/vivado_activity_thread_ap_fcmp_1_no_dsp/floating_point_v7_0/hdl/shared/carry_chain.vhd:284]
INFO: [Synth 8-113] binding component instance 'CARRY_MUX' to cell 'MUXCY' [/home/sf306/phd_codebase/FPL2014/ForwardFinancialFramework/Platforms/VivadoFPGA/vivadohls_code/hls_prj/F3_VivadoHLS_core/impl/vhdl/project.srcs/sources_1/ip/vivado_activity_thread_ap_fcmp_1_no_dsp/floating_point_v7_0/hdl/shared/carry_chain.vhd:284]
INFO: [Synth 8-113] binding component instance 'CARRY_MUX' to cell 'MUXCY' [/home/sf306/phd_codebase/FPL2014/ForwardFinancialFramework/Platforms/VivadoFPGA/vivadohls_code/hls_prj/F3_VivadoHLS_core/impl/vhdl/project.srcs/sources_1/ip/vivado_activity_thread_ap_fcmp_1_no_dsp/floating_point_v7_0/hdl/shared/carry_chain.vhd:284]
INFO: [Synth 8-113] binding component instance 'CARRY_MUX' to cell 'MUXCY' [/home/sf306/phd_codebase/FPL2014/ForwardFinancialFramework/Platforms/VivadoFPGA/vivadohls_code/hls_prj/F3_VivadoHLS_core/impl/vhdl/project.srcs/sources_1/ip/vivado_activity_thread_ap_fcmp_1_no_dsp/floating_point_v7_0/hdl/shared/carry_chain.vhd:284]
INFO: [Synth 8-113] binding component instance 'CARRY_MUX' to cell 'MUXCY' [/home/sf306/phd_codebase/FPL2014/ForwardFinancialFramework/Platforms/VivadoFPGA/vivadohls_code/hls_prj/F3_VivadoHLS_core/impl/vhdl/project.srcs/sources_1/ip/vivado_activity_thread_ap_fcmp_1_no_dsp/floating_point_v7_0/hdl/shared/carry_chain.vhd:284]
INFO: [Synth 8-638] synthesizing module 'delay__parameterized3' [/home/sf306/phd_codebase/FPL2014/ForwardFinancialFramework/Platforms/VivadoFPGA/vivadohls_code/hls_prj/F3_VivadoHLS_core/impl/vhdl/project.srcs/sources_1/ip/vivado_activity_thread_ap_fcmp_1_no_dsp/floating_point_v7_0/hdl/shared/delay.vhd:172]
INFO: [Synth 8-3491] module 'xbip_pipe_v3_0_viv' declared at '/home/sf306/phd_codebase/FPL2014/ForwardFinancialFramework/Platforms/VivadoFPGA/vivadohls_code/hls_prj/F3_VivadoHLS_core/impl/vhdl/project.srcs/sources_1/ip/vivado_activity_thread_ap_fcmp_1_no_dsp/xbip_pipe_v3_0/hdl/xbip_pipe_v3_0_viv.vhd:106' bound to instance 'i_pipe' of component 'xbip_pipe_v3_0_viv' [/home/sf306/phd_codebase/FPL2014/ForwardFinancialFramework/Platforms/VivadoFPGA/vivadohls_code/hls_prj/F3_VivadoHLS_core/impl/vhdl/project.srcs/sources_1/ip/vivado_activity_thread_ap_fcmp_1_no_dsp/floating_point_v7_0/hdl/shared/delay.vhd:192]
INFO: [Synth 8-638] synthesizing module 'xbip_pipe_v3_0_viv__parameterized9' [/home/sf306/phd_codebase/FPL2014/ForwardFinancialFramework/Platforms/VivadoFPGA/vivadohls_code/hls_prj/F3_VivadoHLS_core/impl/vhdl/project.srcs/sources_1/ip/vivado_activity_thread_ap_fcmp_1_no_dsp/xbip_pipe_v3_0/hdl/xbip_pipe_v3_0_viv.vhd:131]
INFO: [Synth 8-256] done synthesizing module 'xbip_pipe_v3_0_viv__parameterized9' (6#1) [/home/sf306/phd_codebase/FPL2014/ForwardFinancialFramework/Platforms/VivadoFPGA/vivadohls_code/hls_prj/F3_VivadoHLS_core/impl/vhdl/project.srcs/sources_1/ip/vivado_activity_thread_ap_fcmp_1_no_dsp/xbip_pipe_v3_0/hdl/xbip_pipe_v3_0_viv.vhd:131]
INFO: [Synth 8-256] done synthesizing module 'delay__parameterized3' (6#1) [/home/sf306/phd_codebase/FPL2014/ForwardFinancialFramework/Platforms/VivadoFPGA/vivadohls_code/hls_prj/F3_VivadoHLS_core/impl/vhdl/project.srcs/sources_1/ip/vivado_activity_thread_ap_fcmp_1_no_dsp/floating_point_v7_0/hdl/shared/delay.vhd:172]
INFO: [Synth 8-256] done synthesizing module 'carry_chain__parameterized3' (6#1) [/home/sf306/phd_codebase/FPL2014/ForwardFinancialFramework/Platforms/VivadoFPGA/vivadohls_code/hls_prj/F3_VivadoHLS_core/impl/vhdl/project.srcs/sources_1/ip/vivado_activity_thread_ap_fcmp_1_no_dsp/floating_point_v7_0/hdl/shared/carry_chain.vhd:248]
INFO: [Synth 8-256] done synthesizing module 'compare_gt' (7#1) [/home/sf306/phd_codebase/FPL2014/ForwardFinancialFramework/Platforms/VivadoFPGA/vivadohls_code/hls_prj/F3_VivadoHLS_core/impl/vhdl/project.srcs/sources_1/ip/vivado_activity_thread_ap_fcmp_1_no_dsp/floating_point_v7_0/hdl/shared/compare_gt.vhd:163]
INFO: [Synth 8-638] synthesizing module 'delay__parameterized4' [/home/sf306/phd_codebase/FPL2014/ForwardFinancialFramework/Platforms/VivadoFPGA/vivadohls_code/hls_prj/F3_VivadoHLS_core/impl/vhdl/project.srcs/sources_1/ip/vivado_activity_thread_ap_fcmp_1_no_dsp/floating_point_v7_0/hdl/shared/delay.vhd:172]
INFO: [Synth 8-3491] module 'xbip_pipe_v3_0_viv' declared at '/home/sf306/phd_codebase/FPL2014/ForwardFinancialFramework/Platforms/VivadoFPGA/vivadohls_code/hls_prj/F3_VivadoHLS_core/impl/vhdl/project.srcs/sources_1/ip/vivado_activity_thread_ap_fcmp_1_no_dsp/xbip_pipe_v3_0/hdl/xbip_pipe_v3_0_viv.vhd:106' bound to instance 'i_pipe' of component 'xbip_pipe_v3_0_viv' [/home/sf306/phd_codebase/FPL2014/ForwardFinancialFramework/Platforms/VivadoFPGA/vivadohls_code/hls_prj/F3_VivadoHLS_core/impl/vhdl/project.srcs/sources_1/ip/vivado_activity_thread_ap_fcmp_1_no_dsp/floating_point_v7_0/hdl/shared/delay.vhd:192]
INFO: [Synth 8-256] done synthesizing module 'delay__parameterized4' (7#1) [/home/sf306/phd_codebase/FPL2014/ForwardFinancialFramework/Platforms/VivadoFPGA/vivadohls_code/hls_prj/F3_VivadoHLS_core/impl/vhdl/project.srcs/sources_1/ip/vivado_activity_thread_ap_fcmp_1_no_dsp/floating_point_v7_0/hdl/shared/delay.vhd:172]
INFO: [Synth 8-638] synthesizing module 'delay__parameterized5' [/home/sf306/phd_codebase/FPL2014/ForwardFinancialFramework/Platforms/VivadoFPGA/vivadohls_code/hls_prj/F3_VivadoHLS_core/impl/vhdl/project.srcs/sources_1/ip/vivado_activity_thread_ap_fcmp_1_no_dsp/floating_point_v7_0/hdl/shared/delay.vhd:172]
INFO: [Synth 8-3491] module 'xbip_pipe_v3_0_viv' declared at '/home/sf306/phd_codebase/FPL2014/ForwardFinancialFramework/Platforms/VivadoFPGA/vivadohls_code/hls_prj/F3_VivadoHLS_core/impl/vhdl/project.srcs/sources_1/ip/vivado_activity_thread_ap_fcmp_1_no_dsp/xbip_pipe_v3_0/hdl/xbip_pipe_v3_0_viv.vhd:106' bound to instance 'i_pipe' of component 'xbip_pipe_v3_0_viv' [/home/sf306/phd_codebase/FPL2014/ForwardFinancialFramework/Platforms/VivadoFPGA/vivadohls_code/hls_prj/F3_VivadoHLS_core/impl/vhdl/project.srcs/sources_1/ip/vivado_activity_thread_ap_fcmp_1_no_dsp/floating_point_v7_0/hdl/shared/delay.vhd:192]
INFO: [Synth 8-638] synthesizing module 'xbip_pipe_v3_0_viv__parameterized11' [/home/sf306/phd_codebase/FPL2014/ForwardFinancialFramework/Platforms/VivadoFPGA/vivadohls_code/hls_prj/F3_VivadoHLS_core/impl/vhdl/project.srcs/sources_1/ip/vivado_activity_thread_ap_fcmp_1_no_dsp/xbip_pipe_v3_0/hdl/xbip_pipe_v3_0_viv.vhd:131]
INFO: [Synth 8-256] done synthesizing module 'xbip_pipe_v3_0_viv__parameterized11' (7#1) [/home/sf306/phd_codebase/FPL2014/ForwardFinancialFramework/Platforms/VivadoFPGA/vivadohls_code/hls_prj/F3_VivadoHLS_core/impl/vhdl/project.srcs/sources_1/ip/vivado_activity_thread_ap_fcmp_1_no_dsp/xbip_pipe_v3_0/hdl/xbip_pipe_v3_0_viv.vhd:131]
INFO: [Synth 8-256] done synthesizing module 'delay__parameterized5' (7#1) [/home/sf306/phd_codebase/FPL2014/ForwardFinancialFramework/Platforms/VivadoFPGA/vivadohls_code/hls_prj/F3_VivadoHLS_core/impl/vhdl/project.srcs/sources_1/ip/vivado_activity_thread_ap_fcmp_1_no_dsp/floating_point_v7_0/hdl/shared/delay.vhd:172]
INFO: [Synth 8-638] synthesizing module 'delay__parameterized6' [/home/sf306/phd_codebase/FPL2014/ForwardFinancialFramework/Platforms/VivadoFPGA/vivadohls_code/hls_prj/F3_VivadoHLS_core/impl/vhdl/project.srcs/sources_1/ip/vivado_activity_thread_ap_fcmp_1_no_dsp/floating_point_v7_0/hdl/shared/delay.vhd:172]
INFO: [Synth 8-3491] module 'xbip_pipe_v3_0_viv' declared at '/home/sf306/phd_codebase/FPL2014/ForwardFinancialFramework/Platforms/VivadoFPGA/vivadohls_code/hls_prj/F3_VivadoHLS_core/impl/vhdl/project.srcs/sources_1/ip/vivado_activity_thread_ap_fcmp_1_no_dsp/xbip_pipe_v3_0/hdl/xbip_pipe_v3_0_viv.vhd:106' bound to instance 'i_pipe' of component 'xbip_pipe_v3_0_viv' [/home/sf306/phd_codebase/FPL2014/ForwardFinancialFramework/Platforms/VivadoFPGA/vivadohls_code/hls_prj/F3_VivadoHLS_core/impl/vhdl/project.srcs/sources_1/ip/vivado_activity_thread_ap_fcmp_1_no_dsp/floating_point_v7_0/hdl/shared/delay.vhd:192]
INFO: [Synth 8-638] synthesizing module 'xbip_pipe_v3_0_viv__parameterized13' [/home/sf306/phd_codebase/FPL2014/ForwardFinancialFramework/Platforms/VivadoFPGA/vivadohls_code/hls_prj/F3_VivadoHLS_core/impl/vhdl/project.srcs/sources_1/ip/vivado_activity_thread_ap_fcmp_1_no_dsp/xbip_pipe_v3_0/hdl/xbip_pipe_v3_0_viv.vhd:131]
INFO: [Synth 8-256] done synthesizing module 'xbip_pipe_v3_0_viv__parameterized13' (7#1) [/home/sf306/phd_codebase/FPL2014/ForwardFinancialFramework/Platforms/VivadoFPGA/vivadohls_code/hls_prj/F3_VivadoHLS_core/impl/vhdl/project.srcs/sources_1/ip/vivado_activity_thread_ap_fcmp_1_no_dsp/xbip_pipe_v3_0/hdl/xbip_pipe_v3_0_viv.vhd:131]
INFO: [Synth 8-256] done synthesizing module 'delay__parameterized6' (7#1) [/home/sf306/phd_codebase/FPL2014/ForwardFinancialFramework/Platforms/VivadoFPGA/vivadohls_code/hls_prj/F3_VivadoHLS_core/impl/vhdl/project.srcs/sources_1/ip/vivado_activity_thread_ap_fcmp_1_no_dsp/floating_point_v7_0/hdl/shared/delay.vhd:172]
INFO: [Synth 8-638] synthesizing module 'delay__parameterized7' [/home/sf306/phd_codebase/FPL2014/ForwardFinancialFramework/Platforms/VivadoFPGA/vivadohls_code/hls_prj/F3_VivadoHLS_core/impl/vhdl/project.srcs/sources_1/ip/vivado_activity_thread_ap_fcmp_1_no_dsp/floating_point_v7_0/hdl/shared/delay.vhd:172]
INFO: [Synth 8-3491] module 'xbip_pipe_v3_0_viv' declared at '/home/sf306/phd_codebase/FPL2014/ForwardFinancialFramework/Platforms/VivadoFPGA/vivadohls_code/hls_prj/F3_VivadoHLS_core/impl/vhdl/project.srcs/sources_1/ip/vivado_activity_thread_ap_fcmp_1_no_dsp/xbip_pipe_v3_0/hdl/xbip_pipe_v3_0_viv.vhd:106' bound to instance 'i_pipe' of component 'xbip_pipe_v3_0_viv' [/home/sf306/phd_codebase/FPL2014/ForwardFinancialFramework/Platforms/VivadoFPGA/vivadohls_code/hls_prj/F3_VivadoHLS_core/impl/vhdl/project.srcs/sources_1/ip/vivado_activity_thread_ap_fcmp_1_no_dsp/floating_point_v7_0/hdl/shared/delay.vhd:192]
INFO: [Synth 8-256] done synthesizing module 'delay__parameterized7' (7#1) [/home/sf306/phd_codebase/FPL2014/ForwardFinancialFramework/Platforms/VivadoFPGA/vivadohls_code/hls_prj/F3_VivadoHLS_core/impl/vhdl/project.srcs/sources_1/ip/vivado_activity_thread_ap_fcmp_1_no_dsp/floating_point_v7_0/hdl/shared/delay.vhd:172]
INFO: [Synth 8-256] done synthesizing module 'fp_cmp' (8#1) [/home/sf306/phd_codebase/FPL2014/ForwardFinancialFramework/Platforms/VivadoFPGA/vivadohls_code/hls_prj/F3_VivadoHLS_core/impl/vhdl/project.srcs/sources_1/ip/vivado_activity_thread_ap_fcmp_1_no_dsp/floating_point_v7_0/hdl/flt_cmp/flt_cmp.vhd:226]
INFO: [Synth 8-63] RTL assertion: "****** INFORMATION ONLY ******C_A_WIDTH =               32C_A_FRACTION_WIDTH =      24C_RESULT_WIDTH =          1C_RESULT_FRACTION_WIDTH = 0Latency of core =         1Maximum latency of core = 2AXI interface latency =   0Output delay latency =    0Internal latency of core excluding handling AXI flow control = 1" [/home/sf306/phd_codebase/FPL2014/ForwardFinancialFramework/Platforms/VivadoFPGA/vivadohls_code/hls_prj/F3_VivadoHLS_core/impl/vhdl/project.srcs/sources_1/ip/vivado_activity_thread_ap_fcmp_1_no_dsp/floating_point_v7_0/hdl/floating_point_v7_0_viv.vhd:1690]
INFO: [Synth 8-638] synthesizing module 'delay__parameterized8' [/home/sf306/phd_codebase/FPL2014/ForwardFinancialFramework/Platforms/VivadoFPGA/vivadohls_code/hls_prj/F3_VivadoHLS_core/impl/vhdl/project.srcs/sources_1/ip/vivado_activity_thread_ap_fcmp_1_no_dsp/floating_point_v7_0/hdl/shared/delay.vhd:172]
INFO: [Synth 8-3491] module 'xbip_pipe_v3_0_viv' declared at '/home/sf306/phd_codebase/FPL2014/ForwardFinancialFramework/Platforms/VivadoFPGA/vivadohls_code/hls_prj/F3_VivadoHLS_core/impl/vhdl/project.srcs/sources_1/ip/vivado_activity_thread_ap_fcmp_1_no_dsp/xbip_pipe_v3_0/hdl/xbip_pipe_v3_0_viv.vhd:106' bound to instance 'i_pipe' of component 'xbip_pipe_v3_0_viv' [/home/sf306/phd_codebase/FPL2014/ForwardFinancialFramework/Platforms/VivadoFPGA/vivadohls_code/hls_prj/F3_VivadoHLS_core/impl/vhdl/project.srcs/sources_1/ip/vivado_activity_thread_ap_fcmp_1_no_dsp/floating_point_v7_0/hdl/shared/delay.vhd:192]
INFO: [Synth 8-256] done synthesizing module 'delay__parameterized8' (8#1) [/home/sf306/phd_codebase/FPL2014/ForwardFinancialFramework/Platforms/VivadoFPGA/vivadohls_code/hls_prj/F3_VivadoHLS_core/impl/vhdl/project.srcs/sources_1/ip/vivado_activity_thread_ap_fcmp_1_no_dsp/floating_point_v7_0/hdl/shared/delay.vhd:172]
INFO: [Synth 8-256] done synthesizing module 'floating_point_v7_0_viv' (9#1) [/home/sf306/phd_codebase/FPL2014/ForwardFinancialFramework/Platforms/VivadoFPGA/vivadohls_code/hls_prj/F3_VivadoHLS_core/impl/vhdl/project.srcs/sources_1/ip/vivado_activity_thread_ap_fcmp_1_no_dsp/floating_point_v7_0/hdl/floating_point_v7_0_viv.vhd:424]
INFO: [Synth 8-256] done synthesizing module 'floating_point_v7_0' (10#1) [/home/sf306/phd_codebase/FPL2014/ForwardFinancialFramework/Platforms/VivadoFPGA/vivadohls_code/hls_prj/F3_VivadoHLS_core/impl/vhdl/project.srcs/sources_1/ip/vivado_activity_thread_ap_fcmp_1_no_dsp/floating_point_v7_0/hdl/floating_point_v7_0.vhd:224]
INFO: [Synth 8-256] done synthesizing module 'vivado_activity_thread_ap_fcmp_1_no_dsp' (11#1) [/home/sf306/phd_codebase/FPL2014/ForwardFinancialFramework/Platforms/VivadoFPGA/vivadohls_code/hls_prj/F3_VivadoHLS_core/impl/vhdl/project.srcs/sources_1/ip/vivado_activity_thread_ap_fcmp_1_no_dsp/synth/vivado_activity_thread_ap_fcmp_1_no_dsp.vhd:74]
Finished RTL Elaboration : Time (s): cpu = 00:00:17 ; elapsed = 00:00:18 . Memory (MB): peak = 830.117 ; gain = 226.801
Start RTL Optimization : Time (s): cpu = 00:00:17 ; elapsed = 00:00:18 . Memory (MB): peak = 830.117 ; gain = 226.801

Report Check Netlist: 
+------+------------------+-------+---------+-------+------------------+
|      |Item              |Errors |Warnings |Status |Description       |
+------+------------------+-------+---------+-------+------------------+
|1     |multi_driven_nets |      0|        0|Passed |Multi driven nets |
+------+------------------+-------+---------+-------+------------------+
INFO: [Synth 8-3295] tying undriven pin Q_DEL:D[2] to constant 0
INFO: [Synth 8-3295] tying undriven pin Q_DEL:D[1] to constant 0
INFO: [Synth 8-3295] tying undriven pin Q_DEL:D[0] to constant 0
INFO: [Synth 8-3295] tying undriven pin Q_DEL:D[3] to constant 0
INFO: [Synth 8-3295] tying undriven pin Q_DEL:D[2] to constant 0
INFO: [Synth 8-3295] tying undriven pin Q_DEL:D[1] to constant 0
INFO: [Synth 8-3295] tying undriven pin Q_DEL:D[0] to constant 0
INFO: [Synth 8-3295] tying undriven pin Q_DEL:D[1] to constant 0
INFO: [Synth 8-3295] tying undriven pin Q_DEL:D[0] to constant 0
INFO: [Synth 8-3295] tying undriven pin Q_DEL:D[10] to constant 0
INFO: [Synth 8-3295] tying undriven pin Q_DEL:D[9] to constant 0
INFO: [Synth 8-3295] tying undriven pin Q_DEL:D[8] to constant 0
INFO: [Synth 8-3295] tying undriven pin Q_DEL:D[7] to constant 0
INFO: [Synth 8-3295] tying undriven pin Q_DEL:D[6] to constant 0
INFO: [Synth 8-3295] tying undriven pin Q_DEL:D[5] to constant 0
INFO: [Synth 8-3295] tying undriven pin Q_DEL:D[4] to constant 0
INFO: [Synth 8-3295] tying undriven pin Q_DEL:D[3] to constant 0
INFO: [Synth 8-3295] tying undriven pin Q_DEL:D[2] to constant 0
INFO: [Synth 8-3295] tying undriven pin Q_DEL:D[1] to constant 0
INFO: [Synth 8-3295] tying undriven pin Q_DEL:D[0] to constant 0
INFO: [Synth 8-3295] tying undriven pin Q_DEL:D[15] to constant 0
INFO: [Synth 8-3295] tying undriven pin Q_DEL:D[14] to constant 0
INFO: [Synth 8-3295] tying undriven pin Q_DEL:D[13] to constant 0
INFO: [Synth 8-3295] tying undriven pin Q_DEL:D[12] to constant 0
INFO: [Synth 8-3295] tying undriven pin Q_DEL:D[11] to constant 0
INFO: [Synth 8-3295] tying undriven pin Q_DEL:D[10] to constant 0
INFO: [Synth 8-3295] tying undriven pin Q_DEL:D[9] to constant 0
INFO: [Synth 8-3295] tying undriven pin Q_DEL:D[8] to constant 0
INFO: [Synth 8-3295] tying undriven pin Q_DEL:D[7] to constant 0
INFO: [Synth 8-3295] tying undriven pin Q_DEL:D[6] to constant 0
INFO: [Synth 8-3295] tying undriven pin Q_DEL:D[5] to constant 0
INFO: [Synth 8-3295] tying undriven pin Q_DEL:D[4] to constant 0
INFO: [Synth 8-3295] tying undriven pin Q_DEL:D[3] to constant 0
INFO: [Synth 8-3295] tying undriven pin Q_DEL:D[2] to constant 0
INFO: [Synth 8-3295] tying undriven pin Q_DEL:D[1] to constant 0
INFO: [Synth 8-3295] tying undriven pin Q_DEL:D[0] to constant 0
Loading clock regions from /opt/Xilinx/2013.3/Vivado/2013.3/data/parts/xilinx/zynq/zynq/xc7z020/ClockRegion.xml
Loading clock buffers from /opt/Xilinx/2013.3/Vivado/2013.3/data/parts/xilinx/zynq/zynq/xc7z020/ClockBuffers.xml
Loading clock placement rules from /opt/Xilinx/2013.3/Vivado/2013.3/data/parts/xilinx/zynq/ClockPlacerRules.xml
Loading package pin functions from /opt/Xilinx/2013.3/Vivado/2013.3/data/parts/xilinx/zynq/PinFunctions.xml...
Loading package from /opt/Xilinx/2013.3/Vivado/2013.3/data/parts/xilinx/zynq/zynq/xc7z020/clg484/Package.xml
Loading io standards from /opt/Xilinx/2013.3/Vivado/2013.3/data/./parts/xilinx/zynq/IOStandards.xml
INFO: [Common 17-78] Attempting to get a license: Internal_bitstream
WARNING: [Common 17-301] Failed to get a license: Internal_bitstream

Processing XDC Constraints
Parsing XDC File [/home/sf306/phd_codebase/FPL2014/ForwardFinancialFramework/Platforms/VivadoFPGA/vivadohls_code/hls_prj/F3_VivadoHLS_core/impl/vhdl/project.srcs/sources_1/ip/vivado_activity_thread_ap_fcmp_1_no_dsp/vivado_activity_thread_ap_fcmp_1_no_dsp_ooc.xdc] for cell 'U0'
Finished Parsing XDC File [/home/sf306/phd_codebase/FPL2014/ForwardFinancialFramework/Platforms/VivadoFPGA/vivadohls_code/hls_prj/F3_VivadoHLS_core/impl/vhdl/project.srcs/sources_1/ip/vivado_activity_thread_ap_fcmp_1_no_dsp/vivado_activity_thread_ap_fcmp_1_no_dsp_ooc.xdc] for cell 'U0'
INFO: [Project 1-236] Implementation specific constraints were found while reading constraint file [/home/sf306/phd_codebase/FPL2014/ForwardFinancialFramework/Platforms/VivadoFPGA/vivadohls_code/hls_prj/F3_VivadoHLS_core/impl/vhdl/project.srcs/sources_1/ip/vivado_activity_thread_ap_fcmp_1_no_dsp/vivado_activity_thread_ap_fcmp_1_no_dsp_ooc.xdc]. These constraints will be ignored for synthesis but will be used in implementation. Impacted constraints are listed in the file [/home/sf306/phd_codebase/FPL2014/ForwardFinancialFramework/Platforms/VivadoFPGA/vivadohls_code/hls_prj/F3_VivadoHLS_core/impl/vhdl/project.runs/vivado_activity_thread_ap_fcmp_1_no_dsp_synth_1/.Xil/vivado_activity_thread_ap_fcmp_1_no_dsp_propImpl.xdc].
Resolution: To avoid this warning, exclude constraints listed in [/home/sf306/phd_codebase/FPL2014/ForwardFinancialFramework/Platforms/VivadoFPGA/vivadohls_code/hls_prj/F3_VivadoHLS_core/impl/vhdl/project.runs/vivado_activity_thread_ap_fcmp_1_no_dsp_synth_1/.Xil/vivado_activity_thread_ap_fcmp_1_no_dsp_propImpl.xdc] from synthesis with the used_in_synthesis property (File Properties dialog in GUI) and re-run elaboration/synthesis.
Parsing XDC File [/home/sf306/phd_codebase/FPL2014/ForwardFinancialFramework/Platforms/VivadoFPGA/vivadohls_code/hls_prj/F3_VivadoHLS_core/impl/vhdl/project.runs/vivado_activity_thread_ap_fcmp_1_no_dsp_synth_1/dont_touch.xdc]
Finished Parsing XDC File [/home/sf306/phd_codebase/FPL2014/ForwardFinancialFramework/Platforms/VivadoFPGA/vivadohls_code/hls_prj/F3_VivadoHLS_core/impl/vhdl/project.runs/vivado_activity_thread_ap_fcmp_1_no_dsp_synth_1/dont_touch.xdc]
INFO: [Project 1-236] Implementation specific constraints were found while reading constraint file [/home/sf306/phd_codebase/FPL2014/ForwardFinancialFramework/Platforms/VivadoFPGA/vivadohls_code/hls_prj/F3_VivadoHLS_core/impl/vhdl/project.runs/vivado_activity_thread_ap_fcmp_1_no_dsp_synth_1/dont_touch.xdc]. These constraints will be ignored for synthesis but will be used in implementation. Impacted constraints are listed in the file [/home/sf306/phd_codebase/FPL2014/ForwardFinancialFramework/Platforms/VivadoFPGA/vivadohls_code/hls_prj/F3_VivadoHLS_core/impl/vhdl/project.runs/vivado_activity_thread_ap_fcmp_1_no_dsp_synth_1/.Xil/vivado_activity_thread_ap_fcmp_1_no_dsp_propImpl.xdc].
Resolution: To avoid this warning, exclude constraints listed in [/home/sf306/phd_codebase/FPL2014/ForwardFinancialFramework/Platforms/VivadoFPGA/vivadohls_code/hls_prj/F3_VivadoHLS_core/impl/vhdl/project.runs/vivado_activity_thread_ap_fcmp_1_no_dsp_synth_1/.Xil/vivado_activity_thread_ap_fcmp_1_no_dsp_propImpl.xdc] from synthesis with the used_in_synthesis property (File Properties dialog in GUI) and re-run elaboration/synthesis.
Completed Processing XDC Constraints

INFO: [Project 1-111] Unisim Transformation Summary:
No Unisim elements were transformed.

Start RTL Optimization : Time (s): cpu = 00:00:23 ; elapsed = 00:00:24 . Memory (MB): peak = 1039.891 ; gain = 436.574

---------------------------------------------------------------------------------
Start Applying 'set_property' XDC Constraints
---------------------------------------------------------------------------------
Applied set_property DONT_TOUCH = true. (constraint file  /home/sf306/phd_codebase/FPL2014/ForwardFinancialFramework/Platforms/VivadoFPGA/vivadohls_code/hls_prj/F3_VivadoHLS_core/impl/vhdl/project.runs/vivado_activity_thread_ap_fcmp_1_no_dsp_synth_1/dont_touch.xdc, line 9).
---------------------------------------------------------------------------------
Finished applying 'set_property' XDC Constraints : Time (s): cpu = 00:00:23 ; elapsed = 00:00:24 . Memory (MB): peak = 1039.895 ; gain = 436.578
---------------------------------------------------------------------------------

---------------------------------------------------------------------------------
Finished RTL Optimization : Time (s): cpu = 00:00:23 ; elapsed = 00:00:24 . Memory (MB): peak = 1039.895 ; gain = 436.578
---------------------------------------------------------------------------------


Report RTL Partitions: 
+-+--------------+------------+----------+
| |RTL Partition |Replication |Instances |
+-+--------------+------------+----------+
+-+--------------+------------+----------+

---------------------------------------------------------------------------------
Start Loading Part and Timing Information
---------------------------------------------------------------------------------
Loading part: xc7z020clg484-1
Part Resources:
DSPs: 220 (col length:60)
BRAMs: 280 (col length: RAMB8 0 RAMB16 0 RAMB18 60 RAMB36 30)
---------------------------------------------------------------------------------
Finished Loading Part and Timing Information : Time (s): cpu = 00:00:29 ; elapsed = 00:00:30 . Memory (MB): peak = 1123.246 ; gain = 519.930
---------------------------------------------------------------------------------


---------------------------------------------------------------------------------
Start RTL Component Statistics 
---------------------------------------------------------------------------------

---------------------------------------------------------------------------------
Finished RTL Component Statistics 
---------------------------------------------------------------------------------

---------------------------------------------------------------------------------
Start RTL Hierarchical Component Statistics 
---------------------------------------------------------------------------------

---------------------------------------------------------------------------------
Finished RTL Hierarchical Component Statistics
---------------------------------------------------------------------------------

---------------------------------------------------------------------------------
Start Cross Boundary Optimization
---------------------------------------------------------------------------------
---------------------------------------------------------------------------------
Finished Cross Boundary Optimization : Time (s): cpu = 00:00:29 ; elapsed = 00:00:30 . Memory (MB): peak = 1124.242 ; gain = 520.926
---------------------------------------------------------------------------------


---------------------------------------------------------------------------------
Start Area Optimization
---------------------------------------------------------------------------------
---------------------------------------------------------------------------------
Finished Area Optimization : Time (s): cpu = 00:00:29 ; elapsed = 00:00:30 . Memory (MB): peak = 1155.297 ; gain = 551.980
---------------------------------------------------------------------------------


---------------------------------------------------------------------------------
Start Timing Optimization
---------------------------------------------------------------------------------

---------------------------------------------------------------------------------
Start Applying XDC Timing Constraints
---------------------------------------------------------------------------------
---------------------------------------------------------------------------------
Finished Applying XDC Timing Constraints : Time (s): cpu = 00:00:29 ; elapsed = 00:00:30 . Memory (MB): peak = 1155.297 ; gain = 551.980
---------------------------------------------------------------------------------

---------------------------------------------------------------------------------
Finished Timing Optimization : Time (s): cpu = 00:00:29 ; elapsed = 00:00:30 . Memory (MB): peak = 1155.297 ; gain = 551.980
---------------------------------------------------------------------------------


---------------------------------------------------------------------------------
Start Technology Mapping
---------------------------------------------------------------------------------
---------------------------------------------------------------------------------
Finished Technology Mapping : Time (s): cpu = 00:00:29 ; elapsed = 00:00:30 . Memory (MB): peak = 1155.297 ; gain = 551.980
---------------------------------------------------------------------------------


---------------------------------------------------------------------------------
Start IO Insertion
---------------------------------------------------------------------------------

---------------------------------------------------------------------------------
Start Flattening Before IO Insertion
---------------------------------------------------------------------------------

---------------------------------------------------------------------------------
Finished Flattening Before IO Insertion
---------------------------------------------------------------------------------

---------------------------------------------------------------------------------
Start Final Netlist Cleanup
---------------------------------------------------------------------------------

---------------------------------------------------------------------------------
Finished Final Netlist Cleanup
---------------------------------------------------------------------------------
---------------------------------------------------------------------------------
Finished IO Insertion : Time (s): cpu = 00:00:30 ; elapsed = 00:00:30 . Memory (MB): peak = 1155.297 ; gain = 551.980
---------------------------------------------------------------------------------


Report Check Netlist: 
+------+------------------+-------+---------+-------+------------------+
|      |Item              |Errors |Warnings |Status |Description       |
+------+------------------+-------+---------+-------+------------------+
|1     |multi_driven_nets |      0|        0|Passed |Multi driven nets |
+------+------------------+-------+---------+-------+------------------+

---------------------------------------------------------------------------------
Start Renaming Generated Instances
---------------------------------------------------------------------------------
---------------------------------------------------------------------------------
Finished Renaming Generated Instances : Time (s): cpu = 00:00:30 ; elapsed = 00:00:30 . Memory (MB): peak = 1155.297 ; gain = 551.980
---------------------------------------------------------------------------------


---------------------------------------------------------------------------------
Start Rebuilding User Hierarchy
---------------------------------------------------------------------------------
---------------------------------------------------------------------------------
Finished Rebuilding User Hierarchy : Time (s): cpu = 00:00:30 ; elapsed = 00:00:30 . Memory (MB): peak = 1155.297 ; gain = 551.980
---------------------------------------------------------------------------------


---------------------------------------------------------------------------------
Start Writing Synthesis Report
---------------------------------------------------------------------------------

Report BlackBoxes: 
+-+--------------+----------+
| |BlackBox name |Instances |
+-+--------------+----------+
+-+--------------+----------+

Report Cell Usage: 
+------+------+------+
|      |Cell  |Count |
+------+------+------+
|1     |LUT1  |     2|
|2     |LUT2  |     3|
|3     |LUT4  |    35|
|4     |LUT5  |     4|
|5     |LUT6  |    25|
|6     |MUXCY |    42|
|7     |FDRE  |     3|
+------+------+------+
---------------------------------------------------------------------------------
Finished Writing Synthesis Report : Time (s): cpu = 00:00:30 ; elapsed = 00:00:30 . Memory (MB): peak = 1155.297 ; gain = 551.980
---------------------------------------------------------------------------------

Synthesis finished with 0 errors, 0 critical warnings and 0 warnings.
Synthesis Optimization Complete : Time (s): cpu = 00:00:30 ; elapsed = 00:00:30 . Memory (MB): peak = 1155.297 ; gain = 551.980
INFO: [Opt 31-138] Pushed 0 inverter(s).
Parsing XDC File [/home/sf306/phd_codebase/FPL2014/ForwardFinancialFramework/Platforms/VivadoFPGA/vivadohls_code/hls_prj/F3_VivadoHLS_core/impl/vhdl/project.srcs/sources_1/ip/vivado_activity_thread_ap_fcmp_1_no_dsp/vivado_activity_thread_ap_fcmp_1_no_dsp_ooc.xdc] for cell 'U0'
Finished Parsing XDC File [/home/sf306/phd_codebase/FPL2014/ForwardFinancialFramework/Platforms/VivadoFPGA/vivadohls_code/hls_prj/F3_VivadoHLS_core/impl/vhdl/project.srcs/sources_1/ip/vivado_activity_thread_ap_fcmp_1_no_dsp/vivado_activity_thread_ap_fcmp_1_no_dsp_ooc.xdc] for cell 'U0'
INFO: [Project 1-111] Unisim Transformation Summary:
  A total of 12 instances were transformed.
  (MUXCY,XORCY) => CARRY4: 12 instances

INFO: [Common 17-83] Releasing license: Synthesis
159 Infos, 1 Warnings, 0 Critical Warnings and 0 Errors encountered.
synth_design completed successfully
synth_design: Time (s): cpu = 00:00:34 ; elapsed = 00:00:35 . Memory (MB): peak = 1421.508 ; gain = 707.207
# rename_ref -prefix_all vivado_activity_thread_ap_fcmp_1_no_dsp
INFO: [Coretcl 2-1174] Renamed 2 cell refs.
# write_checkpoint -noxdef vivado_activity_thread_ap_fcmp_1_no_dsp.dcp
INFO: [Timing 38-35] Done setting XDC timing constraints.
# report_utilization -file vivado_activity_thread_ap_fcmp_1_no_dsp_utilization_synth.rpt -pb vivado_activity_thread_ap_fcmp_1_no_dsp_utilization_synth.pb
report_utilization: Time (s): cpu = 00:00:00.10 ; elapsed = 00:00:00.14 . Memory (MB): peak = 1423.523 ; gain = 2.012
# if { [catch {
#   file copy -force /home/sf306/phd_codebase/FPL2014/ForwardFinancialFramework/Platforms/VivadoFPGA/vivadohls_code/hls_prj/F3_VivadoHLS_core/impl/vhdl/project.runs/vivado_activity_thread_ap_fcmp_1_no_dsp_synth_1/vivado_activity_thread_ap_fcmp_1_no_dsp.dcp /home/sf306/phd_codebase/FPL2014/ForwardFinancialFramework/Platforms/VivadoFPGA/vivadohls_code/hls_prj/F3_VivadoHLS_core/impl/vhdl/project.srcs/sources_1/ip/vivado_activity_thread_ap_fcmp_1_no_dsp/vivado_activity_thread_ap_fcmp_1_no_dsp.dcp
#   write_verilog -force -mode synth_stub /home/sf306/phd_codebase/FPL2014/ForwardFinancialFramework/Platforms/VivadoFPGA/vivadohls_code/hls_prj/F3_VivadoHLS_core/impl/vhdl/project.srcs/sources_1/ip/vivado_activity_thread_ap_fcmp_1_no_dsp/vivado_activity_thread_ap_fcmp_1_no_dsp_stub.v
#   write_verilog -force -mode funcsim /home/sf306/phd_codebase/FPL2014/ForwardFinancialFramework/Platforms/VivadoFPGA/vivadohls_code/hls_prj/F3_VivadoHLS_core/impl/vhdl/project.srcs/sources_1/ip/vivado_activity_thread_ap_fcmp_1_no_dsp/vivado_activity_thread_ap_fcmp_1_no_dsp_funcsim.v
#   write_vhdl -force -mode funcsim /home/sf306/phd_codebase/FPL2014/ForwardFinancialFramework/Platforms/VivadoFPGA/vivadohls_code/hls_prj/F3_VivadoHLS_core/impl/vhdl/project.srcs/sources_1/ip/vivado_activity_thread_ap_fcmp_1_no_dsp/vivado_activity_thread_ap_fcmp_1_no_dsp_funcsim.vhdl
# } _RESULT ] } { 
#   puts "Critical Warning: Unable to successfully create or copy supporting IP files."
# }
INFO: [Common 17-206] Exiting Vivado at Tue Mar 25 15:26:11 2014...
