
*** Running vivado
    with args -log vivado_activity_thread.rdi -applog -m64 -messageDb vivado.pb -mode batch -source vivado_activity_thread.tcl -notrace


****** Vivado v2013.4 (64-bit)
  **** SW Build 353583 on Mon Dec  9 17:26:26 MST 2013
  **** IP Build 208076 on Mon Dec  2 12:38:17 MST 2013
    ** Copyright 1986-1999, 2001-2013 Xilinx, Inc. All Rights Reserved.

Attempting to get a license: Implementation
Feature available: Implementation
Loading parts and site information from /mnt/cas_nfs/applications/Xilinx/Vivado/2013.4/data/parts/arch.xml
Parsing RTL primitives file [/mnt/cas_nfs/applications/Xilinx/Vivado/2013.4/data/parts/xilinx/rtl/prims/rtl_prims.xml]
Finished parsing RTL primitives file [/mnt/cas_nfs/applications/Xilinx/Vivado/2013.4/data/parts/xilinx/rtl/prims/rtl_prims.xml]
source vivado_activity_thread.tcl -notrace
Command: open_checkpoint /home/ee/s/sf306/ForwardFinancialFramework/Platforms/VivadoFPGA/vivadohls_code/hls_prj/F3_VivadoHLS_core/impl/vhdl/project.runs/impl_1/vivado_activity_thread.dcp
INFO: [Netlist 29-17] Analyzing 12 Unisim elements for replacement
INFO: [Netlist 29-28] Unisim Transformation completed in 0 CPU seconds
INFO: [Project 1-479] Netlist was created with Vivado 2013.4
Loading clock regions from /mnt/cas_nfs/applications/Xilinx/Vivado/2013.4/data/parts/xilinx/zynq/zynq/xc7z020/ClockRegion.xml
Loading clock buffers from /mnt/cas_nfs/applications/Xilinx/Vivado/2013.4/data/parts/xilinx/zynq/zynq/xc7z020/ClockBuffers.xml
Loading clock placement rules from /mnt/cas_nfs/applications/Xilinx/Vivado/2013.4/data/parts/xilinx/zynq/ClockPlacerRules.xml
Loading package pin functions from /mnt/cas_nfs/applications/Xilinx/Vivado/2013.4/data/parts/xilinx/zynq/PinFunctions.xml...
Loading package from /mnt/cas_nfs/applications/Xilinx/Vivado/2013.4/data/parts/xilinx/zynq/zynq/xc7z020/clg484/Package.xml
Loading io standards from /mnt/cas_nfs/applications/Xilinx/Vivado/2013.4/data/./parts/xilinx/zynq/IOStandards.xml
Parsing XDC File [/home/ee/s/sf306/ForwardFinancialFramework/Platforms/VivadoFPGA/vivadohls_code/hls_prj/F3_VivadoHLS_core/impl/vhdl/project.runs/impl_1/.Xil/Vivado-7401-ee-boxer0/dcp/vivado_activity_thread_early.xdc]
WARNING: [Constraints 18-619] A clock with name 'aclk' already exists, overwriting the previous clock with the same name. [/home/ee/s/sf306/ForwardFinancialFramework/Platforms/VivadoFPGA/vivadohls_code/hls_prj/F3_VivadoHLS_core/impl/vhdl/project.srcs/sources_1/ip/vivado_activity_thread_ap_fmul_2_max_dsp/vivado_activity_thread_ap_fmul_2_max_dsp_ooc.xdc:6]
WARNING: [Constraints 18-619] A clock with name 'aclk' already exists, overwriting the previous clock with the same name. [/home/ee/s/sf306/ForwardFinancialFramework/Platforms/VivadoFPGA/vivadohls_code/hls_prj/F3_VivadoHLS_core/impl/vhdl/project.srcs/sources_1/ip/vivado_activity_thread_ap_faddfsub_3_full_dsp/vivado_activity_thread_ap_faddfsub_3_full_dsp_ooc.xdc:6]
WARNING: [Constraints 18-619] A clock with name 'aclk' already exists, overwriting the previous clock with the same name. [/home/ee/s/sf306/ForwardFinancialFramework/Platforms/VivadoFPGA/vivadohls_code/hls_prj/F3_VivadoHLS_core/impl/vhdl/project.srcs/sources_1/ip/vivado_activity_thread_ap_fdiv_14_no_dsp/vivado_activity_thread_ap_fdiv_14_no_dsp_ooc.xdc:6]
WARNING: [Constraints 18-619] A clock with name 'aclk' already exists, overwriting the previous clock with the same name. [/home/ee/s/sf306/ForwardFinancialFramework/Platforms/VivadoFPGA/vivadohls_code/hls_prj/F3_VivadoHLS_core/impl/vhdl/project.srcs/sources_1/ip/vivado_activity_thread_ap_fexp_7_full_dsp/vivado_activity_thread_ap_fexp_7_full_dsp_ooc.xdc:6]
Finished Parsing XDC File [/home/ee/s/sf306/ForwardFinancialFramework/Platforms/VivadoFPGA/vivadohls_code/hls_prj/F3_VivadoHLS_core/impl/vhdl/project.runs/impl_1/.Xil/Vivado-7401-ee-boxer0/dcp/vivado_activity_thread_early.xdc]
Parsing XDC File [/home/ee/s/sf306/ForwardFinancialFramework/Platforms/VivadoFPGA/vivadohls_code/hls_prj/F3_VivadoHLS_core/impl/vhdl/project.runs/impl_1/.Xil/Vivado-7401-ee-boxer0/dcp/vivado_activity_thread.xdc]
INFO: [Vivado 12-2286] Implicit search of objects for pattern 'ap_clk' matched to 'port' objects. [/home/ee/s/sf306/ForwardFinancialFramework/Platforms/VivadoFPGA/vivadohls_code/hls_prj/F3_VivadoHLS_core/impl/vhdl/vivado_activity_thread.xdc:1]
Resolution: To avoid ambiguous patterns, provide proper objects using get commands e.g. [get_nets xyz].
Finished Parsing XDC File [/home/ee/s/sf306/ForwardFinancialFramework/Platforms/VivadoFPGA/vivadohls_code/hls_prj/F3_VivadoHLS_core/impl/vhdl/project.runs/impl_1/.Xil/Vivado-7401-ee-boxer0/dcp/vivado_activity_thread.xdc]
INFO: [Opt 31-138] Pushed 0 inverter(s).
INFO: [Project 1-111] Unisim Transformation Summary:
No Unisim elements were transformed.

INFO: [Project 1-484] Checkpoint was created with build 353583
open_checkpoint: Time (s): cpu = 00:00:22 ; elapsed = 00:00:22 . Memory (MB): peak = 1373.988 ; gain = 656.766
Command: opt_design
Attempting to get a license for feature 'Implementation' and/or device 'xc7z020'
INFO: [Common 17-349] Got license for feature 'Implementation' and/or device 'xc7z020'
Running DRC as a precondition to command opt_design

Starting DRC Task
INFO: [Drc 23-27] Running DRC with 8 threads
INFO: [Project 1-461] DRC finished with 0 Errors
INFO: [Project 1-462] Please refer to the DRC report (report_drc) for more information.

Time (s): cpu = 00:00:00.27 ; elapsed = 00:00:00.27 . Memory (MB): peak = 1384.016 ; gain = 10.023

Starting Logic Optimization Task
INFO: [Timing 38-35] Done setting XDC timing constraints.

Phase 1 Retarget

WARNING: [Opt 31-155] Driverless net vivado_activity_thread_fcmp_32ns_32ns_1_3_U4/vivado_activity_thread_ap_fcmp_1_no_dsp_u/U0/i_synth/s_axis_operation_tvalid is driving LUT input pin I1 which is used by the LUT equation. If the LUT is not removed or a driver added, this warning will become an error. LUT cell name: vivado_activity_thread_fcmp_32ns_32ns_1_3_U4/vivado_activity_thread_ap_fcmp_1_no_dsp_u/U0/i_synth/opt_has_pipe.first_q[0]_i_1
INFO: [Opt 31-138] Pushed 4 inverter(s).
INFO: [Opt 31-49] Retargeted 0 cell(s).
Phase 1 Retarget | Checksum: 21528e638

Time (s): cpu = 00:00:00.98 ; elapsed = 00:00:00.89 . Memory (MB): peak = 1408.984 ; gain = 24.969

Phase 2 Constant Propagation
INFO: [Opt 31-138] Pushed 1 inverter(s).
INFO: [Opt 31-10] Eliminated 582 cells.
Phase 2 Constant Propagation | Checksum: 1305ad455

Time (s): cpu = 00:00:02 ; elapsed = 00:00:02 . Memory (MB): peak = 1408.984 ; gain = 24.969

Phase 3 Sweep
INFO: [Opt 31-12] Eliminated 2638 unconnected nets.
INFO: [Opt 31-11] Eliminated 740 unconnected cells.
Phase 3 Sweep | Checksum: 177f2f179

Time (s): cpu = 00:00:03 ; elapsed = 00:00:03 . Memory (MB): peak = 1408.984 ; gain = 24.969
Ending Logic Optimization Task | Checksum: 177f2f179

Time (s): cpu = 00:00:03 ; elapsed = 00:00:03 . Memory (MB): peak = 1408.984 ; gain = 24.969
Implement Debug Cores | Checksum: 1ab3f3aa9
Logic Optimization | Checksum: 1ab3f3aa9

Starting Power Optimization Task
Ending Power Optimization Task | Checksum: 177f2f179

Time (s): cpu = 00:00:00.01 ; elapsed = 00:00:00.01 . Memory (MB): peak = 1408.984 ; gain = 0.000
INFO: [Common 17-83] Releasing license: Implementation
19 Infos, 5 Warnings, 0 Critical Warnings and 0 Errors encountered.
opt_design completed successfully
INFO: [Timing 38-35] Done setting XDC timing constraints.
Command: place_design
Attempting to get a license for feature 'Implementation' and/or device 'xc7z020'
INFO: [Common 17-349] Got license for feature 'Implementation' and/or device 'xc7z020'
Running DRC as a precondition to command place_design
INFO: [Drc 23-27] Running DRC with 8 threads
INFO: [Vivado_Tcl 4-198] DRC finished with 0 Errors
INFO: [Vivado_Tcl 4-199] Please refer to the DRC report (report_drc) for more information.

Starting Placer Task
INFO: [Place 30-611] Multithreading enabled for place_design using a maximum of 4 CPUs

Phase 1 Placer Initialization

Phase 1.1 Placer Initialization Core
Netlist sorting complete. Time (s): cpu = 00:00:00 ; elapsed = 00:00:00.01 . Memory (MB): peak = 1412.988 ; gain = 0.000

Phase 1.1.1 Mandatory Logic Optimization
INFO: [Opt 31-138] Pushed 0 inverter(s).
Netlist sorting complete. Time (s): cpu = 00:00:00 ; elapsed = 00:00:00 . Memory (MB): peak = 1412.988 ; gain = 0.000
Phase 1.1.1 Mandatory Logic Optimization | Checksum: 99f8b879

Time (s): cpu = 00:00:00.22 ; elapsed = 00:00:00.23 . Memory (MB): peak = 1412.988 ; gain = 0.004

Phase 1.1.2 Build Super Logic Region (SLR) Database
Phase 1.1.2 Build Super Logic Region (SLR) Database | Checksum: 99f8b879

Time (s): cpu = 00:00:00.24 ; elapsed = 00:00:00.26 . Memory (MB): peak = 1412.988 ; gain = 0.004

Phase 1.1.3 Add Constraints
Phase 1.1.3 Add Constraints | Checksum: 99f8b879

Time (s): cpu = 00:00:00.24 ; elapsed = 00:00:00.26 . Memory (MB): peak = 1412.988 ; gain = 0.004

Phase 1.1.4 Build Macros
Phase 1.1.4 Build Macros | Checksum: 192ce642e

Time (s): cpu = 00:00:00.75 ; elapsed = 00:00:00.77 . Memory (MB): peak = 1412.988 ; gain = 0.004

Phase 1.1.5 Implementation Feasibility check
Phase 1.1.5 Implementation Feasibility check | Checksum: 192ce642e

Time (s): cpu = 00:00:01 ; elapsed = 00:00:01 . Memory (MB): peak = 1412.988 ; gain = 0.004

Phase 1.1.6 Pre-Place Cells
Phase 1.1.6 Pre-Place Cells | Checksum: 192ce642e

Time (s): cpu = 00:00:01 ; elapsed = 00:00:01 . Memory (MB): peak = 1412.988 ; gain = 0.004

Phase 1.1.7 IO Placement/ Clock Placement/ Build Placer Device
Phase 1.1.7 IO Placement/ Clock Placement/ Build Placer Device | Checksum: 192ce642e

Time (s): cpu = 00:00:02 ; elapsed = 00:00:02 . Memory (MB): peak = 1418.996 ; gain = 6.012

Phase 1.1.8 Build Placer Netlist Model

Phase 1.1.8.1 Place Init Design

Phase 1.1.8.1.1 Build Clock Data
Phase 1.1.8.1.1 Build Clock Data | Checksum: 1e0a7742b

Time (s): cpu = 00:00:06 ; elapsed = 00:00:03 . Memory (MB): peak = 1424.996 ; gain = 12.012
Phase 1.1.8.1 Place Init Design | Checksum: 21a85150c

Time (s): cpu = 00:00:06 ; elapsed = 00:00:03 . Memory (MB): peak = 1425.996 ; gain = 13.012
Phase 1.1.8 Build Placer Netlist Model | Checksum: 21a85150c

Time (s): cpu = 00:00:06 ; elapsed = 00:00:03 . Memory (MB): peak = 1425.996 ; gain = 13.012

Phase 1.1.9 Constrain Clocks/Macros

Phase 1.1.9.1 Constrain Global/Regional Clocks
Phase 1.1.9.1 Constrain Global/Regional Clocks | Checksum: 21a85150c

Time (s): cpu = 00:00:06 ; elapsed = 00:00:03 . Memory (MB): peak = 1425.996 ; gain = 13.012
Phase 1.1.9 Constrain Clocks/Macros | Checksum: 21a85150c

Time (s): cpu = 00:00:06 ; elapsed = 00:00:03 . Memory (MB): peak = 1425.996 ; gain = 13.012
Phase 1.1 Placer Initialization Core | Checksum: 21a85150c

Time (s): cpu = 00:00:06 ; elapsed = 00:00:03 . Memory (MB): peak = 1425.996 ; gain = 13.012
Phase 1 Placer Initialization | Checksum: 21a85150c

Time (s): cpu = 00:00:06 ; elapsed = 00:00:03 . Memory (MB): peak = 1425.996 ; gain = 13.012

Phase 2 Global Placement
Phase 2 Global Placement | Checksum: 251f8aea6

Time (s): cpu = 00:00:24 ; elapsed = 00:00:10 . Memory (MB): peak = 1440.996 ; gain = 28.012

Phase 3 Detail Placement

Phase 3.1 Commit Multi Column Macros
Phase 3.1 Commit Multi Column Macros | Checksum: 251f8aea6

Time (s): cpu = 00:00:24 ; elapsed = 00:00:10 . Memory (MB): peak = 1440.996 ; gain = 28.012

Phase 3.2 Commit Most Macros & LUTRAMs
Phase 3.2 Commit Most Macros & LUTRAMs | Checksum: 28e91b0e4

Time (s): cpu = 00:00:27 ; elapsed = 00:00:12 . Memory (MB): peak = 1450.004 ; gain = 37.020

Phase 3.3 Area Swap Optimization
Phase 3.3 Area Swap Optimization | Checksum: 326f08817

Time (s): cpu = 00:00:27 ; elapsed = 00:00:12 . Memory (MB): peak = 1450.004 ; gain = 37.020

Phase 3.4 Timing Path Optimizer
Phase 3.4 Timing Path Optimizer | Checksum: 2909fa699

Time (s): cpu = 00:00:28 ; elapsed = 00:00:12 . Memory (MB): peak = 1450.004 ; gain = 37.020

Phase 3.5 Commit Small Macros & Core Logic
Phase 3.5 Commit Small Macros & Core Logic | Checksum: 1ec40b387

Time (s): cpu = 00:00:29 ; elapsed = 00:00:13 . Memory (MB): peak = 1463.133 ; gain = 50.148

Phase 3.6 Re-assign LUT pins
Phase 3.6 Re-assign LUT pins | Checksum: 1ec40b387

Time (s): cpu = 00:00:29 ; elapsed = 00:00:14 . Memory (MB): peak = 1463.133 ; gain = 50.148
Phase 3 Detail Placement | Checksum: 1ec40b387

Time (s): cpu = 00:00:29 ; elapsed = 00:00:14 . Memory (MB): peak = 1463.133 ; gain = 50.148

Phase 4 Post Placement Optimization and Clean-Up

Phase 4.1 PCOPT Shape updates
Phase 4.1 PCOPT Shape updates | Checksum: 25f2cfc70

Time (s): cpu = 00:00:29 ; elapsed = 00:00:14 . Memory (MB): peak = 1463.133 ; gain = 50.148

Phase 4.2 Post Placement Optimization

Phase 4.2.1 Post Placement Timing Optimization
Phase 4.2.1 Post Placement Timing Optimization | Checksum: 1e8578cd1

Time (s): cpu = 00:00:31 ; elapsed = 00:00:14 . Memory (MB): peak = 1463.133 ; gain = 50.148
Phase 4.2 Post Placement Optimization | Checksum: 1e8578cd1

Time (s): cpu = 00:00:31 ; elapsed = 00:00:14 . Memory (MB): peak = 1463.133 ; gain = 50.148

Phase 4.3 Post Placement Cleanup
Phase 4.3 Post Placement Cleanup | Checksum: 1e8578cd1

Time (s): cpu = 00:00:31 ; elapsed = 00:00:14 . Memory (MB): peak = 1463.133 ; gain = 50.148

Phase 4.4 Placer Reporting

Phase 4.4.1 Congestion Reporting
Phase 4.4.1 Congestion Reporting | Checksum: 1e8578cd1

Time (s): cpu = 00:00:31 ; elapsed = 00:00:15 . Memory (MB): peak = 1463.133 ; gain = 50.148

Phase 4.4.2 updateTiming final
Phase 4.4.2 updateTiming final | Checksum: 238a19e78

Time (s): cpu = 00:00:33 ; elapsed = 00:00:15 . Memory (MB): peak = 1463.133 ; gain = 50.148

Phase 4.4.3 Dump Critical Paths 
Phase 4.4.3 Dump Critical Paths  | Checksum: 238a19e78

Time (s): cpu = 00:00:33 ; elapsed = 00:00:15 . Memory (MB): peak = 1463.133 ; gain = 50.148

Phase 4.4.4 Restore STA
Phase 4.4.4 Restore STA | Checksum: 238a19e78

Time (s): cpu = 00:00:33 ; elapsed = 00:00:15 . Memory (MB): peak = 1463.133 ; gain = 50.148

Phase 4.4.5 Print Final WNS
INFO: [Place 30-100] Post Placement Timing Summary | WNS=1.868  | TNS=0.000  |

Phase 4.4.5 Print Final WNS | Checksum: 238a19e78

Time (s): cpu = 00:00:36 ; elapsed = 00:00:16 . Memory (MB): peak = 1463.133 ; gain = 50.148
Phase 4.4 Placer Reporting | Checksum: 238a19e78

Time (s): cpu = 00:00:36 ; elapsed = 00:00:16 . Memory (MB): peak = 1463.133 ; gain = 50.148

Phase 4.5 Final Placement Cleanup
Phase 4.5 Final Placement Cleanup | Checksum: 246556c29

Time (s): cpu = 00:00:36 ; elapsed = 00:00:16 . Memory (MB): peak = 1463.133 ; gain = 50.148
Phase 4 Post Placement Optimization and Clean-Up | Checksum: 246556c29

Time (s): cpu = 00:00:36 ; elapsed = 00:00:16 . Memory (MB): peak = 1463.133 ; gain = 50.148
Ending Placer Task | Checksum: 1ee1409a3

Time (s): cpu = 00:00:36 ; elapsed = 00:00:16 . Memory (MB): peak = 1463.133 ; gain = 50.148
INFO: [Common 17-83] Releasing license: Implementation
28 Infos, 5 Warnings, 0 Critical Warnings and 0 Errors encountered.
place_design completed successfully
place_design: Time (s): cpu = 00:00:37 ; elapsed = 00:00:17 . Memory (MB): peak = 1463.133 ; gain = 54.145
INFO: [Timing 38-163] DEBUG : Generate clock report | CPU: 0.91 secs 

report_utilization: Time (s): cpu = 00:00:00.81 ; elapsed = 00:00:00.91 . Memory (MB): peak = 1472.188 ; gain = 0.000
INFO: [Designutils 20-134] DEBUG : Generate Control Sets report | CPU: 0.62 secs 
Writing XDEF routing.
Writing XDEF routing logical nets.
Writing XDEF routing special nets.
Write XDEF Complete: Time (s): cpu = 00:00:00.42 ; elapsed = 00:00:00.42 . Memory (MB): peak = 1472.191 ; gain = 0.000
Command: phys_opt_design
Attempting to get a license for feature 'Implementation' and/or device 'xc7z020'
INFO: [Common 17-349] Got license for feature 'Implementation' and/or device 'xc7z020'
INFO: [Vivado_Tcl 4-232] No setup violation found. The netlist was not modified.
INFO: [Common 17-83] Releasing license: Implementation
33 Infos, 5 Warnings, 0 Critical Warnings and 0 Errors encountered.
phys_opt_design completed successfully
Writing XDEF routing.
Writing XDEF routing logical nets.
Writing XDEF routing special nets.
Write XDEF Complete: Time (s): cpu = 00:00:00.61 ; elapsed = 00:00:00.61 . Memory (MB): peak = 1472.191 ; gain = 0.000
Command: route_design
Attempting to get a license for feature 'Implementation' and/or device 'xc7z020'
INFO: [Common 17-349] Got license for feature 'Implementation' and/or device 'xc7z020'
Running DRC as a precondition to command route_design
INFO: [Drc 23-27] Running DRC with 8 threads
INFO: [Vivado_Tcl 4-198] DRC finished with 0 Errors
INFO: [Vivado_Tcl 4-199] Please refer to the DRC report (report_drc) for more information.


Starting Routing Task
INFO: [Route 35-254] Multithreading enabled for route_design using a maximum of 4 CPUs

Starting Route Task

Phase 1 Build RT Design

Phase 1.1 Build Netlist & NodeGraph
WARNING: [Route 35-198] Port "thread_result_sqrd_0_full_n" does not have an associated HD.PARTPIN_LOCS, which will prevent the partial routing of the signal "thread_result_sqrd_0_full_n". Without this partial route, timing analysis to/from this port will not be accurate, and no routing information for this port can be exported.
WARNING: [Route 35-198] Port "ap_start" does not have an associated HD.PARTPIN_LOCS, which will prevent the partial routing of the signal "ap_start". Without this partial route, timing analysis to/from this port will not be accurate, and no routing information for this port can be exported.
WARNING: [Route 35-198] Port "thread_result_0_full_n" does not have an associated HD.PARTPIN_LOCS, which will prevent the partial routing of the signal "thread_result_0_full_n". Without this partial route, timing analysis to/from this port will not be accurate, and no routing information for this port can be exported.
WARNING: [Route 35-198] Port "ap_rst" does not have an associated HD.PARTPIN_LOCS, which will prevent the partial routing of the signal "ap_rst". Without this partial route, timing analysis to/from this port will not be accurate, and no routing information for this port can be exported.
WARNING: [Route 35-198] Port "kernel_u_a_0_current_price[31]" does not have an associated HD.PARTPIN_LOCS, which will prevent the partial routing of the signal "kernel_u_a_0_current_price[31]". Without this partial route, timing analysis to/from this port will not be accurate, and no routing information for this port can be exported.
WARNING: [Route 35-198] Port "kernel_u_a_0_rfir[31]" does not have an associated HD.PARTPIN_LOCS, which will prevent the partial routing of the signal "kernel_u_a_0_rfir[31]". Without this partial route, timing analysis to/from this port will not be accurate, and no routing information for this port can be exported.
WARNING: [Route 35-198] Port "kernel_u_a_0_current_price[26]" does not have an associated HD.PARTPIN_LOCS, which will prevent the partial routing of the signal "kernel_u_a_0_current_price[26]". Without this partial route, timing analysis to/from this port will not be accurate, and no routing information for this port can be exported.
WARNING: [Route 35-198] Port "kernel_u_a_0_rfir[26]" does not have an associated HD.PARTPIN_LOCS, which will prevent the partial routing of the signal "kernel_u_a_0_rfir[26]". Without this partial route, timing analysis to/from this port will not be accurate, and no routing information for this port can be exported.
WARNING: [Route 35-198] Port "kernel_o_a_0_strike_price[31]" does not have an associated HD.PARTPIN_LOCS, which will prevent the partial routing of the signal "kernel_o_a_0_strike_price[31]". Without this partial route, timing analysis to/from this port will not be accurate, and no routing information for this port can be exported.
WARNING: [Route 35-198] Port "kernel_o_a_0_strike_price[12]" does not have an associated HD.PARTPIN_LOCS, which will prevent the partial routing of the signal "kernel_o_a_0_strike_price[12]". Without this partial route, timing analysis to/from this port will not be accurate, and no routing information for this port can be exported.
WARNING: [Route 35-198] Port "kernel_u_a_0_current_price[27]" does not have an associated HD.PARTPIN_LOCS, which will prevent the partial routing of the signal "kernel_u_a_0_current_price[27]". Without this partial route, timing analysis to/from this port will not be accurate, and no routing information for this port can be exported.
WARNING: [Route 35-198] Port "kernel_u_a_0_rfir[27]" does not have an associated HD.PARTPIN_LOCS, which will prevent the partial routing of the signal "kernel_u_a_0_rfir[27]". Without this partial route, timing analysis to/from this port will not be accurate, and no routing information for this port can be exported.
WARNING: [Route 35-198] Port "kernel_u_a_0_current_price[28]" does not have an associated HD.PARTPIN_LOCS, which will prevent the partial routing of the signal "kernel_u_a_0_current_price[28]". Without this partial route, timing analysis to/from this port will not be accurate, and no routing information for this port can be exported.
WARNING: [Route 35-198] Port "kernel_u_a_0_rfir[28]" does not have an associated HD.PARTPIN_LOCS, which will prevent the partial routing of the signal "kernel_u_a_0_rfir[28]". Without this partial route, timing analysis to/from this port will not be accurate, and no routing information for this port can be exported.
WARNING: [Route 35-198] Port "kernel_u_a_0_current_price[1]" does not have an associated HD.PARTPIN_LOCS, which will prevent the partial routing of the signal "kernel_u_a_0_current_price[1]". Without this partial route, timing analysis to/from this port will not be accurate, and no routing information for this port can be exported.
WARNING: [Route 35-198] Port "kernel_u_a_0_rfir[1]" does not have an associated HD.PARTPIN_LOCS, which will prevent the partial routing of the signal "kernel_u_a_0_rfir[1]". Without this partial route, timing analysis to/from this port will not be accurate, and no routing information for this port can be exported.
WARNING: [Route 35-198] Port "kernel_u_a_0_current_price[20]" does not have an associated HD.PARTPIN_LOCS, which will prevent the partial routing of the signal "kernel_u_a_0_current_price[20]". Without this partial route, timing analysis to/from this port will not be accurate, and no routing information for this port can be exported.
WARNING: [Route 35-198] Port "kernel_u_a_0_rfir[20]" does not have an associated HD.PARTPIN_LOCS, which will prevent the partial routing of the signal "kernel_u_a_0_rfir[20]". Without this partial route, timing analysis to/from this port will not be accurate, and no routing information for this port can be exported.
WARNING: [Route 35-198] Port "kernel_u_a_0_current_price[7]" does not have an associated HD.PARTPIN_LOCS, which will prevent the partial routing of the signal "kernel_u_a_0_current_price[7]". Without this partial route, timing analysis to/from this port will not be accurate, and no routing information for this port can be exported.
WARNING: [Route 35-198] Port "kernel_u_a_0_rfir[7]" does not have an associated HD.PARTPIN_LOCS, which will prevent the partial routing of the signal "kernel_u_a_0_rfir[7]". Without this partial route, timing analysis to/from this port will not be accurate, and no routing information for this port can be exported.
WARNING: [Route 35-198] Port "kernel_u_a_0_current_price[16]" does not have an associated HD.PARTPIN_LOCS, which will prevent the partial routing of the signal "kernel_u_a_0_current_price[16]". Without this partial route, timing analysis to/from this port will not be accurate, and no routing information for this port can be exported.
WARNING: [Route 35-198] Port "kernel_u_a_0_rfir[16]" does not have an associated HD.PARTPIN_LOCS, which will prevent the partial routing of the signal "kernel_u_a_0_rfir[16]". Without this partial route, timing analysis to/from this port will not be accurate, and no routing information for this port can be exported.
WARNING: [Route 35-198] Port "kernel_u_a_0_current_price[17]" does not have an associated HD.PARTPIN_LOCS, which will prevent the partial routing of the signal "kernel_u_a_0_current_price[17]". Without this partial route, timing analysis to/from this port will not be accurate, and no routing information for this port can be exported.
WARNING: [Route 35-198] Port "kernel_u_a_0_rfir[17]" does not have an associated HD.PARTPIN_LOCS, which will prevent the partial routing of the signal "kernel_u_a_0_rfir[17]". Without this partial route, timing analysis to/from this port will not be accurate, and no routing information for this port can be exported.
WARNING: [Route 35-198] Port "kernel_u_a_0_current_price[22]" does not have an associated HD.PARTPIN_LOCS, which will prevent the partial routing of the signal "kernel_u_a_0_current_price[22]". Without this partial route, timing analysis to/from this port will not be accurate, and no routing information for this port can be exported.
WARNING: [Route 35-198] Port "kernel_u_a_0_rfir[22]" does not have an associated HD.PARTPIN_LOCS, which will prevent the partial routing of the signal "kernel_u_a_0_rfir[22]". Without this partial route, timing analysis to/from this port will not be accurate, and no routing information for this port can be exported.
WARNING: [Route 35-198] Port "kernel_u_a_0_current_price[9]" does not have an associated HD.PARTPIN_LOCS, which will prevent the partial routing of the signal "kernel_u_a_0_current_price[9]". Without this partial route, timing analysis to/from this port will not be accurate, and no routing information for this port can be exported.
WARNING: [Route 35-198] Port "kernel_u_a_0_rfir[9]" does not have an associated HD.PARTPIN_LOCS, which will prevent the partial routing of the signal "kernel_u_a_0_rfir[9]". Without this partial route, timing analysis to/from this port will not be accurate, and no routing information for this port can be exported.
WARNING: [Route 35-198] Port "kernel_u_a_0_current_price[12]" does not have an associated HD.PARTPIN_LOCS, which will prevent the partial routing of the signal "kernel_u_a_0_current_price[12]". Without this partial route, timing analysis to/from this port will not be accurate, and no routing information for this port can be exported.
WARNING: [Route 35-198] Port "kernel_u_a_0_rfir[12]" does not have an associated HD.PARTPIN_LOCS, which will prevent the partial routing of the signal "kernel_u_a_0_rfir[12]". Without this partial route, timing analysis to/from this port will not be accurate, and no routing information for this port can be exported.
WARNING: [Route 35-198] Port "kernel_u_a_0_current_price[21]" does not have an associated HD.PARTPIN_LOCS, which will prevent the partial routing of the signal "kernel_u_a_0_current_price[21]". Without this partial route, timing analysis to/from this port will not be accurate, and no routing information for this port can be exported.
WARNING: [Route 35-198] Port "kernel_u_a_0_rfir[21]" does not have an associated HD.PARTPIN_LOCS, which will prevent the partial routing of the signal "kernel_u_a_0_rfir[21]". Without this partial route, timing analysis to/from this port will not be accurate, and no routing information for this port can be exported.
WARNING: [Route 35-198] Port "kernel_u_a_0_current_price[3]" does not have an associated HD.PARTPIN_LOCS, which will prevent the partial routing of the signal "kernel_u_a_0_current_price[3]". Without this partial route, timing analysis to/from this port will not be accurate, and no routing information for this port can be exported.
WARNING: [Route 35-198] Port "kernel_u_a_0_rfir[3]" does not have an associated HD.PARTPIN_LOCS, which will prevent the partial routing of the signal "kernel_u_a_0_rfir[3]". Without this partial route, timing analysis to/from this port will not be accurate, and no routing information for this port can be exported.
WARNING: [Route 35-198] Port "kernel_u_a_0_current_price[5]" does not have an associated HD.PARTPIN_LOCS, which will prevent the partial routing of the signal "kernel_u_a_0_current_price[5]". Without this partial route, timing analysis to/from this port will not be accurate, and no routing information for this port can be exported.
WARNING: [Route 35-198] Port "kernel_u_a_0_rfir[5]" does not have an associated HD.PARTPIN_LOCS, which will prevent the partial routing of the signal "kernel_u_a_0_rfir[5]". Without this partial route, timing analysis to/from this port will not be accurate, and no routing information for this port can be exported.
WARNING: [Route 35-198] Port "kernel_u_a_0_current_price[6]" does not have an associated HD.PARTPIN_LOCS, which will prevent the partial routing of the signal "kernel_u_a_0_current_price[6]". Without this partial route, timing analysis to/from this port will not be accurate, and no routing information for this port can be exported.
WARNING: [Route 35-198] Port "kernel_u_a_0_rfir[6]" does not have an associated HD.PARTPIN_LOCS, which will prevent the partial routing of the signal "kernel_u_a_0_rfir[6]". Without this partial route, timing analysis to/from this port will not be accurate, and no routing information for this port can be exported.
WARNING: [Route 35-198] Port "kernel_u_a_0_current_price[10]" does not have an associated HD.PARTPIN_LOCS, which will prevent the partial routing of the signal "kernel_u_a_0_current_price[10]". Without this partial route, timing analysis to/from this port will not be accurate, and no routing information for this port can be exported.
WARNING: [Route 35-198] Port "kernel_u_a_0_rfir[10]" does not have an associated HD.PARTPIN_LOCS, which will prevent the partial routing of the signal "kernel_u_a_0_rfir[10]". Without this partial route, timing analysis to/from this port will not be accurate, and no routing information for this port can be exported.
WARNING: [Route 35-198] Port "kernel_u_a_0_current_price[11]" does not have an associated HD.PARTPIN_LOCS, which will prevent the partial routing of the signal "kernel_u_a_0_current_price[11]". Without this partial route, timing analysis to/from this port will not be accurate, and no routing information for this port can be exported.
WARNING: [Route 35-198] Port "kernel_u_a_0_rfir[11]" does not have an associated HD.PARTPIN_LOCS, which will prevent the partial routing of the signal "kernel_u_a_0_rfir[11]". Without this partial route, timing analysis to/from this port will not be accurate, and no routing information for this port can be exported.
WARNING: [Route 35-198] Port "kernel_u_a_0_current_price[13]" does not have an associated HD.PARTPIN_LOCS, which will prevent the partial routing of the signal "kernel_u_a_0_current_price[13]". Without this partial route, timing analysis to/from this port will not be accurate, and no routing information for this port can be exported.
WARNING: [Route 35-198] Port "kernel_u_a_0_rfir[13]" does not have an associated HD.PARTPIN_LOCS, which will prevent the partial routing of the signal "kernel_u_a_0_rfir[13]". Without this partial route, timing analysis to/from this port will not be accurate, and no routing information for this port can be exported.
WARNING: [Route 35-198] Port "kernel_u_a_0_current_price[14]" does not have an associated HD.PARTPIN_LOCS, which will prevent the partial routing of the signal "kernel_u_a_0_current_price[14]". Without this partial route, timing analysis to/from this port will not be accurate, and no routing information for this port can be exported.
WARNING: [Route 35-198] Port "kernel_u_a_0_rfir[14]" does not have an associated HD.PARTPIN_LOCS, which will prevent the partial routing of the signal "kernel_u_a_0_rfir[14]". Without this partial route, timing analysis to/from this port will not be accurate, and no routing information for this port can be exported.
WARNING: [Route 35-198] Port "kernel_u_a_0_current_price[23]" does not have an associated HD.PARTPIN_LOCS, which will prevent the partial routing of the signal "kernel_u_a_0_current_price[23]". Without this partial route, timing analysis to/from this port will not be accurate, and no routing information for this port can be exported.
WARNING: [Route 35-198] Port "kernel_u_a_0_rfir[23]" does not have an associated HD.PARTPIN_LOCS, which will prevent the partial routing of the signal "kernel_u_a_0_rfir[23]". Without this partial route, timing analysis to/from this port will not be accurate, and no routing information for this port can be exported.
WARNING: [Route 35-198] Port "kernel_u_a_0_current_price[24]" does not have an associated HD.PARTPIN_LOCS, which will prevent the partial routing of the signal "kernel_u_a_0_current_price[24]". Without this partial route, timing analysis to/from this port will not be accurate, and no routing information for this port can be exported.
WARNING: [Route 35-198] Port "kernel_u_a_0_rfir[24]" does not have an associated HD.PARTPIN_LOCS, which will prevent the partial routing of the signal "kernel_u_a_0_rfir[24]". Without this partial route, timing analysis to/from this port will not be accurate, and no routing information for this port can be exported.
WARNING: [Route 35-198] Port "kernel_u_a_0_current_price[25]" does not have an associated HD.PARTPIN_LOCS, which will prevent the partial routing of the signal "kernel_u_a_0_current_price[25]". Without this partial route, timing analysis to/from this port will not be accurate, and no routing information for this port can be exported.
WARNING: [Route 35-198] Port "kernel_u_a_0_rfir[25]" does not have an associated HD.PARTPIN_LOCS, which will prevent the partial routing of the signal "kernel_u_a_0_rfir[25]". Without this partial route, timing analysis to/from this port will not be accurate, and no routing information for this port can be exported.
WARNING: [Route 35-198] Port "kernel_u_a_0_current_price[29]" does not have an associated HD.PARTPIN_LOCS, which will prevent the partial routing of the signal "kernel_u_a_0_current_price[29]". Without this partial route, timing analysis to/from this port will not be accurate, and no routing information for this port can be exported.
WARNING: [Route 35-198] Port "kernel_u_a_0_rfir[29]" does not have an associated HD.PARTPIN_LOCS, which will prevent the partial routing of the signal "kernel_u_a_0_rfir[29]". Without this partial route, timing analysis to/from this port will not be accurate, and no routing information for this port can be exported.
WARNING: [Route 35-198] Port "kernel_u_a_0_current_price[30]" does not have an associated HD.PARTPIN_LOCS, which will prevent the partial routing of the signal "kernel_u_a_0_current_price[30]". Without this partial route, timing analysis to/from this port will not be accurate, and no routing information for this port can be exported.
WARNING: [Route 35-198] Port "kernel_u_a_0_rfir[30]" does not have an associated HD.PARTPIN_LOCS, which will prevent the partial routing of the signal "kernel_u_a_0_rfir[30]". Without this partial route, timing analysis to/from this port will not be accurate, and no routing information for this port can be exported.
WARNING: [Route 35-198] Port "kernel_u_a_0_current_price[0]" does not have an associated HD.PARTPIN_LOCS, which will prevent the partial routing of the signal "kernel_u_a_0_current_price[0]". Without this partial route, timing analysis to/from this port will not be accurate, and no routing information for this port can be exported.
WARNING: [Route 35-198] Port "kernel_u_a_0_rfir[0]" does not have an associated HD.PARTPIN_LOCS, which will prevent the partial routing of the signal "kernel_u_a_0_rfir[0]". Without this partial route, timing analysis to/from this port will not be accurate, and no routing information for this port can be exported.
WARNING: [Route 35-198] Port "kernel_u_a_0_current_price[18]" does not have an associated HD.PARTPIN_LOCS, which will prevent the partial routing of the signal "kernel_u_a_0_current_price[18]". Without this partial route, timing analysis to/from this port will not be accurate, and no routing information for this port can be exported.
WARNING: [Route 35-198] Port "kernel_u_a_0_rfir[18]" does not have an associated HD.PARTPIN_LOCS, which will prevent the partial routing of the signal "kernel_u_a_0_rfir[18]". Without this partial route, timing analysis to/from this port will not be accurate, and no routing information for this port can be exported.
WARNING: [Route 35-198] Port "kernel_u_a_0_current_price[15]" does not have an associated HD.PARTPIN_LOCS, which will prevent the partial routing of the signal "kernel_u_a_0_current_price[15]". Without this partial route, timing analysis to/from this port will not be accurate, and no routing information for this port can be exported.
WARNING: [Route 35-198] Port "kernel_u_a_0_rfir[15]" does not have an associated HD.PARTPIN_LOCS, which will prevent the partial routing of the signal "kernel_u_a_0_rfir[15]". Without this partial route, timing analysis to/from this port will not be accurate, and no routing information for this port can be exported.
WARNING: [Route 35-198] Port "kernel_u_a_0_current_price[2]" does not have an associated HD.PARTPIN_LOCS, which will prevent the partial routing of the signal "kernel_u_a_0_current_price[2]". Without this partial route, timing analysis to/from this port will not be accurate, and no routing information for this port can be exported.
WARNING: [Route 35-198] Port "kernel_u_a_0_rfir[2]" does not have an associated HD.PARTPIN_LOCS, which will prevent the partial routing of the signal "kernel_u_a_0_rfir[2]". Without this partial route, timing analysis to/from this port will not be accurate, and no routing information for this port can be exported.
WARNING: [Route 35-198] Port "kernel_u_a_0_current_price[4]" does not have an associated HD.PARTPIN_LOCS, which will prevent the partial routing of the signal "kernel_u_a_0_current_price[4]". Without this partial route, timing analysis to/from this port will not be accurate, and no routing information for this port can be exported.
WARNING: [Route 35-198] Port "kernel_u_a_0_rfir[4]" does not have an associated HD.PARTPIN_LOCS, which will prevent the partial routing of the signal "kernel_u_a_0_rfir[4]". Without this partial route, timing analysis to/from this port will not be accurate, and no routing information for this port can be exported.
WARNING: [Route 35-198] Port "kernel_u_a_0_current_price[19]" does not have an associated HD.PARTPIN_LOCS, which will prevent the partial routing of the signal "kernel_u_a_0_current_price[19]". Without this partial route, timing analysis to/from this port will not be accurate, and no routing information for this port can be exported.
WARNING: [Route 35-198] Port "kernel_u_a_0_rfir[19]" does not have an associated HD.PARTPIN_LOCS, which will prevent the partial routing of the signal "kernel_u_a_0_rfir[19]". Without this partial route, timing analysis to/from this port will not be accurate, and no routing information for this port can be exported.
WARNING: [Route 35-198] Port "kernel_u_a_0_current_price[8]" does not have an associated HD.PARTPIN_LOCS, which will prevent the partial routing of the signal "kernel_u_a_0_current_price[8]". Without this partial route, timing analysis to/from this port will not be accurate, and no routing information for this port can be exported.
WARNING: [Route 35-198] Port "kernel_u_a_0_rfir[8]" does not have an associated HD.PARTPIN_LOCS, which will prevent the partial routing of the signal "kernel_u_a_0_rfir[8]". Without this partial route, timing analysis to/from this port will not be accurate, and no routing information for this port can be exported.
WARNING: [Route 35-198] Port "kernel_o_a_0_strike_price[18]" does not have an associated HD.PARTPIN_LOCS, which will prevent the partial routing of the signal "kernel_o_a_0_strike_price[18]". Without this partial route, timing analysis to/from this port will not be accurate, and no routing information for this port can be exported.
WARNING: [Route 35-198] Port "kernel_o_a_0_strike_price[20]" does not have an associated HD.PARTPIN_LOCS, which will prevent the partial routing of the signal "kernel_o_a_0_strike_price[20]". Without this partial route, timing analysis to/from this port will not be accurate, and no routing information for this port can be exported.
WARNING: [Route 35-198] Port "kernel_o_a_0_strike_price[14]" does not have an associated HD.PARTPIN_LOCS, which will prevent the partial routing of the signal "kernel_o_a_0_strike_price[14]". Without this partial route, timing analysis to/from this port will not be accurate, and no routing information for this port can be exported.
WARNING: [Route 35-198] Port "kernel_o_a_0_strike_price[9]" does not have an associated HD.PARTPIN_LOCS, which will prevent the partial routing of the signal "kernel_o_a_0_strike_price[9]". Without this partial route, timing analysis to/from this port will not be accurate, and no routing information for this port can be exported.
WARNING: [Route 35-198] Port "kernel_o_a_0_strike_price[21]" does not have an associated HD.PARTPIN_LOCS, which will prevent the partial routing of the signal "kernel_o_a_0_strike_price[21]". Without this partial route, timing analysis to/from this port will not be accurate, and no routing information for this port can be exported.
WARNING: [Route 35-198] Port "kernel_o_a_0_strike_price[16]" does not have an associated HD.PARTPIN_LOCS, which will prevent the partial routing of the signal "kernel_o_a_0_strike_price[16]". Without this partial route, timing analysis to/from this port will not be accurate, and no routing information for this port can be exported.
WARNING: [Route 35-198] Port "kernel_o_a_0_strike_price[23]" does not have an associated HD.PARTPIN_LOCS, which will prevent the partial routing of the signal "kernel_o_a_0_strike_price[23]". Without this partial route, timing analysis to/from this port will not be accurate, and no routing information for this port can be exported.
WARNING: [Route 35-198] Port "kernel_o_a_0_strike_price[3]" does not have an associated HD.PARTPIN_LOCS, which will prevent the partial routing of the signal "kernel_o_a_0_strike_price[3]". Without this partial route, timing analysis to/from this port will not be accurate, and no routing information for this port can be exported.
WARNING: [Route 35-198] Port "kernel_o_a_0_strike_price[19]" does not have an associated HD.PARTPIN_LOCS, which will prevent the partial routing of the signal "kernel_o_a_0_strike_price[19]". Without this partial route, timing analysis to/from this port will not be accurate, and no routing information for this port can be exported.
WARNING: [Route 35-198] Port "kernel_o_a_0_strike_price[7]" does not have an associated HD.PARTPIN_LOCS, which will prevent the partial routing of the signal "kernel_o_a_0_strike_price[7]". Without this partial route, timing analysis to/from this port will not be accurate, and no routing information for this port can be exported.
WARNING: [Route 35-198] Port "kernel_o_a_0_strike_price[24]" does not have an associated HD.PARTPIN_LOCS, which will prevent the partial routing of the signal "kernel_o_a_0_strike_price[24]". Without this partial route, timing analysis to/from this port will not be accurate, and no routing information for this port can be exported.
WARNING: [Route 35-198] Port "kernel_o_a_0_strike_price[25]" does not have an associated HD.PARTPIN_LOCS, which will prevent the partial routing of the signal "kernel_o_a_0_strike_price[25]". Without this partial route, timing analysis to/from this port will not be accurate, and no routing information for this port can be exported.
WARNING: [Route 35-198] Port "kernel_o_a_0_strike_price[1]" does not have an associated HD.PARTPIN_LOCS, which will prevent the partial routing of the signal "kernel_o_a_0_strike_price[1]". Without this partial route, timing analysis to/from this port will not be accurate, and no routing information for this port can be exported.
WARNING: [Route 35-198] Port "kernel_o_a_0_strike_price[17]" does not have an associated HD.PARTPIN_LOCS, which will prevent the partial routing of the signal "kernel_o_a_0_strike_price[17]". Without this partial route, timing analysis to/from this port will not be accurate, and no routing information for this port can be exported.
WARNING: [Route 35-198] Port "kernel_o_a_0_strike_price[13]" does not have an associated HD.PARTPIN_LOCS, which will prevent the partial routing of the signal "kernel_o_a_0_strike_price[13]". Without this partial route, timing analysis to/from this port will not be accurate, and no routing information for this port can be exported.
WARNING: [Route 35-198] Port "kernel_o_a_0_strike_price[29]" does not have an associated HD.PARTPIN_LOCS, which will prevent the partial routing of the signal "kernel_o_a_0_strike_price[29]". Without this partial route, timing analysis to/from this port will not be accurate, and no routing information for this port can be exported.
WARNING: [Route 35-198] Port "kernel_o_a_0_strike_price[11]" does not have an associated HD.PARTPIN_LOCS, which will prevent the partial routing of the signal "kernel_o_a_0_strike_price[11]". Without this partial route, timing analysis to/from this port will not be accurate, and no routing information for this port can be exported.
WARNING: [Route 35-198] Port "kernel_o_a_0_strike_price[26]" does not have an associated HD.PARTPIN_LOCS, which will prevent the partial routing of the signal "kernel_o_a_0_strike_price[26]". Without this partial route, timing analysis to/from this port will not be accurate, and no routing information for this port can be exported.
WARNING: [Route 35-198] Port "kernel_o_a_0_strike_price[27]" does not have an associated HD.PARTPIN_LOCS, which will prevent the partial routing of the signal "kernel_o_a_0_strike_price[27]". Without this partial route, timing analysis to/from this port will not be accurate, and no routing information for this port can be exported.
WARNING: [Route 35-198] Port "kernel_o_a_0_time_period[25]" does not have an associated HD.PARTPIN_LOCS, which will prevent the partial routing of the signal "kernel_o_a_0_time_period[25]". Without this partial route, timing analysis to/from this port will not be accurate, and no routing information for this port can be exported.
WARNING: [Route 35-198] Port "kernel_o_a_0_time_period[26]" does not have an associated HD.PARTPIN_LOCS, which will prevent the partial routing of the signal "kernel_o_a_0_time_period[26]". Without this partial route, timing analysis to/from this port will not be accurate, and no routing information for this port can be exported.
WARNING: [Route 35-198] Port "kernel_o_a_0_time_period[29]" does not have an associated HD.PARTPIN_LOCS, which will prevent the partial routing of the signal "kernel_o_a_0_time_period[29]". Without this partial route, timing analysis to/from this port will not be accurate, and no routing information for this port can be exported.
WARNING: [Route 35-198] Port "kernel_o_a_0_time_period[30]" does not have an associated HD.PARTPIN_LOCS, which will prevent the partial routing of the signal "kernel_o_a_0_time_period[30]". Without this partial route, timing analysis to/from this port will not be accurate, and no routing information for this port can be exported.
WARNING: [Route 35-198] Port "kernel_o_a_0_strike_price[30]" does not have an associated HD.PARTPIN_LOCS, which will prevent the partial routing of the signal "kernel_o_a_0_strike_price[30]". Without this partial route, timing analysis to/from this port will not be accurate, and no routing information for this port can be exported.
WARNING: [Route 35-198] Port "kernel_o_a_0_strike_price[15]" does not have an associated HD.PARTPIN_LOCS, which will prevent the partial routing of the signal "kernel_o_a_0_strike_price[15]". Without this partial route, timing analysis to/from this port will not be accurate, and no routing information for this port can be exported.
WARNING: [Route 35-198] Port "kernel_o_a_0_strike_price[5]" does not have an associated HD.PARTPIN_LOCS, which will prevent the partial routing of the signal "kernel_o_a_0_strike_price[5]". Without this partial route, timing analysis to/from this port will not be accurate, and no routing information for this port can be exported.
WARNING: [Route 35-198] Port "kernel_o_a_0_time_period[23]" does not have an associated HD.PARTPIN_LOCS, which will prevent the partial routing of the signal "kernel_o_a_0_time_period[23]". Without this partial route, timing analysis to/from this port will not be accurate, and no routing information for this port can be exported.
WARNING: [Route 35-198] Port "kernel_o_a_0_time_period[24]" does not have an associated HD.PARTPIN_LOCS, which will prevent the partial routing of the signal "kernel_o_a_0_time_period[24]". Without this partial route, timing analysis to/from this port will not be accurate, and no routing information for this port can be exported.
WARNING: [Route 35-198] Port "kernel_o_a_0_strike_price[4]" does not have an associated HD.PARTPIN_LOCS, which will prevent the partial routing of the signal "kernel_o_a_0_strike_price[4]". Without this partial route, timing analysis to/from this port will not be accurate, and no routing information for this port can be exported.
WARNING: [Route 35-198] Port "kernel_o_a_0_strike_price[8]" does not have an associated HD.PARTPIN_LOCS, which will prevent the partial routing of the signal "kernel_o_a_0_strike_price[8]". Without this partial route, timing analysis to/from this port will not be accurate, and no routing information for this port can be exported.
INFO: [Common 17-14] Message 'Route 35-198' appears 100 times and further instances of the messages will be disabled. Use the Tcl command set_msg_config to change the current settings.
Phase 1.1 Build Netlist & NodeGraph | Checksum: 1ee1409a3

Time (s): cpu = 00:00:30 ; elapsed = 00:00:22 . Memory (MB): peak = 1604.727 ; gain = 119.539
Phase 1 Build RT Design | Checksum: 1a3ee55e9

Time (s): cpu = 00:00:30 ; elapsed = 00:00:22 . Memory (MB): peak = 1604.727 ; gain = 119.539

Phase 2 Router Initialization

Phase 2.1 Create Timer
Phase 2.1 Create Timer | Checksum: 1a3ee55e9

Time (s): cpu = 00:00:30 ; elapsed = 00:00:22 . Memory (MB): peak = 1604.730 ; gain = 119.543

Phase 2.2 Restore Routing
Phase 2.2 Restore Routing | Checksum: 1a3ee55e9

Time (s): cpu = 00:00:30 ; elapsed = 00:00:23 . Memory (MB): peak = 1619.781 ; gain = 134.594

Phase 2.3 Special Net Routing
 Number of Nodes with overlaps = 0
Phase 2.3 Special Net Routing | Checksum: d0eae1b9

Time (s): cpu = 00:00:30 ; elapsed = 00:00:23 . Memory (MB): peak = 1619.781 ; gain = 134.594

Phase 2.4 Local Clock Net Routing
Phase 2.4 Local Clock Net Routing | Checksum: d0eae1b9

Time (s): cpu = 00:00:30 ; elapsed = 00:00:23 . Memory (MB): peak = 1619.781 ; gain = 134.594

Phase 2.5 Update Timing

Phase 2.5.1 Update timing with NCN CRPR

Phase 2.5.1.1 Hold Budgeting
Phase 2.5.1.1 Hold Budgeting | Checksum: d0eae1b9

Time (s): cpu = 00:00:34 ; elapsed = 00:00:24 . Memory (MB): peak = 1619.781 ; gain = 134.594
Phase 2.5.1 Update timing with NCN CRPR | Checksum: d0eae1b9

Time (s): cpu = 00:00:34 ; elapsed = 00:00:24 . Memory (MB): peak = 1619.781 ; gain = 134.594
Phase 2.5 Update Timing | Checksum: d0eae1b9

Time (s): cpu = 00:00:34 ; elapsed = 00:00:24 . Memory (MB): peak = 1619.781 ; gain = 134.594
INFO: [Route 35-57] Estimated Timing Summary | WNS=1.86   | TNS=0      | WHS=-0.154 | THS=-15.4  |


Phase 2.6 Budgeting
Phase 2.6 Budgeting | Checksum: d0eae1b9

Time (s): cpu = 00:00:35 ; elapsed = 00:00:24 . Memory (MB): peak = 1619.781 ; gain = 134.594
Phase 2 Router Initialization | Checksum: d0eae1b9

Time (s): cpu = 00:00:35 ; elapsed = 00:00:24 . Memory (MB): peak = 1619.781 ; gain = 134.594

Phase 3 Initial Routing
Phase 3 Initial Routing | Checksum: 1b259a40d

Time (s): cpu = 00:00:37 ; elapsed = 00:00:25 . Memory (MB): peak = 1623.781 ; gain = 138.594

Phase 4 Rip-up And Reroute

Phase 4.1 Global Iteration 0

Phase 4.1.1 Remove Overlaps
 Number of Nodes with overlaps = 273
 Number of Nodes with overlaps = 4
 Number of Nodes with overlaps = 1
 Number of Nodes with overlaps = 0
Phase 4.1.1 Remove Overlaps | Checksum: 845470bd

Time (s): cpu = 00:00:39 ; elapsed = 00:00:26 . Memory (MB): peak = 1624.781 ; gain = 139.594

Phase 4.1.2 Update Timing
Phase 4.1.2 Update Timing | Checksum: 845470bd

Time (s): cpu = 00:00:40 ; elapsed = 00:00:26 . Memory (MB): peak = 1625.781 ; gain = 140.594
INFO: [Route 35-57] Estimated Timing Summary | WNS=1.5    | TNS=0      | WHS=N/A    | THS=N/A    |


Phase 4.1.3 collectNewHoldAndFix
Phase 4.1.3 collectNewHoldAndFix | Checksum: 14ef803f8

Time (s): cpu = 00:00:40 ; elapsed = 00:00:26 . Memory (MB): peak = 1625.781 ; gain = 140.594
Phase 4.1 Global Iteration 0 | Checksum: 14ef803f8

Time (s): cpu = 00:00:40 ; elapsed = 00:00:26 . Memory (MB): peak = 1625.781 ; gain = 140.594

Phase 4.2 Global Iteration 1

Phase 4.2.1 Remove Overlaps
 Number of Nodes with overlaps = 0
Phase 4.2.1 Remove Overlaps | Checksum: 81052a6c

Time (s): cpu = 00:00:41 ; elapsed = 00:00:26 . Memory (MB): peak = 1625.781 ; gain = 140.594

Phase 4.2.2 Update Timing
Phase 4.2.2 Update Timing | Checksum: 81052a6c

Time (s): cpu = 00:00:41 ; elapsed = 00:00:26 . Memory (MB): peak = 1625.781 ; gain = 140.594
INFO: [Route 35-57] Estimated Timing Summary | WNS=1.5    | TNS=0      | WHS=N/A    | THS=N/A    |


Phase 4.2.3 collectNewHoldAndFix
Phase 4.2.3 collectNewHoldAndFix | Checksum: 81052a6c

Time (s): cpu = 00:00:41 ; elapsed = 00:00:27 . Memory (MB): peak = 1625.781 ; gain = 140.594
Phase 4.2 Global Iteration 1 | Checksum: 81052a6c

Time (s): cpu = 00:00:41 ; elapsed = 00:00:27 . Memory (MB): peak = 1625.781 ; gain = 140.594
Phase 4 Rip-up And Reroute | Checksum: 81052a6c

Time (s): cpu = 00:00:41 ; elapsed = 00:00:27 . Memory (MB): peak = 1625.781 ; gain = 140.594

Phase 5 Delay CleanUp

Phase 5.1 Update Timing
Phase 5.1 Update Timing | Checksum: 81052a6c

Time (s): cpu = 00:00:41 ; elapsed = 00:00:27 . Memory (MB): peak = 1625.781 ; gain = 140.594
INFO: [Route 35-57] Estimated Timing Summary | WNS=1.61   | TNS=0      | WHS=N/A    | THS=N/A    |

Phase 5 Delay CleanUp | Checksum: 81052a6c

Time (s): cpu = 00:00:41 ; elapsed = 00:00:27 . Memory (MB): peak = 1625.781 ; gain = 140.594

Phase 6 Post Hold Fix

Phase 6.1 Full Hold Analysis

Phase 6.1.1 Update Timing
Phase 6.1.1 Update Timing | Checksum: 81052a6c

Time (s): cpu = 00:00:42 ; elapsed = 00:00:27 . Memory (MB): peak = 1625.781 ; gain = 140.594
INFO: [Route 35-57] Estimated Timing Summary | WNS=1.61   | TNS=0      | WHS=0.096  | THS=0      |

Phase 6.1 Full Hold Analysis | Checksum: 81052a6c

Time (s): cpu = 00:00:42 ; elapsed = 00:00:27 . Memory (MB): peak = 1625.781 ; gain = 140.594
Phase 6 Post Hold Fix | Checksum: 81052a6c

Time (s): cpu = 00:00:42 ; elapsed = 00:00:27 . Memory (MB): peak = 1625.781 ; gain = 140.594

Router Utilization Summary
  Global Vertical Routing Utilization    = 0.445894 %
  Global Horizontal Routing Utilization  = 0.607843 %
  Routable Net Status*
  *Does not include unroutable nets such as driverless and loadless.
  Run report_route_status for detailed report.
  Number of Failed Nets               = 0
  Number of Unrouted Nets             = 0
  Number of Partially Routed Nets     = 0
  Number of Node Overlaps             = 0


Phase 7 Verifying routed nets

 Verification completed successfully
Phase 7 Verifying routed nets | Checksum: 81052a6c

Time (s): cpu = 00:00:42 ; elapsed = 00:00:27 . Memory (MB): peak = 1627.781 ; gain = 142.594

Phase 8 Depositing Routes
Phase 8 Depositing Routes | Checksum: 140c6dd57

Time (s): cpu = 00:00:43 ; elapsed = 00:00:28 . Memory (MB): peak = 1627.781 ; gain = 142.594

Phase 9 Post Router Timing
INFO: [Route 35-20] Post Routing Timing Summary | WNS=1.616  | TNS=0.000  | WHS=0.096  | THS=0.000  |

INFO: [Route 35-61] The design met the timing requirement.
Phase 9 Post Router Timing | Checksum: 140c6dd57

Time (s): cpu = 00:00:46 ; elapsed = 00:00:29 . Memory (MB): peak = 1627.781 ; gain = 142.594
INFO: [Route 35-16] Router Completed Successfully
Ending Route Task | Checksum: 140c6dd57

Time (s): cpu = 00:00:46 ; elapsed = 00:00:29 . Memory (MB): peak = 1627.781 ; gain = 142.594

Routing Is Done.

Time (s): cpu = 00:00:46 ; elapsed = 00:00:29 . Memory (MB): peak = 1627.781 ; gain = 142.594
INFO: [Common 17-83] Releasing license: Implementation
47 Infos, 105 Warnings, 0 Critical Warnings and 0 Errors encountered.
route_design completed successfully
route_design: Time (s): cpu = 00:00:48 ; elapsed = 00:00:31 . Memory (MB): peak = 1627.781 ; gain = 155.590
INFO: [Drc 23-27] Running DRC with 8 threads
INFO: [Coretcl 2-168] The results of DRC are in file /home/ee/s/sf306/ForwardFinancialFramework/Platforms/VivadoFPGA/vivadohls_code/hls_prj/F3_VivadoHLS_core/impl/vhdl/project.runs/impl_1/vivado_activity_thread_drc_routed.rpt.
Running Vector-less Activity Propagation...

Finished Running Vector-less Activity Propagation
report_power: Time (s): cpu = 00:00:13 ; elapsed = 00:00:07 . Memory (MB): peak = 1635.789 ; gain = 8.008
INFO: [Timing 38-91] UpdateTimingParams: Speed grade: -1, Delay Type: min_max, Constraints type: SDC.
INFO: [Timing 38-191] Multithreading enabled for timing update using a maximum of 8 CPUs
Writing XDEF routing.
Writing XDEF routing logical nets.
Writing XDEF routing special nets.
Write XDEF Complete: Time (s): cpu = 00:00:00.73 ; elapsed = 00:00:00.76 . Memory (MB): peak = 1635.793 ; gain = 0.000
INFO: [Common 17-206] Exiting Vivado at Tue Apr  8 20:32:59 2014...
