Copyright 1986-1999, 2001-2013 Xilinx, Inc. All Rights Reserved.
-----------------------------------------------------------------------------------------------
| Tool Version : Vivado v.2013.3 (lin64) Build 329390 Wed Oct 16 18:26:55 MDT 2013
| Date         : Tue Mar 25 15:30:14 2014
| Host         : ganymede running 64-bit Ubuntu 12.04.3 LTS
| Command      : report_timing_summary -file ./report/vivado_activity_thread_timing_routed.rpt
| Design       : vivado_activity_thread
| Device       : 7z020-clg484
| Speed File   : -1  PRODUCTION 1.08 2013-09-28
-----------------------------------------------------------------------------------------------

Timing Summary Report

------------------------------------------------------------------------------------------------
| Timer Settings
| --------------
------------------------------------------------------------------------------------------------

  Enable Multi Corner Analysis               :  Yes
  Enable Pessimism Removal                   :  Yes
  Pessimism Removal Resolution               :  Nearest Common Node
  Enable Input Delay Default Clock           :  No
  Enable Preset / Clear Arcs                 :  No
  Disable Flight Delays                      :  No

  Corner  Analyze    Analyze    
  Name    Max Paths  Min Paths  
  ------  ---------  ---------  
  Slow    Yes        Yes        
  Fast    Yes        Yes        


------------------------------------------------------------------------------------------------
| Check Timing
| ------------
------------------------------------------------------------------------------------------------


Checking 'no_clock'.
 There are 0 register/latch pins with no clock.
 There are 0 register/latch pins with constant_clock.

Checking 'unconstrained_internal_endpoints'.
 There are 194 pins that are not constrained for maximum delay.
 There are 0 pins that are not constrained for maximum delay due to constant clock.

Checking 'no_input_delay'.
 There are 162 input ports with no input delay specified.

Checking 'no_output_delay'.
 There are 70 ports with no output delay specified.

Checking 'multiple_clock'.
 There are 0 register/latch pins with related clocks.
 There are 0 register/latch pins with exclusive clocks.

Checking 'generated_clocks'.
 There are 0 generated clocks that are not connected to a clock source.

Checking 'loops'.
 There are 0 combinational loops in the design.

Checking 'partial_input_delay'.
 There are 0 input ports with partial input delay specified.

Checking 'partial_output_delay'.
 There are 0 ports with partial output delay specified.

Checking 'unexpandable_clocks'.
 There are 0 related clock pairs.
 There are 0 User Ignored clock pairs.

Checking 'latch_loops'.
 There are 0 combinational latch loops in the design through latch input

------------------------------------------------------------------------------------------------
| Design Timing Summary
| ---------------------
------------------------------------------------------------------------------------------------

    WNS(ns)      TNS(ns)  TNS Failing Endpoints  TNS Total Endpoints      WHS(ns)      THS(ns)  THS Failing Endpoints  THS Total Endpoints     WPWS(ns)     TPWS(ns)  TPWS Failing Endpoints  TPWS Total Endpoints  
    -------      -------  ---------------------  -------------------      -------      -------  ---------------------  -------------------     --------     --------  ----------------------  --------------------  
      1.637        0.000                      0                 1717        0.096        0.000                      0                 1717        3.995        0.000                       0                   864  


All user specified timing constraints are met.


------------------------------------------------------------------------------------------------
| Clock Summary
| -------------
------------------------------------------------------------------------------------------------

Clock  Waveform(ns)       Period(ns)      Frequency(MHz)
-----  ------------       ----------      --------------
CLK    {0.000 5.000}      10.000          100.000         


------------------------------------------------------------------------------------------------
| Intra Clock Table
| -----------------
------------------------------------------------------------------------------------------------

Clock             WNS(ns)      TNS(ns)  TNS Failing Endpoints  TNS Total Endpoints      WHS(ns)      THS(ns)  THS Failing Endpoints  THS Total Endpoints     WPWS(ns)     TPWS(ns)  TPWS Failing Endpoints  TPWS Total Endpoints  
-----             -------      -------  ---------------------  -------------------      -------      -------  ---------------------  -------------------     --------     --------  ----------------------  --------------------  
CLK                 1.637        0.000                      0                 1717        0.096        0.000                      0                 1717        3.995        0.000                       0                   864  


------------------------------------------------------------------------------------------------
| Inter Clock Table
| -----------------
------------------------------------------------------------------------------------------------

From Clock    To Clock          WNS(ns)      TNS(ns)  TNS Failing Endpoints  TNS Total Endpoints      WHS(ns)      THS(ns)  THS Failing Endpoints  THS Total Endpoints  
----------    --------          -------      -------  ---------------------  -------------------      -------      -------  ---------------------  -------------------  


------------------------------------------------------------------------------------------------
| Other Path Groups Table
| -----------------------
------------------------------------------------------------------------------------------------

Path Group    From Clock    To Clock          WNS(ns)      TNS(ns)  TNS Failing Endpoints  TNS Total Endpoints      WHS(ns)      THS(ns)  THS Failing Endpoints  THS Total Endpoints  
----------    ----------    --------          -------      -------  ---------------------  -------------------      -------      -------  ---------------------  -------------------  


------------------------------------------------------------------------------------------------
| Timing Details
| --------------
------------------------------------------------------------------------------------------------


---------------------------------------------------------------------------------------------------
From Clock:  CLK
  To Clock:  CLK

Setup :            0  Failing Endpoints,  Worst Slack        1.637ns,  Total Violation        0.000ns
Hold  :            0  Failing Endpoints,  Worst Slack        0.096ns,  Total Violation        0.000ns
PW    :            0  Failing Endpoints,  Worst Slack        3.995ns,  Total Violation        0.000ns
---------------------------------------------------------------------------------------------------


Max Delay Paths
--------------------------------------------------------------------------------------
Slack (MET) :             1.637ns  (required time - arrival time)
  Source:                 vivado_activity_thread_fexp_32ns_32ns_32_9_full_dsp_U4/vivado_activity_thread_ap_fexp_7_full_dsp_u/U0/i_synth/EXP_OP.OP/i_calculate_Xf/dsp.one.dsp48e1_add/DSP/CLK
                            (rising edge-triggered cell DSP48E1 clocked by CLK  {rise@0.000ns fall@5.000ns period=10.000ns})
  Destination:            vivado_activity_thread_fexp_32ns_32ns_32_9_full_dsp_U4/vivado_activity_thread_ap_fexp_7_full_dsp_u/U0/i_synth/EXP_OP.OP/g_Fr_sp_dsp.i_calculate_Fr/DSP/B[10]
                            (rising edge-triggered cell DSP48E1 clocked by CLK  {rise@0.000ns fall@5.000ns period=10.000ns})
  Path Group:             CLK
  Path Type:              Setup (Max at Slow Process Corner)
  Requirement:            10.000ns  (CLK rise@10.000ns - CLK rise@0.000ns)
  Data Path Delay:        7.642ns  (logic 3.132ns (40.984%)  route 4.510ns (59.016%))
  Logic Levels:           4  (LUT6=2 MUXF7=2)
  Clock Path Skew:        -0.062ns (DCD - SCD + CPR)
    Destination Clock Delay (DCD):    1.694ns = ( 11.694 - 10.000 ) 
    Source Clock Delay      (SCD):    1.871ns
    Clock Pessimism Removal (CPR):    0.115ns
  Clock Uncertainty:      0.035ns  ((TSJ^2 + TIJ^2)^1/2 + DJ) / 2 + PE
    Total System Jitter     (TSJ):    0.071ns
    Total Input Jitter      (TIJ):    0.000ns
    Discrete Jitter          (DJ):    0.000ns
    Phase Error              (PE):    0.000ns

    Location             Delay type                Incr(ns)  Path(ns)    Netlist Resource(s)
  -------------------------------------------------------------------    -------------------
                         (clock CLK rise edge)        0.000     0.000 r  
                                                      0.000     0.000 r  ap_clk
                         net (fo=871, unset)          1.871     1.871    vivado_activity_thread_fexp_32ns_32ns_32_9_full_dsp_U4/vivado_activity_thread_ap_fexp_7_full_dsp_u/U0/i_synth/aclk
    DSP48_X4Y35                                                       r  vivado_activity_thread_fexp_32ns_32ns_32_9_full_dsp_U4/vivado_activity_thread_ap_fexp_7_full_dsp_u/U0/i_synth/EXP_OP.OP/i_calculate_Xf/dsp.one.dsp48e1_add/DSP/CLK
  -------------------------------------------------------------------    -------------------
    DSP48_X4Y35          DSP48E1 (Prop_dsp48e1_CLK_P[20])
                                                      2.231     4.102 r  vivado_activity_thread_fexp_32ns_32ns_32_9_full_dsp_U4/vivado_activity_thread_ap_fexp_7_full_dsp_u/U0/i_synth/EXP_OP.OP/i_calculate_Xf/dsp.one.dsp48e1_add/DSP/P[20]
                         net (fo=373, routed)         2.882     6.984    vivado_activity_thread_fexp_32ns_32ns_32_9_full_dsp_U4/vivado_activity_thread_ap_fexp_7_full_dsp_u/U0/i_synth/EXP_OP.OP/i_calculate_e2A/a[4]
    SLICE_X104Y101       LUT6 (Prop_lut6_I4_O)        0.124     7.108 r  vivado_activity_thread_fexp_32ns_32ns_32_9_full_dsp_U4/vivado_activity_thread_ap_fexp_7_full_dsp_u/U0/i_synth/EXP_OP.OP/i_calculate_e2A/g6_b20/O
                         net (fo=1, routed)           0.000     7.108    vivado_activity_thread_fexp_32ns_32ns_32_9_full_dsp_U4/vivado_activity_thread_ap_fexp_7_full_dsp_u/U0/i_synth/EXP_OP.OP/i_calculate_e2A/n_0_g6_b20
    SLICE_X104Y101       MUXF7 (Prop_muxf7_I0_O)      0.241     7.349 r  vivado_activity_thread_fexp_32ns_32ns_32_9_full_dsp_U4/vivado_activity_thread_ap_fexp_7_full_dsp_u/U0/i_synth/EXP_OP.OP/i_calculate_e2A/result[20]_INST_0_i_3/O
                         net (fo=1, routed)           0.662     8.011    vivado_activity_thread_fexp_32ns_32ns_32_9_full_dsp_U4/vivado_activity_thread_ap_fexp_7_full_dsp_u/U0/i_synth/EXP_OP.OP/i_calculate_e2A/n_0_result[20]_INST_0_i_3
    SLICE_X103Y101       LUT6 (Prop_lut6_I0_O)        0.298     8.309 r  vivado_activity_thread_fexp_32ns_32ns_32_9_full_dsp_U4/vivado_activity_thread_ap_fexp_7_full_dsp_u/U0/i_synth/EXP_OP.OP/i_calculate_e2A/result[20]_INST_0_i_1/O
                         net (fo=1, routed)           0.000     8.309    vivado_activity_thread_fexp_32ns_32ns_32_9_full_dsp_U4/vivado_activity_thread_ap_fexp_7_full_dsp_u/U0/i_synth/EXP_OP.OP/i_calculate_e2A/n_0_result[20]_INST_0_i_1
    SLICE_X103Y101       MUXF7 (Prop_muxf7_I0_O)      0.238     8.547 r  vivado_activity_thread_fexp_32ns_32ns_32_9_full_dsp_U4/vivado_activity_thread_ap_fexp_7_full_dsp_u/U0/i_synth/EXP_OP.OP/i_calculate_e2A/result[20]_INST_0/O
                         net (fo=2, routed)           0.966     9.513    vivado_activity_thread_fexp_32ns_32ns_32_9_full_dsp_U4/vivado_activity_thread_ap_fexp_7_full_dsp_u/U0/i_synth/EXP_OP.OP/e2a[36]
    DSP48_X3Y36          DSP48E1                                      r  vivado_activity_thread_fexp_32ns_32ns_32_9_full_dsp_U4/vivado_activity_thread_ap_fexp_7_full_dsp_u/U0/i_synth/EXP_OP.OP/g_Fr_sp_dsp.i_calculate_Fr/DSP/B[10]
  -------------------------------------------------------------------    -------------------

                         (clock CLK rise edge)       10.000    10.000 r  
                                                      0.000    10.000 r  ap_clk
                         net (fo=871, unset)          1.694    11.694    vivado_activity_thread_fexp_32ns_32ns_32_9_full_dsp_U4/vivado_activity_thread_ap_fexp_7_full_dsp_u/U0/i_synth/aclk
    DSP48_X3Y36                                                       r  vivado_activity_thread_fexp_32ns_32ns_32_9_full_dsp_U4/vivado_activity_thread_ap_fexp_7_full_dsp_u/U0/i_synth/EXP_OP.OP/g_Fr_sp_dsp.i_calculate_Fr/DSP/CLK
                         clock pessimism              0.115    11.809    
                         clock uncertainty           -0.035    11.773    
    DSP48_X3Y36          DSP48E1 (Setup_dsp48e1_CLK_B[10])
                                                     -0.624    11.149    vivado_activity_thread_fexp_32ns_32ns_32_9_full_dsp_U4/vivado_activity_thread_ap_fexp_7_full_dsp_u/U0/i_synth/EXP_OP.OP/g_Fr_sp_dsp.i_calculate_Fr/DSP
  -------------------------------------------------------------------
                         required time                         11.149    
                         arrival time                          -9.513    
  -------------------------------------------------------------------
                         slack                                  1.637    





Min Delay Paths
--------------------------------------------------------------------------------------
Slack (MET) :             0.096ns  (arrival time - required time)
  Source:                 vivado_activity_thread_fexp_32ns_32ns_32_9_full_dsp_U4/vivado_activity_thread_ap_fexp_7_full_dsp_u/U0/i_synth/EXP_OP.OP/i_Xi_at_op/i_pipe/opt_has_pipe.first_q_reg[7]/C
                            (rising edge-triggered cell FDRE clocked by CLK  {rise@0.000ns fall@5.000ns period=10.000ns})
  Destination:            vivado_activity_thread_fexp_32ns_32ns_32_9_full_dsp_U4/vivado_activity_thread_ap_fexp_7_full_dsp_u/U0/i_synth/EXP_OP.OP/i_Xi_at_op/i_pipe/opt_has_pipe.i_pipe[3].pipe_reg[3][7]_srl2/D
                            (rising edge-triggered cell SRL16E clocked by CLK  {rise@0.000ns fall@5.000ns period=10.000ns})
  Path Group:             CLK
  Path Type:              Hold (Min at Fast Process Corner)
  Requirement:            0.000ns  (CLK rise@0.000ns - CLK rise@0.000ns)
  Data Path Delay:        0.241ns  (logic 0.128ns (53.025%)  route 0.113ns (46.975%))
  Logic Levels:           0  
  Clock Path Skew:        0.015ns (DCD - SCD - CPR)
    Destination Clock Delay (DCD):    0.874ns
    Source Clock Delay      (SCD):    0.604ns
    Clock Pessimism Removal (CPR):    0.255ns

    Location             Delay type                Incr(ns)  Path(ns)    Netlist Resource(s)
  -------------------------------------------------------------------    -------------------
                         (clock CLK rise edge)        0.000     0.000 r  
                                                      0.000     0.000 r  ap_clk
                         net (fo=871, unset)          0.604     0.604    vivado_activity_thread_fexp_32ns_32ns_32_9_full_dsp_U4/vivado_activity_thread_ap_fexp_7_full_dsp_u/U0/i_synth/aclk
    SLICE_X99Y87                                                      r  vivado_activity_thread_fexp_32ns_32ns_32_9_full_dsp_U4/vivado_activity_thread_ap_fexp_7_full_dsp_u/U0/i_synth/EXP_OP.OP/i_Xi_at_op/i_pipe/opt_has_pipe.first_q_reg[7]/C
  -------------------------------------------------------------------    -------------------
    SLICE_X99Y87         FDRE (Prop_fdre_C_Q)         0.128     0.732 r  vivado_activity_thread_fexp_32ns_32ns_32_9_full_dsp_U4/vivado_activity_thread_ap_fexp_7_full_dsp_u/U0/i_synth/EXP_OP.OP/i_Xi_at_op/i_pipe/opt_has_pipe.first_q_reg[7]/Q
                         net (fo=1, routed)           0.113     0.845    vivado_activity_thread_fexp_32ns_32ns_32_9_full_dsp_U4/vivado_activity_thread_ap_fexp_7_full_dsp_u/U0/i_synth/EXP_OP.OP/i_Xi_at_op/i_pipe/first_q[7]
    SLICE_X98Y87         SRL16E                                       r  vivado_activity_thread_fexp_32ns_32ns_32_9_full_dsp_U4/vivado_activity_thread_ap_fexp_7_full_dsp_u/U0/i_synth/EXP_OP.OP/i_Xi_at_op/i_pipe/opt_has_pipe.i_pipe[3].pipe_reg[3][7]_srl2/D
  -------------------------------------------------------------------    -------------------

                         (clock CLK rise edge)        0.000     0.000 r  
                                                      0.000     0.000 r  ap_clk
                         net (fo=871, unset)          0.874     0.874    vivado_activity_thread_fexp_32ns_32ns_32_9_full_dsp_U4/vivado_activity_thread_ap_fexp_7_full_dsp_u/U0/i_synth/aclk
    SLICE_X98Y87                                                      r  vivado_activity_thread_fexp_32ns_32ns_32_9_full_dsp_U4/vivado_activity_thread_ap_fexp_7_full_dsp_u/U0/i_synth/EXP_OP.OP/i_Xi_at_op/i_pipe/opt_has_pipe.i_pipe[3].pipe_reg[3][7]_srl2/CLK
                         clock pessimism             -0.255     0.619    
    SLICE_X98Y87         SRL16E (Hold_srl16e_CLK_D)
                                                      0.130     0.749    vivado_activity_thread_fexp_32ns_32ns_32_9_full_dsp_U4/vivado_activity_thread_ap_fexp_7_full_dsp_u/U0/i_synth/EXP_OP.OP/i_Xi_at_op/i_pipe/opt_has_pipe.i_pipe[3].pipe_reg[3][7]_srl2
  -------------------------------------------------------------------
                         required time                         -0.749    
                         arrival time                           0.845    
  -------------------------------------------------------------------
                         slack                                  0.096    





Pulse Width Checks
--------------------------------------------------------------------------------------
Clock Name:         CLK
Waveform:           { 0 5 }
Period:             10.000
Sources:            { ap_clk }

Check Type        Corner  Lib Pin      Reference Pin  Required  Actual  Slack  Location      Pin
Min Period        n/a     DSP48E1/CLK  n/a            2.545     10.000  7.455  DSP48_X3Y30   vivado_activity_thread_faddfsub_32ns_32ns_32_5_full_dsp_U1/vivado_activity_thread_ap_faddfsub_3_full_dsp_u/U0/i_synth/ADDSUB_OP.ADDSUB/SPEED_OP.DSP.OP/DSP48E1_BODY.ALIGN_ADD/DSP2/DSP/CLK
Low Pulse Width   Slow    SRL16E/CLK   n/a            0.980     4.975   3.995  SLICE_X98Y87  vivado_activity_thread_fexp_32ns_32ns_32_9_full_dsp_U4/vivado_activity_thread_ap_fexp_7_full_dsp_u/U0/i_synth/EXP_OP.OP/i_Xi_at_op/i_pipe/opt_has_pipe.i_pipe[3].pipe_reg[3][0]_srl2/CLK
High Pulse Width  Slow    SRL16E/CLK   n/a            0.980     4.975   3.995  SLICE_X98Y87  vivado_activity_thread_fexp_32ns_32ns_32_9_full_dsp_U4/vivado_activity_thread_ap_fexp_7_full_dsp_u/U0/i_synth/EXP_OP.OP/i_Xi_at_op/i_pipe/opt_has_pipe.i_pipe[3].pipe_reg[3][0]_srl2/CLK



