

================================================================
== Vivado HLS Report for 'vivado_activity_thread'
================================================================
* Date:           Fri Jul 18 11:52:41 2014

* Version:        2013.4 (build date: Mon Dec 09 17:07:59 PM 2013)
* Project:        hls_prj
* Solution:       F3_VivadoHLS_core
* Product family: zynq zynq_fpv6 
* Target device:  xc7z045ffg900-2


================================================================
== Performance Estimates
================================================================
+ Timing (ns): 
    * Summary: 
    +---------+-------+----------+------------+
    |  Clock  | Target| Estimated| Uncertainty|
    +---------+-------+----------+------------+
    |default  |  10.00|      8.75|        1.25|
    +---------+-------+----------+------------+

+ Latency (clock cycles): 
    * Summary: 
    +----------+----------+----------+----------+---------+
    |       Latency       |       Interval      | Pipeline|
    |    min   |    max   |    min   |    max   |   Type  |
    +----------+----------+----------+----------+---------+
    |  16404010|  16404010|  16404011|  16404011|   none  |
    +----------+----------+----------+----------+---------+

    + Detail: 
        * Instance: 
        N/A

        * Loop: 
        +----------------+----------+----------+----------+-----------+-----------+------+----------+
        |                |       Latency       | Iteration|  Initiation Interval  | Trip |          |
        |    Loop Name   |    min   |    max   |  Latency |  achieved |   target  | Count| Pipelined|
        +----------------+----------+----------+----------+-----------+-----------+------+----------+
        |- PATHSET_LOOP  |  16401000|  16401000|     16401|          -|          -|  1000|    no    |
        | + PATH_LOOP    |     16394|     16394|        15|          4|          1|  4096|    yes   |
        |- Loop 2        |      2000|      2000|         2|          -|          -|  1000|    no    |
        |- Loop 3        |      1001|      1001|         3|          1|          1|  1000|    yes   |
        +----------------+----------+----------+----------+-----------+-----------+------+----------+



================================================================
== Utilization Estimates
================================================================
* Summary: 
+-----------------+---------+-------+--------+--------+
|       Name      | BRAM_18K| DSP48E|   FF   |   LUT  |
+-----------------+---------+-------+--------+--------+
|Expression       |        -|      -|       0|     134|
|FIFO             |        -|      -|       -|       -|
|Instance         |        -|     12|     745|    1869|
|Memory           |        4|      -|       0|       0|
|Multiplexer      |        -|      -|       -|     270|
|Register         |        -|      -|     390|       -|
|ShiftMemory      |        -|      -|       0|       1|
+-----------------+---------+-------+--------+--------+
|Total            |        4|     12|    1135|    2274|
+-----------------+---------+-------+--------+--------+
|Available        |     1090|    900|  437200|  218600|
+-----------------+---------+-------+--------+--------+
|Utilization (%)  |    ~0   |      1|   ~0   |       1|
+-----------------+---------+-------+--------+--------+

+ Detail: 
    * Instance: 
    +------------------------------------------------------------+---------------------------------------------------------+---------+-------+-----+-----+
    |                          Instance                          |                          Module                         | BRAM_18K| DSP48E|  FF | LUT |
    +------------------------------------------------------------+---------------------------------------------------------+---------+-------+-----+-----+
    |vivado_activity_thread_faddfsub_32ns_32ns_32_4_full_dsp_U1  |vivado_activity_thread_faddfsub_32ns_32ns_32_4_full_dsp  |        0|      2|  227|  404|
    |vivado_activity_thread_fcmp_32ns_32ns_1_3_U3                |vivado_activity_thread_fcmp_32ns_32ns_1_3                |        0|      0|   66|  239|
    |vivado_activity_thread_fexp_32ns_32ns_32_8_full_dsp_U4      |vivado_activity_thread_fexp_32ns_32ns_32_8_full_dsp      |        0|      7|  324|  906|
    |vivado_activity_thread_fmul_32ns_32ns_32_3_max_dsp_U2       |vivado_activity_thread_fmul_32ns_32ns_32_3_max_dsp       |        0|      3|  128|  320|
    +------------------------------------------------------------+---------------------------------------------------------+---------+-------+-----+-----+
    |Total                                                       |                                                         |        0|     12|  745| 1869|
    +------------------------------------------------------------+---------------------------------------------------------+---------+-------+-----+-----+

    * Memory: 
    +--------------------------+---------------------------------------------+---------+------+-----+------+-------------+
    |          Memory          |                    Module                   | BRAM_18K| Words| Bits| Banks| W*Bits*Banks|
    +--------------------------+---------------------------------------------+---------+------+-----+------+-------------+
    |thread_result_buff_0_U    |vivado_activity_thread_thread_result_buff_0  |        2|  1000|   32|     1|        32000|
    |thread_result_buff_0_0_U  |vivado_activity_thread_thread_result_buff_0  |        2|  1000|   32|     1|        32000|
    +--------------------------+---------------------------------------------+---------+------+-----+------+-------------+
    |Total                     |                                             |        4|  2000|   64|     2|        64000|
    +--------------------------+---------------------------------------------+---------+------+-----+------+-------------+

    * FIFO: 
    N/A

    * Shift register: 
    +--------------------+---+----+-----+-----------+
    |        Name        | FF| LUT| Bits| Const Bits|
    +--------------------+---+----+-----+-----------+
    |exitcond_i_reg_494  |  0|   1|    1|          0|
    +--------------------+---+----+-----+-----------+
    |Total               |  0|   1|    1|          0|
    +--------------------+---+----+-----+-----------+

    * Expression: 
    +-----------------------------+----------+-------+---+----+------------+------------+
    |        Variable Name        | Operation| DSP48E| FF| LUT| Bitwidth P0| Bitwidth P1|
    +-----------------------------+----------+-------+---+----+------------+------------+
    |indvar_next_fu_427_p2        |     +    |      0|  0|  10|          10|           1|
    |p_1_fu_391_p2                |     +    |      0|  0|  10|          10|           1|
    |p_2_fu_340_p2                |     +    |      0|  0|  10|          10|           1|
    |pp_fu_352_p2                 |     +    |      0|  0|  13|          13|           1|
    |o_v_0_arr_0_value_fu_368_p3  |  Select  |      0|  0|  32|           1|          32|
    |ap_sig_bdd_200               |    and   |      0|  0|   1|           1|           1|
    |exitcond1_fu_421_p2          |   icmp   |      0|  0|  10|          10|           6|
    |exitcond2_i_fu_334_p2        |   icmp   |      0|  0|  10|          10|           6|
    |exitcond_fu_385_p2           |   icmp   |      0|  0|  10|          10|           6|
    |exitcond_i_fu_346_p2         |   icmp   |      0|  0|  16|          13|          14|
    |isIter0_fu_438_p2            |   icmp   |      0|  0|  10|          10|           1|
    |tmp_4_fu_328_p2              |    xor   |      0|  0|   2|           1|           2|
    +-----------------------------+----------+-------+---+----+------------+------------+
    |Total                        |          |      0|  0| 134|          99|          72|
    +-----------------------------+----------+-------+---+----+------------+------------+

    * Multiplexer: 
    +---------------------------------------+----+-----------+-----+-----------+
    |                  Name                 | LUT| Input Size| Bits| Total Bits|
    +---------------------------------------+----+-----------+-----+-----------+
    |grp_fu_295_opcode                      |   2|          3|    2|          6|
    |grp_fu_295_p0                          |  32|          4|   32|        128|
    |grp_fu_295_p1                          |  32|          4|   32|        128|
    |grp_fu_300_p0                          |  32|          4|   32|        128|
    |grp_fu_300_p1                          |  32|          4|   32|        128|
    |indvar_reg_283                         |  10|          2|   10|         20|
    |p_i_reg_237                            |  10|          2|   10|         20|
    |p_reg_272                              |  10|          2|   10|         20|
    |pp_i_phi_fu_265_p4                     |  13|          2|   13|         26|
    |pp_i_reg_261                           |  13|          2|   13|         26|
    |thread_result_buff_0_0_address0        |  10|          3|   10|         30|
    |thread_result_buff_0_address0          |  10|          3|   10|         30|
    |u_v_0_gamma_read_assign_phi_fu_253_p4  |  32|          2|   32|         64|
    |u_v_0_gamma_read_assign_reg_249        |  32|          2|   32|         64|
    +---------------------------------------+----+-----------+-----+-----------+
    |Total                                  | 270|         39|  270|        818|
    +---------------------------------------+----+-----------+-----+-----------+

    * Register: 
    +----------------------------------------+----+-----+-----------+
    |                  Name                  | FF | Bits| Const Bits|
    +----------------------------------------+----+-----+-----------+
    |a_addr_reg_538                          |  30|   32|          2|
    |ap_CS_fsm                               |   5|    5|          0|
    |ap_reg_ppiten_pp0_it0                   |   1|    1|          0|
    |ap_reg_ppiten_pp0_it1                   |   1|    1|          0|
    |ap_reg_ppiten_pp0_it2                   |   1|    1|          0|
    |ap_reg_ppiten_pp0_it3                   |   1|    1|          0|
    |ap_reg_ppiten_pp1_it0                   |   1|    1|          0|
    |ap_reg_ppiten_pp1_it1                   |   1|    1|          0|
    |ap_reg_ppiten_pp1_it2                   |   1|    1|          0|
    |ap_reg_ppstg_exitcond1_reg_543_pp1_it1  |   1|    1|          0|
    |ap_reg_ppstg_isIter0_reg_557_pp1_it1    |   1|    1|          0|
    |exitcond1_reg_543                       |   1|    1|          0|
    |exitcond_i_reg_494                      |   1|    1|          0|
    |indvar_reg_283                          |  10|   10|          0|
    |isIter0_reg_557                         |   1|    1|          0|
    |p_1_reg_523                             |  10|   10|          0|
    |p_2_reg_489                             |  10|   10|          0|
    |p_i_reg_237                             |  10|   10|          0|
    |p_reg_272                               |  10|   10|          0|
    |pp_i_reg_261                            |  13|   13|          0|
    |pp_reg_498                              |  13|   13|          0|
    |reg_318                                 |  32|   32|          0|
    |reg_324                                 |  32|   32|          0|
    |spot_price_0_i_fu_144                   |  32|   32|          0|
    |thread_result_00data_reg                |  32|   32|          0|
    |thread_result_00vld_reg                 |   0|    1|          1|
    |thread_result_buff_0_load_reg_561       |  32|   32|          0|
    |tmp_1_reg_528                           |  10|   64|         54|
    |tmp_4_reg_481                           |   1|    1|          0|
    |tmp_6_i_reg_509                         |  32|   32|          0|
    |u_v_0_arr_0_gamma_reg_503               |  32|   32|          0|
    |u_v_0_gamma_read_assign_reg_249         |  32|   32|          0|
    +----------------------------------------+----+-----+-----------+
    |Total                                   | 390|  447|         57|
    +----------------------------------------+----+-----+-----------+



================================================================
== Interface
================================================================
* Summary: 
+-------------------------------------+-----+-----+------------+-------------------------------------+--------------+
|              RTL Ports              | Dir | Bits|  Protocol  |            Source Object            |    C Type    |
+-------------------------------------+-----+-----+------------+-------------------------------------+--------------+
|ap_clk                               |  in |    1| ap_ctrl_hs |        vivado_activity_thread       | return value |
|ap_rst                               |  in |    1| ap_ctrl_hs |        vivado_activity_thread       | return value |
|ap_start                             |  in |    1| ap_ctrl_hs |        vivado_activity_thread       | return value |
|ap_done                              | out |    1| ap_ctrl_hs |        vivado_activity_thread       | return value |
|ap_idle                              | out |    1| ap_ctrl_hs |        vivado_activity_thread       | return value |
|ap_ready                             | out |    1| ap_ctrl_hs |        vivado_activity_thread       | return value |
|a_req_din                            | out |    1|   ap_bus   |                  a                  |    pointer   |
|a_req_full_n                         |  in |    1|   ap_bus   |                  a                  |    pointer   |
|a_req_write                          | out |    1|   ap_bus   |                  a                  |    pointer   |
|a_rsp_empty_n                        |  in |    1|   ap_bus   |                  a                  |    pointer   |
|a_rsp_read                           | out |    1|   ap_bus   |                  a                  |    pointer   |
|a_address                            | out |   32|   ap_bus   |                  a                  |    pointer   |
|a_datain                             |  in |   32|   ap_bus   |                  a                  |    pointer   |
|a_dataout                            | out |   32|   ap_bus   |                  a                  |    pointer   |
|a_size                               | out |   32|   ap_bus   |                  a                  |    pointer   |
|kernel_u_a_0_rfir                    |  in |   32|   ap_none  |          kernel_u_a_0_rfir          |    pointer   |
|kernel_u_a_0_current_price           |  in |   32|   ap_none  |      kernel_u_a_0_current_price     |    pointer   |
|kernel_u_a_0_volatility              |  in |   32|   ap_none  |       kernel_u_a_0_volatility       |    pointer   |
|kernel_u_a_0_initial_volatility      |  in |   32|   ap_none  |   kernel_u_a_0_initial_volatility   |    pointer   |
|kernel_u_a_0_volatility_volatility   |  in |   32|   ap_none  |  kernel_u_a_0_volatility_volatility |    pointer   |
|kernel_u_a_0_rho                     |  in |   32|   ap_none  |           kernel_u_a_0_rho          |    pointer   |
|kernel_u_a_0_kappa                   |  in |   32|   ap_none  |          kernel_u_a_0_kappa         |    pointer   |
|kernel_u_a_0_theta                   |  in |   32|   ap_none  |          kernel_u_a_0_theta         |    pointer   |
|kernel_u_a_0_correlation_matrix_0_0  |  in |   32|   ap_none  | kernel_u_a_0_correlation_matrix_0_0 |    pointer   |
|kernel_u_a_0_correlation_matrix_0_1  |  in |   32|   ap_none  | kernel_u_a_0_correlation_matrix_0_1 |    pointer   |
|kernel_u_a_0_correlation_matrix_1_0  |  in |   32|   ap_none  | kernel_u_a_0_correlation_matrix_1_0 |    pointer   |
|kernel_u_a_0_correlation_matrix_1_1  |  in |   32|   ap_none  | kernel_u_a_0_correlation_matrix_1_1 |    pointer   |
|kernel_o_a_0_second_barrier          |  in |   32|   ap_none  |     kernel_o_a_0_second_barrier     |    pointer   |
|kernel_o_a_0_barrier                 |  in |   32|   ap_none  |         kernel_o_a_0_barrier        |    pointer   |
|kernel_o_a_0_out                     |  in |   32|   ap_none  |           kernel_o_a_0_out          |    pointer   |
|kernel_o_a_0_down                    |  in |   32|   ap_none  |          kernel_o_a_0_down          |    pointer   |
|kernel_o_a_0_strike_price            |  in |   32|   ap_none  |      kernel_o_a_0_strike_price      |    pointer   |
|kernel_o_a_0_time_period             |  in |   32|   ap_none  |       kernel_o_a_0_time_period      |    pointer   |
|kernel_o_a_0_call                    |  in |   32|   ap_none  |          kernel_o_a_0_call          |    pointer   |
|kernel_o_a_0_points                  |  in |   32|   ap_none  |         kernel_o_a_0_points         |    pointer   |
|seed_0_s1                            |  in |   32|   ap_none  |              seed_0_s1              |    pointer   |
|seed_0_s2                            |  in |   32|   ap_none  |              seed_0_s2              |    pointer   |
|seed_0_s3                            |  in |   32|   ap_none  |              seed_0_s3              |    pointer   |
|seed_0_offset                        |  in |   32|   ap_none  |            seed_0_offset            |    pointer   |
|thread_result_0                      |  in |   32|   ap_none  |           thread_result_0           |    scalar    |
+-------------------------------------+-----+-----+------------+-------------------------------------+--------------+

